# gmm-rescore-lattice exp/tri2b_mmi_b/3.mdl "ark:gunzip -c exp/tri2b_denlats/lat.1.gz|" "ark,s,cs:apply-cmvn  --utt2spk=ark:data/train/split1/1/utt2spk scp:data/train/split1/1/cmvn.scp scp:data/train/split1/1/feats.scp ark:- | splice-feats  ark:- ark:- | transform-feats exp/tri2b_ali/final.mat ark:- ark:- |" ark:- | lattice-to-post --acoustic-scale=0.1 ark:- ark:- | sum-post --drop-frames=false --merge=true --scale1=-1 ark:- "ark,s,cs:gunzip -c exp/tri2b_ali/ali.1.gz | ali-to-post ark:- ark:- |" ark:- | gmm-acc-stats2 exp/tri2b_mmi_b/3.mdl "ark,s,cs:apply-cmvn  --utt2spk=ark:data/train/split1/1/utt2spk scp:data/train/split1/1/cmvn.scp scp:data/train/split1/1/feats.scp ark:- | splice-feats  ark:- ark:- | transform-feats exp/tri2b_ali/final.mat ark:- ark:- |" ark,s,cs:- exp/tri2b_mmi_b/num_acc.3.1.acc exp/tri2b_mmi_b/den_acc.3.1.acc 
# Started at Tue Mar 20 10:29:08 +07 2018
#
sum-post --drop-frames=false --merge=true --scale1=-1 ark:- 'ark,s,cs:gunzip -c exp/tri2b_ali/ali.1.gz | ali-to-post ark:- ark:- |' ark:- 
lattice-to-post --acoustic-scale=0.1 ark:- ark:- 
gmm-acc-stats2 exp/tri2b_mmi_b/3.mdl 'ark,s,cs:apply-cmvn  --utt2spk=ark:data/train/split1/1/utt2spk scp:data/train/split1/1/cmvn.scp scp:data/train/split1/1/feats.scp ark:- | splice-feats  ark:- ark:- | transform-feats exp/tri2b_ali/final.mat ark:- ark:- |' ark,s,cs:- exp/tri2b_mmi_b/num_acc.3.1.acc exp/tri2b_mmi_b/den_acc.3.1.acc 
gmm-rescore-lattice exp/tri2b_mmi_b/3.mdl 'ark:gunzip -c exp/tri2b_denlats/lat.1.gz|' 'ark,s,cs:apply-cmvn  --utt2spk=ark:data/train/split1/1/utt2spk scp:data/train/split1/1/cmvn.scp scp:data/train/split1/1/feats.scp ark:- | splice-feats  ark:- ark:- | transform-feats exp/tri2b_ali/final.mat ark:- ark:- |' ark:- 
transform-feats exp/tri2b_ali/final.mat ark:- ark:- 
apply-cmvn --utt2spk=ark:data/train/split1/1/utt2spk scp:data/train/split1/1/cmvn.scp scp:data/train/split1/1/feats.scp ark:- 
splice-feats ark:- ark:- 
transform-feats exp/tri2b_ali/final.mat ark:- ark:- 
apply-cmvn --utt2spk=ark:data/train/split1/1/utt2spk scp:data/train/split1/1/cmvn.scp scp:data/train/split1/1/feats.scp ark:- 
splice-feats ark:- ark:- 
ali-to-post ark:- ark:- 
LOG (ali-to-post[5.4.10~1-f629b]:main():ali-to-post.cc:73) Converted 36 alignments.
LOG (apply-cmvn[5.4.10~1-f629b]:main():apply-cmvn.cc:162) Applied cepstral mean normalization to 36 utterances, errors on 0
LOG (apply-cmvn[5.4.10~1-f629b]:main():apply-cmvn.cc:162) Applied cepstral mean normalization to 36 utterances, errors on 0
LOG (transform-feats[5.4.10~1-f629b]:main():transform-feats.cc:158) Overall average [pseudo-]logdet is -48.2993 over 8610 frames.
LOG (transform-feats[5.4.10~1-f629b]:main():transform-feats.cc:161) Applied transform to 36 utterances; 0 had errors.
LOG (transform-feats[5.4.10~1-f629b]:main():transform-feats.cc:158) Overall average [pseudo-]logdet is -48.2993 over 8610 frames.
LOG (transform-feats[5.4.10~1-f629b]:main():transform-feats.cc:161) Applied transform to 36 utterances; 0 had errors.
LOG (gmm-rescore-lattice[5.4.10~1-f629b]:main():gmm-rescore-lattice.cc:103) Done 36 lattices with errors on 0, #frames is 8610
LOG (lattice-to-post[5.4.10~1-f629b]:main():lattice-to-post.cc:106) Overall average log-like/frame is -5.67604 over 8610 frames.  Average acoustic like/frame is -5.61952
LOG (lattice-to-post[5.4.10~1-f629b]:main():lattice-to-post.cc:110) Done 36 lattices.
LOG (sum-post[5.4.10~1-f629b]:main():sum-post.cc:97) Processed 8610 frames; for 0 frames there was no overlap, i.e. 0% (e.g. numerator path not in denominator lattice)
LOG (sum-post[5.4.10~1-f629b]:main():sum-post.cc:101) Done adding 36 posteriors;  0 with errors.
LOG (gmm-acc-stats2[5.4.10~1-f629b]:main():gmm-acc-stats2.cc:130) Done 36 files, 0 had errors.
LOG (gmm-acc-stats2[5.4.10~1-f629b]:main():gmm-acc-stats2.cc:133) Overall weighted acoustic likelihood per frame was 0.000118282 over 8610 frames; average weight per frame was 2.23298e-11
LOG (gmm-acc-stats2[5.4.10~1-f629b]:main():gmm-acc-stats2.cc:147) Written accs.
# Accounting: time=1 threads=1
# Ended (code 0) at Tue Mar 20 10:29:09 +07 2018, elapsed time 1 seconds
