# build-tree --verbose=1 --max-leaves=2500 --cluster-thresh=-1 exp/tri2a/treeacc data/lang/phones/roots.int exp/tri2a/questions.qst data/lang/topo exp/tri2a/tree 
# Started at Wed Mar 14 09:17:23 +07 2018
#
build-tree --verbose=1 --max-leaves=2500 --cluster-thresh=-1 exp/tri2a/treeacc data/lang/phones/roots.int exp/tri2a/questions.qst data/lang/topo exp/tri2a/tree 
LOG (build-tree[5.4.10~1-f629b]:main():build-tree.cc:104) Number of separate statistics is 113
LOG (build-tree[5.4.10~1-f629b]:BuildTree():build-tree.cc:161) BuildTree: before building trees, map has 19 leaves.
LOG (build-tree[5.4.10~1-f629b]:SplitDecisionTree():build-tree-utils.cc:577) DoDecisionTreeSplit: split 33 times, #leaves now 52
LOG (build-tree[5.4.10~1-f629b]:BuildTree():build-tree.cc:187) Setting clustering threshold to smallest split 345.615
VLOG[1] (build-tree[5.4.10~1-f629b]:BuildTree():build-tree.cc:196) After decision tree split, num-leaves = 52, like-impr = 4.89085 per frame over 6060 frames.
VLOG[1] (build-tree[5.4.10~1-f629b]:BuildTree():build-tree.cc:200) Including just phones that were split, improvement is 4.89085 per frame over 6060 frames.
LOG (build-tree[5.4.10~1-f629b]:BuildTree():build-tree.cc:215) BuildTree: removed 5 leaves.
VLOG[1] (build-tree[5.4.10~1-f629b]:ClusterEventMapToNClustersRestrictedByMap():build-tree-utils.cc:916) Number of non-empty clusters in map = 18
VLOG[1] (build-tree[5.4.10~1-f629b]:ClusterEventMapToNClustersRestrictedByMap():build-tree-utils.cc:917) Number of non-empty clusters = 46
LOG (build-tree[5.4.10~1-f629b]:BuildTree():build-tree.cc:231) BuildTree: Rounded num leaves to multiple of 8 by removing 7 leaves.
VLOG[1] (build-tree[5.4.10~1-f629b]:BuildTree():build-tree.cc:256) Objf change due to clustering -0.680513 per frame.
VLOG[1] (build-tree[5.4.10~1-f629b]:BuildTree():build-tree.cc:259) Normalizing over only split phones, this is: -0.680513 per frame.
VLOG[1] (build-tree[5.4.10~1-f629b]:BuildTree():build-tree.cc:262) Num-leaves is now 40
VLOG[1] (build-tree[5.4.10~1-f629b]:main():build-tree.cc:143) For pdf-id 1, low count 0
VLOG[1] (build-tree[5.4.10~1-f629b]:main():build-tree.cc:143) For pdf-id 2, low count 31
VLOG[1] (build-tree[5.4.10~1-f629b]:main():build-tree.cc:143) For pdf-id 3, low count 28
VLOG[1] (build-tree[5.4.10~1-f629b]:main():build-tree.cc:143) For pdf-id 4, low count 36
VLOG[1] (build-tree[5.4.10~1-f629b]:main():build-tree.cc:143) For pdf-id 5, low count 68
VLOG[1] (build-tree[5.4.10~1-f629b]:main():build-tree.cc:143) For pdf-id 6, low count 84
VLOG[1] (build-tree[5.4.10~1-f629b]:main():build-tree.cc:143) For pdf-id 7, low count 51
VLOG[1] (build-tree[5.4.10~1-f629b]:main():build-tree.cc:143) For pdf-id 8, low count 96
VLOG[1] (build-tree[5.4.10~1-f629b]:main():build-tree.cc:143) For pdf-id 10, low count 91
VLOG[1] (build-tree[5.4.10~1-f629b]:main():build-tree.cc:143) For pdf-id 11, low count 89
VLOG[1] (build-tree[5.4.10~1-f629b]:main():build-tree.cc:143) For pdf-id 12, low count 74
VLOG[1] (build-tree[5.4.10~1-f629b]:main():build-tree.cc:143) For pdf-id 14, low count 48
VLOG[1] (build-tree[5.4.10~1-f629b]:main():build-tree.cc:143) For pdf-id 15, low count 46
VLOG[1] (build-tree[5.4.10~1-f629b]:main():build-tree.cc:143) For pdf-id 16, low count 64
VLOG[1] (build-tree[5.4.10~1-f629b]:main():build-tree.cc:143) For pdf-id 17, low count 68
VLOG[1] (build-tree[5.4.10~1-f629b]:main():build-tree.cc:143) For pdf-id 23, low count 82
VLOG[1] (build-tree[5.4.10~1-f629b]:main():build-tree.cc:143) For pdf-id 24, low count 44
VLOG[1] (build-tree[5.4.10~1-f629b]:main():build-tree.cc:143) For pdf-id 25, low count 71
VLOG[1] (build-tree[5.4.10~1-f629b]:main():build-tree.cc:143) For pdf-id 26, low count 73
VLOG[1] (build-tree[5.4.10~1-f629b]:main():build-tree.cc:143) For pdf-id 27, low count 40
VLOG[1] (build-tree[5.4.10~1-f629b]:main():build-tree.cc:143) For pdf-id 28, low count 78
VLOG[1] (build-tree[5.4.10~1-f629b]:main():build-tree.cc:143) For pdf-id 29, low count 81
VLOG[1] (build-tree[5.4.10~1-f629b]:main():build-tree.cc:143) For pdf-id 30, low count 60
VLOG[1] (build-tree[5.4.10~1-f629b]:main():build-tree.cc:143) For pdf-id 31, low count 69
VLOG[1] (build-tree[5.4.10~1-f629b]:main():build-tree.cc:143) For pdf-id 32, low count 70
VLOG[1] (build-tree[5.4.10~1-f629b]:main():build-tree.cc:143) For pdf-id 33, low count 85
VLOG[1] (build-tree[5.4.10~1-f629b]:main():build-tree.cc:143) For pdf-id 34, low count 66
VLOG[1] (build-tree[5.4.10~1-f629b]:main():build-tree.cc:143) For pdf-id 35, low count 81
VLOG[1] (build-tree[5.4.10~1-f629b]:main():build-tree.cc:143) For pdf-id 36, low count 66
VLOG[1] (build-tree[5.4.10~1-f629b]:main():build-tree.cc:143) For pdf-id 37, low count 71
VLOG[1] (build-tree[5.4.10~1-f629b]:main():build-tree.cc:143) For pdf-id 38, low count 73
VLOG[1] (build-tree[5.4.10~1-f629b]:main():build-tree.cc:143) For pdf-id 39, low count 43
WARNING (build-tree[5.4.10~1-f629b]:main():build-tree.cc:185) Saw no stats for following phones: 2 3 4 5 6 7 8 9 10 11 14 15 16 18 19 20 22 23 24 26 28 29 30 32 33 34 36 37 38 39 41 42 43 44 46 49 50 53 54 55 56 58 59 60 62 64 65 66 69 70 71 73 74 75 77 78 
LOG (build-tree[5.4.10~1-f629b]:main():build-tree.cc:189) Wrote tree
# Accounting: time=0 threads=1
# Ended (code 0) at Wed Mar 14 09:17:23 +07 2018, elapsed time 0 seconds
