# gmm-init-model --write-occs=exp/tri2a/1.occs exp/tri2a/tree exp/tri2a/treeacc data/lang/topo exp/tri2a/1.mdl 
# Started at Wed Mar 14 09:17:23 +07 2018
#
gmm-init-model --write-occs=exp/tri2a/1.occs exp/tri2a/tree exp/tri2a/treeacc data/lang/topo exp/tri2a/1.mdl 
LOG (gmm-init-model[5.4.10~1-f629b]:main():gmm-init-model.cc:271) Number of separate statistics is 113
WARNING (gmm-init-model[5.4.10~1-f629b]:InitAmGmm():gmm-init-model.cc:55) Tree has pdf-id 1 with no stats; corresponding phone list: 6 7 8 9 10 
WARNING (gmm-init-model[5.4.10~1-f629b]:InitAmGmm():gmm-init-model.cc:83) Very small count for state 2: 31; corresponding phone list: 11 12 13 14 
WARNING (gmm-init-model[5.4.10~1-f629b]:InitAmGmm():gmm-init-model.cc:83) Very small count for state 3: 28; corresponding phone list: 15 16 17 18 
WARNING (gmm-init-model[5.4.10~1-f629b]:InitAmGmm():gmm-init-model.cc:83) Very small count for state 4: 36; corresponding phone list: 19 20 21 22 
WARNING (gmm-init-model[5.4.10~1-f629b]:InitAmGmm():gmm-init-model.cc:83) Very small count for state 5: 68; corresponding phone list: 23 24 25 26 
WARNING (gmm-init-model[5.4.10~1-f629b]:InitAmGmm():gmm-init-model.cc:83) Very small count for state 6: 84; corresponding phone list: 27 28 29 30 
WARNING (gmm-init-model[5.4.10~1-f629b]:InitAmGmm():gmm-init-model.cc:83) Very small count for state 7: 51; corresponding phone list: 31 32 33 34 
WARNING (gmm-init-model[5.4.10~1-f629b]:InitAmGmm():gmm-init-model.cc:83) Very small count for state 8: 96; corresponding phone list: 35 36 37 38 
WARNING (gmm-init-model[5.4.10~1-f629b]:InitAmGmm():gmm-init-model.cc:83) Very small count for state 10: 91; corresponding phone list: 43 44 45 46 
WARNING (gmm-init-model[5.4.10~1-f629b]:InitAmGmm():gmm-init-model.cc:83) Very small count for state 11: 89; corresponding phone list: 47 48 49 50 
WARNING (gmm-init-model[5.4.10~1-f629b]:InitAmGmm():gmm-init-model.cc:83) Very small count for state 12: 74; corresponding phone list: 51 52 53 54 
WARNING (gmm-init-model[5.4.10~1-f629b]:InitAmGmm():gmm-init-model.cc:83) Very small count for state 14: 48; corresponding phone list: 59 60 61 62 
WARNING (gmm-init-model[5.4.10~1-f629b]:InitAmGmm():gmm-init-model.cc:83) Very small count for state 15: 46; corresponding phone list: 63 64 65 66 
WARNING (gmm-init-model[5.4.10~1-f629b]:InitAmGmm():gmm-init-model.cc:83) Very small count for state 16: 64; corresponding phone list: 67 68 69 70 
WARNING (gmm-init-model[5.4.10~1-f629b]:InitAmGmm():gmm-init-model.cc:83) Very small count for state 17: 68; corresponding phone list: 71 72 73 74 
WARNING (gmm-init-model[5.4.10~1-f629b]:InitAmGmm():gmm-init-model.cc:83) Very small count for state 23: 82; corresponding phone list: 27 28 29 30 
WARNING (gmm-init-model[5.4.10~1-f629b]:InitAmGmm():gmm-init-model.cc:83) Very small count for state 24: 44; corresponding phone list: 59 60 61 62 
WARNING (gmm-init-model[5.4.10~1-f629b]:InitAmGmm():gmm-init-model.cc:83) Very small count for state 25: 71; corresponding phone list: 67 68 69 70 
WARNING (gmm-init-model[5.4.10~1-f629b]:InitAmGmm():gmm-init-model.cc:83) Very small count for state 26: 73; corresponding phone list: 47 48 49 50 
WARNING (gmm-init-model[5.4.10~1-f629b]:InitAmGmm():gmm-init-model.cc:83) Very small count for state 27: 40; corresponding phone list: 55 56 57 58 
WARNING (gmm-init-model[5.4.10~1-f629b]:InitAmGmm():gmm-init-model.cc:83) Very small count for state 28: 78; corresponding phone list: 23 24 25 26 
WARNING (gmm-init-model[5.4.10~1-f629b]:InitAmGmm():gmm-init-model.cc:83) Very small count for state 29: 81; corresponding phone list: 43 44 45 46 
WARNING (gmm-init-model[5.4.10~1-f629b]:InitAmGmm():gmm-init-model.cc:83) Very small count for state 30: 60; corresponding phone list: 19 20 21 22 
WARNING (gmm-init-model[5.4.10~1-f629b]:InitAmGmm():gmm-init-model.cc:83) Very small count for state 31: 69; corresponding phone list: 75 76 77 78 
WARNING (gmm-init-model[5.4.10~1-f629b]:InitAmGmm():gmm-init-model.cc:83) Very small count for state 32: 70; corresponding phone list: 75 76 77 78 
WARNING (gmm-init-model[5.4.10~1-f629b]:InitAmGmm():gmm-init-model.cc:83) Very small count for state 33: 85; corresponding phone list: 31 32 33 34 
WARNING (gmm-init-model[5.4.10~1-f629b]:InitAmGmm():gmm-init-model.cc:83) Very small count for state 34: 66; corresponding phone list: 27 28 29 30 
WARNING (gmm-init-model[5.4.10~1-f629b]:InitAmGmm():gmm-init-model.cc:83) Very small count for state 35: 81; corresponding phone list: 59 60 61 62 
WARNING (gmm-init-model[5.4.10~1-f629b]:InitAmGmm():gmm-init-model.cc:83) Very small count for state 36: 66; corresponding phone list: 71 72 73 74 
WARNING (gmm-init-model[5.4.10~1-f629b]:InitAmGmm():gmm-init-model.cc:83) Very small count for state 37: 71; corresponding phone list: 15 16 17 18 
WARNING (gmm-init-model[5.4.10~1-f629b]:InitAmGmm():gmm-init-model.cc:83) Very small count for state 38: 73; corresponding phone list: 63 64 65 66 
WARNING (gmm-init-model[5.4.10~1-f629b]:InitAmGmm():gmm-init-model.cc:83) Very small count for state 39: 43; corresponding phone list: 19 20 21 22 
LOG (gmm-init-model[5.4.10~1-f629b]:main():gmm-init-model.cc:306) Wrote model.
# Accounting: time=0 threads=1
# Ended (code 0) at Wed Mar 14 09:17:23 +07 2018, elapsed time 0 seconds
