# gmm-est --mix-up=14500 --power=0.25 --write-occs=exp/tri2a/26.occs exp/tri2a/25.mdl "gmm-sum-accs - exp/tri2a/25.*.acc |" exp/tri2a/26.mdl 
# Started at Wed Apr 11 11:28:24 +07 2018
#
gmm-est --mix-up=14500 --power=0.25 --write-occs=exp/tri2a/26.occs exp/tri2a/25.mdl 'gmm-sum-accs - exp/tri2a/25.*.acc |' exp/tri2a/26.mdl 
gmm-sum-accs - exp/tri2a/25.1.acc 
LOG (gmm-sum-accs[5.4.10~1-f629b]:main():gmm-sum-accs.cc:63) Summed 1 stats, total count 25053, avg like/frame -19.6503
LOG (gmm-sum-accs[5.4.10~1-f629b]:main():gmm-sum-accs.cc:66) Total count of stats is 25053
LOG (gmm-sum-accs[5.4.10~1-f629b]:main():gmm-sum-accs.cc:67) Written stats to -
LOG (gmm-est[5.4.10~1-f629b]:MleUpdate():transition-model.cc:517) TransitionModel::Update, objf change is 0 per frame over 25053 frames. 
LOG (gmm-est[5.4.10~1-f629b]:MleUpdate():transition-model.cc:520) 31 probabilities floored, 229 out of 302 transition-states skipped due to insuffient data (it is normal to have some skipped.)
LOG (gmm-est[5.4.10~1-f629b]:main():gmm-est.cc:102) Transition model update: Overall 0 log-like improvement per frame over 25053 frames.
WARNING (gmm-est[5.4.10~1-f629b]:MleDiagGmmUpdate():mle-diag-gmm.cc:359) Too little data - removing Gaussian (weight 0.001311, occupation count 9.989000, vector size 15)
WARNING (gmm-est[5.4.10~1-f629b]:MleDiagGmmUpdate():mle-diag-gmm.cc:365) Gaussian has too little data but not removing it because it is the last Gaussian: i = 0, occ = 0, weight = 1
WARNING (gmm-est[5.4.10~1-f629b]:MleDiagGmmUpdate():mle-diag-gmm.cc:359) Too little data - removing Gaussian (weight 0.001682, occupation count 9.937871, vector size 15)
WARNING (gmm-est[5.4.10~1-f629b]:MleDiagGmmUpdate():mle-diag-gmm.cc:359) Too little data - removing Gaussian (weight 0.009706, occupation count 9.948373, vector size 15)
LOG (gmm-est[5.4.10~1-f629b]:MleAmDiagGmmUpdate():mle-am-diag-gmm.cc:225) 26 variance elements floored in 26 Gaussians, out of 1229
LOG (gmm-est[5.4.10~1-f629b]:MleAmDiagGmmUpdate():mle-am-diag-gmm.cc:229) Removed 3 Gaussians due to counts < --min-gaussian-occupancy=10 and --remove-low-count-gaussians=true
LOG (gmm-est[5.4.10~1-f629b]:main():gmm-est.cc:113) GMM update: Overall 0.0120536 objective function improvement per frame over 25053 frames
LOG (gmm-est[5.4.10~1-f629b]:main():gmm-est.cc:116) GMM update: Overall avg like per frame = -19.6503 over 25053 frames.
WARNING (gmm-est[5.4.10~1-f629b]:GetSplitTargets():model-common.cc:134) Could not split up to 14500 due to min-count = 20 (or no counts at all)
LOG (gmm-est[5.4.10~1-f629b]:SplitByCount():am-diag-gmm.cc:116) Split 48 states with target = 14500, power = 0.25, perturb_factor = 0.01 and min_count = 20, split #Gauss from 1229 to 1232
LOG (gmm-est[5.4.10~1-f629b]:main():gmm-est.cc:146) Written model to exp/tri2a/26.mdl
# Accounting: time=0 threads=1
# Ended (code 0) at Wed Apr 11 11:28:24 +07 2018, elapsed time 0 seconds
