# gmm-est --mix-up=11500 --power=0.25 --write-occs=exp/tri2a/20.occs exp/tri2a/19.mdl "gmm-sum-accs - exp/tri2a/19.*.acc |" exp/tri2a/20.mdl 
# Started at Sun Apr 29 13:47:26 +07 2018
#
gmm-est --mix-up=11500 --power=0.25 --write-occs=exp/tri2a/20.occs exp/tri2a/19.mdl 'gmm-sum-accs - exp/tri2a/19.*.acc |' exp/tri2a/20.mdl 
gmm-sum-accs - exp/tri2a/19.1.acc 
LOG (gmm-sum-accs[5.4.10~1-f629b]:main():gmm-sum-accs.cc:63) Summed 1 stats, total count 52971, avg like/frame -15.6575
LOG (gmm-sum-accs[5.4.10~1-f629b]:main():gmm-sum-accs.cc:66) Total count of stats is 52971
LOG (gmm-sum-accs[5.4.10~1-f629b]:main():gmm-sum-accs.cc:67) Written stats to -
LOG (gmm-est[5.4.10~1-f629b]:MleUpdate():transition-model.cc:517) TransitionModel::Update, objf change is 0 per frame over 52971 frames. 
LOG (gmm-est[5.4.10~1-f629b]:MleUpdate():transition-model.cc:520) 16 probabilities floored, 213 out of 286 transition-states skipped due to insuffient data (it is normal to have some skipped.)
LOG (gmm-est[5.4.10~1-f629b]:main():gmm-est.cc:102) Transition model update: Overall 0 log-like improvement per frame over 52971 frames.
WARNING (gmm-est[5.4.10~1-f629b]:MleDiagGmmUpdate():mle-diag-gmm.cc:359) Too little data - removing Gaussian (weight 0.000554, occupation count 9.755824, vector size 12)
WARNING (gmm-est[5.4.10~1-f629b]:MleDiagGmmUpdate():mle-diag-gmm.cc:359) Too little data - removing Gaussian (weight 0.000503, occupation count 8.843507, vector size 12)
WARNING (gmm-est[5.4.10~1-f629b]:MleDiagGmmUpdate():mle-diag-gmm.cc:359) Too little data - removing Gaussian (weight 0.000524, occupation count 9.214911, vector size 12)
WARNING (gmm-est[5.4.10~1-f629b]:MleDiagGmmUpdate():mle-diag-gmm.cc:359) Too little data - removing Gaussian (weight 0.000543, occupation count 9.558635, vector size 12)
WARNING (gmm-est[5.4.10~1-f629b]:MleDiagGmmUpdate():mle-diag-gmm.cc:359) Too little data - removing Gaussian (weight 0.000568, occupation count 9.995657, vector size 12)
WARNING (gmm-est[5.4.10~1-f629b]:MleDiagGmmUpdate():mle-diag-gmm.cc:359) Too little data - removing Gaussian (weight 0.000476, occupation count 8.378568, vector size 12)
WARNING (gmm-est[5.4.10~1-f629b]:MleDiagGmmUpdate():mle-diag-gmm.cc:359) Too little data - removing Gaussian (weight 0.000542, occupation count 9.544020, vector size 12)
WARNING (gmm-est[5.4.10~1-f629b]:MleDiagGmmUpdate():mle-diag-gmm.cc:359) Too little data - removing Gaussian (weight 0.000554, occupation count 9.743984, vector size 12)
WARNING (gmm-est[5.4.10~1-f629b]:MleDiagGmmUpdate():mle-diag-gmm.cc:365) Gaussian has too little data but not removing it because it is the last Gaussian: i = 0, occ = 0, weight = 1
WARNING (gmm-est[5.4.10~1-f629b]:MleDiagGmmUpdate():mle-diag-gmm.cc:359) Too little data - removing Gaussian (weight 0.003869, occupation count 9.300833, vector size 12)
WARNING (gmm-est[5.4.10~1-f629b]:MleDiagGmmUpdate():mle-diag-gmm.cc:359) Too little data - removing Gaussian (weight 0.006826, occupation count 9.659433, vector size 12)
WARNING (gmm-est[5.4.10~1-f629b]:MleDiagGmmUpdate():mle-diag-gmm.cc:359) Too little data - removing Gaussian (weight 0.000947, occupation count 9.611866, vector size 12)
WARNING (gmm-est[5.4.10~1-f629b]:MleDiagGmmUpdate():mle-diag-gmm.cc:359) Too little data - removing Gaussian (weight 0.000972, occupation count 9.865558, vector size 12)
WARNING (gmm-est[5.4.10~1-f629b]:MleDiagGmmUpdate():mle-diag-gmm.cc:359) Too little data - removing Gaussian (weight 0.000982, occupation count 9.967665, vector size 12)
WARNING (gmm-est[5.4.10~1-f629b]:MleDiagGmmUpdate():mle-diag-gmm.cc:359) Too little data - removing Gaussian (weight 0.000940, occupation count 9.544624, vector size 12)
WARNING (gmm-est[5.4.10~1-f629b]:MleDiagGmmUpdate():mle-diag-gmm.cc:359) Too little data - removing Gaussian (weight 0.000956, occupation count 9.702415, vector size 12)
WARNING (gmm-est[5.4.10~1-f629b]:MleDiagGmmUpdate():mle-diag-gmm.cc:359) Too little data - removing Gaussian (weight 0.001133, occupation count 9.811560, vector size 12)
WARNING (gmm-est[5.4.10~1-f629b]:MleDiagGmmUpdate():mle-diag-gmm.cc:359) Too little data - removing Gaussian (weight 0.016902, occupation count 9.414295, vector size 12)
LOG (gmm-est[5.4.10~1-f629b]:MleAmDiagGmmUpdate():mle-am-diag-gmm.cc:225) 5 variance elements floored in 5 Gaussians, out of 2607
LOG (gmm-est[5.4.10~1-f629b]:MleAmDiagGmmUpdate():mle-am-diag-gmm.cc:229) Removed 17 Gaussians due to counts < --min-gaussian-occupancy=10 and --remove-low-count-gaussians=true
LOG (gmm-est[5.4.10~1-f629b]:main():gmm-est.cc:113) GMM update: Overall 0.0374762 objective function improvement per frame over 52971 frames
LOG (gmm-est[5.4.10~1-f629b]:main():gmm-est.cc:116) GMM update: Overall avg like per frame = -15.6575 over 52971 frames.
WARNING (gmm-est[5.4.10~1-f629b]:GetSplitTargets():model-common.cc:134) Could not split up to 11500 due to min-count = 20 (or no counts at all)
LOG (gmm-est[5.4.10~1-f629b]:SplitByCount():am-diag-gmm.cc:116) Split 56 states with target = 11500, power = 0.25, perturb_factor = 0.01 and min_count = 20, split #Gauss from 2607 to 2623
LOG (gmm-est[5.4.10~1-f629b]:main():gmm-est.cc:146) Written model to exp/tri2a/20.mdl
# Accounting: time=0 threads=1
# Ended (code 0) at Sun Apr 29 13:47:26 +07 2018, elapsed time 0 seconds
