# build-tree --verbose=1 --max-leaves=2000 --cluster-thresh=-1 exp/tri1/treeacc data/lang/phones/roots.int exp/tri1/questions.qst data/lang/topo exp/tri1/tree 
# Started at Sun Mar  4 09:48:05 +07 2018
#
build-tree --verbose=1 --max-leaves=2000 --cluster-thresh=-1 exp/tri1/treeacc data/lang/phones/roots.int exp/tri1/questions.qst data/lang/topo exp/tri1/tree 
LOG (build-tree[5.4.10~1-f629b]:main():build-tree.cc:104) Number of separate statistics is 97
LOG (build-tree[5.4.10~1-f629b]:BuildTree():build-tree.cc:161) BuildTree: before building trees, map has 19 leaves.
LOG (build-tree[5.4.10~1-f629b]:SplitDecisionTree():build-tree-utils.cc:577) DoDecisionTreeSplit: split 7 times, #leaves now 26
LOG (build-tree[5.4.10~1-f629b]:BuildTree():build-tree.cc:187) Setting clustering threshold to smallest split 312.839
VLOG[1] (build-tree[5.4.10~1-f629b]:BuildTree():build-tree.cc:196) After decision tree split, num-leaves = 26, like-impr = 4.19435 per frame over 920 frames.
VLOG[1] (build-tree[5.4.10~1-f629b]:BuildTree():build-tree.cc:200) Including just phones that were split, improvement is 4.19435 per frame over 920 frames.
LOG (build-tree[5.4.10~1-f629b]:BuildTree():build-tree.cc:215) BuildTree: removed 1 leaves.
VLOG[1] (build-tree[5.4.10~1-f629b]:ClusterEventMapToNClustersRestrictedByMap():build-tree-utils.cc:916) Number of non-empty clusters in map = 17
VLOG[1] (build-tree[5.4.10~1-f629b]:ClusterEventMapToNClustersRestrictedByMap():build-tree-utils.cc:917) Number of non-empty clusters = 23
LOG (build-tree[5.4.10~1-f629b]:BuildTree():build-tree.cc:231) BuildTree: Rounded num leaves to multiple of 8 by removing 1 leaves.
VLOG[1] (build-tree[5.4.10~1-f629b]:BuildTree():build-tree.cc:256) Objf change due to clustering -0.701783 per frame.
VLOG[1] (build-tree[5.4.10~1-f629b]:BuildTree():build-tree.cc:259) Normalizing over only split phones, this is: -0.701783 per frame.
VLOG[1] (build-tree[5.4.10~1-f629b]:BuildTree():build-tree.cc:262) Num-leaves is now 24
VLOG[1] (build-tree[5.4.10~1-f629b]:main():build-tree.cc:143) For pdf-id 0, low count 76
VLOG[1] (build-tree[5.4.10~1-f629b]:main():build-tree.cc:143) For pdf-id 1, low count 0
VLOG[1] (build-tree[5.4.10~1-f629b]:main():build-tree.cc:143) For pdf-id 2, low count 0
VLOG[1] (build-tree[5.4.10~1-f629b]:main():build-tree.cc:143) For pdf-id 3, low count 18
VLOG[1] (build-tree[5.4.10~1-f629b]:main():build-tree.cc:143) For pdf-id 4, low count 52
VLOG[1] (build-tree[5.4.10~1-f629b]:main():build-tree.cc:143) For pdf-id 5, low count 12
VLOG[1] (build-tree[5.4.10~1-f629b]:main():build-tree.cc:143) For pdf-id 6, low count 54
VLOG[1] (build-tree[5.4.10~1-f629b]:main():build-tree.cc:143) For pdf-id 7, low count 18
VLOG[1] (build-tree[5.4.10~1-f629b]:main():build-tree.cc:143) For pdf-id 8, low count 32
VLOG[1] (build-tree[5.4.10~1-f629b]:main():build-tree.cc:143) For pdf-id 9, low count 33
VLOG[1] (build-tree[5.4.10~1-f629b]:main():build-tree.cc:143) For pdf-id 10, low count 14
VLOG[1] (build-tree[5.4.10~1-f629b]:main():build-tree.cc:143) For pdf-id 11, low count 36
VLOG[1] (build-tree[5.4.10~1-f629b]:main():build-tree.cc:143) For pdf-id 12, low count 24
VLOG[1] (build-tree[5.4.10~1-f629b]:main():build-tree.cc:143) For pdf-id 13, low count 43
VLOG[1] (build-tree[5.4.10~1-f629b]:main():build-tree.cc:143) For pdf-id 14, low count 28
VLOG[1] (build-tree[5.4.10~1-f629b]:main():build-tree.cc:143) For pdf-id 15, low count 27
VLOG[1] (build-tree[5.4.10~1-f629b]:main():build-tree.cc:143) For pdf-id 16, low count 30
VLOG[1] (build-tree[5.4.10~1-f629b]:main():build-tree.cc:143) For pdf-id 17, low count 24
VLOG[1] (build-tree[5.4.10~1-f629b]:main():build-tree.cc:143) For pdf-id 18, low count 18
VLOG[1] (build-tree[5.4.10~1-f629b]:main():build-tree.cc:143) For pdf-id 20, low count 33
VLOG[1] (build-tree[5.4.10~1-f629b]:main():build-tree.cc:143) For pdf-id 21, low count 79
VLOG[1] (build-tree[5.4.10~1-f629b]:main():build-tree.cc:143) For pdf-id 22, low count 54
VLOG[1] (build-tree[5.4.10~1-f629b]:main():build-tree.cc:143) For pdf-id 23, low count 65
WARNING (build-tree[5.4.10~1-f629b]:main():build-tree.cc:185) Saw no stats for following phones: 2 3 4 5 6 7 8 9 10 11 12 13 14 15 16 18 19 20 22 23 24 26 27 30 31 32 34 36 37 38 40 41 42 44 45 46 47 50 53 54 57 58 59 60 62 64 65 66 69 70 71 73 74 75 77 78 
LOG (build-tree[5.4.10~1-f629b]:main():build-tree.cc:189) Wrote tree
# Accounting: time=0 threads=1
# Ended (code 0) at Sun Mar  4 09:48:05 +07 2018, elapsed time 0 seconds
