# gmm-init-model --write-occs=exp/tri1/1.occs exp/tri1/tree exp/tri1/treeacc data/lang/topo exp/tri1/1.mdl 
# Started at Sat Mar 31 17:12:42 +07 2018
#
gmm-init-model --write-occs=exp/tri1/1.occs exp/tri1/tree exp/tri1/treeacc data/lang/topo exp/tri1/1.mdl 
LOG (gmm-init-model[5.4.10~1-f629b]:main():gmm-init-model.cc:271) Number of separate statistics is 86
WARNING (gmm-init-model[5.4.10~1-f629b]:InitAmGmm():gmm-init-model.cc:55) Tree has pdf-id 1 with no stats; corresponding phone list: 6 7 8 9 10 
WARNING (gmm-init-model[5.4.10~1-f629b]:InitAmGmm():gmm-init-model.cc:83) Very small count for state 2: 50; corresponding phone list: 11 12 13 14 
WARNING (gmm-init-model[5.4.10~1-f629b]:InitAmGmm():gmm-init-model.cc:83) Very small count for state 3: 15; corresponding phone list: 15 16 17 18 
WARNING (gmm-init-model[5.4.10~1-f629b]:InitAmGmm():gmm-init-model.cc:83) Very small count for state 5: 94; corresponding phone list: 23 24 25 26 
WARNING (gmm-init-model[5.4.10~1-f629b]:InitAmGmm():gmm-init-model.cc:83) Very small count for state 7: 60; corresponding phone list: 31 32 33 34 
WARNING (gmm-init-model[5.4.10~1-f629b]:InitAmGmm():gmm-init-model.cc:83) Very small count for state 8: 44; corresponding phone list: 35 36 37 38 
WARNING (gmm-init-model[5.4.10~1-f629b]:InitAmGmm():gmm-init-model.cc:83) Very small count for state 9: 63; corresponding phone list: 39 40 41 42 
WARNING (gmm-init-model[5.4.10~1-f629b]:InitAmGmm():gmm-init-model.cc:83) Very small count for state 10: 48; corresponding phone list: 43 44 45 46 
WARNING (gmm-init-model[5.4.10~1-f629b]:InitAmGmm():gmm-init-model.cc:83) Very small count for state 11: 75; corresponding phone list: 47 48 49 50 
WARNING (gmm-init-model[5.4.10~1-f629b]:InitAmGmm():gmm-init-model.cc:83) Very small count for state 12: 21; corresponding phone list: 51 52 53 54 
WARNING (gmm-init-model[5.4.10~1-f629b]:InitAmGmm():gmm-init-model.cc:83) Very small count for state 14: 58; corresponding phone list: 59 60 61 62 
WARNING (gmm-init-model[5.4.10~1-f629b]:InitAmGmm():gmm-init-model.cc:83) Very small count for state 15: 44; corresponding phone list: 63 64 65 66 
WARNING (gmm-init-model[5.4.10~1-f629b]:InitAmGmm():gmm-init-model.cc:83) Very small count for state 18: 77; corresponding phone list: 75 76 77 78 
WARNING (gmm-init-model[5.4.10~1-f629b]:InitAmGmm():gmm-init-model.cc:83) Very small count for state 27: 72; corresponding phone list: 19 20 21 22 
WARNING (gmm-init-model[5.4.10~1-f629b]:InitAmGmm():gmm-init-model.cc:83) Very small count for state 28: 75; corresponding phone list: 59 60 61 62 
WARNING (gmm-init-model[5.4.10~1-f629b]:InitAmGmm():gmm-init-model.cc:83) Very small count for state 30: 33; corresponding phone list: 67 68 69 70 
WARNING (gmm-init-model[5.4.10~1-f629b]:InitAmGmm():gmm-init-model.cc:83) Very small count for state 31: 64; corresponding phone list: 23 24 25 26 
WARNING (gmm-init-model[5.4.10~1-f629b]:InitAmGmm():gmm-init-model.cc:83) Very small count for state 32: 87; corresponding phone list: 43 44 45 46 
WARNING (gmm-init-model[5.4.10~1-f629b]:InitAmGmm():gmm-init-model.cc:83) Very small count for state 33: 68; corresponding phone list: 63 64 65 66 
WARNING (gmm-init-model[5.4.10~1-f629b]:InitAmGmm():gmm-init-model.cc:83) Very small count for state 34: 65; corresponding phone list: 19 20 21 22 
WARNING (gmm-init-model[5.4.10~1-f629b]:InitAmGmm():gmm-init-model.cc:83) Very small count for state 35: 54; corresponding phone list: 55 56 57 58 
WARNING (gmm-init-model[5.4.10~1-f629b]:InitAmGmm():gmm-init-model.cc:83) Very small count for state 36: 62; corresponding phone list: 39 40 41 42 
WARNING (gmm-init-model[5.4.10~1-f629b]:InitAmGmm():gmm-init-model.cc:83) Very small count for state 37: 28; corresponding phone list: 27 28 29 30 
WARNING (gmm-init-model[5.4.10~1-f629b]:InitAmGmm():gmm-init-model.cc:83) Very small count for state 38: 79; corresponding phone list: 35 36 37 38 
WARNING (gmm-init-model[5.4.10~1-f629b]:InitAmGmm():gmm-init-model.cc:83) Very small count for state 39: 75; corresponding phone list: 71 72 73 74 
WARNING (gmm-init-model[5.4.10~1-f629b]:InitAmGmm():gmm-init-model.cc:83) Very small count for state 40: 34; corresponding phone list: 11 12 13 14 
WARNING (gmm-init-model[5.4.10~1-f629b]:InitAmGmm():gmm-init-model.cc:83) Very small count for state 41: 26; corresponding phone list: 43 44 45 46 
WARNING (gmm-init-model[5.4.10~1-f629b]:InitAmGmm():gmm-init-model.cc:83) Very small count for state 42: 22; corresponding phone list: 35 36 37 38 
WARNING (gmm-init-model[5.4.10~1-f629b]:InitAmGmm():gmm-init-model.cc:83) Very small count for state 43: 41; corresponding phone list: 19 20 21 22 
WARNING (gmm-init-model[5.4.10~1-f629b]:InitAmGmm():gmm-init-model.cc:83) Very small count for state 44: 29; corresponding phone list: 19 20 21 22 
WARNING (gmm-init-model[5.4.10~1-f629b]:InitAmGmm():gmm-init-model.cc:83) Very small count for state 45: 16; corresponding phone list: 51 52 53 54 
WARNING (gmm-init-model[5.4.10~1-f629b]:InitAmGmm():gmm-init-model.cc:83) Very small count for state 46: 59; corresponding phone list: 47 48 49 50 
WARNING (gmm-init-model[5.4.10~1-f629b]:InitAmGmm():gmm-init-model.cc:83) Very small count for state 47: 55; corresponding phone list: 31 32 33 34 
WARNING (gmm-init-model[5.4.10~1-f629b]:InitAmGmm():gmm-init-model.cc:83) Very small count for state 48: 31; corresponding phone list: 11 12 13 14 
WARNING (gmm-init-model[5.4.10~1-f629b]:InitAmGmm():gmm-init-model.cc:83) Very small count for state 49: 58; corresponding phone list: 15 16 17 18 
WARNING (gmm-init-model[5.4.10~1-f629b]:InitAmGmm():gmm-init-model.cc:83) Very small count for state 50: 82; corresponding phone list: 63 64 65 66 
WARNING (gmm-init-model[5.4.10~1-f629b]:InitAmGmm():gmm-init-model.cc:83) Very small count for state 51: 58; corresponding phone list: 11 12 13 14 
WARNING (gmm-init-model[5.4.10~1-f629b]:InitAmGmm():gmm-init-model.cc:83) Very small count for state 52: 14; corresponding phone list: 27 28 29 30 
WARNING (gmm-init-model[5.4.10~1-f629b]:InitAmGmm():gmm-init-model.cc:83) Very small count for state 54: 79; corresponding phone list: 51 52 53 54 
WARNING (gmm-init-model[5.4.10~1-f629b]:InitAmGmm():gmm-init-model.cc:83) Very small count for state 55: 24; corresponding phone list: 51 52 53 54 
LOG (gmm-init-model[5.4.10~1-f629b]:main():gmm-init-model.cc:306) Wrote model.
# Accounting: time=0 threads=1
# Ended (code 0) at Sat Mar 31 17:12:42 +07 2018, elapsed time 0 seconds
