# gmm-est --mix-up=7760 --power=0.25 --write-occs=exp/tri1/20.occs exp/tri1/19.mdl "gmm-sum-accs - exp/tri1/19.*.acc |" exp/tri1/20.mdl 
# Started at Sun Apr 29 13:44:03 +07 2018
#
gmm-est --mix-up=7760 --power=0.25 --write-occs=exp/tri1/20.occs exp/tri1/19.mdl 'gmm-sum-accs - exp/tri1/19.*.acc |' exp/tri1/20.mdl 
gmm-sum-accs - exp/tri1/19.1.acc 
LOG (gmm-sum-accs[5.4.10~1-f629b]:main():gmm-sum-accs.cc:63) Summed 1 stats, total count 52971, avg like/frame -15.6965
LOG (gmm-sum-accs[5.4.10~1-f629b]:main():gmm-sum-accs.cc:66) Total count of stats is 52971
LOG (gmm-sum-accs[5.4.10~1-f629b]:main():gmm-sum-accs.cc:67) Written stats to -
LOG (gmm-est[5.4.10~1-f629b]:MleUpdate():transition-model.cc:517) TransitionModel::Update, objf change is 0 per frame over 52971 frames. 
LOG (gmm-est[5.4.10~1-f629b]:MleUpdate():transition-model.cc:520) 16 probabilities floored, 213 out of 286 transition-states skipped due to insuffient data (it is normal to have some skipped.)
LOG (gmm-est[5.4.10~1-f629b]:main():gmm-est.cc:102) Transition model update: Overall 0 log-like improvement per frame over 52971 frames.
WARNING (gmm-est[5.4.10~1-f629b]:MleDiagGmmUpdate():mle-diag-gmm.cc:359) Too little data - removing Gaussian (weight 0.000513, occupation count 9.325216, vector size 12)
WARNING (gmm-est[5.4.10~1-f629b]:MleDiagGmmUpdate():mle-diag-gmm.cc:359) Too little data - removing Gaussian (weight 0.000540, occupation count 9.815932, vector size 12)
WARNING (gmm-est[5.4.10~1-f629b]:MleDiagGmmUpdate():mle-diag-gmm.cc:359) Too little data - removing Gaussian (weight 0.000549, occupation count 9.986900, vector size 12)
WARNING (gmm-est[5.4.10~1-f629b]:MleDiagGmmUpdate():mle-diag-gmm.cc:359) Too little data - removing Gaussian (weight 0.000549, occupation count 9.987461, vector size 12)
WARNING (gmm-est[5.4.10~1-f629b]:MleDiagGmmUpdate():mle-diag-gmm.cc:359) Too little data - removing Gaussian (weight 0.000542, occupation count 9.863789, vector size 12)
WARNING (gmm-est[5.4.10~1-f629b]:MleDiagGmmUpdate():mle-diag-gmm.cc:359) Too little data - removing Gaussian (weight 0.000524, occupation count 9.522892, vector size 12)
WARNING (gmm-est[5.4.10~1-f629b]:MleDiagGmmUpdate():mle-diag-gmm.cc:359) Too little data - removing Gaussian (weight 0.000529, occupation count 9.616121, vector size 12)
WARNING (gmm-est[5.4.10~1-f629b]:MleDiagGmmUpdate():mle-diag-gmm.cc:359) Too little data - removing Gaussian (weight 0.000533, occupation count 9.689744, vector size 12)
WARNING (gmm-est[5.4.10~1-f629b]:MleDiagGmmUpdate():mle-diag-gmm.cc:359) Too little data - removing Gaussian (weight 0.000526, occupation count 9.563923, vector size 12)
WARNING (gmm-est[5.4.10~1-f629b]:MleDiagGmmUpdate():mle-diag-gmm.cc:359) Too little data - removing Gaussian (weight 0.000493, occupation count 8.963276, vector size 12)
WARNING (gmm-est[5.4.10~1-f629b]:MleDiagGmmUpdate():mle-diag-gmm.cc:359) Too little data - removing Gaussian (weight 0.000533, occupation count 9.700610, vector size 12)
WARNING (gmm-est[5.4.10~1-f629b]:MleDiagGmmUpdate():mle-diag-gmm.cc:359) Too little data - removing Gaussian (weight 0.000549, occupation count 9.989207, vector size 12)
WARNING (gmm-est[5.4.10~1-f629b]:MleDiagGmmUpdate():mle-diag-gmm.cc:365) Gaussian has too little data but not removing it because it is the last Gaussian: i = 0, occ = 0, weight = 1
WARNING (gmm-est[5.4.10~1-f629b]:MleDiagGmmUpdate():mle-diag-gmm.cc:359) Too little data - removing Gaussian (weight 0.037078, occupation count 9.974022, vector size 12)
WARNING (gmm-est[5.4.10~1-f629b]:MleDiagGmmUpdate():mle-diag-gmm.cc:359) Too little data - removing Gaussian (weight 0.001022, occupation count 9.526345, vector size 12)
WARNING (gmm-est[5.4.10~1-f629b]:MleDiagGmmUpdate():mle-diag-gmm.cc:359) Too little data - removing Gaussian (weight 0.001003, occupation count 9.347631, vector size 12)
WARNING (gmm-est[5.4.10~1-f629b]:MleDiagGmmUpdate():mle-diag-gmm.cc:359) Too little data - removing Gaussian (weight 0.001111, occupation count 9.942035, vector size 12)
WARNING (gmm-est[5.4.10~1-f629b]:MleDiagGmmUpdate():mle-diag-gmm.cc:359) Too little data - removing Gaussian (weight 0.001043, occupation count 9.331374, vector size 12)
WARNING (gmm-est[5.4.10~1-f629b]:MleDiagGmmUpdate():mle-diag-gmm.cc:359) Too little data - removing Gaussian (weight 0.001085, occupation count 9.708780, vector size 12)
WARNING (gmm-est[5.4.10~1-f629b]:MleDiagGmmUpdate():mle-diag-gmm.cc:359) Too little data - removing Gaussian (weight 0.001103, occupation count 9.865129, vector size 12)
WARNING (gmm-est[5.4.10~1-f629b]:MleDiagGmmUpdate():mle-diag-gmm.cc:359) Too little data - removing Gaussian (weight 0.000991, occupation count 8.861217, vector size 12)
WARNING (gmm-est[5.4.10~1-f629b]:MleDiagGmmUpdate():mle-diag-gmm.cc:359) Too little data - removing Gaussian (weight 0.013218, occupation count 9.953517, vector size 12)
LOG (gmm-est[5.4.10~1-f629b]:MleAmDiagGmmUpdate():mle-am-diag-gmm.cc:225) 3 variance elements floored in 3 Gaussians, out of 2609
LOG (gmm-est[5.4.10~1-f629b]:MleAmDiagGmmUpdate():mle-am-diag-gmm.cc:229) Removed 21 Gaussians due to counts < --min-gaussian-occupancy=10 and --remove-low-count-gaussians=true
LOG (gmm-est[5.4.10~1-f629b]:main():gmm-est.cc:113) GMM update: Overall 0.0394664 objective function improvement per frame over 52971 frames
LOG (gmm-est[5.4.10~1-f629b]:main():gmm-est.cc:116) GMM update: Overall avg like per frame = -15.6965 over 52971 frames.
WARNING (gmm-est[5.4.10~1-f629b]:GetSplitTargets():model-common.cc:134) Could not split up to 7760 due to min-count = 20 (or no counts at all)
LOG (gmm-est[5.4.10~1-f629b]:SplitByCount():am-diag-gmm.cc:116) Split 56 states with target = 7760, power = 0.25, perturb_factor = 0.01 and min_count = 20, split #Gauss from 2609 to 2630
LOG (gmm-est[5.4.10~1-f629b]:main():gmm-est.cc:146) Written model to exp/tri1/20.mdl
# Accounting: time=0 threads=1
# Ended (code 0) at Sun Apr 29 13:44:03 +07 2018, elapsed time 0 seconds
