# gmm-est --mix-up=3280 --power=0.25 --write-occs=exp/tri1/6.occs exp/tri1/5.mdl "gmm-sum-accs - exp/tri1/5.*.acc |" exp/tri1/6.mdl 
# Started at Sun Apr 29 13:42:54 +07 2018
#
gmm-est --mix-up=3280 --power=0.25 --write-occs=exp/tri1/6.occs exp/tri1/5.mdl 'gmm-sum-accs - exp/tri1/5.*.acc |' exp/tri1/6.mdl 
gmm-sum-accs - exp/tri1/5.1.acc 
LOG (gmm-sum-accs[5.4.10~1-f629b]:main():gmm-sum-accs.cc:63) Summed 1 stats, total count 52971, avg like/frame -17.6322
LOG (gmm-sum-accs[5.4.10~1-f629b]:main():gmm-sum-accs.cc:66) Total count of stats is 52971
LOG (gmm-sum-accs[5.4.10~1-f629b]:main():gmm-sum-accs.cc:67) Written stats to -
LOG (gmm-est[5.4.10~1-f629b]:MleUpdate():transition-model.cc:517) TransitionModel::Update, objf change is 0 per frame over 52971 frames. 
LOG (gmm-est[5.4.10~1-f629b]:MleUpdate():transition-model.cc:520) 11 probabilities floored, 213 out of 286 transition-states skipped due to insuffient data (it is normal to have some skipped.)
LOG (gmm-est[5.4.10~1-f629b]:main():gmm-est.cc:102) Transition model update: Overall 0 log-like improvement per frame over 52971 frames.
WARNING (gmm-est[5.4.10~1-f629b]:MleDiagGmmUpdate():mle-diag-gmm.cc:365) Gaussian has too little data but not removing it because it is the last Gaussian: i = 0, occ = 0, weight = 1
WARNING (gmm-est[5.4.10~1-f629b]:MleDiagGmmUpdate():mle-diag-gmm.cc:359) Too little data - removing Gaussian (weight 0.093869, occupation count 8.166618, vector size 12)
WARNING (gmm-est[5.4.10~1-f629b]:MleDiagGmmUpdate():mle-diag-gmm.cc:359) Too little data - removing Gaussian (weight 0.037240, occupation count 9.980443, vector size 12)
WARNING (gmm-est[5.4.10~1-f629b]:MleDiagGmmUpdate():mle-diag-gmm.cc:359) Too little data - removing Gaussian (weight 0.063191, occupation count 9.921043, vector size 12)
WARNING (gmm-est[5.4.10~1-f629b]:MleDiagGmmUpdate():mle-diag-gmm.cc:359) Too little data - removing Gaussian (weight 0.034352, occupation count 9.652982, vector size 12)
WARNING (gmm-est[5.4.10~1-f629b]:MleDiagGmmUpdate():mle-diag-gmm.cc:359) Too little data - removing Gaussian (weight 0.031674, occupation count 8.900486, vector size 12)
WARNING (gmm-est[5.4.10~1-f629b]:MleDiagGmmUpdate():mle-diag-gmm.cc:359) Too little data - removing Gaussian (weight 0.015705, occupation count 9.077675, vector size 12)
WARNING (gmm-est[5.4.10~1-f629b]:MleDiagGmmUpdate():mle-diag-gmm.cc:359) Too little data - removing Gaussian (weight 0.017207, occupation count 9.945578, vector size 12)
WARNING (gmm-est[5.4.10~1-f629b]:MleDiagGmmUpdate():mle-diag-gmm.cc:359) Too little data - removing Gaussian (weight 0.068987, occupation count 9.796159, vector size 12)
WARNING (gmm-est[5.4.10~1-f629b]:MleDiagGmmUpdate():mle-diag-gmm.cc:359) Too little data - removing Gaussian (weight 0.004415, occupation count 9.506472, vector size 12)
WARNING (gmm-est[5.4.10~1-f629b]:MleDiagGmmUpdate():mle-diag-gmm.cc:359) Too little data - removing Gaussian (weight 0.004447, occupation count 9.574576, vector size 12)
WARNING (gmm-est[5.4.10~1-f629b]:MleDiagGmmUpdate():mle-diag-gmm.cc:359) Too little data - removing Gaussian (weight 0.004556, occupation count 9.809851, vector size 12)
WARNING (gmm-est[5.4.10~1-f629b]:MleDiagGmmUpdate():mle-diag-gmm.cc:359) Too little data - removing Gaussian (weight 0.005061, occupation count 8.239912, vector size 12)
WARNING (gmm-est[5.4.10~1-f629b]:MleDiagGmmUpdate():mle-diag-gmm.cc:359) Too little data - removing Gaussian (weight 0.006057, occupation count 9.861383, vector size 12)
WARNING (gmm-est[5.4.10~1-f629b]:MleDiagGmmUpdate():mle-diag-gmm.cc:359) Too little data - removing Gaussian (weight 0.005210, occupation count 8.482675, vector size 12)
WARNING (gmm-est[5.4.10~1-f629b]:MleDiagGmmUpdate():mle-diag-gmm.cc:359) Too little data - removing Gaussian (weight 0.005196, occupation count 8.458400, vector size 12)
WARNING (gmm-est[5.4.10~1-f629b]:MleDiagGmmUpdate():mle-diag-gmm.cc:359) Too little data - removing Gaussian (weight 0.006074, occupation count 9.888597, vector size 12)
WARNING (gmm-est[5.4.10~1-f629b]:MleDiagGmmUpdate():mle-diag-gmm.cc:359) Too little data - removing Gaussian (weight 0.001149, occupation count 9.782916, vector size 12)
WARNING (gmm-est[5.4.10~1-f629b]:MleDiagGmmUpdate():mle-diag-gmm.cc:359) Too little data - removing Gaussian (weight 0.001145, occupation count 9.748964, vector size 12)
WARNING (gmm-est[5.4.10~1-f629b]:MleDiagGmmUpdate():mle-diag-gmm.cc:359) Too little data - removing Gaussian (weight 0.001162, occupation count 9.894788, vector size 12)
WARNING (gmm-est[5.4.10~1-f629b]:MleDiagGmmUpdate():mle-diag-gmm.cc:359) Too little data - removing Gaussian (weight 0.001075, occupation count 9.159001, vector size 12)
WARNING (gmm-est[5.4.10~1-f629b]:MleDiagGmmUpdate():mle-diag-gmm.cc:359) Too little data - removing Gaussian (weight 0.001156, occupation count 9.844667, vector size 12)
WARNING (gmm-est[5.4.10~1-f629b]:MleDiagGmmUpdate():mle-diag-gmm.cc:359) Too little data - removing Gaussian (weight 0.001100, occupation count 9.371508, vector size 12)
WARNING (gmm-est[5.4.10~1-f629b]:MleDiagGmmUpdate():mle-diag-gmm.cc:359) Too little data - removing Gaussian (weight 0.001108, occupation count 9.439774, vector size 12)
WARNING (gmm-est[5.4.10~1-f629b]:MleDiagGmmUpdate():mle-diag-gmm.cc:359) Too little data - removing Gaussian (weight 0.001160, occupation count 9.883578, vector size 12)
WARNING (gmm-est[5.4.10~1-f629b]:MleDiagGmmUpdate():mle-diag-gmm.cc:359) Too little data - removing Gaussian (weight 0.057171, occupation count 8.518421, vector size 12)
WARNING (gmm-est[5.4.10~1-f629b]:MleDiagGmmUpdate():mle-diag-gmm.cc:359) Too little data - removing Gaussian (weight 0.012253, occupation count 9.263247, vector size 12)
WARNING (gmm-est[5.4.10~1-f629b]:MleDiagGmmUpdate():mle-diag-gmm.cc:359) Too little data - removing Gaussian (weight 0.034878, occupation count 9.242558, vector size 12)
WARNING (gmm-est[5.4.10~1-f629b]:MleDiagGmmUpdate():mle-diag-gmm.cc:359) Too little data - removing Gaussian (weight 0.035197, occupation count 9.327181, vector size 12)
WARNING (gmm-est[5.4.10~1-f629b]:MleDiagGmmUpdate():mle-diag-gmm.cc:359) Too little data - removing Gaussian (weight 0.025207, occupation count 7.839481, vector size 12)
WARNING (gmm-est[5.4.10~1-f629b]:MleDiagGmmUpdate():mle-diag-gmm.cc:359) Too little data - removing Gaussian (weight 0.025194, occupation count 7.608671, vector size 12)
WARNING (gmm-est[5.4.10~1-f629b]:MleDiagGmmUpdate():mle-diag-gmm.cc:359) Too little data - removing Gaussian (weight 0.016180, occupation count 4.886375, vector size 12)
WARNING (gmm-est[5.4.10~1-f629b]:MleDiagGmmUpdate():mle-diag-gmm.cc:359) Too little data - removing Gaussian (weight 0.037066, occupation count 8.006361, vector size 12)
WARNING (gmm-est[5.4.10~1-f629b]:MleDiagGmmUpdate():mle-diag-gmm.cc:359) Too little data - removing Gaussian (weight 0.033442, occupation count 7.223571, vector size 12)
WARNING (gmm-est[5.4.10~1-f629b]:MleDiagGmmUpdate():mle-diag-gmm.cc:359) Too little data - removing Gaussian (weight 0.027661, occupation count 9.349436, vector size 12)
WARNING (gmm-est[5.4.10~1-f629b]:MleDiagGmmUpdate():mle-diag-gmm.cc:359) Too little data - removing Gaussian (weight 0.054355, occupation count 9.892533, vector size 12)
WARNING (gmm-est[5.4.10~1-f629b]:MleDiagGmmUpdate():mle-diag-gmm.cc:359) Too little data - removing Gaussian (weight 0.037363, occupation count 9.751719, vector size 12)
WARNING (gmm-est[5.4.10~1-f629b]:MleDiagGmmUpdate():mle-diag-gmm.cc:359) Too little data - removing Gaussian (weight 0.017666, occupation count 8.567869, vector size 12)
WARNING (gmm-est[5.4.10~1-f629b]:MleDiagGmmUpdate():mle-diag-gmm.cc:359) Too little data - removing Gaussian (weight 0.016209, occupation count 7.861171, vector size 12)
WARNING (gmm-est[5.4.10~1-f629b]:MleDiagGmmUpdate():mle-diag-gmm.cc:359) Too little data - removing Gaussian (weight 0.019438, occupation count 9.427236, vector size 12)
WARNING (gmm-est[5.4.10~1-f629b]:MleDiagGmmUpdate():mle-diag-gmm.cc:359) Too little data - removing Gaussian (weight 0.032024, occupation count 9.639289, vector size 12)
WARNING (gmm-est[5.4.10~1-f629b]:MleDiagGmmUpdate():mle-diag-gmm.cc:359) Too little data - removing Gaussian (weight 0.014954, occupation count 8.523905, vector size 12)
WARNING (gmm-est[5.4.10~1-f629b]:MleDiagGmmUpdate():mle-diag-gmm.cc:359) Too little data - removing Gaussian (weight 0.013657, occupation count 7.784296, vector size 12)
WARNING (gmm-est[5.4.10~1-f629b]:MleDiagGmmUpdate():mle-diag-gmm.cc:359) Too little data - removing Gaussian (weight 0.014905, occupation count 8.495899, vector size 12)
WARNING (gmm-est[5.4.10~1-f629b]:MleDiagGmmUpdate():mle-diag-gmm.cc:359) Too little data - removing Gaussian (weight 0.013477, occupation count 7.682065, vector size 12)
WARNING (gmm-est[5.4.10~1-f629b]:MleDiagGmmUpdate():mle-diag-gmm.cc:359) Too little data - removing Gaussian (weight 0.017197, occupation count 9.802517, vector size 12)
WARNING (gmm-est[5.4.10~1-f629b]:MleDiagGmmUpdate():mle-diag-gmm.cc:359) Too little data - removing Gaussian (weight 0.015789, occupation count 9.000011, vector size 12)
WARNING (gmm-est[5.4.10~1-f629b]:MleDiagGmmUpdate():mle-diag-gmm.cc:359) Too little data - removing Gaussian (weight 0.016569, occupation count 9.444094, vector size 12)
WARNING (gmm-est[5.4.10~1-f629b]:MleDiagGmmUpdate():mle-diag-gmm.cc:359) Too little data - removing Gaussian (weight 0.065393, occupation count 9.808943, vector size 12)
LOG (gmm-est[5.4.10~1-f629b]:MleAmDiagGmmUpdate():mle-am-diag-gmm.cc:225) 0 variance elements floored in 0 Gaussians, out of 2576
LOG (gmm-est[5.4.10~1-f629b]:MleAmDiagGmmUpdate():mle-am-diag-gmm.cc:229) Removed 48 Gaussians due to counts < --min-gaussian-occupancy=10 and --remove-low-count-gaussians=true
LOG (gmm-est[5.4.10~1-f629b]:main():gmm-est.cc:113) GMM update: Overall 0.22915 objective function improvement per frame over 52971 frames
LOG (gmm-est[5.4.10~1-f629b]:main():gmm-est.cc:116) GMM update: Overall avg like per frame = -17.6322 over 52971 frames.
WARNING (gmm-est[5.4.10~1-f629b]:GetSplitTargets():model-common.cc:134) Could not split up to 3280 due to min-count = 20 (or no counts at all)
LOG (gmm-est[5.4.10~1-f629b]:SplitByCount():am-diag-gmm.cc:116) Split 56 states with target = 3280, power = 0.25, perturb_factor = 0.01 and min_count = 20, split #Gauss from 2576 to 2624
LOG (gmm-est[5.4.10~1-f629b]:main():gmm-est.cc:146) Written model to exp/tri1/6.mdl
# Accounting: time=0 threads=1
# Ended (code 0) at Sun Apr 29 13:42:54 +07 2018, elapsed time 0 seconds
