# gmm-est --mix-up=5520 --power=0.25 --write-occs=exp/tri1/13.occs exp/tri1/12.mdl "gmm-sum-accs - exp/tri1/12.*.acc |" exp/tri1/13.mdl 
# Started at Sun Apr 29 13:43:33 +07 2018
#
gmm-est --mix-up=5520 --power=0.25 --write-occs=exp/tri1/13.occs exp/tri1/12.mdl 'gmm-sum-accs - exp/tri1/12.*.acc |' exp/tri1/13.mdl 
gmm-sum-accs - exp/tri1/12.1.acc 
LOG (gmm-sum-accs[5.4.10~1-f629b]:main():gmm-sum-accs.cc:63) Summed 1 stats, total count 52971, avg like/frame -16.2842
LOG (gmm-sum-accs[5.4.10~1-f629b]:main():gmm-sum-accs.cc:66) Total count of stats is 52971
LOG (gmm-sum-accs[5.4.10~1-f629b]:main():gmm-sum-accs.cc:67) Written stats to -
LOG (gmm-est[5.4.10~1-f629b]:MleUpdate():transition-model.cc:517) TransitionModel::Update, objf change is 0 per frame over 52971 frames. 
LOG (gmm-est[5.4.10~1-f629b]:MleUpdate():transition-model.cc:520) 16 probabilities floored, 213 out of 286 transition-states skipped due to insuffient data (it is normal to have some skipped.)
LOG (gmm-est[5.4.10~1-f629b]:main():gmm-est.cc:102) Transition model update: Overall 0 log-like improvement per frame over 52971 frames.
WARNING (gmm-est[5.4.10~1-f629b]:MleDiagGmmUpdate():mle-diag-gmm.cc:359) Too little data - removing Gaussian (weight 0.000540, occupation count 9.815141, vector size 12)
WARNING (gmm-est[5.4.10~1-f629b]:MleDiagGmmUpdate():mle-diag-gmm.cc:359) Too little data - removing Gaussian (weight 0.000545, occupation count 9.921889, vector size 12)
WARNING (gmm-est[5.4.10~1-f629b]:MleDiagGmmUpdate():mle-diag-gmm.cc:359) Too little data - removing Gaussian (weight 0.000544, occupation count 9.899359, vector size 12)
WARNING (gmm-est[5.4.10~1-f629b]:MleDiagGmmUpdate():mle-diag-gmm.cc:359) Too little data - removing Gaussian (weight 0.000535, occupation count 9.728433, vector size 12)
WARNING (gmm-est[5.4.10~1-f629b]:MleDiagGmmUpdate():mle-diag-gmm.cc:359) Too little data - removing Gaussian (weight 0.000536, occupation count 9.758805, vector size 12)
WARNING (gmm-est[5.4.10~1-f629b]:MleDiagGmmUpdate():mle-diag-gmm.cc:359) Too little data - removing Gaussian (weight 0.000518, occupation count 9.426323, vector size 12)
WARNING (gmm-est[5.4.10~1-f629b]:MleDiagGmmUpdate():mle-diag-gmm.cc:359) Too little data - removing Gaussian (weight 0.000531, occupation count 9.665930, vector size 12)
WARNING (gmm-est[5.4.10~1-f629b]:MleDiagGmmUpdate():mle-diag-gmm.cc:359) Too little data - removing Gaussian (weight 0.000508, occupation count 9.236909, vector size 12)
WARNING (gmm-est[5.4.10~1-f629b]:MleDiagGmmUpdate():mle-diag-gmm.cc:359) Too little data - removing Gaussian (weight 0.000538, occupation count 9.793840, vector size 12)
WARNING (gmm-est[5.4.10~1-f629b]:MleDiagGmmUpdate():mle-diag-gmm.cc:359) Too little data - removing Gaussian (weight 0.000514, occupation count 9.350902, vector size 12)
WARNING (gmm-est[5.4.10~1-f629b]:MleDiagGmmUpdate():mle-diag-gmm.cc:359) Too little data - removing Gaussian (weight 0.000522, occupation count 9.501726, vector size 12)
WARNING (gmm-est[5.4.10~1-f629b]:MleDiagGmmUpdate():mle-diag-gmm.cc:359) Too little data - removing Gaussian (weight 0.000509, occupation count 9.266798, vector size 12)
WARNING (gmm-est[5.4.10~1-f629b]:MleDiagGmmUpdate():mle-diag-gmm.cc:359) Too little data - removing Gaussian (weight 0.000545, occupation count 9.920832, vector size 12)
WARNING (gmm-est[5.4.10~1-f629b]:MleDiagGmmUpdate():mle-diag-gmm.cc:365) Gaussian has too little data but not removing it because it is the last Gaussian: i = 0, occ = 0, weight = 1
WARNING (gmm-est[5.4.10~1-f629b]:MleDiagGmmUpdate():mle-diag-gmm.cc:359) Too little data - removing Gaussian (weight 0.071765, occupation count 9.975284, vector size 12)
WARNING (gmm-est[5.4.10~1-f629b]:MleDiagGmmUpdate():mle-diag-gmm.cc:359) Too little data - removing Gaussian (weight 0.001009, occupation count 9.406474, vector size 12)
WARNING (gmm-est[5.4.10~1-f629b]:MleDiagGmmUpdate():mle-diag-gmm.cc:359) Too little data - removing Gaussian (weight 0.001034, occupation count 9.636887, vector size 12)
WARNING (gmm-est[5.4.10~1-f629b]:MleDiagGmmUpdate():mle-diag-gmm.cc:359) Too little data - removing Gaussian (weight 0.001056, occupation count 9.844230, vector size 12)
WARNING (gmm-est[5.4.10~1-f629b]:MleDiagGmmUpdate():mle-diag-gmm.cc:359) Too little data - removing Gaussian (weight 0.000988, occupation count 9.211617, vector size 12)
WARNING (gmm-est[5.4.10~1-f629b]:MleDiagGmmUpdate():mle-diag-gmm.cc:359) Too little data - removing Gaussian (weight 0.001068, occupation count 9.953300, vector size 12)
WARNING (gmm-est[5.4.10~1-f629b]:MleDiagGmmUpdate():mle-diag-gmm.cc:359) Too little data - removing Gaussian (weight 0.001039, occupation count 9.686846, vector size 12)
WARNING (gmm-est[5.4.10~1-f629b]:MleDiagGmmUpdate():mle-diag-gmm.cc:359) Too little data - removing Gaussian (weight 0.001065, occupation count 9.925685, vector size 12)
WARNING (gmm-est[5.4.10~1-f629b]:MleDiagGmmUpdate():mle-diag-gmm.cc:359) Too little data - removing Gaussian (weight 0.001063, occupation count 9.905814, vector size 12)
WARNING (gmm-est[5.4.10~1-f629b]:MleDiagGmmUpdate():mle-diag-gmm.cc:359) Too little data - removing Gaussian (weight 0.001054, occupation count 9.825324, vector size 12)
WARNING (gmm-est[5.4.10~1-f629b]:MleDiagGmmUpdate():mle-diag-gmm.cc:359) Too little data - removing Gaussian (weight 0.001040, occupation count 9.695234, vector size 12)
WARNING (gmm-est[5.4.10~1-f629b]:MleDiagGmmUpdate():mle-diag-gmm.cc:359) Too little data - removing Gaussian (weight 0.001029, occupation count 9.589647, vector size 12)
WARNING (gmm-est[5.4.10~1-f629b]:MleDiagGmmUpdate():mle-diag-gmm.cc:359) Too little data - removing Gaussian (weight 0.001011, occupation count 9.421938, vector size 12)
WARNING (gmm-est[5.4.10~1-f629b]:MleDiagGmmUpdate():mle-diag-gmm.cc:359) Too little data - removing Gaussian (weight 0.001036, occupation count 9.266985, vector size 12)
WARNING (gmm-est[5.4.10~1-f629b]:MleDiagGmmUpdate():mle-diag-gmm.cc:359) Too little data - removing Gaussian (weight 0.001080, occupation count 9.661919, vector size 12)
WARNING (gmm-est[5.4.10~1-f629b]:MleDiagGmmUpdate():mle-diag-gmm.cc:359) Too little data - removing Gaussian (weight 0.001077, occupation count 9.635815, vector size 12)
WARNING (gmm-est[5.4.10~1-f629b]:MleDiagGmmUpdate():mle-diag-gmm.cc:359) Too little data - removing Gaussian (weight 0.001093, occupation count 9.775362, vector size 12)
WARNING (gmm-est[5.4.10~1-f629b]:MleDiagGmmUpdate():mle-diag-gmm.cc:359) Too little data - removing Gaussian (weight 0.001038, occupation count 9.282683, vector size 12)
WARNING (gmm-est[5.4.10~1-f629b]:MleDiagGmmUpdate():mle-diag-gmm.cc:359) Too little data - removing Gaussian (weight 0.001066, occupation count 9.533681, vector size 12)
WARNING (gmm-est[5.4.10~1-f629b]:MleDiagGmmUpdate():mle-diag-gmm.cc:359) Too little data - removing Gaussian (weight 0.001052, occupation count 9.407373, vector size 12)
WARNING (gmm-est[5.4.10~1-f629b]:MleDiagGmmUpdate():mle-diag-gmm.cc:359) Too little data - removing Gaussian (weight 0.001113, occupation count 9.954186, vector size 12)
WARNING (gmm-est[5.4.10~1-f629b]:MleDiagGmmUpdate():mle-diag-gmm.cc:359) Too little data - removing Gaussian (weight 0.000964, occupation count 8.625550, vector size 12)
WARNING (gmm-est[5.4.10~1-f629b]:MleDiagGmmUpdate():mle-diag-gmm.cc:359) Too little data - removing Gaussian (weight 0.001061, occupation count 9.488955, vector size 12)
WARNING (gmm-est[5.4.10~1-f629b]:MleDiagGmmUpdate():mle-diag-gmm.cc:359) Too little data - removing Gaussian (weight 0.001066, occupation count 9.532505, vector size 12)
WARNING (gmm-est[5.4.10~1-f629b]:MleDiagGmmUpdate():mle-diag-gmm.cc:359) Too little data - removing Gaussian (weight 0.001069, occupation count 9.562286, vector size 12)
WARNING (gmm-est[5.4.10~1-f629b]:MleDiagGmmUpdate():mle-diag-gmm.cc:359) Too little data - removing Gaussian (weight 0.001008, occupation count 9.019709, vector size 12)
WARNING (gmm-est[5.4.10~1-f629b]:MleDiagGmmUpdate():mle-diag-gmm.cc:359) Too little data - removing Gaussian (weight 0.001078, occupation count 9.646955, vector size 12)
WARNING (gmm-est[5.4.10~1-f629b]:MleDiagGmmUpdate():mle-diag-gmm.cc:359) Too little data - removing Gaussian (weight 0.001031, occupation count 9.226210, vector size 12)
WARNING (gmm-est[5.4.10~1-f629b]:MleDiagGmmUpdate():mle-diag-gmm.cc:359) Too little data - removing Gaussian (weight 0.001110, occupation count 9.929032, vector size 12)
WARNING (gmm-est[5.4.10~1-f629b]:MleDiagGmmUpdate():mle-diag-gmm.cc:359) Too little data - removing Gaussian (weight 0.001072, occupation count 9.587973, vector size 12)
WARNING (gmm-est[5.4.10~1-f629b]:MleDiagGmmUpdate():mle-diag-gmm.cc:359) Too little data - removing Gaussian (weight 0.001068, occupation count 9.552298, vector size 12)
WARNING (gmm-est[5.4.10~1-f629b]:MleDiagGmmUpdate():mle-diag-gmm.cc:359) Too little data - removing Gaussian (weight 0.001017, occupation count 9.099996, vector size 12)
WARNING (gmm-est[5.4.10~1-f629b]:MleDiagGmmUpdate():mle-diag-gmm.cc:359) Too little data - removing Gaussian (weight 0.001012, occupation count 9.049951, vector size 12)
WARNING (gmm-est[5.4.10~1-f629b]:MleDiagGmmUpdate():mle-diag-gmm.cc:359) Too little data - removing Gaussian (weight 0.001052, occupation count 9.409150, vector size 12)
WARNING (gmm-est[5.4.10~1-f629b]:MleDiagGmmUpdate():mle-diag-gmm.cc:359) Too little data - removing Gaussian (weight 0.040917, occupation count 9.247163, vector size 12)
LOG (gmm-est[5.4.10~1-f629b]:MleAmDiagGmmUpdate():mle-am-diag-gmm.cc:225) 0 variance elements floored in 0 Gaussians, out of 2588
LOG (gmm-est[5.4.10~1-f629b]:MleAmDiagGmmUpdate():mle-am-diag-gmm.cc:229) Removed 48 Gaussians due to counts < --min-gaussian-occupancy=10 and --remove-low-count-gaussians=true
LOG (gmm-est[5.4.10~1-f629b]:main():gmm-est.cc:113) GMM update: Overall 0.0592213 objective function improvement per frame over 52971 frames
LOG (gmm-est[5.4.10~1-f629b]:main():gmm-est.cc:116) GMM update: Overall avg like per frame = -16.2842 over 52971 frames.
WARNING (gmm-est[5.4.10~1-f629b]:GetSplitTargets():model-common.cc:134) Could not split up to 5520 due to min-count = 20 (or no counts at all)
LOG (gmm-est[5.4.10~1-f629b]:SplitByCount():am-diag-gmm.cc:116) Split 56 states with target = 5520, power = 0.25, perturb_factor = 0.01 and min_count = 20, split #Gauss from 2588 to 2635
LOG (gmm-est[5.4.10~1-f629b]:main():gmm-est.cc:146) Written model to exp/tri1/13.mdl
# Accounting: time=1 threads=1
# Ended (code 0) at Sun Apr 29 13:43:34 +07 2018, elapsed time 1 seconds
