# gmm-rescore-lattice exp/tri2b_ali/final.mdl "ark:gunzip -c exp/tri2b_denlats/lat.1.gz|" "ark,s,cs:apply-cmvn  --utt2spk=ark:data/train/split1/1/utt2spk scp:data/train/split1/1/cmvn.scp scp:data/train/split1/1/feats.scp ark:- | splice-feats  ark:- ark:- | transform-feats exp/tri2b_ali/final.mat ark:- ark:- |" ark:- | lattice-to-mpe-post --acoustic-scale=0.1 exp/tri2b_ali/final.mdl "ark,s,cs:gunzip -c exp/tri2b_ali/ali.1.gz |" ark:- ark:- | gmm-acc-stats2 exp/tri2b_ali/final.mdl "ark,s,cs:apply-cmvn  --utt2spk=ark:data/train/split1/1/utt2spk scp:data/train/split1/1/cmvn.scp scp:data/train/split1/1/feats.scp ark:- | splice-feats  ark:- ark:- | transform-feats exp/tri2b_ali/final.mat ark:- ark:- |" ark,s,cs:- exp/tri2b_mpe/num_acc.0.1.acc exp/tri2b_mpe/den_acc.0.1.acc 
# Started at Tue Mar 20 10:29:09 +07 2018
#
gmm-acc-stats2 exp/tri2b_ali/final.mdl 'ark,s,cs:apply-cmvn  --utt2spk=ark:data/train/split1/1/utt2spk scp:data/train/split1/1/cmvn.scp scp:data/train/split1/1/feats.scp ark:- | splice-feats  ark:- ark:- | transform-feats exp/tri2b_ali/final.mat ark:- ark:- |' ark,s,cs:- exp/tri2b_mpe/num_acc.0.1.acc exp/tri2b_mpe/den_acc.0.1.acc 
gmm-rescore-lattice exp/tri2b_ali/final.mdl 'ark:gunzip -c exp/tri2b_denlats/lat.1.gz|' 'ark,s,cs:apply-cmvn  --utt2spk=ark:data/train/split1/1/utt2spk scp:data/train/split1/1/cmvn.scp scp:data/train/split1/1/feats.scp ark:- | splice-feats  ark:- ark:- | transform-feats exp/tri2b_ali/final.mat ark:- ark:- |' ark:- 
lattice-to-mpe-post --acoustic-scale=0.1 exp/tri2b_ali/final.mdl 'ark,s,cs:gunzip -c exp/tri2b_ali/ali.1.gz |' ark:- ark:- 
WARNING (lattice-to-mpe-post[5.4.10~1-f629b]:main():lattice-to-mpe-post.cc:71) No silence phones specified, make sure this is what you intended.
transform-feats exp/tri2b_ali/final.mat ark:- ark:- 
apply-cmvn --utt2spk=ark:data/train/split1/1/utt2spk scp:data/train/split1/1/cmvn.scp scp:data/train/split1/1/feats.scp ark:- 
splice-feats ark:- ark:- 
transform-feats exp/tri2b_ali/final.mat ark:- ark:- 
splice-feats ark:- ark:- 
apply-cmvn --utt2spk=ark:data/train/split1/1/utt2spk scp:data/train/split1/1/cmvn.scp scp:data/train/split1/1/feats.scp ark:- 
LOG (apply-cmvn[5.4.10~1-f629b]:main():apply-cmvn.cc:162) Applied cepstral mean normalization to 36 utterances, errors on 0
LOG (apply-cmvn[5.4.10~1-f629b]:main():apply-cmvn.cc:162) Applied cepstral mean normalization to 36 utterances, errors on 0
LOG (transform-feats[5.4.10~1-f629b]:main():transform-feats.cc:158) Overall average [pseudo-]logdet is -48.2993 over 8610 frames.
LOG (transform-feats[5.4.10~1-f629b]:main():transform-feats.cc:161) Applied transform to 36 utterances; 0 had errors.
LOG (transform-feats[5.4.10~1-f629b]:main():transform-feats.cc:158) Overall average [pseudo-]logdet is -48.2993 over 8610 frames.
LOG (transform-feats[5.4.10~1-f629b]:main():transform-feats.cc:161) Applied transform to 36 utterances; 0 had errors.
LOG (gmm-rescore-lattice[5.4.10~1-f629b]:main():gmm-rescore-lattice.cc:103) Done 36 lattices with errors on 0, #frames is 8610
LOG (lattice-to-mpe-post[5.4.10~1-f629b]:main():lattice-to-mpe-post.cc:135) Overall average frame-accuracy is 0.999954 over 8610 frames.
LOG (lattice-to-mpe-post[5.4.10~1-f629b]:main():lattice-to-mpe-post.cc:138) Done 36 lattices.
LOG (gmm-acc-stats2[5.4.10~1-f629b]:main():gmm-acc-stats2.cc:130) Done 36 files, 0 had errors.
LOG (gmm-acc-stats2[5.4.10~1-f629b]:main():gmm-acc-stats2.cc:133) Overall weighted acoustic likelihood per frame was 0.000350875 over 8610 frames; average weight per frame was -6.49005e-13
LOG (gmm-acc-stats2[5.4.10~1-f629b]:main():gmm-acc-stats2.cc:147) Written accs.
# Accounting: time=0 threads=1
# Ended (code 0) at Tue Mar 20 10:29:09 +07 2018, elapsed time 0 seconds
