# gmm-est-gaussians-ebw exp/tri2b_mpe/3.mdl "gmm-ismooth-stats --smooth-from-model=true --tau=400 exp/tri2b_mpe/3.mdl exp/tri2b_mpe/num_acc.3.acc -|" exp/tri2b_mpe/den_acc.3.acc - | gmm-est-weights-ebw - exp/tri2b_mpe/num_acc.3.acc exp/tri2b_mpe/den_acc.3.acc exp/tri2b_mpe/4.mdl 
# Started at Tue Mar 20 10:29:13 +07 2018
#
gmm-est-gaussians-ebw exp/tri2b_mpe/3.mdl 'gmm-ismooth-stats --smooth-from-model=true --tau=400 exp/tri2b_mpe/3.mdl exp/tri2b_mpe/num_acc.3.acc -|' exp/tri2b_mpe/den_acc.3.acc - 
gmm-est-weights-ebw - exp/tri2b_mpe/num_acc.3.acc exp/tri2b_mpe/den_acc.3.acc exp/tri2b_mpe/4.mdl 
gmm-ismooth-stats --smooth-from-model=true --tau=400 exp/tri2b_mpe/3.mdl exp/tri2b_mpe/num_acc.3.acc - 
LOG (gmm-ismooth-stats[5.4.10~1-f629b]:main():gmm-ismooth-stats.cc:126) Smoothed stats with tau = 400, count changed from 1.64144 to 164002
LOG (gmm-est-gaussians-ebw[5.4.10~1-f629b]:main():gmm-est-gaussians-ebw.cc:98) Num count 164002, den count 1.64144
LOG (gmm-est-gaussians-ebw[5.4.10~1-f629b]:main():gmm-est-gaussians-ebw.cc:100) Overall auxf impr/frame from Gaussian update is 0.00862665 over 1.64144 frames; floored D for 0 Gaussians.
LOG (gmm-est-gaussians-ebw[5.4.10~1-f629b]:main():gmm-est-gaussians-ebw.cc:111) Written model to -
LOG (gmm-est-weights-ebw[5.4.10~1-f629b]:UpdateEbwWeightsDiagGmm():ebw-diag-gmm.cc:223) Not updating weights for this state because total count is 0.641221 < 10
LOG (gmm-est-weights-ebw[5.4.10~1-f629b]:UpdateEbwWeightsDiagGmm():ebw-diag-gmm.cc:223) Not updating weights for this state because total count is 1.17216 < 10
LOG (gmm-est-weights-ebw[5.4.10~1-f629b]:UpdateEbwWeightsDiagGmm():ebw-diag-gmm.cc:223) Not updating weights for this state because total count is 1.88436e-11 < 10
LOG (gmm-est-weights-ebw[5.4.10~1-f629b]:UpdateEbwWeightsDiagGmm():ebw-diag-gmm.cc:223) Not updating weights for this state because total count is 0 < 10
LOG (gmm-est-weights-ebw[5.4.10~1-f629b]:UpdateEbwWeightsDiagGmm():ebw-diag-gmm.cc:223) Not updating weights for this state because total count is 0 < 10
LOG (gmm-est-weights-ebw[5.4.10~1-f629b]:UpdateEbwWeightsDiagGmm():ebw-diag-gmm.cc:223) Not updating weights for this state because total count is 4.09244e-10 < 10
LOG (gmm-est-weights-ebw[5.4.10~1-f629b]:UpdateEbwWeightsDiagGmm():ebw-diag-gmm.cc:223) Not updating weights for this state because total count is 1.39792e-09 < 10
LOG (gmm-est-weights-ebw[5.4.10~1-f629b]:UpdateEbwWeightsDiagGmm():ebw-diag-gmm.cc:223) Not updating weights for this state because total count is 0 < 10
LOG (gmm-est-weights-ebw[5.4.10~1-f629b]:UpdateEbwWeightsDiagGmm():ebw-diag-gmm.cc:223) Not updating weights for this state because total count is 0 < 10
LOG (gmm-est-weights-ebw[5.4.10~1-f629b]:UpdateEbwWeightsDiagGmm():ebw-diag-gmm.cc:223) Not updating weights for this state because total count is 0 < 10
LOG (gmm-est-weights-ebw[5.4.10~1-f629b]:UpdateEbwWeightsDiagGmm():ebw-diag-gmm.cc:223) Not updating weights for this state because total count is 0 < 10
LOG (gmm-est-weights-ebw[5.4.10~1-f629b]:UpdateEbwWeightsDiagGmm():ebw-diag-gmm.cc:223) Not updating weights for this state because total count is 7.9126e-11 < 10
LOG (gmm-est-weights-ebw[5.4.10~1-f629b]:UpdateEbwWeightsDiagGmm():ebw-diag-gmm.cc:223) Not updating weights for this state because total count is 1.20366e-10 < 10
LOG (gmm-est-weights-ebw[5.4.10~1-f629b]:UpdateEbwWeightsDiagGmm():ebw-diag-gmm.cc:223) Not updating weights for this state because total count is 2.18859e-09 < 10
LOG (gmm-est-weights-ebw[5.4.10~1-f629b]:UpdateEbwWeightsDiagGmm():ebw-diag-gmm.cc:223) Not updating weights for this state because total count is 2.16278e-09 < 10
LOG (gmm-est-weights-ebw[5.4.10~1-f629b]:UpdateEbwWeightsDiagGmm():ebw-diag-gmm.cc:223) Not updating weights for this state because total count is 0 < 10
LOG (gmm-est-weights-ebw[5.4.10~1-f629b]:UpdateEbwWeightsDiagGmm():ebw-diag-gmm.cc:223) Not updating weights for this state because total count is 0.162168 < 10
LOG (gmm-est-weights-ebw[5.4.10~1-f629b]:UpdateEbwWeightsDiagGmm():ebw-diag-gmm.cc:223) Not updating weights for this state because total count is 0 < 10
LOG (gmm-est-weights-ebw[5.4.10~1-f629b]:UpdateEbwWeightsDiagGmm():ebw-diag-gmm.cc:223) Not updating weights for this state because total count is 0 < 10
LOG (gmm-est-weights-ebw[5.4.10~1-f629b]:UpdateEbwWeightsDiagGmm():ebw-diag-gmm.cc:223) Not updating weights for this state because total count is 7.53744e-11 < 10
LOG (gmm-est-weights-ebw[5.4.10~1-f629b]:UpdateEbwWeightsDiagGmm():ebw-diag-gmm.cc:223) Not updating weights for this state because total count is 0.290241 < 10
LOG (gmm-est-weights-ebw[5.4.10~1-f629b]:UpdateEbwWeightsDiagGmm():ebw-diag-gmm.cc:223) Not updating weights for this state because total count is 2.04739e-09 < 10
LOG (gmm-est-weights-ebw[5.4.10~1-f629b]:UpdateEbwWeightsDiagGmm():ebw-diag-gmm.cc:223) Not updating weights for this state because total count is 0 < 10
LOG (gmm-est-weights-ebw[5.4.10~1-f629b]:UpdateEbwWeightsDiagGmm():ebw-diag-gmm.cc:223) Not updating weights for this state because total count is 0.0392635 < 10
LOG (gmm-est-weights-ebw[5.4.10~1-f629b]:UpdateEbwWeightsDiagGmm():ebw-diag-gmm.cc:223) Not updating weights for this state because total count is 1.00226e-09 < 10
LOG (gmm-est-weights-ebw[5.4.10~1-f629b]:UpdateEbwWeightsDiagGmm():ebw-diag-gmm.cc:223) Not updating weights for this state because total count is 0.153821 < 10
LOG (gmm-est-weights-ebw[5.4.10~1-f629b]:UpdateEbwWeightsDiagGmm():ebw-diag-gmm.cc:223) Not updating weights for this state because total count is 0 < 10
LOG (gmm-est-weights-ebw[5.4.10~1-f629b]:UpdateEbwWeightsDiagGmm():ebw-diag-gmm.cc:223) Not updating weights for this state because total count is 0 < 10
LOG (gmm-est-weights-ebw[5.4.10~1-f629b]:UpdateEbwWeightsDiagGmm():ebw-diag-gmm.cc:223) Not updating weights for this state because total count is 0 < 10
LOG (gmm-est-weights-ebw[5.4.10~1-f629b]:UpdateEbwWeightsDiagGmm():ebw-diag-gmm.cc:223) Not updating weights for this state because total count is 0 < 10
LOG (gmm-est-weights-ebw[5.4.10~1-f629b]:UpdateEbwWeightsDiagGmm():ebw-diag-gmm.cc:223) Not updating weights for this state because total count is 8.85649e-10 < 10
LOG (gmm-est-weights-ebw[5.4.10~1-f629b]:UpdateEbwWeightsDiagGmm():ebw-diag-gmm.cc:223) Not updating weights for this state because total count is 7.05995e-10 < 10
LOG (gmm-est-weights-ebw[5.4.10~1-f629b]:UpdateEbwWeightsDiagGmm():ebw-diag-gmm.cc:223) Not updating weights for this state because total count is 3.12951e-10 < 10
LOG (gmm-est-weights-ebw[5.4.10~1-f629b]:UpdateEbwWeightsDiagGmm():ebw-diag-gmm.cc:223) Not updating weights for this state because total count is 0.824011 < 10
LOG (gmm-est-weights-ebw[5.4.10~1-f629b]:UpdateEbwWeightsDiagGmm():ebw-diag-gmm.cc:223) Not updating weights for this state because total count is 0 < 10
LOG (gmm-est-weights-ebw[5.4.10~1-f629b]:UpdateEbwWeightsDiagGmm():ebw-diag-gmm.cc:223) Not updating weights for this state because total count is 0 < 10
LOG (gmm-est-weights-ebw[5.4.10~1-f629b]:UpdateEbwWeightsDiagGmm():ebw-diag-gmm.cc:223) Not updating weights for this state because total count is 4.81464e-11 < 10
LOG (gmm-est-weights-ebw[5.4.10~1-f629b]:UpdateEbwWeightsDiagGmm():ebw-diag-gmm.cc:223) Not updating weights for this state because total count is 0 < 10
LOG (gmm-est-weights-ebw[5.4.10~1-f629b]:UpdateEbwWeightsDiagGmm():ebw-diag-gmm.cc:223) Not updating weights for this state because total count is 0 < 10
LOG (gmm-est-weights-ebw[5.4.10~1-f629b]:UpdateEbwWeightsDiagGmm():ebw-diag-gmm.cc:223) Not updating weights for this state because total count is 0 < 10
LOG (gmm-est-weights-ebw[5.4.10~1-f629b]:main():gmm-est-weights-ebw.cc:96) Num count 1.64144, den count 1.64144
LOG (gmm-est-weights-ebw[5.4.10~1-f629b]:main():gmm-est-weights-ebw.cc:98) Overall auxf impr/frame from weight update is 0 over 1.64144 frames.
LOG (gmm-est-weights-ebw[5.4.10~1-f629b]:main():gmm-est-weights-ebw.cc:110) Written model to exp/tri2b_mpe/4.mdl
# Accounting: time=0 threads=1
# Ended (code 0) at Tue Mar 20 10:29:13 +07 2018, elapsed time 0 seconds
