# gmm-est-gaussians-ebw exp/tri2b_ali/final.mdl "gmm-ismooth-stats --smooth-from-model=true --tau=400 exp/tri2b_ali/final.mdl exp/tri2b_mpe/num_acc.0.acc -|" exp/tri2b_mpe/den_acc.0.acc - | gmm-est-weights-ebw - exp/tri2b_mpe/num_acc.0.acc exp/tri2b_mpe/den_acc.0.acc exp/tri2b_mpe/1.mdl 
# Started at Tue Mar 20 10:29:10 +07 2018
#
gmm-est-gaussians-ebw exp/tri2b_ali/final.mdl 'gmm-ismooth-stats --smooth-from-model=true --tau=400 exp/tri2b_ali/final.mdl exp/tri2b_mpe/num_acc.0.acc -|' exp/tri2b_mpe/den_acc.0.acc - 
gmm-est-weights-ebw - exp/tri2b_mpe/num_acc.0.acc exp/tri2b_mpe/den_acc.0.acc exp/tri2b_mpe/1.mdl 
gmm-ismooth-stats --smooth-from-model=true --tau=400 exp/tri2b_ali/final.mdl exp/tri2b_mpe/num_acc.0.acc - 
LOG (gmm-ismooth-stats[5.4.10~1-f629b]:main():gmm-ismooth-stats.cc:126) Smoothed stats with tau = 400, count changed from 1.68187 to 164002
LOG (gmm-est-gaussians-ebw[5.4.10~1-f629b]:main():gmm-est-gaussians-ebw.cc:98) Num count 164002, den count 1.68187
LOG (gmm-est-gaussians-ebw[5.4.10~1-f629b]:main():gmm-est-gaussians-ebw.cc:100) Overall auxf impr/frame from Gaussian update is 0.00899992 over 1.68187 frames; floored D for 0 Gaussians.
LOG (gmm-est-gaussians-ebw[5.4.10~1-f629b]:main():gmm-est-gaussians-ebw.cc:111) Written model to -
LOG (gmm-est-weights-ebw[5.4.10~1-f629b]:UpdateEbwWeightsDiagGmm():ebw-diag-gmm.cc:223) Not updating weights for this state because total count is 0.651849 < 10
LOG (gmm-est-weights-ebw[5.4.10~1-f629b]:UpdateEbwWeightsDiagGmm():ebw-diag-gmm.cc:223) Not updating weights for this state because total count is 1.20147 < 10
LOG (gmm-est-weights-ebw[5.4.10~1-f629b]:UpdateEbwWeightsDiagGmm():ebw-diag-gmm.cc:223) Not updating weights for this state because total count is 2.58353e-11 < 10
LOG (gmm-est-weights-ebw[5.4.10~1-f629b]:UpdateEbwWeightsDiagGmm():ebw-diag-gmm.cc:223) Not updating weights for this state because total count is 0 < 10
LOG (gmm-est-weights-ebw[5.4.10~1-f629b]:UpdateEbwWeightsDiagGmm():ebw-diag-gmm.cc:223) Not updating weights for this state because total count is 0 < 10
LOG (gmm-est-weights-ebw[5.4.10~1-f629b]:UpdateEbwWeightsDiagGmm():ebw-diag-gmm.cc:223) Not updating weights for this state because total count is 3.69141e-10 < 10
LOG (gmm-est-weights-ebw[5.4.10~1-f629b]:UpdateEbwWeightsDiagGmm():ebw-diag-gmm.cc:223) Not updating weights for this state because total count is 1.22341e-09 < 10
LOG (gmm-est-weights-ebw[5.4.10~1-f629b]:UpdateEbwWeightsDiagGmm():ebw-diag-gmm.cc:223) Not updating weights for this state because total count is 0 < 10
LOG (gmm-est-weights-ebw[5.4.10~1-f629b]:UpdateEbwWeightsDiagGmm():ebw-diag-gmm.cc:223) Not updating weights for this state because total count is 0 < 10
LOG (gmm-est-weights-ebw[5.4.10~1-f629b]:UpdateEbwWeightsDiagGmm():ebw-diag-gmm.cc:223) Not updating weights for this state because total count is 0 < 10
LOG (gmm-est-weights-ebw[5.4.10~1-f629b]:UpdateEbwWeightsDiagGmm():ebw-diag-gmm.cc:223) Not updating weights for this state because total count is 0 < 10
LOG (gmm-est-weights-ebw[5.4.10~1-f629b]:UpdateEbwWeightsDiagGmm():ebw-diag-gmm.cc:223) Not updating weights for this state because total count is 6.98321e-11 < 10
LOG (gmm-est-weights-ebw[5.4.10~1-f629b]:UpdateEbwWeightsDiagGmm():ebw-diag-gmm.cc:223) Not updating weights for this state because total count is 1.08571e-10 < 10
LOG (gmm-est-weights-ebw[5.4.10~1-f629b]:UpdateEbwWeightsDiagGmm():ebw-diag-gmm.cc:223) Not updating weights for this state because total count is 1.86964e-09 < 10
LOG (gmm-est-weights-ebw[5.4.10~1-f629b]:UpdateEbwWeightsDiagGmm():ebw-diag-gmm.cc:223) Not updating weights for this state because total count is 1.90875e-09 < 10
LOG (gmm-est-weights-ebw[5.4.10~1-f629b]:UpdateEbwWeightsDiagGmm():ebw-diag-gmm.cc:223) Not updating weights for this state because total count is 0 < 10
LOG (gmm-est-weights-ebw[5.4.10~1-f629b]:UpdateEbwWeightsDiagGmm():ebw-diag-gmm.cc:223) Not updating weights for this state because total count is 0.165602 < 10
LOG (gmm-est-weights-ebw[5.4.10~1-f629b]:UpdateEbwWeightsDiagGmm():ebw-diag-gmm.cc:223) Not updating weights for this state because total count is 0 < 10
LOG (gmm-est-weights-ebw[5.4.10~1-f629b]:UpdateEbwWeightsDiagGmm():ebw-diag-gmm.cc:223) Not updating weights for this state because total count is 0 < 10
LOG (gmm-est-weights-ebw[5.4.10~1-f629b]:UpdateEbwWeightsDiagGmm():ebw-diag-gmm.cc:223) Not updating weights for this state because total count is 1.03341e-10 < 10
LOG (gmm-est-weights-ebw[5.4.10~1-f629b]:UpdateEbwWeightsDiagGmm():ebw-diag-gmm.cc:223) Not updating weights for this state because total count is 0.297721 < 10
LOG (gmm-est-weights-ebw[5.4.10~1-f629b]:UpdateEbwWeightsDiagGmm():ebw-diag-gmm.cc:223) Not updating weights for this state because total count is 1.74902e-09 < 10
LOG (gmm-est-weights-ebw[5.4.10~1-f629b]:UpdateEbwWeightsDiagGmm():ebw-diag-gmm.cc:223) Not updating weights for this state because total count is 0 < 10
LOG (gmm-est-weights-ebw[5.4.10~1-f629b]:UpdateEbwWeightsDiagGmm():ebw-diag-gmm.cc:223) Not updating weights for this state because total count is 0.0398487 < 10
LOG (gmm-est-weights-ebw[5.4.10~1-f629b]:UpdateEbwWeightsDiagGmm():ebw-diag-gmm.cc:223) Not updating weights for this state because total count is 8.8454e-10 < 10
LOG (gmm-est-weights-ebw[5.4.10~1-f629b]:UpdateEbwWeightsDiagGmm():ebw-diag-gmm.cc:223) Not updating weights for this state because total count is 0.157457 < 10
LOG (gmm-est-weights-ebw[5.4.10~1-f629b]:UpdateEbwWeightsDiagGmm():ebw-diag-gmm.cc:223) Not updating weights for this state because total count is 0 < 10
LOG (gmm-est-weights-ebw[5.4.10~1-f629b]:UpdateEbwWeightsDiagGmm():ebw-diag-gmm.cc:223) Not updating weights for this state because total count is 0 < 10
LOG (gmm-est-weights-ebw[5.4.10~1-f629b]:UpdateEbwWeightsDiagGmm():ebw-diag-gmm.cc:223) Not updating weights for this state because total count is 0 < 10
LOG (gmm-est-weights-ebw[5.4.10~1-f629b]:UpdateEbwWeightsDiagGmm():ebw-diag-gmm.cc:223) Not updating weights for this state because total count is 0 < 10
LOG (gmm-est-weights-ebw[5.4.10~1-f629b]:UpdateEbwWeightsDiagGmm():ebw-diag-gmm.cc:223) Not updating weights for this state because total count is 1.21426e-09 < 10
LOG (gmm-est-weights-ebw[5.4.10~1-f629b]:UpdateEbwWeightsDiagGmm():ebw-diag-gmm.cc:223) Not updating weights for this state because total count is 6.03109e-10 < 10
LOG (gmm-est-weights-ebw[5.4.10~1-f629b]:UpdateEbwWeightsDiagGmm():ebw-diag-gmm.cc:223) Not updating weights for this state because total count is 2.82284e-10 < 10
LOG (gmm-est-weights-ebw[5.4.10~1-f629b]:UpdateEbwWeightsDiagGmm():ebw-diag-gmm.cc:223) Not updating weights for this state because total count is 0.849803 < 10
LOG (gmm-est-weights-ebw[5.4.10~1-f629b]:UpdateEbwWeightsDiagGmm():ebw-diag-gmm.cc:223) Not updating weights for this state because total count is 0 < 10
LOG (gmm-est-weights-ebw[5.4.10~1-f629b]:UpdateEbwWeightsDiagGmm():ebw-diag-gmm.cc:223) Not updating weights for this state because total count is 0 < 10
LOG (gmm-est-weights-ebw[5.4.10~1-f629b]:UpdateEbwWeightsDiagGmm():ebw-diag-gmm.cc:223) Not updating weights for this state because total count is 4.34284e-11 < 10
LOG (gmm-est-weights-ebw[5.4.10~1-f629b]:UpdateEbwWeightsDiagGmm():ebw-diag-gmm.cc:223) Not updating weights for this state because total count is 0 < 10
LOG (gmm-est-weights-ebw[5.4.10~1-f629b]:UpdateEbwWeightsDiagGmm():ebw-diag-gmm.cc:223) Not updating weights for this state because total count is 0 < 10
LOG (gmm-est-weights-ebw[5.4.10~1-f629b]:UpdateEbwWeightsDiagGmm():ebw-diag-gmm.cc:223) Not updating weights for this state because total count is 0 < 10
LOG (gmm-est-weights-ebw[5.4.10~1-f629b]:main():gmm-est-weights-ebw.cc:96) Num count 1.68187, den count 1.68187
LOG (gmm-est-weights-ebw[5.4.10~1-f629b]:main():gmm-est-weights-ebw.cc:98) Overall auxf impr/frame from weight update is 0 over 1.68187 frames.
LOG (gmm-est-weights-ebw[5.4.10~1-f629b]:main():gmm-est-weights-ebw.cc:110) Written model to exp/tri2b_mpe/1.mdl
# Accounting: time=0 threads=1
# Ended (code 0) at Tue Mar 20 10:29:10 +07 2018, elapsed time 0 seconds
