# gmm-est-gaussians-ebw exp/tri2b_mpe/2.mdl "gmm-ismooth-stats --smooth-from-model=true --tau=400 exp/tri2b_mpe/2.mdl exp/tri2b_mpe/num_acc.2.acc -|" exp/tri2b_mpe/den_acc.2.acc - | gmm-est-weights-ebw - exp/tri2b_mpe/num_acc.2.acc exp/tri2b_mpe/den_acc.2.acc exp/tri2b_mpe/3.mdl 
# Started at Tue Mar 20 10:29:12 +07 2018
#
gmm-est-gaussians-ebw exp/tri2b_mpe/2.mdl 'gmm-ismooth-stats --smooth-from-model=true --tau=400 exp/tri2b_mpe/2.mdl exp/tri2b_mpe/num_acc.2.acc -|' exp/tri2b_mpe/den_acc.2.acc - 
gmm-est-weights-ebw - exp/tri2b_mpe/num_acc.2.acc exp/tri2b_mpe/den_acc.2.acc exp/tri2b_mpe/3.mdl 
gmm-ismooth-stats --smooth-from-model=true --tau=400 exp/tri2b_mpe/2.mdl exp/tri2b_mpe/num_acc.2.acc - 
LOG (gmm-ismooth-stats[5.4.10~1-f629b]:main():gmm-ismooth-stats.cc:126) Smoothed stats with tau = 400, count changed from 1.6547 to 164002
LOG (gmm-est-gaussians-ebw[5.4.10~1-f629b]:main():gmm-est-gaussians-ebw.cc:98) Num count 164002, den count 1.6547
LOG (gmm-est-gaussians-ebw[5.4.10~1-f629b]:main():gmm-est-gaussians-ebw.cc:100) Overall auxf impr/frame from Gaussian update is 0.0104756 over 1.6547 frames; floored D for 0 Gaussians.
LOG (gmm-est-gaussians-ebw[5.4.10~1-f629b]:main():gmm-est-gaussians-ebw.cc:111) Written model to -
LOG (gmm-est-weights-ebw[5.4.10~1-f629b]:UpdateEbwWeightsDiagGmm():ebw-diag-gmm.cc:223) Not updating weights for this state because total count is 0.644692 < 10
LOG (gmm-est-weights-ebw[5.4.10~1-f629b]:UpdateEbwWeightsDiagGmm():ebw-diag-gmm.cc:223) Not updating weights for this state because total count is 1.18176 < 10
LOG (gmm-est-weights-ebw[5.4.10~1-f629b]:UpdateEbwWeightsDiagGmm():ebw-diag-gmm.cc:223) Not updating weights for this state because total count is 1.23634e-11 < 10
LOG (gmm-est-weights-ebw[5.4.10~1-f629b]:UpdateEbwWeightsDiagGmm():ebw-diag-gmm.cc:223) Not updating weights for this state because total count is 0 < 10
LOG (gmm-est-weights-ebw[5.4.10~1-f629b]:UpdateEbwWeightsDiagGmm():ebw-diag-gmm.cc:223) Not updating weights for this state because total count is 0 < 10
LOG (gmm-est-weights-ebw[5.4.10~1-f629b]:UpdateEbwWeightsDiagGmm():ebw-diag-gmm.cc:223) Not updating weights for this state because total count is 6.66773e-11 < 10
LOG (gmm-est-weights-ebw[5.4.10~1-f629b]:UpdateEbwWeightsDiagGmm():ebw-diag-gmm.cc:223) Not updating weights for this state because total count is 3.66498e-10 < 10
LOG (gmm-est-weights-ebw[5.4.10~1-f629b]:UpdateEbwWeightsDiagGmm():ebw-diag-gmm.cc:223) Not updating weights for this state because total count is 0 < 10
LOG (gmm-est-weights-ebw[5.4.10~1-f629b]:UpdateEbwWeightsDiagGmm():ebw-diag-gmm.cc:223) Not updating weights for this state because total count is 0 < 10
LOG (gmm-est-weights-ebw[5.4.10~1-f629b]:UpdateEbwWeightsDiagGmm():ebw-diag-gmm.cc:223) Not updating weights for this state because total count is 0 < 10
LOG (gmm-est-weights-ebw[5.4.10~1-f629b]:UpdateEbwWeightsDiagGmm():ebw-diag-gmm.cc:223) Not updating weights for this state because total count is 0 < 10
LOG (gmm-est-weights-ebw[5.4.10~1-f629b]:UpdateEbwWeightsDiagGmm():ebw-diag-gmm.cc:223) Not updating weights for this state because total count is 4.86864e-11 < 10
LOG (gmm-est-weights-ebw[5.4.10~1-f629b]:UpdateEbwWeightsDiagGmm():ebw-diag-gmm.cc:223) Not updating weights for this state because total count is 1.9611e-11 < 10
LOG (gmm-est-weights-ebw[5.4.10~1-f629b]:UpdateEbwWeightsDiagGmm():ebw-diag-gmm.cc:223) Not updating weights for this state because total count is 5.37455e-10 < 10
LOG (gmm-est-weights-ebw[5.4.10~1-f629b]:UpdateEbwWeightsDiagGmm():ebw-diag-gmm.cc:223) Not updating weights for this state because total count is 1.33076e-09 < 10
LOG (gmm-est-weights-ebw[5.4.10~1-f629b]:UpdateEbwWeightsDiagGmm():ebw-diag-gmm.cc:223) Not updating weights for this state because total count is 0 < 10
LOG (gmm-est-weights-ebw[5.4.10~1-f629b]:UpdateEbwWeightsDiagGmm():ebw-diag-gmm.cc:223) Not updating weights for this state because total count is 0.163315 < 10
LOG (gmm-est-weights-ebw[5.4.10~1-f629b]:UpdateEbwWeightsDiagGmm():ebw-diag-gmm.cc:223) Not updating weights for this state because total count is 0 < 10
LOG (gmm-est-weights-ebw[5.4.10~1-f629b]:UpdateEbwWeightsDiagGmm():ebw-diag-gmm.cc:223) Not updating weights for this state because total count is 0 < 10
LOG (gmm-est-weights-ebw[5.4.10~1-f629b]:UpdateEbwWeightsDiagGmm():ebw-diag-gmm.cc:223) Not updating weights for this state because total count is 4.94538e-11 < 10
LOG (gmm-est-weights-ebw[5.4.10~1-f629b]:UpdateEbwWeightsDiagGmm():ebw-diag-gmm.cc:223) Not updating weights for this state because total count is 0.292708 < 10
LOG (gmm-est-weights-ebw[5.4.10~1-f629b]:UpdateEbwWeightsDiagGmm():ebw-diag-gmm.cc:223) Not updating weights for this state because total count is 5.0278e-10 < 10
LOG (gmm-est-weights-ebw[5.4.10~1-f629b]:UpdateEbwWeightsDiagGmm():ebw-diag-gmm.cc:223) Not updating weights for this state because total count is 0 < 10
LOG (gmm-est-weights-ebw[5.4.10~1-f629b]:UpdateEbwWeightsDiagGmm():ebw-diag-gmm.cc:223) Not updating weights for this state because total count is 0.0394583 < 10
LOG (gmm-est-weights-ebw[5.4.10~1-f629b]:UpdateEbwWeightsDiagGmm():ebw-diag-gmm.cc:223) Not updating weights for this state because total count is 6.16694e-10 < 10
LOG (gmm-est-weights-ebw[5.4.10~1-f629b]:UpdateEbwWeightsDiagGmm():ebw-diag-gmm.cc:223) Not updating weights for this state because total count is 0.155012 < 10
LOG (gmm-est-weights-ebw[5.4.10~1-f629b]:UpdateEbwWeightsDiagGmm():ebw-diag-gmm.cc:223) Not updating weights for this state because total count is 0 < 10
LOG (gmm-est-weights-ebw[5.4.10~1-f629b]:UpdateEbwWeightsDiagGmm():ebw-diag-gmm.cc:223) Not updating weights for this state because total count is 0 < 10
LOG (gmm-est-weights-ebw[5.4.10~1-f629b]:UpdateEbwWeightsDiagGmm():ebw-diag-gmm.cc:223) Not updating weights for this state because total count is 0 < 10
LOG (gmm-est-weights-ebw[5.4.10~1-f629b]:UpdateEbwWeightsDiagGmm():ebw-diag-gmm.cc:223) Not updating weights for this state because total count is 0 < 10
LOG (gmm-est-weights-ebw[5.4.10~1-f629b]:UpdateEbwWeightsDiagGmm():ebw-diag-gmm.cc:223) Not updating weights for this state because total count is 5.81082e-10 < 10
LOG (gmm-est-weights-ebw[5.4.10~1-f629b]:UpdateEbwWeightsDiagGmm():ebw-diag-gmm.cc:223) Not updating weights for this state because total count is 4.06203e-10 < 10
LOG (gmm-est-weights-ebw[5.4.10~1-f629b]:UpdateEbwWeightsDiagGmm():ebw-diag-gmm.cc:223) Not updating weights for this state because total count is 5.09885e-11 < 10
LOG (gmm-est-weights-ebw[5.4.10~1-f629b]:UpdateEbwWeightsDiagGmm():ebw-diag-gmm.cc:223) Not updating weights for this state because total count is 0.832455 < 10
LOG (gmm-est-weights-ebw[5.4.10~1-f629b]:UpdateEbwWeightsDiagGmm():ebw-diag-gmm.cc:223) Not updating weights for this state because total count is 0 < 10
LOG (gmm-est-weights-ebw[5.4.10~1-f629b]:UpdateEbwWeightsDiagGmm():ebw-diag-gmm.cc:223) Not updating weights for this state because total count is 1.16415e-09 < 10
LOG (gmm-est-weights-ebw[5.4.10~1-f629b]:UpdateEbwWeightsDiagGmm():ebw-diag-gmm.cc:223) Not updating weights for this state because total count is 7.84439e-12 < 10
LOG (gmm-est-weights-ebw[5.4.10~1-f629b]:UpdateEbwWeightsDiagGmm():ebw-diag-gmm.cc:223) Not updating weights for this state because total count is 0 < 10
LOG (gmm-est-weights-ebw[5.4.10~1-f629b]:UpdateEbwWeightsDiagGmm():ebw-diag-gmm.cc:223) Not updating weights for this state because total count is 0 < 10
LOG (gmm-est-weights-ebw[5.4.10~1-f629b]:UpdateEbwWeightsDiagGmm():ebw-diag-gmm.cc:223) Not updating weights for this state because total count is 0 < 10
LOG (gmm-est-weights-ebw[5.4.10~1-f629b]:main():gmm-est-weights-ebw.cc:96) Num count 1.6547, den count 1.6547
LOG (gmm-est-weights-ebw[5.4.10~1-f629b]:main():gmm-est-weights-ebw.cc:98) Overall auxf impr/frame from weight update is 0 over 1.6547 frames.
LOG (gmm-est-weights-ebw[5.4.10~1-f629b]:main():gmm-est-weights-ebw.cc:110) Written model to exp/tri2b_mpe/3.mdl
# Accounting: time=0 threads=1
# Ended (code 0) at Tue Mar 20 10:29:12 +07 2018, elapsed time 0 seconds
