# gmm-est-gaussians-ebw exp/tri2b_mpe/1.mdl "gmm-ismooth-stats --smooth-from-model=true --tau=400 exp/tri2b_mpe/1.mdl exp/tri2b_mpe/num_acc.1.acc -|" exp/tri2b_mpe/den_acc.1.acc - | gmm-est-weights-ebw - exp/tri2b_mpe/num_acc.1.acc exp/tri2b_mpe/den_acc.1.acc exp/tri2b_mpe/2.mdl 
# Started at Tue Mar 20 10:29:11 +07 2018
#
gmm-est-gaussians-ebw exp/tri2b_mpe/1.mdl 'gmm-ismooth-stats --smooth-from-model=true --tau=400 exp/tri2b_mpe/1.mdl exp/tri2b_mpe/num_acc.1.acc -|' exp/tri2b_mpe/den_acc.1.acc - 
gmm-est-weights-ebw - exp/tri2b_mpe/num_acc.1.acc exp/tri2b_mpe/den_acc.1.acc exp/tri2b_mpe/2.mdl 
gmm-ismooth-stats --smooth-from-model=true --tau=400 exp/tri2b_mpe/1.mdl exp/tri2b_mpe/num_acc.1.acc - 
LOG (gmm-ismooth-stats[5.4.10~1-f629b]:main():gmm-ismooth-stats.cc:126) Smoothed stats with tau = 400, count changed from 1.66818 to 164002
LOG (gmm-est-gaussians-ebw[5.4.10~1-f629b]:main():gmm-est-gaussians-ebw.cc:98) Num count 164002, den count 1.66818
LOG (gmm-est-gaussians-ebw[5.4.10~1-f629b]:main():gmm-est-gaussians-ebw.cc:100) Overall auxf impr/frame from Gaussian update is 0.00936651 over 1.66818 frames; floored D for 0 Gaussians.
LOG (gmm-est-gaussians-ebw[5.4.10~1-f629b]:main():gmm-est-gaussians-ebw.cc:111) Written model to -
LOG (gmm-est-weights-ebw[5.4.10~1-f629b]:UpdateEbwWeightsDiagGmm():ebw-diag-gmm.cc:223) Not updating weights for this state because total count is 0.648266 < 10
LOG (gmm-est-weights-ebw[5.4.10~1-f629b]:UpdateEbwWeightsDiagGmm():ebw-diag-gmm.cc:223) Not updating weights for this state because total count is 1.19154 < 10
LOG (gmm-est-weights-ebw[5.4.10~1-f629b]:UpdateEbwWeightsDiagGmm():ebw-diag-gmm.cc:223) Not updating weights for this state because total count is 2.28795e-11 < 10
LOG (gmm-est-weights-ebw[5.4.10~1-f629b]:UpdateEbwWeightsDiagGmm():ebw-diag-gmm.cc:223) Not updating weights for this state because total count is 0 < 10
LOG (gmm-est-weights-ebw[5.4.10~1-f629b]:UpdateEbwWeightsDiagGmm():ebw-diag-gmm.cc:223) Not updating weights for this state because total count is 0 < 10
LOG (gmm-est-weights-ebw[5.4.10~1-f629b]:UpdateEbwWeightsDiagGmm():ebw-diag-gmm.cc:223) Not updating weights for this state because total count is 4.34369e-10 < 10
LOG (gmm-est-weights-ebw[5.4.10~1-f629b]:UpdateEbwWeightsDiagGmm():ebw-diag-gmm.cc:223) Not updating weights for this state because total count is 1.37655e-09 < 10
LOG (gmm-est-weights-ebw[5.4.10~1-f629b]:UpdateEbwWeightsDiagGmm():ebw-diag-gmm.cc:223) Not updating weights for this state because total count is 0 < 10
LOG (gmm-est-weights-ebw[5.4.10~1-f629b]:UpdateEbwWeightsDiagGmm():ebw-diag-gmm.cc:223) Not updating weights for this state because total count is 0 < 10
LOG (gmm-est-weights-ebw[5.4.10~1-f629b]:UpdateEbwWeightsDiagGmm():ebw-diag-gmm.cc:223) Not updating weights for this state because total count is 0 < 10
LOG (gmm-est-weights-ebw[5.4.10~1-f629b]:UpdateEbwWeightsDiagGmm():ebw-diag-gmm.cc:223) Not updating weights for this state because total count is 0 < 10
LOG (gmm-est-weights-ebw[5.4.10~1-f629b]:UpdateEbwWeightsDiagGmm():ebw-diag-gmm.cc:223) Not updating weights for this state because total count is 3.07807e-11 < 10
LOG (gmm-est-weights-ebw[5.4.10~1-f629b]:UpdateEbwWeightsDiagGmm():ebw-diag-gmm.cc:223) Not updating weights for this state because total count is 1.27756e-10 < 10
LOG (gmm-est-weights-ebw[5.4.10~1-f629b]:UpdateEbwWeightsDiagGmm():ebw-diag-gmm.cc:223) Not updating weights for this state because total count is 2.13396e-09 < 10
LOG (gmm-est-weights-ebw[5.4.10~1-f629b]:UpdateEbwWeightsDiagGmm():ebw-diag-gmm.cc:223) Not updating weights for this state because total count is 8.41339e-10 < 10
LOG (gmm-est-weights-ebw[5.4.10~1-f629b]:UpdateEbwWeightsDiagGmm():ebw-diag-gmm.cc:223) Not updating weights for this state because total count is 0 < 10
LOG (gmm-est-weights-ebw[5.4.10~1-f629b]:UpdateEbwWeightsDiagGmm():ebw-diag-gmm.cc:223) Not updating weights for this state because total count is 0.164469 < 10
LOG (gmm-est-weights-ebw[5.4.10~1-f629b]:UpdateEbwWeightsDiagGmm():ebw-diag-gmm.cc:223) Not updating weights for this state because total count is 0 < 10
LOG (gmm-est-weights-ebw[5.4.10~1-f629b]:UpdateEbwWeightsDiagGmm():ebw-diag-gmm.cc:223) Not updating weights for this state because total count is 0 < 10
LOG (gmm-est-weights-ebw[5.4.10~1-f629b]:UpdateEbwWeightsDiagGmm():ebw-diag-gmm.cc:223) Not updating weights for this state because total count is 9.15179e-11 < 10
LOG (gmm-est-weights-ebw[5.4.10~1-f629b]:UpdateEbwWeightsDiagGmm():ebw-diag-gmm.cc:223) Not updating weights for this state because total count is 0.29519 < 10
LOG (gmm-est-weights-ebw[5.4.10~1-f629b]:UpdateEbwWeightsDiagGmm():ebw-diag-gmm.cc:223) Not updating weights for this state because total count is 1.99628e-09 < 10
LOG (gmm-est-weights-ebw[5.4.10~1-f629b]:UpdateEbwWeightsDiagGmm():ebw-diag-gmm.cc:223) Not updating weights for this state because total count is 0 < 10
LOG (gmm-est-weights-ebw[5.4.10~1-f629b]:UpdateEbwWeightsDiagGmm():ebw-diag-gmm.cc:223) Not updating weights for this state because total count is 0.0396529 < 10
LOG (gmm-est-weights-ebw[5.4.10~1-f629b]:UpdateEbwWeightsDiagGmm():ebw-diag-gmm.cc:223) Not updating weights for this state because total count is 3.89889e-10 < 10
LOG (gmm-est-weights-ebw[5.4.10~1-f629b]:UpdateEbwWeightsDiagGmm():ebw-diag-gmm.cc:223) Not updating weights for this state because total count is 0.15622 < 10
LOG (gmm-est-weights-ebw[5.4.10~1-f629b]:UpdateEbwWeightsDiagGmm():ebw-diag-gmm.cc:223) Not updating weights for this state because total count is 0 < 10
LOG (gmm-est-weights-ebw[5.4.10~1-f629b]:UpdateEbwWeightsDiagGmm():ebw-diag-gmm.cc:223) Not updating weights for this state because total count is 0 < 10
LOG (gmm-est-weights-ebw[5.4.10~1-f629b]:UpdateEbwWeightsDiagGmm():ebw-diag-gmm.cc:223) Not updating weights for this state because total count is 0 < 10
LOG (gmm-est-weights-ebw[5.4.10~1-f629b]:UpdateEbwWeightsDiagGmm():ebw-diag-gmm.cc:223) Not updating weights for this state because total count is 0 < 10
LOG (gmm-est-weights-ebw[5.4.10~1-f629b]:UpdateEbwWeightsDiagGmm():ebw-diag-gmm.cc:223) Not updating weights for this state because total count is 1.07534e-09 < 10
LOG (gmm-est-weights-ebw[5.4.10~1-f629b]:UpdateEbwWeightsDiagGmm():ebw-diag-gmm.cc:223) Not updating weights for this state because total count is 6.88374e-10 < 10
LOG (gmm-est-weights-ebw[5.4.10~1-f629b]:UpdateEbwWeightsDiagGmm():ebw-diag-gmm.cc:223) Not updating weights for this state because total count is 3.32165e-10 < 10
LOG (gmm-est-weights-ebw[5.4.10~1-f629b]:UpdateEbwWeightsDiagGmm():ebw-diag-gmm.cc:223) Not updating weights for this state because total count is 0.84102 < 10
LOG (gmm-est-weights-ebw[5.4.10~1-f629b]:UpdateEbwWeightsDiagGmm():ebw-diag-gmm.cc:223) Not updating weights for this state because total count is 0 < 10
LOG (gmm-est-weights-ebw[5.4.10~1-f629b]:UpdateEbwWeightsDiagGmm():ebw-diag-gmm.cc:223) Not updating weights for this state because total count is 0 < 10
LOG (gmm-est-weights-ebw[5.4.10~1-f629b]:UpdateEbwWeightsDiagGmm():ebw-diag-gmm.cc:223) Not updating weights for this state because total count is 5.11022e-11 < 10
LOG (gmm-est-weights-ebw[5.4.10~1-f629b]:UpdateEbwWeightsDiagGmm():ebw-diag-gmm.cc:223) Not updating weights for this state because total count is 0 < 10
LOG (gmm-est-weights-ebw[5.4.10~1-f629b]:UpdateEbwWeightsDiagGmm():ebw-diag-gmm.cc:223) Not updating weights for this state because total count is 0 < 10
LOG (gmm-est-weights-ebw[5.4.10~1-f629b]:UpdateEbwWeightsDiagGmm():ebw-diag-gmm.cc:223) Not updating weights for this state because total count is 0 < 10
LOG (gmm-est-weights-ebw[5.4.10~1-f629b]:main():gmm-est-weights-ebw.cc:96) Num count 1.66818, den count 1.66818
LOG (gmm-est-weights-ebw[5.4.10~1-f629b]:main():gmm-est-weights-ebw.cc:98) Overall auxf impr/frame from weight update is 0 over 1.66818 frames.
LOG (gmm-est-weights-ebw[5.4.10~1-f629b]:main():gmm-est-weights-ebw.cc:110) Written model to exp/tri2b_mpe/2.mdl
# Accounting: time=0 threads=1
# Ended (code 0) at Tue Mar 20 10:29:11 +07 2018, elapsed time 0 seconds
