# build-tree --verbose=1 --max-leaves=1800 --cluster-thresh=-1 exp/tri2b/treeacc data/lang/phones/roots.int exp/tri2b/questions.qst data/lang/topo exp/tri2b/tree 
# Started at Sat Mar 31 17:14:43 +07 2018
#
build-tree --verbose=1 --max-leaves=1800 --cluster-thresh=-1 exp/tri2b/treeacc data/lang/phones/roots.int exp/tri2b/questions.qst data/lang/topo exp/tri2b/tree 
LOG (build-tree[5.4.10~1-f629b]:main():build-tree.cc:104) Number of separate statistics is 86
LOG (build-tree[5.4.10~1-f629b]:BuildTree():build-tree.cc:161) BuildTree: before building trees, map has 19 leaves.
LOG (build-tree[5.4.10~1-f629b]:SplitDecisionTree():build-tree-utils.cc:577) DoDecisionTreeSplit: split 31 times, #leaves now 50
LOG (build-tree[5.4.10~1-f629b]:BuildTree():build-tree.cc:187) Setting clustering threshold to smallest split 306.865
VLOG[1] (build-tree[5.4.10~1-f629b]:BuildTree():build-tree.cc:196) After decision tree split, num-leaves = 50, like-impr = 1.80615 per frame over 12858 frames.
VLOG[1] (build-tree[5.4.10~1-f629b]:BuildTree():build-tree.cc:200) Including just phones that were split, improvement is 1.80615 per frame over 12858 frames.
LOG (build-tree[5.4.10~1-f629b]:BuildTree():build-tree.cc:215) BuildTree: removed 4 leaves.
VLOG[1] (build-tree[5.4.10~1-f629b]:ClusterEventMapToNClustersRestrictedByMap():build-tree-utils.cc:916) Number of non-empty clusters in map = 18
VLOG[1] (build-tree[5.4.10~1-f629b]:ClusterEventMapToNClustersRestrictedByMap():build-tree-utils.cc:917) Number of non-empty clusters = 45
LOG (build-tree[5.4.10~1-f629b]:BuildTree():build-tree.cc:231) BuildTree: Rounded num leaves to multiple of 8 by removing 6 leaves.
VLOG[1] (build-tree[5.4.10~1-f629b]:BuildTree():build-tree.cc:256) Objf change due to clustering -0.263625 per frame.
VLOG[1] (build-tree[5.4.10~1-f629b]:BuildTree():build-tree.cc:259) Normalizing over only split phones, this is: -0.263625 per frame.
VLOG[1] (build-tree[5.4.10~1-f629b]:BuildTree():build-tree.cc:262) Num-leaves is now 40
VLOG[1] (build-tree[5.4.10~1-f629b]:main():build-tree.cc:143) For pdf-id 1, low count 0
VLOG[1] (build-tree[5.4.10~1-f629b]:main():build-tree.cc:143) For pdf-id 2, low count 48
VLOG[1] (build-tree[5.4.10~1-f629b]:main():build-tree.cc:143) For pdf-id 5, low count 93
VLOG[1] (build-tree[5.4.10~1-f629b]:main():build-tree.cc:143) For pdf-id 8, low count 43
VLOG[1] (build-tree[5.4.10~1-f629b]:main():build-tree.cc:143) For pdf-id 9, low count 63
VLOG[1] (build-tree[5.4.10~1-f629b]:main():build-tree.cc:143) For pdf-id 10, low count 48
VLOG[1] (build-tree[5.4.10~1-f629b]:main():build-tree.cc:143) For pdf-id 12, low count 38
VLOG[1] (build-tree[5.4.10~1-f629b]:main():build-tree.cc:143) For pdf-id 15, low count 68
VLOG[1] (build-tree[5.4.10~1-f629b]:main():build-tree.cc:143) For pdf-id 17, low count 54
VLOG[1] (build-tree[5.4.10~1-f629b]:main():build-tree.cc:143) For pdf-id 18, low count 63
VLOG[1] (build-tree[5.4.10~1-f629b]:main():build-tree.cc:143) For pdf-id 24, low count 46
VLOG[1] (build-tree[5.4.10~1-f629b]:main():build-tree.cc:143) For pdf-id 25, low count 73
VLOG[1] (build-tree[5.4.10~1-f629b]:main():build-tree.cc:143) For pdf-id 26, low count 54
VLOG[1] (build-tree[5.4.10~1-f629b]:main():build-tree.cc:143) For pdf-id 29, low count 87
VLOG[1] (build-tree[5.4.10~1-f629b]:main():build-tree.cc:143) For pdf-id 30, low count 62
VLOG[1] (build-tree[5.4.10~1-f629b]:main():build-tree.cc:143) For pdf-id 31, low count 65
VLOG[1] (build-tree[5.4.10~1-f629b]:main():build-tree.cc:143) For pdf-id 32, low count 75
VLOG[1] (build-tree[5.4.10~1-f629b]:main():build-tree.cc:143) For pdf-id 35, low count 99
VLOG[1] (build-tree[5.4.10~1-f629b]:main():build-tree.cc:143) For pdf-id 36, low count 74
WARNING (build-tree[5.4.10~1-f629b]:main():build-tree.cc:185) Saw no stats for following phones: 2 3 4 5 6 7 8 9 10 11 14 15 16 18 19 20 22 23 24 26 28 29 30 32 33 34 36 37 38 39 41 42 43 44 46 49 50 53 54 55 56 58 59 60 62 64 65 66 69 70 71 73 74 75 77 78 
LOG (build-tree[5.4.10~1-f629b]:main():build-tree.cc:189) Wrote tree
# Accounting: time=1 threads=1
# Ended (code 0) at Sat Mar 31 17:14:44 +07 2018, elapsed time 1 seconds
