gmm-init-model --write-occs=exp/tri2b/1.occs exp/tri2b/tree exp/tri2b/treeacc data/lang/topo exp/tri2b/1.mdl 
LOG (gmm-init-model[5.4.10~1-f629b]:main():gmm-init-model.cc:271) Number of separate statistics is 86
WARNING (gmm-init-model[5.4.10~1-f629b]:InitAmGmm():gmm-init-model.cc:55) Tree has pdf-id 1 with no stats; corresponding phone list: 6 7 8 9 10 
WARNING (gmm-init-model[5.4.10~1-f629b]:InitAmGmm():gmm-init-model.cc:83) Very small count for state 3: 46; corresponding phone list: 15 16 17 18 
WARNING (gmm-init-model[5.4.10~1-f629b]:InitAmGmm():gmm-init-model.cc:83) Very small count for state 4: 56; corresponding phone list: 19 20 21 22 
WARNING (gmm-init-model[5.4.10~1-f629b]:InitAmGmm():gmm-init-model.cc:83) Very small count for state 5: 60; corresponding phone list: 23 24 25 26 
WARNING (gmm-init-model[5.4.10~1-f629b]:InitAmGmm():gmm-init-model.cc:83) Very small count for state 6: 85; corresponding phone list: 27 28 29 30 
WARNING (gmm-init-model[5.4.10~1-f629b]:InitAmGmm():gmm-init-model.cc:83) Very small count for state 8: 73; corresponding phone list: 35 36 37 38 
WARNING (gmm-init-model[5.4.10~1-f629b]:InitAmGmm():gmm-init-model.cc:83) Very small count for state 9: 98; corresponding phone list: 39 40 41 42 
WARNING (gmm-init-model[5.4.10~1-f629b]:InitAmGmm():gmm-init-model.cc:83) Very small count for state 10: 37; corresponding phone list: 43 44 45 46 
WARNING (gmm-init-model[5.4.10~1-f629b]:InitAmGmm():gmm-init-model.cc:83) Very small count for state 11: 37; corresponding phone list: 47 48 49 50 
WARNING (gmm-init-model[5.4.10~1-f629b]:InitAmGmm():gmm-init-model.cc:83) Very small count for state 12: 19; corresponding phone list: 51 52 53 54 
WARNING (gmm-init-model[5.4.10~1-f629b]:InitAmGmm():gmm-init-model.cc:83) Very small count for state 13: 94; corresponding phone list: 55 56 57 58 
WARNING (gmm-init-model[5.4.10~1-f629b]:InitAmGmm():gmm-init-model.cc:83) Very small count for state 15: 86; corresponding phone list: 63 64 65 66 
WARNING (gmm-init-model[5.4.10~1-f629b]:InitAmGmm():gmm-init-model.cc:83) Very small count for state 17: 25; corresponding phone list: 71 72 73 74 
WARNING (gmm-init-model[5.4.10~1-f629b]:InitAmGmm():gmm-init-model.cc:83) Very small count for state 19: 40; corresponding phone list: 11 12 13 14 
WARNING (gmm-init-model[5.4.10~1-f629b]:InitAmGmm():gmm-init-model.cc:83) Very small count for state 22: 55; corresponding phone list: 39 40 41 42 
WARNING (gmm-init-model[5.4.10~1-f629b]:InitAmGmm():gmm-init-model.cc:83) Very small count for state 26: 55; corresponding phone list: 19 20 21 22 
WARNING (gmm-init-model[5.4.10~1-f629b]:InitAmGmm():gmm-init-model.cc:83) Very small count for state 28: 52; corresponding phone list: 19 20 21 22 
WARNING (gmm-init-model[5.4.10~1-f629b]:InitAmGmm():gmm-init-model.cc:83) Very small count for state 31: 39; corresponding phone list: 55 56 57 58 
WARNING (gmm-init-model[5.4.10~1-f629b]:InitAmGmm():gmm-init-model.cc:83) Very small count for state 32: 55; corresponding phone list: 23 24 25 26 
WARNING (gmm-init-model[5.4.10~1-f629b]:InitAmGmm():gmm-init-model.cc:83) Very small count for state 34: 54; corresponding phone list: 11 12 13 14 
WARNING (gmm-init-model[5.4.10~1-f629b]:InitAmGmm():gmm-init-model.cc:83) Very small count for state 35: 34; corresponding phone list: 51 52 53 54 
WARNING (gmm-init-model[5.4.10~1-f629b]:InitAmGmm():gmm-init-model.cc:83) Very small count for state 36: 70; corresponding phone list: 47 48 49 50 
WARNING (gmm-init-model[5.4.10~1-f629b]:InitAmGmm():gmm-init-model.cc:83) Very small count for state 37: 49; corresponding phone list: 19 20 21 22 
WARNING (gmm-init-model[5.4.10~1-f629b]:InitAmGmm():gmm-init-model.cc:83) Very small count for state 38: 46; corresponding phone list: 39 40 41 42 
WARNING (gmm-init-model[5.4.10~1-f629b]:InitAmGmm():gmm-init-model.cc:83) Very small count for state 39: 16; corresponding phone list: 19 20 21 22 
LOG (gmm-init-model[5.4.10~1-f629b]:main():gmm-init-model.cc:306) Wrote model.
