# ali-to-post "ark:gunzip -c exp/tri2b/ali.1.gz|" ark:- | weight-silence-post 0.0 1:2:3:4:5:6:7:8:9:10 exp/tri2b/4.mdl ark:- ark:- | gmm-acc-mllt --rand-prune=4.0 exp/tri2b/4.mdl "ark,s,cs:apply-cmvn  --utt2spk=ark:data/train/split1/1/utt2spk scp:data/train/split1/1/cmvn.scp scp:data/train/split1/1/feats.scp ark:- | splice-feats  ark:- ark:- | transform-feats exp/tri2b/2.mat ark:- ark:- |" ark:- exp/tri2b/4.1.macc 
# Started at Tue Mar 20 10:28:18 +07 2018
#
weight-silence-post 0.0 1:2:3:4:5:6:7:8:9:10 exp/tri2b/4.mdl ark:- ark:- 
ali-to-post 'ark:gunzip -c exp/tri2b/ali.1.gz|' ark:- 
gmm-acc-mllt --rand-prune=4.0 exp/tri2b/4.mdl 'ark,s,cs:apply-cmvn  --utt2spk=ark:data/train/split1/1/utt2spk scp:data/train/split1/1/cmvn.scp scp:data/train/split1/1/feats.scp ark:- | splice-feats  ark:- ark:- | transform-feats exp/tri2b/2.mat ark:- ark:- |' ark:- exp/tri2b/4.1.macc 
transform-feats exp/tri2b/2.mat ark:- ark:- 
splice-feats ark:- ark:- 
apply-cmvn --utt2spk=ark:data/train/split1/1/utt2spk scp:data/train/split1/1/cmvn.scp scp:data/train/split1/1/feats.scp ark:- 
LOG (ali-to-post[5.4.10~1-f629b]:main():ali-to-post.cc:73) Converted 36 alignments.
LOG (gmm-acc-mllt[5.4.10~1-f629b]:main():gmm-acc-mllt.cc:108) Average like for this file is -59.7239 over 135 frames.
LOG (gmm-acc-mllt[5.4.10~1-f629b]:main():gmm-acc-mllt.cc:108) Average like for this file is -74.8404 over 66 frames.
LOG (gmm-acc-mllt[5.4.10~1-f629b]:main():gmm-acc-mllt.cc:108) Average like for this file is -72.7047 over 56 frames.
LOG (gmm-acc-mllt[5.4.10~1-f629b]:main():gmm-acc-mllt.cc:108) Average like for this file is -73.8401 over 47 frames.
LOG (gmm-acc-mllt[5.4.10~1-f629b]:main():gmm-acc-mllt.cc:108) Average like for this file is -67.3455 over 41 frames.
LOG (gmm-acc-mllt[5.4.10~1-f629b]:main():gmm-acc-mllt.cc:108) Average like for this file is -75.9112 over 57 frames.
LOG (gmm-acc-mllt[5.4.10~1-f629b]:main():gmm-acc-mllt.cc:108) Average like for this file is -65.692 over 100 frames.
LOG (gmm-acc-mllt[5.4.10~1-f629b]:main():gmm-acc-mllt.cc:108) Average like for this file is -68.706 over 51 frames.
LOG (gmm-acc-mllt[5.4.10~1-f629b]:main():gmm-acc-mllt.cc:108) Average like for this file is -74.275 over 44 frames.
LOG (gmm-acc-mllt[5.4.10~1-f629b]:main():gmm-acc-mllt.cc:108) Average like for this file is -56.0878 over 126 frames.
LOG (gmm-acc-mllt[5.4.10~1-f629b]:main():gmm-acc-mllt.cc:114) Avg like per frame so far is -66.4462
LOG (gmm-acc-mllt[5.4.10~1-f629b]:main():gmm-acc-mllt.cc:108) Average like for this file is -57.7702 over 138 frames.
LOG (gmm-acc-mllt[5.4.10~1-f629b]:main():gmm-acc-mllt.cc:108) Average like for this file is -64.5815 over 57 frames.
LOG (gmm-acc-mllt[5.4.10~1-f629b]:main():gmm-acc-mllt.cc:108) Average like for this file is -58.6412 over 95 frames.
LOG (gmm-acc-mllt[5.4.10~1-f629b]:main():gmm-acc-mllt.cc:108) Average like for this file is -58.3529 over 49 frames.
LOG (gmm-acc-mllt[5.4.10~1-f629b]:main():gmm-acc-mllt.cc:108) Average like for this file is -54.0695 over 137 frames.
LOG (gmm-acc-mllt[5.4.10~1-f629b]:main():gmm-acc-mllt.cc:108) Average like for this file is -58.6601 over 79 frames.
LOG (weight-silence-post[5.4.10~1-f629b]:main():weight-silence-post.cc:95) Done 36 posteriors.
LOG (gmm-acc-mllt[5.4.10~1-f629b]:main():gmm-acc-mllt.cc:108) Average like for this file is -57.7549 over 73 frames.
LOG (gmm-acc-mllt[5.4.10~1-f629b]:main():gmm-acc-mllt.cc:108) Average like for this file is -63.8692 over 84 frames.
LOG (gmm-acc-mllt[5.4.10~1-f629b]:main():gmm-acc-mllt.cc:108) Average like for this file is -55.9405 over 126 frames.
LOG (gmm-acc-mllt[5.4.10~1-f629b]:main():gmm-acc-mllt.cc:108) Average like for this file is -57.7182 over 138 frames.
LOG (gmm-acc-mllt[5.4.10~1-f629b]:main():gmm-acc-mllt.cc:114) Avg like per frame so far is -61.6602
LOG (gmm-acc-mllt[5.4.10~1-f629b]:main():gmm-acc-mllt.cc:108) Average like for this file is -64.574 over 57 frames.
LOG (gmm-acc-mllt[5.4.10~1-f629b]:main():gmm-acc-mllt.cc:108) Average like for this file is -58.5671 over 95 frames.
LOG (gmm-acc-mllt[5.4.10~1-f629b]:main():gmm-acc-mllt.cc:108) Average like for this file is -58.3325 over 49 frames.
LOG (gmm-acc-mllt[5.4.10~1-f629b]:main():gmm-acc-mllt.cc:108) Average like for this file is -53.9537 over 137 frames.
LOG (gmm-acc-mllt[5.4.10~1-f629b]:main():gmm-acc-mllt.cc:108) Average like for this file is -58.3351 over 79 frames.
LOG (gmm-acc-mllt[5.4.10~1-f629b]:main():gmm-acc-mllt.cc:108) Average like for this file is -57.5013 over 73 frames.
LOG (gmm-acc-mllt[5.4.10~1-f629b]:main():gmm-acc-mllt.cc:108) Average like for this file is -63.8631 over 84 frames.
LOG (apply-cmvn[5.4.10~1-f629b]:main():apply-cmvn.cc:162) Applied cepstral mean normalization to 36 utterances, errors on 0
LOG (gmm-acc-mllt[5.4.10~1-f629b]:main():gmm-acc-mllt.cc:108) Average like for this file is -55.8464 over 126 frames.
LOG (gmm-acc-mllt[5.4.10~1-f629b]:main():gmm-acc-mllt.cc:108) Average like for this file is -57.7829 over 138 frames.
LOG (gmm-acc-mllt[5.4.10~1-f629b]:main():gmm-acc-mllt.cc:108) Average like for this file is -64.496 over 57 frames.
LOG (gmm-acc-mllt[5.4.10~1-f629b]:main():gmm-acc-mllt.cc:114) Avg like per frame so far is -60.5677
LOG (gmm-acc-mllt[5.4.10~1-f629b]:main():gmm-acc-mllt.cc:108) Average like for this file is -58.5836 over 95 frames.
LOG (gmm-acc-mllt[5.4.10~1-f629b]:main():gmm-acc-mllt.cc:108) Average like for this file is -58.2853 over 49 frames.
LOG (gmm-acc-mllt[5.4.10~1-f629b]:main():gmm-acc-mllt.cc:108) Average like for this file is -53.7646 over 137 frames.
LOG (gmm-acc-mllt[5.4.10~1-f629b]:main():gmm-acc-mllt.cc:108) Average like for this file is -58.3874 over 79 frames.
LOG (transform-feats[5.4.10~1-f629b]:main():transform-feats.cc:158) Overall average [pseudo-]logdet is -54.7902 over 8610 frames.
LOG (transform-feats[5.4.10~1-f629b]:main():transform-feats.cc:161) Applied transform to 36 utterances; 0 had errors.
LOG (gmm-acc-mllt[5.4.10~1-f629b]:main():gmm-acc-mllt.cc:108) Average like for this file is -57.4215 over 73 frames.
LOG (gmm-acc-mllt[5.4.10~1-f629b]:main():gmm-acc-mllt.cc:108) Average like for this file is -63.8139 over 84 frames.
LOG (gmm-acc-mllt[5.4.10~1-f629b]:main():gmm-acc-mllt.cc:119) Done 36 files, 0 with no posteriors, 0 with other errors.
LOG (gmm-acc-mllt[5.4.10~1-f629b]:main():gmm-acc-mllt.cc:123) Overall avg like per frame (Gaussian only) = -60.1301 over 3111 frames.
LOG (gmm-acc-mllt[5.4.10~1-f629b]:main():gmm-acc-mllt.cc:127) Written accs.
# Accounting: time=0 threads=1
# Ended (code 0) at Tue Mar 20 10:28:18 +07 2018, elapsed time 0 seconds
