# ali-to-post "ark:gunzip -c exp/tri2b/ali.1.gz|" ark:- | weight-silence-post 0.0 1:2:3:4:5:6:7:8:9:10 exp/tri2b/6.mdl ark:- ark:- | gmm-acc-mllt --rand-prune=4.0 exp/tri2b/6.mdl "ark,s,cs:apply-cmvn  --utt2spk=ark:data/train/split1/1/utt2spk scp:data/train/split1/1/cmvn.scp scp:data/train/split1/1/feats.scp ark:- | splice-feats  ark:- ark:- | transform-feats exp/tri2b/4.mat ark:- ark:- |" ark:- exp/tri2b/6.1.macc 
# Started at Wed Mar 14 09:17:49 +07 2018
#
ali-to-post 'ark:gunzip -c exp/tri2b/ali.1.gz|' ark:- 
weight-silence-post 0.0 1:2:3:4:5:6:7:8:9:10 exp/tri2b/6.mdl ark:- ark:- 
gmm-acc-mllt --rand-prune=4.0 exp/tri2b/6.mdl 'ark,s,cs:apply-cmvn  --utt2spk=ark:data/train/split1/1/utt2spk scp:data/train/split1/1/cmvn.scp scp:data/train/split1/1/feats.scp ark:- | splice-feats  ark:- ark:- | transform-feats exp/tri2b/4.mat ark:- ark:- |' ark:- exp/tri2b/6.1.macc 
transform-feats exp/tri2b/4.mat ark:- ark:- 
apply-cmvn --utt2spk=ark:data/train/split1/1/utt2spk scp:data/train/split1/1/cmvn.scp scp:data/train/split1/1/feats.scp ark:- 
splice-feats ark:- ark:- 
LOG (ali-to-post[5.4.10~1-f629b]:main():ali-to-post.cc:73) Converted 36 alignments.
LOG (gmm-acc-mllt[5.4.10~1-f629b]:main():gmm-acc-mllt.cc:108) Average like for this file is -60.1943 over 114 frames.
LOG (gmm-acc-mllt[5.4.10~1-f629b]:main():gmm-acc-mllt.cc:108) Average like for this file is -67.4374 over 60 frames.
LOG (weight-silence-post[5.4.10~1-f629b]:main():weight-silence-post.cc:95) Done 36 posteriors.
LOG (gmm-acc-mllt[5.4.10~1-f629b]:main():gmm-acc-mllt.cc:108) Average like for this file is -63.4858 over 144 frames.
LOG (gmm-acc-mllt[5.4.10~1-f629b]:main():gmm-acc-mllt.cc:108) Average like for this file is -72.8067 over 43 frames.
LOG (gmm-acc-mllt[5.4.10~1-f629b]:main():gmm-acc-mllt.cc:108) Average like for this file is -67.5318 over 43 frames.
LOG (gmm-acc-mllt[5.4.10~1-f629b]:main():gmm-acc-mllt.cc:108) Average like for this file is -68.2491 over 76 frames.
LOG (gmm-acc-mllt[5.4.10~1-f629b]:main():gmm-acc-mllt.cc:108) Average like for this file is -64.4376 over 96 frames.
LOG (gmm-acc-mllt[5.4.10~1-f629b]:main():gmm-acc-mllt.cc:108) Average like for this file is -73.2991 over 53 frames.
LOG (gmm-acc-mllt[5.4.10~1-f629b]:main():gmm-acc-mllt.cc:108) Average like for this file is -60.8846 over 123 frames.
LOG (gmm-acc-mllt[5.4.10~1-f629b]:main():gmm-acc-mllt.cc:108) Average like for this file is -69.1494 over 51 frames.
LOG (gmm-acc-mllt[5.4.10~1-f629b]:main():gmm-acc-mllt.cc:114) Avg like per frame so far is -65.2031
LOG (gmm-acc-mllt[5.4.10~1-f629b]:main():gmm-acc-mllt.cc:108) Average like for this file is -66.2641 over 129 frames.
LOG (gmm-acc-mllt[5.4.10~1-f629b]:main():gmm-acc-mllt.cc:108) Average like for this file is -70.5625 over 42 frames.
LOG (gmm-acc-mllt[5.4.10~1-f629b]:main():gmm-acc-mllt.cc:108) Average like for this file is -70.432 over 42 frames.
LOG (gmm-acc-mllt[5.4.10~1-f629b]:main():gmm-acc-mllt.cc:108) Average like for this file is -69.9505 over 49 frames.
LOG (gmm-acc-mllt[5.4.10~1-f629b]:main():gmm-acc-mllt.cc:108) Average like for this file is -69.9152 over 67 frames.
LOG (gmm-acc-mllt[5.4.10~1-f629b]:main():gmm-acc-mllt.cc:108) Average like for this file is -61.1739 over 150 frames.
LOG (gmm-acc-mllt[5.4.10~1-f629b]:main():gmm-acc-mllt.cc:108) Average like for this file is -66.2802 over 71 frames.
LOG (apply-cmvn[5.4.10~1-f629b]:main():apply-cmvn.cc:162) Applied cepstral mean normalization to 36 utterances, errors on 0
LOG (gmm-acc-mllt[5.4.10~1-f629b]:main():gmm-acc-mllt.cc:108) Average like for this file is -70.6363 over 83 frames.
LOG (gmm-acc-mllt[5.4.10~1-f629b]:main():gmm-acc-mllt.cc:108) Average like for this file is -63.3056 over 58 frames.
LOG (gmm-acc-mllt[5.4.10~1-f629b]:main():gmm-acc-mllt.cc:108) Average like for this file is -60.337 over 99 frames.
LOG (gmm-acc-mllt[5.4.10~1-f629b]:main():gmm-acc-mllt.cc:114) Avg like per frame so far is -65.4926
LOG (gmm-acc-mllt[5.4.10~1-f629b]:main():gmm-acc-mllt.cc:108) Average like for this file is -63.8371 over 47 frames.
LOG (gmm-acc-mllt[5.4.10~1-f629b]:main():gmm-acc-mllt.cc:108) Average like for this file is -64.9208 over 54 frames.
LOG (gmm-acc-mllt[5.4.10~1-f629b]:main():gmm-acc-mllt.cc:108) Average like for this file is -61.2051 over 46 frames.
LOG (gmm-acc-mllt[5.4.10~1-f629b]:main():gmm-acc-mllt.cc:108) Average like for this file is -57.4834 over 88 frames.
LOG (gmm-acc-mllt[5.4.10~1-f629b]:main():gmm-acc-mllt.cc:108) Average like for this file is -57.1619 over 94 frames.
LOG (gmm-acc-mllt[5.4.10~1-f629b]:main():gmm-acc-mllt.cc:108) Average like for this file is -62.7218 over 59 frames.
LOG (gmm-acc-mllt[5.4.10~1-f629b]:main():gmm-acc-mllt.cc:108) Average like for this file is -59.3335 over 67 frames.
LOG (gmm-acc-mllt[5.4.10~1-f629b]:main():gmm-acc-mllt.cc:108) Average like for this file is -62.918 over 58 frames.
LOG (gmm-acc-mllt[5.4.10~1-f629b]:main():gmm-acc-mllt.cc:108) Average like for this file is -60.4034 over 99 frames.
LOG (gmm-acc-mllt[5.4.10~1-f629b]:main():gmm-acc-mllt.cc:108) Average like for this file is -64.015 over 47 frames.
LOG (gmm-acc-mllt[5.4.10~1-f629b]:main():gmm-acc-mllt.cc:114) Avg like per frame so far is -64.1194
LOG (gmm-acc-mllt[5.4.10~1-f629b]:main():gmm-acc-mllt.cc:108) Average like for this file is -64.9858 over 54 frames.
LOG (gmm-acc-mllt[5.4.10~1-f629b]:main():gmm-acc-mllt.cc:108) Average like for this file is -61.071 over 46 frames.
LOG (transform-feats[5.4.10~1-f629b]:main():transform-feats.cc:158) Overall average [pseudo-]logdet is -50.2202 over 6060 frames.
LOG (transform-feats[5.4.10~1-f629b]:main():transform-feats.cc:161) Applied transform to 36 utterances; 0 had errors.
LOG (gmm-acc-mllt[5.4.10~1-f629b]:main():gmm-acc-mllt.cc:108) Average like for this file is -57.4695 over 88 frames.
LOG (gmm-acc-mllt[5.4.10~1-f629b]:main():gmm-acc-mllt.cc:108) Average like for this file is -57.1158 over 94 frames.
LOG (gmm-acc-mllt[5.4.10~1-f629b]:main():gmm-acc-mllt.cc:108) Average like for this file is -62.7454 over 59 frames.
LOG (gmm-acc-mllt[5.4.10~1-f629b]:main():gmm-acc-mllt.cc:108) Average like for this file is -59.3901 over 67 frames.
LOG (gmm-acc-mllt[5.4.10~1-f629b]:main():gmm-acc-mllt.cc:119) Done 36 files, 0 with no posteriors, 0 with other errors.
LOG (gmm-acc-mllt[5.4.10~1-f629b]:main():gmm-acc-mllt.cc:123) Overall avg like per frame (Gaussian only) = -63.4671 over 2660 frames.
LOG (gmm-acc-mllt[5.4.10~1-f629b]:main():gmm-acc-mllt.cc:127) Written accs.
# Accounting: time=1 threads=1
# Ended (code 0) at Wed Mar 14 09:17:50 +07 2018, elapsed time 1 seconds
