# gmm-est --write-occs=exp/tri2b/11.occs --mix-up=4392 --power=0.25 exp/tri2b/10.mdl "gmm-sum-accs - exp/tri2b/10.*.acc |" exp/tri2b/11.mdl 
# Started at Sat Mar 31 17:15:02 +07 2018
#
gmm-est --write-occs=exp/tri2b/11.occs --mix-up=4392 --power=0.25 exp/tri2b/10.mdl 'gmm-sum-accs - exp/tri2b/10.*.acc |' exp/tri2b/11.mdl 
gmm-sum-accs - exp/tri2b/10.1.acc 
LOG (gmm-sum-accs[5.4.10~1-f629b]:main():gmm-sum-accs.cc:63) Summed 1 stats, total count 12858, avg like/frame -63.4411
LOG (gmm-sum-accs[5.4.10~1-f629b]:main():gmm-sum-accs.cc:66) Total count of stats is 12858
LOG (gmm-sum-accs[5.4.10~1-f629b]:main():gmm-sum-accs.cc:67) Written stats to -
LOG (gmm-est[5.4.10~1-f629b]:MleUpdate():transition-model.cc:517) TransitionModel::Update, objf change is 0.0126521 per frame over 12858 frames. 
LOG (gmm-est[5.4.10~1-f629b]:MleUpdate():transition-model.cc:520) 38 probabilities floored, 229 out of 302 transition-states skipped due to insuffient data (it is normal to have some skipped.)
LOG (gmm-est[5.4.10~1-f629b]:main():gmm-est.cc:102) Transition model update: Overall 0.0126521 log-like improvement per frame over 12858 frames.
WARNING (gmm-est[5.4.10~1-f629b]:MleDiagGmmUpdate():mle-diag-gmm.cc:359) Too little data - removing Gaussian (weight 0.002971, occupation count 9.203786, vector size 40)
WARNING (gmm-est[5.4.10~1-f629b]:MleDiagGmmUpdate():mle-diag-gmm.cc:359) Too little data - removing Gaussian (weight 0.003145, occupation count 9.743265, vector size 40)
WARNING (gmm-est[5.4.10~1-f629b]:MleDiagGmmUpdate():mle-diag-gmm.cc:359) Too little data - removing Gaussian (weight 0.003106, occupation count 9.621398, vector size 40)
WARNING (gmm-est[5.4.10~1-f629b]:MleDiagGmmUpdate():mle-diag-gmm.cc:359) Too little data - removing Gaussian (weight 0.002911, occupation count 9.019664, vector size 40)
WARNING (gmm-est[5.4.10~1-f629b]:MleDiagGmmUpdate():mle-diag-gmm.cc:359) Too little data - removing Gaussian (weight 0.003033, occupation count 9.395096, vector size 40)
WARNING (gmm-est[5.4.10~1-f629b]:MleDiagGmmUpdate():mle-diag-gmm.cc:359) Too little data - removing Gaussian (weight 0.002840, occupation count 8.798704, vector size 40)
WARNING (gmm-est[5.4.10~1-f629b]:MleDiagGmmUpdate():mle-diag-gmm.cc:365) Gaussian has too little data but not removing it because it is the last Gaussian: i = 0, occ = 0, weight = 1
WARNING (gmm-est[5.4.10~1-f629b]:MleDiagGmmUpdate():mle-diag-gmm.cc:359) Too little data - removing Gaussian (weight 0.001868, occupation count 8.817100, vector size 40)
WARNING (gmm-est[5.4.10~1-f629b]:MleDiagGmmUpdate():mle-diag-gmm.cc:359) Too little data - removing Gaussian (weight 0.002115, occupation count 9.980776, vector size 40)
WARNING (gmm-est[5.4.10~1-f629b]:MleDiagGmmUpdate():mle-diag-gmm.cc:359) Too little data - removing Gaussian (weight 0.002063, occupation count 9.736815, vector size 40)
WARNING (gmm-est[5.4.10~1-f629b]:MleDiagGmmUpdate():mle-diag-gmm.cc:359) Too little data - removing Gaussian (weight 0.001904, occupation count 8.985785, vector size 40)
WARNING (gmm-est[5.4.10~1-f629b]:MleDiagGmmUpdate():mle-diag-gmm.cc:359) Too little data - removing Gaussian (weight 0.002056, occupation count 9.703444, vector size 40)
WARNING (gmm-est[5.4.10~1-f629b]:MleDiagGmmUpdate():mle-diag-gmm.cc:359) Too little data - removing Gaussian (weight 0.010045, occupation count 8.026220, vector size 40)
LOG (gmm-est[5.4.10~1-f629b]:MleAmDiagGmmUpdate():mle-am-diag-gmm.cc:225) 0 variance elements floored in 0 Gaussians, out of 613
LOG (gmm-est[5.4.10~1-f629b]:MleAmDiagGmmUpdate():mle-am-diag-gmm.cc:229) Removed 12 Gaussians due to counts < --min-gaussian-occupancy=10 and --remove-low-count-gaussians=true
LOG (gmm-est[5.4.10~1-f629b]:main():gmm-est.cc:113) GMM update: Overall 0.359273 objective function improvement per frame over 12858 frames
LOG (gmm-est[5.4.10~1-f629b]:main():gmm-est.cc:116) GMM update: Overall avg like per frame = -63.4411 over 12858 frames.
WARNING (gmm-est[5.4.10~1-f629b]:GetSplitTargets():model-common.cc:134) Could not split up to 4392 due to min-count = 20 (or no counts at all)
LOG (gmm-est[5.4.10~1-f629b]:SplitByCount():am-diag-gmm.cc:116) Split 40 states with target = 4392, power = 0.25, perturb_factor = 0.01 and min_count = 20, split #Gauss from 613 to 630
LOG (gmm-est[5.4.10~1-f629b]:main():gmm-est.cc:146) Written model to exp/tri2b/11.mdl
# Accounting: time=0 threads=1
# Ended (code 0) at Sat Mar 31 17:15:02 +07 2018, elapsed time 0 seconds
