# lattice-scale --inv-acoustic-scale=8 "ark:gunzip -c exp/tri2a/decode/lat.*.gz|" ark:- | lattice-add-penalty --word-ins-penalty=0.5 ark:- ark:- | lattice-best-path --word-symbol-table=exp/tri2a/graph/words.txt ark:- ark,t:- | utils/int2sym.pl -f 2- exp/tri2a/graph/words.txt | local/wer_hyp_filter > exp/tri2a/decode/scoring_kaldi/penalty_0.5/8.txt 
# Started at Wed Apr 11 11:31:18 +07 2018
#
lattice-best-path --word-symbol-table=exp/tri2a/graph/words.txt ark:- ark,t:- 
lattice-add-penalty --word-ins-penalty=0.5 ark:- ark:- 
lattice-scale --inv-acoustic-scale=8 'ark:gunzip -c exp/tri2a/decode/lat.*.gz|' ark:- 
LOG (lattice-best-path[5.4.10~1-f629b]:main():lattice-best-path.cc:99) For utterance phase1-Ky-1, best cost 24.1763 + 795.575 = 819.751 over 251 frames.
phase1-Ky-1 mo86t 
LOG (lattice-best-path[5.4.10~1-f629b]:main():lattice-best-path.cc:99) For utterance phase1-Ky-2, best cost 21.1725 + 793.819 = 814.992 over 254 frames.
phase1-Ky-2 hai <UNK> 
LOG (lattice-best-path[5.4.10~1-f629b]:main():lattice-best-path.cc:99) For utterance phase1-Ky-3, best cost 18.3893 + 616.606 = 634.995 over 224 frames.
phase1-Ky-3 ba 
LOG (lattice-best-path[5.4.10~1-f629b]:main():lattice-best-path.cc:99) For utterance phase1-Ky-4, best cost 14.5768 + 805.604 = 820.181 over 261 frames.
phase1-Ky-4 mo86t 
LOG (lattice-best-path[5.4.10~1-f629b]:main():lattice-best-path.cc:99) For utterance phase1-Ky-5, best cost 23.7839 + 688.607 = 712.391 over 231 frames.
phase1-Ky-5 ba <UNK> 
LOG (lattice-best-path[5.4.10~1-f629b]:main():lattice-best-path.cc:99) For utterance phase1-Ky-6, best cost 20.2282 + 733.729 = 753.957 over 203 frames.
phase1-Ky-6 hai <UNK> 
LOG (lattice-best-path[5.4.10~1-f629b]:main():lattice-best-path.cc:99) For utterance phase1-Ky-7, best cost 15.0926 + 743.195 = 758.288 over 235 frames.
phase1-Ky-7 hai 
LOG (lattice-best-path[5.4.10~1-f629b]:main():lattice-best-path.cc:99) For utterance phase1-Ky-8, best cost 19.2771 + 779.056 = 798.333 over 251 frames.
phase1-Ky-8 mo86t <UNK> 
LOG (lattice-best-path[5.4.10~1-f629b]:main():lattice-best-path.cc:99) For utterance phase1-Ky-9, best cost 17.0189 + 759.713 = 776.731 over 258 frames.
phase1-Ky-9 ba 
LOG (lattice-best-path[5.4.10~1-f629b]:main():lattice-best-path.cc:99) For utterance phase10-Ky-1, best cost 15.3683 + 746.638 = 762.006 over 251 frames.
phase10-Ky-1 sa5u 
LOG (lattice-best-path[5.4.10~1-f629b]:main():lattice-best-path.cc:99) For utterance phase10-Ky-2, best cost 20.7014 + 732.101 = 752.802 over 238 frames.
phase10-Ky-2 ba4y 
LOG (lattice-best-path[5.4.10~1-f629b]:main():lattice-best-path.cc:99) For utterance phase10-Ky-3, best cost 15.2366 + 826.484 = 841.72 over 275 frames.
phase10-Ky-3 chi5n 
LOG (lattice-best-path[5.4.10~1-f629b]:main():lattice-best-path.cc:99) For utterance phase10-Ky-4, best cost 15.8616 + 730.04 = 745.902 over 251 frames.
phase10-Ky-4 na7m 
LOG (lattice-best-path[5.4.10~1-f629b]:main():lattice-best-path.cc:99) For utterance phase10-Ky-5, best cost 14.8095 + 649.296 = 664.105 over 221 frames.
phase10-Ky-5 chi5n 
LOG (lattice-best-path[5.4.10~1-f629b]:main():lattice-best-path.cc:99) For utterance phase10-Ky-6, best cost 18.8069 + 797.35 = 816.157 over 238 frames.
phase10-Ky-6 na7m 
LOG (lattice-best-path[5.4.10~1-f629b]:main():lattice-best-path.cc:99) For utterance phase10-Ky-7, best cost 18.691 + 749.366 = 768.057 over 261 frames.
phase10-Ky-7 chi5n 
LOG (lattice-best-path[5.4.10~1-f629b]:main():lattice-best-path.cc:99) For utterance phase10-Ky-8, best cost 26.2809 + 947.362 = 973.643 over 275 frames.
phase10-Ky-8 sa5u <UNK> 
LOG (lattice-best-path[5.4.10~1-f629b]:main():lattice-best-path.cc:99) For utterance phase10-Ky-9, best cost 23.1859 + 753.606 = 776.792 over 254 frames.
phase10-Ky-9 ba4y <UNK> 
LOG (lattice-best-path[5.4.10~1-f629b]:main():lattice-best-path.cc:99) For utterance phase11-Ky-1, best cost 24.0538 + 1082.63 = 1106.68 over 280 frames.
phase11-Ky-1 <UNK> mo86t <UNK> 
LOG (lattice-best-path[5.4.10~1-f629b]:main():lattice-best-path.cc:99) For utterance phase11-Ky-2, best cost 25.3214 + 1338.16 = 1363.48 over 348 frames.
phase11-Ky-2 <UNK> hai <UNK> 
LOG (lattice-best-path[5.4.10~1-f629b]:main():lattice-best-path.cc:99) For utterance phase11-Ky-3, best cost 24.1955 + 1233.18 = 1257.37 over 314 frames.
phase11-Ky-3 <UNK> ba <UNK> 
LOG (lattice-best-path[5.4.10~1-f629b]:main():lattice-best-path.cc:99) For utterance phase11-Ky-4, best cost 23.5431 + 1160.9 = 1184.44 over 284 frames.
phase11-Ky-4 <UNK> bo85n <UNK> 
LOG (lattice-best-path[5.4.10~1-f629b]:main():lattice-best-path.cc:99) For utterance phase11-Ky-5, best cost 26.3809 + 1195.24 = 1221.62 over 301 frames.
phase11-Ky-5 <UNK> na7m <UNK> 
LOG (lattice-best-path[5.4.10~1-f629b]:main():lattice-best-path.cc:99) For utterance phase11-Ky-6, best cost 24.9186 + 975.495 = 1000.41 over 237 frames.
phase11-Ky-6 <UNK> sa5u <UNK> 
LOG (lattice-best-path[5.4.10~1-f629b]:main():lattice-best-path.cc:99) For utterance phase11-Ky-7, best cost 24.1964 + 1287.04 = 1311.23 over 297 frames.
phase11-Ky-7 <UNK> hai <UNK> 
LOG (lattice-best-path[5.4.10~1-f629b]:main():lattice-best-path.cc:99) For utterance phase11-Ky-8, best cost 23.9155 + 1159.96 = 1183.87 over 289 frames.
phase11-Ky-8 <UNK> ta5m <UNK> 
LOG (lattice-best-path[5.4.10~1-f629b]:main():lattice-best-path.cc:99) For utterance phase11-Ky-9, best cost 21.708 + 915.716 = 937.424 over 220 frames.
phase11-Ky-9 <UNK> chi5n <UNK> 
LOG (lattice-best-path[5.4.10~1-f629b]:main():lattice-best-path.cc:99) For utterance phase2-Ky-1, best cost 14.2455 + 708.997 = 723.242 over 233 frames.
phase2-Ky-1 ba 
LOG (lattice-best-path[5.4.10~1-f629b]:main():lattice-best-path.cc:99) For utterance phase2-Ky-2, best cost 14.25 + 631.737 = 645.987 over 214 frames.
phase2-Ky-2 hai 
LOG (lattice-best-path[5.4.10~1-f629b]:main():lattice-best-path.cc:99) For utterance phase2-Ky-3, best cost 27.834 + 793.172 = 821.006 over 219 frames.
phase2-Ky-3 <UNK> mo86t 
LOG (lattice-best-path[5.4.10~1-f629b]:main():lattice-best-path.cc:99) For utterance phase2-Ky-4, best cost 23.3167 + 793.293 = 816.609 over 224 frames.
phase2-Ky-4 <UNK> mo86t <UNK> 
LOG (lattice-best-path[5.4.10~1-f629b]:main():lattice-best-path.cc:99) For utterance phase2-Ky-5, best cost 15.2053 + 742.071 = 757.276 over 247 frames.
phase2-Ky-5 ba 
LOG (lattice-best-path[5.4.10~1-f629b]:main():lattice-best-path.cc:99) For utterance phase2-Ky-6, best cost 13.7985 + 630.435 = 644.233 over 212 frames.
phase2-Ky-6 hai 
LOG (lattice-best-path[5.4.10~1-f629b]:main():lattice-best-path.cc:99) For utterance phase2-Ky-7, best cost 16.4998 + 701.148 = 717.647 over 228 frames.
phase2-Ky-7 ba 
LOG (lattice-best-path[5.4.10~1-f629b]:main():lattice-best-path.cc:99) For utterance phase2-Ky-8, best cost 19.116 + 779.091 = 798.207 over 235 frames.
phase2-Ky-8 mo86t <UNK> 
LOG (lattice-best-path[5.4.10~1-f629b]:main():lattice-best-path.cc:99) For utterance phase2-Ky-9, best cost 15.3674 + 786.55 = 801.917 over 265 frames.
phase2-Ky-9 hai 
LOG (lattice-best-path[5.4.10~1-f629b]:main():lattice-best-path.cc:99) For utterance phase3-Ky-1, best cost 14.6008 + 705.391 = 719.992 over 231 frames.
phase3-Ky-1 hai 
LOG (lattice-best-path[5.4.10~1-f629b]:main():lattice-best-path.cc:99) For utterance phase3-Ky-2, best cost 26.1028 + 900.001 = 926.104 over 244 frames.
phase3-Ky-2 mo86t mo86t 
LOG (lattice-best-path[5.4.10~1-f629b]:main():lattice-best-path.cc:99) For utterance phase3-Ky-3, best cost 15.8092 + 707.915 = 723.724 over 238 frames.
phase3-Ky-3 ba 
LOG (lattice-best-path[5.4.10~1-f629b]:main():lattice-best-path.cc:99) For utterance phase3-Ky-4, best cost 17.1402 + 720.896 = 738.037 over 249 frames.
phase3-Ky-4 ba 
LOG (lattice-best-path[5.4.10~1-f629b]:main():lattice-best-path.cc:99) For utterance phase3-Ky-5, best cost 18.4832 + 894.806 = 913.29 over 228 frames.
phase3-Ky-5 mo86t <UNK> 
LOG (lattice-best-path[5.4.10~1-f629b]:main():lattice-best-path.cc:99) For utterance phase3-Ky-6, best cost 16.5865 + 788.541 = 805.127 over 240 frames.
phase3-Ky-6 hai 
LOG (lattice-best-path[5.4.10~1-f629b]:main():lattice-best-path.cc:99) For utterance phase3-Ky-7, best cost 24.452 + 837.422 = 861.874 over 247 frames.
phase3-Ky-7 mo86t na7m 
LOG (lattice-best-path[5.4.10~1-f629b]:main():lattice-best-path.cc:99) For utterance phase3-Ky-8, best cost 15.0086 + 668.82 = 683.829 over 233 frames.
phase3-Ky-8 ba 
LOG (lattice-best-path[5.4.10~1-f629b]:main():lattice-best-path.cc:99) For utterance phase3-Ky-9, best cost 24.6097 + 732.1 = 756.71 over 221 frames.
phase3-Ky-9 <UNK> mo86t 
LOG (lattice-best-path[5.4.10~1-f629b]:main():lattice-best-path.cc:99) For utterance phase4-Ky-1, best cost 20.2304 + 829.462 = 849.693 over 240 frames.
phase4-Ky-1 bo85n 
LOG (lattice-best-path[5.4.10~1-f629b]:main():lattice-best-path.cc:99) For utterance phase4-Ky-2, best cost 23.8812 + 771.583 = 795.464 over 233 frames.
phase4-Ky-2 hai chi5n 
LOG (lattice-best-path[5.4.10~1-f629b]:main():lattice-best-path.cc:99) For utterance phase4-Ky-3, best cost 15.2197 + 645.241 = 660.461 over 217 frames.
phase4-Ky-3 ba 
LOG (lattice-best-path[5.4.10~1-f629b]:main():lattice-best-path.cc:99) For utterance phase4-Ky-4, best cost 21.0147 + 803.766 = 824.781 over 233 frames.
phase4-Ky-4 ba4y 
LOG (lattice-best-path[5.4.10~1-f629b]:main():lattice-best-path.cc:99) For utterance phase4-Ky-5, best cost 22.8984 + 672.851 = 695.75 over 235 frames.
phase4-Ky-5 chi5n <UNK> 
LOG (lattice-best-path[5.4.10~1-f629b]:main():lattice-best-path.cc:99) For utterance phase4-Ky-6, best cost 17.481 + 786.408 = 803.889 over 270 frames.
phase4-Ky-6 ta5m 
LOG (lattice-best-path[5.4.10~1-f629b]:main():lattice-best-path.cc:99) For utterance phase4-Ky-7, best cost 19.7661 + 896.735 = 916.501 over 282 frames.
phase4-Ky-7 sa5u 
LOG (lattice-best-path[5.4.10~1-f629b]:main():lattice-best-path.cc:99) For utterance phase4-Ky-8, best cost 14.7407 + 704.911 = 719.652 over 235 frames.
phase4-Ky-8 ba4y 
LOG (lattice-best-path[5.4.10~1-f629b]:main():lattice-best-path.cc:99) For utterance phase4-Ky-9, best cost 15.2129 + 713.974 = 729.186 over 240 frames.
phase4-Ky-9 hai 
LOG (lattice-best-path[5.4.10~1-f629b]:main():lattice-best-path.cc:99) For utterance phase5-Ky-1, best cost 22.4155 + 873.794 = 896.21 over 275 frames.
phase5-Ky-1 ta5m 
LOG (lattice-best-path[5.4.10~1-f629b]:main():lattice-best-path.cc:99) For utterance phase5-Ky-2, best cost 28.7175 + 767.419 = 796.137 over 240 frames.
phase5-Ky-2 chi5n chi5n 
LOG (lattice-best-path[5.4.10~1-f629b]:main():lattice-best-path.cc:99) For utterance phase5-Ky-3, best cost 27.1391 + 835.349 = 862.489 over 233 frames.
phase5-Ky-3 na7m <UNK> 
LOG (lattice-best-path[5.4.10~1-f629b]:main():lattice-best-path.cc:99) For utterance phase5-Ky-4, best cost 20.3606 + 684.422 = 704.782 over 235 frames.
phase5-Ky-4 bo85n 
LOG (lattice-best-path[5.4.10~1-f629b]:main():lattice-best-path.cc:99) For utterance phase5-Ky-5, best cost 22.3572 + 855.581 = 877.939 over 270 frames.
phase5-Ky-5 ba4y <UNK> 
LOG (lattice-best-path[5.4.10~1-f629b]:main():lattice-best-path.cc:99) For utterance phase5-Ky-6, best cost 18.6529 + 848.041 = 866.694 over 275 frames.
phase5-Ky-6 na7m 
LOG (lattice-best-path[5.4.10~1-f629b]:main():lattice-best-path.cc:99) For utterance phase5-Ky-7, best cost 18.5136 + 852.332 = 870.845 over 284 frames.
phase5-Ky-7 ta5m 
LOG (lattice-scale[5.4.10~1-f629b]:main():lattice-scale.cc:90) Done 99 lattices.
LOG (lattice-best-path[5.4.10~1-f629b]:main():lattice-best-path.cc:99) For utterance phase5-Ky-8, best cost 28.6145 + 947.427 = 976.041 over 263 frames.
phase5-Ky-8 sa5u <UNK> 
LOG (lattice-best-path[5.4.10~1-f629b]:main():lattice-best-path.cc:99) For utterance phase5-Ky-9, best cost 19.2809 + 825.135 = 844.416 over 279 frames.
phase5-Ky-9 bo85n 
LOG (lattice-best-path[5.4.10~1-f629b]:main():lattice-best-path.cc:99) For utterance phase6-Ky-1, best cost 20.326 + 734.949 = 755.275 over 244 frames.
phase6-Ky-1 bo85n 
LOG (lattice-best-path[5.4.10~1-f629b]:main():lattice-best-path.cc:99) For utterance phase6-Ky-2, best cost 16.8162 + 744.845 = 761.661 over 261 frames.
phase6-Ky-2 na7m 
LOG (lattice-best-path[5.4.10~1-f629b]:main():lattice-best-path.cc:99) For utterance phase6-Ky-3, best cost 19.4888 + 861.088 = 880.577 over 289 frames.
phase6-Ky-3 chi5n 
LOG (lattice-best-path[5.4.10~1-f629b]:main():lattice-best-path.cc:99) For utterance phase6-Ky-4, best cost 14.8778 + 765.554 = 780.432 over 258 frames.
phase6-Ky-4 bo85n 
LOG (lattice-best-path[5.4.10~1-f629b]:main():lattice-best-path.cc:99) For utterance phase6-Ky-5, best cost 21.8476 + 766.879 = 788.727 over 247 frames.
phase6-Ky-5 bo85n 
LOG (lattice-best-path[5.4.10~1-f629b]:main():lattice-best-path.cc:99) For utterance phase6-Ky-6, best cost 19.8327 + 785.853 = 805.686 over 256 frames.
phase6-Ky-6 na7m 
LOG (lattice-best-path[5.4.10~1-f629b]:main():lattice-best-path.cc:99) For utterance phase6-Ky-7, best cost 17.0017 + 754.703 = 771.705 over 247 frames.
phase6-Ky-7 ta5m 
LOG (lattice-best-path[5.4.10~1-f629b]:main():lattice-best-path.cc:99) For utterance phase6-Ky-8, best cost 17.5305 + 788.106 = 805.637 over 240 frames.
phase6-Ky-8 sa5u 
LOG (lattice-best-path[5.4.10~1-f629b]:main():lattice-best-path.cc:99) For utterance phase6-Ky-9, best cost 23.5953 + 871.151 = 894.746 over 272 frames.
phase6-Ky-9 ba4y 
LOG (lattice-best-path[5.4.10~1-f629b]:main():lattice-best-path.cc:99) For utterance phase7-Ky-1, best cost 16.8407 + 648.071 = 664.911 over 217 frames.
phase7-Ky-1 sa5u 
LOG (lattice-best-path[5.4.10~1-f629b]:main():lattice-best-path.cc:99) For utterance phase7-Ky-2, best cost 21.4231 + 832.822 = 854.245 over 258 frames.
phase7-Ky-2 chi5n 
LOG (lattice-best-path[5.4.10~1-f629b]:main():lattice-best-path.cc:99) For utterance phase7-Ky-3, best cost 19.602 + 809.287 = 828.889 over 261 frames.
phase7-Ky-3 ta5m 
LOG (lattice-best-path[5.4.10~1-f629b]:main():lattice-best-path.cc:99) For utterance phase7-Ky-4, best cost 25.5287 + 1045.9 = 1071.43 over 258 frames.
phase7-Ky-4 na7m chi5n 
LOG (lattice-best-path[5.4.10~1-f629b]:main():lattice-best-path.cc:99) For utterance phase7-Ky-5, best cost 15.3445 + 783.247 = 798.592 over 247 frames.
phase7-Ky-5 sa5u 
LOG (lattice-best-path[5.4.10~1-f629b]:main():lattice-best-path.cc:99) For utterance phase7-Ky-6, best cost 17.5027 + 736.035 = 753.538 over 247 frames.
phase7-Ky-6 ta5m 
LOG (lattice-best-path[5.4.10~1-f629b]:main():lattice-best-path.cc:99) For utterance phase7-Ky-7, best cost 25.3226 + 877.418 = 902.741 over 226 frames.
phase7-Ky-7 sa5u <UNK> 
LOG (lattice-best-path[5.4.10~1-f629b]:main():lattice-best-path.cc:99) For utterance phase7-Ky-8, best cost 17.7916 + 732.112 = 749.903 over 235 frames.
phase7-Ky-8 bo85n 
LOG (lattice-add-penalty[5.4.10~1-f629b]:main():lattice-add-penalty.cc:62) Done adding word insertion penalty to 99 lattices.
LOG (lattice-best-path[5.4.10~1-f629b]:main():lattice-best-path.cc:99) For utterance phase7-Ky-9, best cost 19.0184 + 855.205 = 874.223 over 275 frames.
phase7-Ky-9 ba4y 
LOG (lattice-best-path[5.4.10~1-f629b]:main():lattice-best-path.cc:99) For utterance phase8-Ky-1, best cost 18.8193 + 723.307 = 742.126 over 235 frames.
phase8-Ky-1 na7m 
LOG (lattice-best-path[5.4.10~1-f629b]:main():lattice-best-path.cc:99) For utterance phase8-Ky-2, best cost 20.7523 + 866.593 = 887.346 over 298 frames.
phase8-Ky-2 chi5n 
LOG (lattice-best-path[5.4.10~1-f629b]:main():lattice-best-path.cc:99) For utterance phase8-Ky-3, best cost 19.5907 + 773.942 = 793.533 over 263 frames.
phase8-Ky-3 bo85n 
LOG (lattice-best-path[5.4.10~1-f629b]:main():lattice-best-path.cc:99) For utterance phase8-Ky-4, best cost 21.7528 + 983.412 = 1005.17 over 263 frames.
phase8-Ky-4 na7m 
LOG (lattice-best-path[5.4.10~1-f629b]:main():lattice-best-path.cc:99) For utterance phase8-Ky-5, best cost 17.2208 + 793.72 = 810.941 over 263 frames.
phase8-Ky-5 chi5n 
LOG (lattice-best-path[5.4.10~1-f629b]:main():lattice-best-path.cc:99) For utterance phase8-Ky-6, best cost 18.8307 + 779.848 = 798.678 over 258 frames.
phase8-Ky-6 ba4y 
LOG (lattice-best-path[5.4.10~1-f629b]:main():lattice-best-path.cc:99) For utterance phase8-Ky-7, best cost 15.2823 + 701.013 = 716.296 over 231 frames.
phase8-Ky-7 sa5u 
LOG (lattice-best-path[5.4.10~1-f629b]:main():lattice-best-path.cc:99) For utterance phase8-Ky-8, best cost 17.4531 + 795.599 = 813.052 over 272 frames.
phase8-Ky-8 ta5m 
LOG (lattice-best-path[5.4.10~1-f629b]:main():lattice-best-path.cc:99) For utterance phase8-Ky-9, best cost 24.8286 + 879.842 = 904.67 over 251 frames.
phase8-Ky-9 ba4y <UNK> 
LOG (lattice-best-path[5.4.10~1-f629b]:main():lattice-best-path.cc:99) For utterance phase9-Ky-1, best cost 17.3654 + 749.222 = 766.588 over 256 frames.
phase9-Ky-1 ta5m 
LOG (lattice-best-path[5.4.10~1-f629b]:main():lattice-best-path.cc:99) For utterance phase9-Ky-2, best cost 23.7131 + 799.309 = 823.022 over 238 frames.
phase9-Ky-2 bo85n <UNK> 
LOG (lattice-best-path[5.4.10~1-f629b]:main():lattice-best-path.cc:99) For utterance phase9-Ky-3, best cost 18.2852 + 724.603 = 742.888 over 240 frames.
phase9-Ky-3 ba4y 
LOG (lattice-best-path[5.4.10~1-f629b]:main():lattice-best-path.cc:99) For utterance phase9-Ky-4, best cost 28.9454 + 1012.57 = 1041.51 over 282 frames.
phase9-Ky-4 na7m <UNK> 
LOG (lattice-best-path[5.4.10~1-f629b]:main():lattice-best-path.cc:99) For utterance phase9-Ky-5, best cost 21.5931 + 792.147 = 813.74 over 249 frames.
phase9-Ky-5 chi5n 
LOG (lattice-best-path[5.4.10~1-f629b]:main():lattice-best-path.cc:99) For utterance phase9-Ky-6, best cost 18.6865 + 910.225 = 928.912 over 261 frames.
phase9-Ky-6 bo85n 
LOG (lattice-best-path[5.4.10~1-f629b]:main():lattice-best-path.cc:99) For utterance phase9-Ky-7, best cost 19.582 + 811.113 = 830.695 over 275 frames.
phase9-Ky-7 ta5m 
LOG (lattice-best-path[5.4.10~1-f629b]:main():lattice-best-path.cc:99) For utterance phase9-Ky-8, best cost 15.5896 + 775.852 = 791.442 over 235 frames.
phase9-Ky-8 sa5u 
LOG (lattice-best-path[5.4.10~1-f629b]:main():lattice-best-path.cc:99) For utterance phase9-Ky-9, best cost 20.4109 + 728.151 = 748.562 over 238 frames.
phase9-Ky-9 ta5m 
LOG (lattice-best-path[5.4.10~1-f629b]:main():lattice-best-path.cc:124) Overall cost per frame is 3.32618 = 0.079462 [graph] + 3.24672 [acoustic] over 24895 frames.
LOG (lattice-best-path[5.4.10~1-f629b]:main():lattice-best-path.cc:128) Done 99 lattices, failed for 0
# Accounting: time=1 threads=1
# Ended (code 0) at Wed Apr 11 11:31:19 +07 2018, elapsed time 1 seconds
