# lattice-scale --inv-acoustic-scale=10 "ark:gunzip -c exp/tri2a/decode/lat.*.gz|" ark:- | lattice-add-penalty --word-ins-penalty=0.5 ark:- ark:- | lattice-best-path --word-symbol-table=exp/tri2a/graph/words.txt ark:- ark,t:- | utils/int2sym.pl -f 2- exp/tri2a/graph/words.txt | local/wer_hyp_filter > exp/tri2a/decode/scoring_kaldi/penalty_0.5/10.txt 
# Started at Sun May  6 23:15:44 +07 2018
#
lattice-add-penalty --word-ins-penalty=0.5 ark:- ark:- 
lattice-scale --inv-acoustic-scale=10 'ark:gunzip -c exp/tri2a/decode/lat.*.gz|' ark:- 
lattice-best-path --word-symbol-table=exp/tri2a/graph/words.txt ark:- ark,t:- 
LOG (lattice-best-path[5.4.10~1-f629b]:main():lattice-best-path.cc:99) For utterance somebody-phase1-1, best cost 27.6046 + 1241.86 = 1269.46 over 251 frames.
somebody-phase1-1 mo86t <UNK> 
LOG (lattice-best-path[5.4.10~1-f629b]:main():lattice-best-path.cc:99) For utterance somebody-phase1-2, best cost 20.6235 + 1232.8 = 1253.42 over 253 frames.
somebody-phase1-2 hai <UNK> 
LOG (lattice-best-path[5.4.10~1-f629b]:main():lattice-best-path.cc:99) For utterance somebody-phase1-3, best cost 17.8189 + 1020.25 = 1038.07 over 223 frames.
somebody-phase1-3 ba 
LOG (lattice-best-path[5.4.10~1-f629b]:main():lattice-best-path.cc:99) For utterance somebody-phase1-4, best cost 16.102 + 1258.34 = 1274.44 over 260 frames.
somebody-phase1-4 mo86t 
LOG (lattice-best-path[5.4.10~1-f629b]:main():lattice-best-path.cc:99) For utterance somebody-phase1-5, best cost 18.6039 + 1121.47 = 1140.07 over 230 frames.
somebody-phase1-5 ba <UNK> 
LOG (lattice-best-path[5.4.10~1-f629b]:main():lattice-best-path.cc:99) For utterance somebody-phase1-6, best cost 19.4235 + 1110.29 = 1129.72 over 202 frames.
somebody-phase1-6 hai <UNK> 
LOG (lattice-best-path[5.4.10~1-f629b]:main():lattice-best-path.cc:99) For utterance somebody-phase1-7, best cost 22.0726 + 1182.09 = 1204.16 over 235 frames.
somebody-phase1-7 hai <UNK> 
LOG (lattice-best-path[5.4.10~1-f629b]:main():lattice-best-path.cc:99) For utterance somebody-phase1-8, best cost 26.2751 + 1190.02 = 1216.29 over 251 frames.
somebody-phase1-8 mo86t <UNK> 
LOG (lattice-best-path[5.4.10~1-f629b]:main():lattice-best-path.cc:99) For utterance somebody-phase1-9, best cost 21.5963 + 1214.39 = 1235.99 over 258 frames.
somebody-phase1-9 <UNK> ba 
LOG (lattice-best-path[5.4.10~1-f629b]:main():lattice-best-path.cc:99) For utterance somebody-phase10-1, best cost 21.5089 + 1196.26 = 1217.77 over 251 frames.
somebody-phase10-1 sa5u 
LOG (lattice-best-path[5.4.10~1-f629b]:main():lattice-best-path.cc:99) For utterance somebody-phase10-2, best cost 22.6959 + 1115.83 = 1138.52 over 237 frames.
somebody-phase10-2 ba4y <UNK> 
LOG (lattice-best-path[5.4.10~1-f629b]:main():lattice-best-path.cc:99) For utterance somebody-phase10-3, best cost 24.2483 + 1305.87 = 1330.12 over 274 frames.
somebody-phase10-3 chi5n <UNK> 
LOG (lattice-best-path[5.4.10~1-f629b]:main():lattice-best-path.cc:99) For utterance somebody-phase10-4, best cost 15.5032 + 1177.32 = 1192.83 over 251 frames.
somebody-phase10-4 na7m 
LOG (lattice-best-path[5.4.10~1-f629b]:main():lattice-best-path.cc:99) For utterance somebody-phase10-5, best cost 14.1152 + 1059.12 = 1073.24 over 221 frames.
somebody-phase10-5 chi5n 
LOG (lattice-best-path[5.4.10~1-f629b]:main():lattice-best-path.cc:99) For utterance somebody-phase10-6, best cost 23.225 + 1187.36 = 1210.59 over 237 frames.
somebody-phase10-6 na7m <UNK> 
LOG (lattice-best-path[5.4.10~1-f629b]:main():lattice-best-path.cc:99) For utterance somebody-phase10-7, best cost 20.5789 + 1209.39 = 1229.96 over 260 frames.
somebody-phase10-7 <UNK> chi5n 
LOG (lattice-best-path[5.4.10~1-f629b]:main():lattice-best-path.cc:99) For utterance somebody-phase10-8, best cost 26.3645 + 1417.02 = 1443.38 over 274 frames.
somebody-phase10-8 sa5u <UNK> 
LOG (lattice-best-path[5.4.10~1-f629b]:main():lattice-best-path.cc:99) For utterance somebody-phase10-9, best cost 27.1948 + 1240.64 = 1267.84 over 253 frames.
somebody-phase10-9 ba4y <UNK> 
LOG (lattice-best-path[5.4.10~1-f629b]:main():lattice-best-path.cc:99) For utterance somebody-phase11-1, best cost 14.1565 + 1171.83 = 1185.98 over 246 frames.
somebody-phase11-1 ba 
LOG (lattice-best-path[5.4.10~1-f629b]:main():lattice-best-path.cc:99) For utterance somebody-phase11-2, best cost 17.0414 + 1276.04 = 1293.08 over 279 frames.
somebody-phase11-2 mo86t 
LOG (lattice-best-path[5.4.10~1-f629b]:main():lattice-best-path.cc:99) For utterance somebody-phase11-3, best cost 23.5516 + 1232.17 = 1255.72 over 263 frames.
somebody-phase11-3 na7m <UNK> 
LOG (lattice-best-path[5.4.10~1-f629b]:main():lattice-best-path.cc:99) For utterance somebody-phase11-4, best cost 20.4726 + 1043.31 = 1063.78 over 225 frames.
somebody-phase11-4 ba4y 
LOG (lattice-best-path[5.4.10~1-f629b]:main():lattice-best-path.cc:99) For utterance somebody-phase11-5, best cost 15.9286 + 1212.66 = 1228.59 over 258 frames.
somebody-phase11-5 chi5n 
LOG (lattice-best-path[5.4.10~1-f629b]:main():lattice-best-path.cc:99) For utterance somebody-phase11-6, best cost 24.0062 + 1710.76 = 1734.76 over 355 frames.
somebody-phase11-6 sa5u <UNK> 
LOG (lattice-best-path[5.4.10~1-f629b]:main():lattice-best-path.cc:99) For utterance somebody-phase11-7, best cost 17.3226 + 1205.47 = 1222.8 over 270 frames.
somebody-phase11-7 hai 
LOG (lattice-best-path[5.4.10~1-f629b]:main():lattice-best-path.cc:99) For utterance somebody-phase11-8, best cost 24.0163 + 1425.33 = 1449.34 over 300 frames.
somebody-phase11-8 bo85n <UNK> 
LOG (lattice-best-path[5.4.10~1-f629b]:main():lattice-best-path.cc:99) For utterance somebody-phase11-9, best cost 17.1959 + 1098.01 = 1115.2 over 239 frames.
somebody-phase11-9 ta5m 
LOG (lattice-best-path[5.4.10~1-f629b]:main():lattice-best-path.cc:99) For utterance somebody-phase12-1, best cost 23.2289 + 1283.93 = 1307.16 over 281 frames.
somebody-phase12-1 hai 
LOG (lattice-best-path[5.4.10~1-f629b]:main():lattice-best-path.cc:99) For utterance somebody-phase12-2, best cost 20.2453 + 1427.62 = 1447.86 over 286 frames.
somebody-phase12-2 ba <UNK> 
LOG (lattice-best-path[5.4.10~1-f629b]:main():lattice-best-path.cc:99) For utterance somebody-phase12-3, best cost 20.4169 + 1247.12 = 1267.54 over 281 frames.
somebody-phase12-3 chi5n <UNK> 
LOG (lattice-best-path[5.4.10~1-f629b]:main():lattice-best-path.cc:99) For utterance somebody-phase12-4, best cost 25.2594 + 1196.22 = 1221.48 over 249 frames.
somebody-phase12-4 sa5u <UNK> 
LOG (lattice-best-path[5.4.10~1-f629b]:main():lattice-best-path.cc:99) For utterance somebody-phase12-5, best cost 25.2972 + 1222.29 = 1247.59 over 260 frames.
somebody-phase12-5 <UNK> ba4y 
LOG (lattice-best-path[5.4.10~1-f629b]:main():lattice-best-path.cc:99) For utterance somebody-phase12-6, best cost 18.7097 + 1233.95 = 1252.66 over 274 frames.
somebody-phase12-6 ta5m 
LOG (lattice-best-path[5.4.10~1-f629b]:main():lattice-best-path.cc:99) For utterance somebody-phase12-7, best cost 23.7175 + 1370.92 = 1394.64 over 293 frames.
somebody-phase12-7 bo85n 
LOG (lattice-best-path[5.4.10~1-f629b]:main():lattice-best-path.cc:99) For utterance somebody-phase12-8, best cost 26.9219 + 1389.6 = 1416.52 over 304 frames.
somebody-phase12-8 mo86t 
LOG (lattice-best-path[5.4.10~1-f629b]:main():lattice-best-path.cc:99) For utterance somebody-phase12-9, best cost 14.2256 + 1083.74 = 1097.96 over 239 frames.
somebody-phase12-9 na7m 
LOG (lattice-best-path[5.4.10~1-f629b]:main():lattice-best-path.cc:99) For utterance somebody-phase13-1, best cost 22.2326 + 1189.74 = 1211.97 over 216 frames.
somebody-phase13-1 <UNK> na7m <UNK> 
LOG (lattice-best-path[5.4.10~1-f629b]:main():lattice-best-path.cc:99) For utterance somebody-phase13-2, best cost 22.3649 + 1297.3 = 1319.66 over 281 frames.
somebody-phase13-2 <UNK> ta5m 
LOG (lattice-best-path[5.4.10~1-f629b]:main():lattice-best-path.cc:99) For utterance somebody-phase13-3, best cost 26.3071 + 1621.59 = 1647.89 over 342 frames.
somebody-phase13-3 mo86t 
LOG (lattice-best-path[5.4.10~1-f629b]:main():lattice-best-path.cc:99) For utterance somebody-phase13-4, best cost 16.3679 + 1342.13 = 1358.5 over 297 frames.
somebody-phase13-4 ta5m 
LOG (lattice-best-path[5.4.10~1-f629b]:main():lattice-best-path.cc:99) For utterance somebody-phase13-5, best cost 21.0084 + 1143.08 = 1164.09 over 239 frames.
somebody-phase13-5 sa5u 
LOG (lattice-best-path[5.4.10~1-f629b]:main():lattice-best-path.cc:99) For utterance somebody-phase13-6, best cost 18.951 + 1196.98 = 1215.93 over 274 frames.
somebody-phase13-6 hai 
LOG (lattice-best-path[5.4.10~1-f629b]:main():lattice-best-path.cc:99) For utterance somebody-phase13-7, best cost 16.3236 + 1227.9 = 1244.23 over 260 frames.
somebody-phase13-7 ba4y 
LOG (lattice-best-path[5.4.10~1-f629b]:main():lattice-best-path.cc:99) For utterance somebody-phase13-8, best cost 19.5529 + 1466.57 = 1486.13 over 318 frames.
somebody-phase13-8 chi5n 
LOG (lattice-best-path[5.4.10~1-f629b]:main():lattice-best-path.cc:99) For utterance somebody-phase13-9, best cost 15.8833 + 1169.72 = 1185.6 over 267 frames.
somebody-phase13-9 bo85n 
LOG (lattice-best-path[5.4.10~1-f629b]:main():lattice-best-path.cc:99) For utterance somebody-phase14-1, best cost 18.5441 + 1210.9 = 1229.44 over 265 frames.
somebody-phase14-1 chi5n 
LOG (lattice-best-path[5.4.10~1-f629b]:main():lattice-best-path.cc:99) For utterance somebody-phase14-2, best cost 16.1982 + 1187.8 = 1204 over 253 frames.
somebody-phase14-2 ta5m 
LOG (lattice-best-path[5.4.10~1-f629b]:main():lattice-best-path.cc:99) For utterance somebody-phase14-3, best cost 18.2127 + 1198.58 = 1216.8 over 267 frames.
somebody-phase14-3 ba4y 
LOG (lattice-best-path[5.4.10~1-f629b]:main():lattice-best-path.cc:99) For utterance somebody-phase14-4, best cost 18.5592 + 1182.81 = 1201.37 over 256 frames.
somebody-phase14-4 sa5u 
LOG (lattice-best-path[5.4.10~1-f629b]:main():lattice-best-path.cc:99) For utterance somebody-phase14-5, best cost 23.8281 + 1536.16 = 1559.99 over 348 frames.
somebody-phase14-5 hai 
LOG (lattice-best-path[5.4.10~1-f629b]:main():lattice-best-path.cc:99) For utterance somebody-phase14-6, best cost 21.2073 + 1254.86 = 1276.07 over 270 frames.
somebody-phase14-6 ba <UNK> 
LOG (lattice-best-path[5.4.10~1-f629b]:main():lattice-best-path.cc:99) For utterance somebody-phase14-7, best cost 22.1772 + 1434.14 = 1456.32 over 314 frames.
somebody-phase14-7 mo86t 
LOG (lattice-best-path[5.4.10~1-f629b]:main():lattice-best-path.cc:99) For utterance somebody-phase14-8, best cost 30.7551 + 1479.88 = 1510.64 over 295 frames.
somebody-phase14-8 <UNK> na7m chi5n <UNK> 
LOG (lattice-best-path[5.4.10~1-f629b]:main():lattice-best-path.cc:99) For utterance somebody-phase14-9, best cost 19.4509 + 1237.6 = 1257.06 over 279 frames.
somebody-phase14-9 bo85n 
LOG (lattice-best-path[5.4.10~1-f629b]:main():lattice-best-path.cc:99) For utterance somebody-phase15-1, best cost 20.564 + 1463.08 = 1483.64 over 323 frames.
somebody-phase15-1 ta5m 
LOG (lattice-best-path[5.4.10~1-f629b]:main():lattice-best-path.cc:99) For utterance somebody-phase15-2, best cost 19.1121 + 1292.55 = 1311.66 over 274 frames.
somebody-phase15-2 chi5n 
LOG (lattice-best-path[5.4.10~1-f629b]:main():lattice-best-path.cc:99) For utterance somebody-phase15-3, best cost 19.0358 + 1255.21 = 1274.24 over 279 frames.
somebody-phase15-3 hai 
LOG (lattice-best-path[5.4.10~1-f629b]:main():lattice-best-path.cc:99) For utterance somebody-phase15-4, best cost 16.4315 + 1440.98 = 1457.41 over 307 frames.
somebody-phase15-4 ba 
LOG (lattice-best-path[5.4.10~1-f629b]:main():lattice-best-path.cc:99) For utterance somebody-phase15-5, best cost 17.5023 + 1296.03 = 1313.53 over 263 frames.
somebody-phase15-5 na7m 
LOG (lattice-best-path[5.4.10~1-f629b]:main():lattice-best-path.cc:99) For utterance somebody-phase15-6, best cost 28.3538 + 1255.12 = 1283.47 over 249 frames.
somebody-phase15-6 <UNK> ba4y <UNK> 
LOG (lattice-best-path[5.4.10~1-f629b]:main():lattice-best-path.cc:99) For utterance somebody-phase15-7, best cost 14.6652 + 1123.72 = 1138.38 over 246 frames.
somebody-phase15-7 sa5u 
LOG (lattice-best-path[5.4.10~1-f629b]:main():lattice-best-path.cc:99) For utterance somebody-phase15-8, best cost 25.4716 + 1256.22 = 1281.69 over 279 frames.
somebody-phase15-8 bo85n <UNK> 
LOG (lattice-best-path[5.4.10~1-f629b]:main():lattice-best-path.cc:99) For utterance somebody-phase15-9, best cost 20.922 + 1292.54 = 1313.46 over 290 frames.
somebody-phase15-9 mo86t 
LOG (lattice-best-path[5.4.10~1-f629b]:main():lattice-best-path.cc:99) For utterance somebody-phase16-1, best cost 28.0083 + 2084.91 = 2112.92 over 409 frames.
somebody-phase16-1 <UNK> ba <UNK> 
LOG (lattice-best-path[5.4.10~1-f629b]:main():lattice-best-path.cc:99) For utterance somebody-phase16-2, best cost 24.4836 + 1551.43 = 1575.91 over 293 frames.
somebody-phase16-2 <UNK> na7m <UNK> 
LOG (lattice-best-path[5.4.10~1-f629b]:main():lattice-best-path.cc:99) For utterance somebody-phase16-3, best cost 29.1327 + 2107.71 = 2136.84 over 418 frames.
somebody-phase16-3 <UNK> mo86t <UNK> 
LOG (lattice-best-path[5.4.10~1-f629b]:main():lattice-best-path.cc:99) For utterance somebody-phase16-4, best cost 24.6759 + 1636.89 = 1661.57 over 318 frames.
somebody-phase16-4 <UNK> ta5m <UNK> 
LOG (lattice-best-path[5.4.10~1-f629b]:main():lattice-best-path.cc:99) For utterance somebody-phase16-5, best cost 26.1525 + 1605.98 = 1632.13 over 314 frames.
somebody-phase16-5 <UNK> sa5u <UNK> 
LOG (lattice-best-path[5.4.10~1-f629b]:main():lattice-best-path.cc:99) For utterance somebody-phase16-6, best cost 28.9431 + 1957.87 = 1986.81 over 386 frames.
somebody-phase16-6 <UNK> hai <UNK> 
LOG (lattice-best-path[5.4.10~1-f629b]:main():lattice-best-path.cc:99) For utterance somebody-phase16-7, best cost 26.9343 + 1951.47 = 1978.41 over 390 frames.
somebody-phase16-7 <UNK> ba4y <UNK> 
LOG (lattice-best-path[5.4.10~1-f629b]:main():lattice-best-path.cc:99) For utterance somebody-phase16-8, best cost 26.3135 + 1640.87 = 1667.18 over 314 frames.
somebody-phase16-8 <UNK> chi5n <UNK> 
LOG (lattice-best-path[5.4.10~1-f629b]:main():lattice-best-path.cc:99) For utterance somebody-phase16-9, best cost 24.4938 + 1613.29 = 1637.79 over 307 frames.
somebody-phase16-9 <UNK> bo85n <UNK> 
LOG (lattice-best-path[5.4.10~1-f629b]:main():lattice-best-path.cc:99) For utterance somebody-phase17-1, best cost 26.1219 + 1564.86 = 1590.98 over 302 frames.
somebody-phase17-1 <UNK> chi5n <UNK> 
LOG (lattice-best-path[5.4.10~1-f629b]:main():lattice-best-path.cc:99) For utterance somebody-phase17-2, best cost 25.2652 + 1475.05 = 1500.32 over 286 frames.
somebody-phase17-2 <UNK> ta5m <UNK> 
LOG (lattice-best-path[5.4.10~1-f629b]:main():lattice-best-path.cc:99) For utterance somebody-phase17-3, best cost 27.9912 + 1794.38 = 1822.37 over 351 frames.
somebody-phase17-3 <UNK> ba4y <UNK> 
LOG (lattice-best-path[5.4.10~1-f629b]:main():lattice-best-path.cc:99) For utterance somebody-phase17-4, best cost 26.2211 + 1659.69 = 1685.91 over 321 frames.
somebody-phase17-4 <UNK> sa5u <UNK> 
LOG (lattice-best-path[5.4.10~1-f629b]:main():lattice-best-path.cc:99) For utterance somebody-phase17-5, best cost 25.1365 + 1670.52 = 1695.66 over 316 frames.
somebody-phase17-5 <UNK> na7m <UNK> 
LOG (lattice-best-path[5.4.10~1-f629b]:main():lattice-best-path.cc:99) For utterance somebody-phase17-6, best cost 25.5827 + 1475.83 = 1501.41 over 288 frames.
somebody-phase17-6 <UNK> bo85n <UNK> 
LOG (lattice-best-path[5.4.10~1-f629b]:main():lattice-best-path.cc:99) For utterance somebody-phase17-7, best cost 26.0389 + 1822.17 = 1848.2 over 360 frames.
somebody-phase17-7 <UNK> ba <UNK> 
LOG (lattice-best-path[5.4.10~1-f629b]:main():lattice-best-path.cc:99) For utterance somebody-phase17-8, best cost 31.2059 + 2421.22 = 2452.42 over 467 frames.
somebody-phase17-8 <UNK> hai <UNK> 
LOG (lattice-best-path[5.4.10~1-f629b]:main():lattice-best-path.cc:99) For utterance somebody-phase17-9, best cost 26.4516 + 2026.62 = 2053.07 over 388 frames.
somebody-phase17-9 <UNK> mo86t <UNK> 
LOG (lattice-best-path[5.4.10~1-f629b]:main():lattice-best-path.cc:99) For utterance somebody-phase18-1, best cost 26.8054 + 1672.49 = 1699.3 over 330 frames.
somebody-phase18-1 <UNK> bo85n <UNK> 
LOG (lattice-best-path[5.4.10~1-f629b]:main():lattice-best-path.cc:99) For utterance somebody-phase18-2, best cost 26.222 + 1803.99 = 1830.21 over 348 frames.
somebody-phase18-2 <UNK> ba <UNK> 
LOG (lattice-best-path[5.4.10~1-f629b]:main():lattice-best-path.cc:99) For utterance somebody-phase18-3, best cost 26.253 + 1470.98 = 1497.23 over 295 frames.
somebody-phase18-3 <UNK> ba4y <UNK> 
LOG (lattice-best-path[5.4.10~1-f629b]:main():lattice-best-path.cc:99) For utterance somebody-phase18-4, best cost 30.2358 + 2375.35 = 2405.59 over 465 frames.
somebody-phase18-4 <UNK> mo86t <UNK> 
LOG (lattice-best-path[5.4.10~1-f629b]:main():lattice-best-path.cc:99) For utterance somebody-phase18-5, best cost 25.9796 + 1486.19 = 1512.17 over 286 frames.
somebody-phase18-5 <UNK> na7m <UNK> 
LOG (lattice-best-path[5.4.10~1-f629b]:main():lattice-best-path.cc:99) For utterance somebody-phase18-6, best cost 26.3294 + 1605.39 = 1631.72 over 309 frames.
somebody-phase18-6 <UNK> ta5m <UNK> 
LOG (lattice-best-path[5.4.10~1-f629b]:main():lattice-best-path.cc:99) For utterance somebody-phase18-7, best cost 29.7433 + 2072.14 = 2101.89 over 411 frames.
somebody-phase18-7 <UNK> hai <UNK> 
LOG (lattice-best-path[5.4.10~1-f629b]:main():lattice-best-path.cc:99) For utterance somebody-phase18-8, best cost 26.5864 + 1660 = 1686.59 over 318 frames.
somebody-phase18-8 <UNK> chi5n <UNK> 
LOG (lattice-best-path[5.4.10~1-f629b]:main():lattice-best-path.cc:99) For utterance somebody-phase18-9, best cost 26.3308 + 1634.88 = 1661.21 over 321 frames.
somebody-phase18-9 <UNK> sa5u <UNK> 
LOG (lattice-best-path[5.4.10~1-f629b]:main():lattice-best-path.cc:99) For utterance somebody-phase19-1, best cost 27.788 + 1966.75 = 1994.53 over 372 frames.
somebody-phase19-1 <UNK> mo86t <UNK> 
LOG (lattice-best-path[5.4.10~1-f629b]:main():lattice-best-path.cc:99) For utterance somebody-phase19-2, best cost 29.8646 + 1798.74 = 1828.61 over 346 frames.
somebody-phase19-2 <UNK> hai <UNK> 
LOG (lattice-best-path[5.4.10~1-f629b]:main():lattice-best-path.cc:99) For utterance somebody-phase19-3, best cost 25.5962 + 1681.95 = 1707.55 over 328 frames.
somebody-phase19-3 <UNK> ba <UNK> 
LOG (lattice-best-path[5.4.10~1-f629b]:main():lattice-best-path.cc:99) For utterance somebody-phase19-4, best cost 25.8973 + 1494.93 = 1520.83 over 293 frames.
somebody-phase19-4 <UNK> bo85n <UNK> 
LOG (lattice-best-path[5.4.10~1-f629b]:main():lattice-best-path.cc:99) For utterance somebody-phase19-5, best cost 25.8018 + 1481.96 = 1507.76 over 293 frames.
somebody-phase19-5 <UNK> na7m <UNK> 
LOG (lattice-best-path[5.4.10~1-f629b]:main():lattice-best-path.cc:99) For utterance somebody-phase19-6, best cost 26.9917 + 1723.87 = 1750.86 over 339 frames.
somebody-phase19-6 <UNK> sa5u <UNK> 
LOG (lattice-best-path[5.4.10~1-f629b]:main():lattice-best-path.cc:99) For utterance somebody-phase19-7, best cost 25.2323 + 1676.17 = 1701.4 over 321 frames.
somebody-phase19-7 <UNK> ba4y <UNK> 
LOG (lattice-best-path[5.4.10~1-f629b]:main():lattice-best-path.cc:99) For utterance somebody-phase19-8, best cost 27.253 + 2112.37 = 2139.62 over 409 frames.
somebody-phase19-8 <UNK> ta5m <UNK> 
LOG (lattice-best-path[5.4.10~1-f629b]:main():lattice-best-path.cc:99) For utterance somebody-phase19-9, best cost 25.5173 + 1483.67 = 1509.19 over 283 frames.
somebody-phase19-9 <UNK> chi5n <UNK> 
LOG (lattice-best-path[5.4.10~1-f629b]:main():lattice-best-path.cc:99) For utterance somebody-phase2-1, best cost 18.6976 + 1140.46 = 1159.16 over 232 frames.
somebody-phase2-1 <UNK> ba 
LOG (lattice-best-path[5.4.10~1-f629b]:main():lattice-best-path.cc:99) For utterance somebody-phase2-2, best cost 19.3597 + 1067.82 = 1087.18 over 214 frames.
somebody-phase2-2 <UNK> hai 
LOG (lattice-best-path[5.4.10~1-f629b]:main():lattice-best-path.cc:99) For utterance somebody-phase2-3, best cost 24.334 + 1126.57 = 1150.91 over 218 frames.
somebody-phase2-3 <UNK> mo86t 
LOG (lattice-best-path[5.4.10~1-f629b]:main():lattice-best-path.cc:99) For utterance somebody-phase2-4, best cost 28.4644 + 1150.91 = 1179.37 over 223 frames.
somebody-phase2-4 <UNK> mo86t <UNK> 
LOG (lattice-best-path[5.4.10~1-f629b]:main():lattice-best-path.cc:99) For utterance somebody-phase2-5, best cost 16.325 + 1141.07 = 1157.4 over 246 frames.
somebody-phase2-5 ba 
LOG (lattice-best-path[5.4.10~1-f629b]:main():lattice-best-path.cc:99) For utterance somebody-phase2-6, best cost 14.1283 + 1052.52 = 1066.65 over 211 frames.
somebody-phase2-6 hai 
LOG (lattice-best-path[5.4.10~1-f629b]:main():lattice-best-path.cc:99) For utterance somebody-phase2-7, best cost 16.1429 + 1122.81 = 1138.95 over 228 frames.
somebody-phase2-7 ba 
LOG (lattice-best-path[5.4.10~1-f629b]:main():lattice-best-path.cc:99) For utterance somebody-phase2-8, best cost 16.5664 + 1115.79 = 1132.36 over 235 frames.
somebody-phase2-8 mo86t 
LOG (lattice-best-path[5.4.10~1-f629b]:main():lattice-best-path.cc:99) For utterance somebody-phase2-9, best cost 16.9228 + 1267.43 = 1284.36 over 265 frames.
somebody-phase2-9 hai 
LOG (lattice-best-path[5.4.10~1-f629b]:main():lattice-best-path.cc:99) For utterance somebody-phase20-1, best cost 26.1457 + 1549.54 = 1575.68 over 295 frames.
somebody-phase20-1 <UNK> na7m <UNK> 
LOG (lattice-best-path[5.4.10~1-f629b]:main():lattice-best-path.cc:99) For utterance somebody-phase20-2, best cost 33.2724 + 2051.07 = 2084.34 over 397 frames.
somebody-phase20-2 <UNK> mo86t <UNK> 
LOG (lattice-best-path[5.4.10~1-f629b]:main():lattice-best-path.cc:99) For utterance somebody-phase20-3, best cost 25.5712 + 1747.08 = 1772.65 over 339 frames.
somebody-phase20-3 <UNK> bo85n <UNK> 
LOG (lattice-best-path[5.4.10~1-f629b]:main():lattice-best-path.cc:99) For utterance somebody-phase20-4, best cost 24.8013 + 1561.39 = 1586.19 over 304 frames.
somebody-phase20-4 <UNK> ba4y <UNK> 
LOG (lattice-best-path[5.4.10~1-f629b]:main():lattice-best-path.cc:99) For utterance somebody-phase20-5, best cost 26.0617 + 1801.37 = 1827.43 over 346 frames.
somebody-phase20-5 <UNK> hai <UNK> 
LOG (lattice-best-path[5.4.10~1-f629b]:main():lattice-best-path.cc:99) For utterance somebody-phase20-6, best cost 26.6717 + 1740.56 = 1767.23 over 339 frames.
somebody-phase20-6 <UNK> sa5u <UNK> 
LOG (lattice-best-path[5.4.10~1-f629b]:main():lattice-best-path.cc:99) For utterance somebody-phase20-7, best cost 24.4683 + 1639.03 = 1663.5 over 314 frames.
somebody-phase20-7 <UNK> ta5m <UNK> 
LOG (lattice-best-path[5.4.10~1-f629b]:main():lattice-best-path.cc:99) For utterance somebody-phase20-8, best cost 24.599 + 1746.42 = 1771.02 over 337 frames.
somebody-phase20-8 <UNK> ba <UNK> 
LOG (lattice-best-path[5.4.10~1-f629b]:main():lattice-best-path.cc:99) For utterance somebody-phase20-9, best cost 24.1239 + 1543.41 = 1567.53 over 293 frames.
somebody-phase20-9 <UNK> chi5n <UNK> 
LOG (lattice-best-path[5.4.10~1-f629b]:main():lattice-best-path.cc:99) For utterance somebody-phase3-1, best cost 17.2084 + 1098.22 = 1115.42 over 230 frames.
somebody-phase3-1 hai 
LOG (lattice-best-path[5.4.10~1-f629b]:main():lattice-best-path.cc:99) For utterance somebody-phase3-2, best cost 24.1605 + 1257.67 = 1281.83 over 244 frames.
somebody-phase3-2 mo86t <UNK> 
LOG (lattice-best-path[5.4.10~1-f629b]:main():lattice-best-path.cc:99) For utterance somebody-phase3-3, best cost 16.986 + 1172.78 = 1189.77 over 237 frames.
somebody-phase3-3 ba 
LOG (lattice-best-path[5.4.10~1-f629b]:main():lattice-best-path.cc:99) For utterance somebody-phase3-4, best cost 18.9217 + 1171.49 = 1190.41 over 249 frames.
somebody-phase3-4 ba 
LOG (lattice-best-path[5.4.10~1-f629b]:main():lattice-best-path.cc:99) For utterance somebody-phase3-5, best cost 29.3405 + 1200.2 = 1229.54 over 228 frames.
somebody-phase3-5 <UNK> mo86t <UNK> 
LOG (lattice-best-path[5.4.10~1-f629b]:main():lattice-best-path.cc:99) For utterance somebody-phase3-6, best cost 26.6131 + 1196.01 = 1222.62 over 239 frames.
somebody-phase3-6 <UNK> hai <UNK> 
LOG (lattice-best-path[5.4.10~1-f629b]:main():lattice-best-path.cc:99) For utterance somebody-phase3-7, best cost 31.525 + 1180.1 = 1211.63 over 246 frames.
somebody-phase3-7 <UNK> <UNK> mo86t 
LOG (lattice-best-path[5.4.10~1-f629b]:main():lattice-best-path.cc:99) For utterance somebody-phase3-8, best cost 16.8011 + 1065 = 1081.8 over 232 frames.
somebody-phase3-8 ba 
LOG (lattice-best-path[5.4.10~1-f629b]:main():lattice-best-path.cc:99) For utterance somebody-phase3-9, best cost 25.1052 + 1044.82 = 1069.93 over 221 frames.
somebody-phase3-9 <UNK> mo86t 
LOG (lattice-best-path[5.4.10~1-f629b]:main():lattice-best-path.cc:99) For utterance somebody-phase4-1, best cost 31.998 + 1241.56 = 1273.56 over 239 frames.
somebody-phase4-1 bo85n <UNK> 
LOG (lattice-best-path[5.4.10~1-f629b]:main():lattice-best-path.cc:99) For utterance somebody-phase4-2, best cost 24.8222 + 1192.59 = 1217.42 over 232 frames.
somebody-phase4-2 hai <UNK> 
LOG (lattice-best-path[5.4.10~1-f629b]:main():lattice-best-path.cc:99) For utterance somebody-phase4-3, best cost 15.9157 + 1048.63 = 1064.54 over 216 frames.
somebody-phase4-3 ba 
LOG (lattice-best-path[5.4.10~1-f629b]:main():lattice-best-path.cc:99) For utterance somebody-phase4-4, best cost 24.7211 + 1226.87 = 1251.59 over 232 frames.
somebody-phase4-4 ba4y 
LOG (lattice-best-path[5.4.10~1-f629b]:main():lattice-best-path.cc:99) For utterance somebody-phase4-5, best cost 22.5942 + 1082.49 = 1105.08 over 235 frames.
somebody-phase4-5 chi5n <UNK> 
LOG (lattice-best-path[5.4.10~1-f629b]:main():lattice-best-path.cc:99) For utterance somebody-phase4-6, best cost 20.571 + 1275.53 = 1296.1 over 270 frames.
somebody-phase4-6 ta5m 
LOG (lattice-best-path[5.4.10~1-f629b]:main():lattice-best-path.cc:99) For utterance somebody-phase4-7, best cost 30.6268 + 1396.31 = 1426.94 over 281 frames.
somebody-phase4-7 sa5u <UNK> 
LOG (lattice-best-path[5.4.10~1-f629b]:main():lattice-best-path.cc:99) For utterance somebody-phase4-8, best cost 19.3838 + 1093.37 = 1112.75 over 235 frames.
somebody-phase4-8 ba4y 
LOG (lattice-best-path[5.4.10~1-f629b]:main():lattice-best-path.cc:99) For utterance somebody-phase4-9, best cost 16.577 + 1136.06 = 1152.64 over 239 frames.
somebody-phase4-9 hai 
LOG (lattice-best-path[5.4.10~1-f629b]:main():lattice-best-path.cc:99) For utterance somebody-phase5-1, best cost 32.1919 + 1383.59 = 1415.79 over 274 frames.
somebody-phase5-1 ta5m 
LOG (lattice-best-path[5.4.10~1-f629b]:main():lattice-best-path.cc:99) For utterance somebody-phase5-2, best cost 38.4138 + 1157.99 = 1196.4 over 239 frames.
somebody-phase5-2 chi5n <UNK> <UNK> <UNK> 
LOG (lattice-best-path[5.4.10~1-f629b]:main():lattice-best-path.cc:99) For utterance somebody-phase5-3, best cost 26.1427 + 1236.53 = 1262.67 over 232 frames.
somebody-phase5-3 na7m <UNK> 
LOG (lattice-best-path[5.4.10~1-f629b]:main():lattice-best-path.cc:99) For utterance somebody-phase5-4, best cost 21.2291 + 1108.83 = 1130.06 over 235 frames.
somebody-phase5-4 bo85n 
LOG (lattice-best-path[5.4.10~1-f629b]:main():lattice-best-path.cc:99) For utterance somebody-phase5-5, best cost 31.1798 + 1357.9 = 1389.08 over 270 frames.
somebody-phase5-5 ba4y ba <UNK> 
LOG (lattice-best-path[5.4.10~1-f629b]:main():lattice-best-path.cc:99) For utterance somebody-phase5-6, best cost 25.7637 + 1319.58 = 1345.35 over 274 frames.
somebody-phase5-6 na7m <UNK> 
LOG (lattice-best-path[5.4.10~1-f629b]:main():lattice-best-path.cc:99) For utterance somebody-phase5-7, best cost 28.4721 + 1370.58 = 1399.06 over 283 frames.
somebody-phase5-7 ta5m <UNK> 
LOG (lattice-best-path[5.4.10~1-f629b]:main():lattice-best-path.cc:99) For utterance somebody-phase5-8, best cost 31.2746 + 1406.63 = 1437.91 over 263 frames.
somebody-phase5-8 sa5u <UNK> 
LOG (lattice-best-path[5.4.10~1-f629b]:main():lattice-best-path.cc:99) For utterance somebody-phase5-9, best cost 16.5424 + 1335.09 = 1351.63 over 279 frames.
somebody-phase5-9 bo85n 
LOG (lattice-best-path[5.4.10~1-f629b]:main():lattice-best-path.cc:99) For utterance somebody-phase6-1, best cost 22.4377 + 1186.39 = 1208.83 over 244 frames.
somebody-phase6-1 bo85n 
LOG (lattice-best-path[5.4.10~1-f629b]:main():lattice-best-path.cc:99) For utterance somebody-phase6-2, best cost 19.0043 + 1225.7 = 1244.7 over 260 frames.
somebody-phase6-2 na7m 
LOG (lattice-best-path[5.4.10~1-f629b]:main():lattice-best-path.cc:99) For utterance somebody-phase6-3, best cost 35.3828 + 1383.68 = 1419.07 over 288 frames.
somebody-phase6-3 <UNK> chi5n <UNK> 
LOG (lattice-best-path[5.4.10~1-f629b]:main():lattice-best-path.cc:99) For utterance somebody-phase6-4, best cost 17.5206 + 1245.08 = 1262.6 over 258 frames.
somebody-phase6-4 bo85n 
LOG (lattice-best-path[5.4.10~1-f629b]:main():lattice-best-path.cc:99) For utterance somebody-phase6-5, best cost 31.3529 + 1224.82 = 1256.17 over 246 frames.
somebody-phase6-5 bo85n <UNK> 
LOG (lattice-best-path[5.4.10~1-f629b]:main():lattice-best-path.cc:99) For utterance somebody-phase6-6, best cost 29.2635 + 1256.29 = 1285.56 over 256 frames.
somebody-phase6-6 <UNK> na7m 
LOG (lattice-best-path[5.4.10~1-f629b]:main():lattice-best-path.cc:99) For utterance somebody-phase6-7, best cost 24.9334 + 1189.91 = 1214.85 over 246 frames.
somebody-phase6-7 <UNK> ta5m 
LOG (lattice-best-path[5.4.10~1-f629b]:main():lattice-best-path.cc:99) For utterance somebody-phase6-8, best cost 30.6217 + 1234.58 = 1265.2 over 239 frames.
somebody-phase6-8 sa5u <UNK> 
LOG (lattice-best-path[5.4.10~1-f629b]:main():lattice-best-path.cc:99) For utterance somebody-phase6-9, best cost 29.1338 + 1381.08 = 1410.22 over 272 frames.
somebody-phase6-9 ba4y <UNK> 
LOG (lattice-scale[5.4.10~1-f629b]:main():lattice-scale.cc:90) Done 180 lattices.
LOG (lattice-best-path[5.4.10~1-f629b]:main():lattice-best-path.cc:99) For utterance somebody-phase7-1, best cost 20.4643 + 1061.43 = 1081.9 over 216 frames.
somebody-phase7-1 sa5u <UNK> 
LOG (lattice-best-path[5.4.10~1-f629b]:main():lattice-best-path.cc:99) For utterance somebody-phase7-2, best cost 31.7676 + 1276.14 = 1307.91 over 258 frames.
somebody-phase7-2 chi5n <UNK> 
LOG (lattice-best-path[5.4.10~1-f629b]:main():lattice-best-path.cc:99) For utterance somebody-phase7-3, best cost 26.3066 + 1254.52 = 1280.83 over 260 frames.
somebody-phase7-3 ta5m 
LOG (lattice-best-path[5.4.10~1-f629b]:main():lattice-best-path.cc:99) For utterance somebody-phase7-4, best cost 28.9505 + 1503.92 = 1532.87 over 258 frames.
somebody-phase7-4 na7m <UNK> <UNK> 
LOG (lattice-best-path[5.4.10~1-f629b]:main():lattice-best-path.cc:99) For utterance somebody-phase7-5, best cost 27.5158 + 1192.22 = 1219.74 over 246 frames.
somebody-phase7-5 sa5u <UNK> 
LOG (lattice-best-path[5.4.10~1-f629b]:main():lattice-best-path.cc:99) For utterance somebody-phase7-6, best cost 20.0785 + 1184.16 = 1204.24 over 246 frames.
somebody-phase7-6 ta5m 
LOG (lattice-best-path[5.4.10~1-f629b]:main():lattice-best-path.cc:99) For utterance somebody-phase7-7, best cost 33.7915 + 1274.77 = 1308.56 over 225 frames.
somebody-phase7-7 <UNK> sa5u <UNK> <UNK> 
LOG (lattice-best-path[5.4.10~1-f629b]:main():lattice-best-path.cc:99) For utterance somebody-phase7-8, best cost 25.0296 + 1136.58 = 1161.61 over 235 frames.
somebody-phase7-8 bo85n <UNK> 
LOG (lattice-best-path[5.4.10~1-f629b]:main():lattice-best-path.cc:99) For utterance somebody-phase7-9, best cost 25.8194 + 1340.17 = 1365.99 over 274 frames.
somebody-phase7-9 ba4y <UNK> 
LOG (lattice-best-path[5.4.10~1-f629b]:main():lattice-best-path.cc:99) For utterance somebody-phase8-1, best cost 17.2208 + 1194.72 = 1211.95 over 235 frames.
somebody-phase8-1 na7m 
LOG (lattice-best-path[5.4.10~1-f629b]:main():lattice-best-path.cc:99) For utterance somebody-phase8-2, best cost 20.9717 + 1409.27 = 1430.24 over 297 frames.
somebody-phase8-2 chi5n 
LOG (lattice-add-penalty[5.4.10~1-f629b]:main():lattice-add-penalty.cc:62) Done adding word insertion penalty to 180 lattices.
LOG (lattice-best-path[5.4.10~1-f629b]:main():lattice-best-path.cc:99) For utterance somebody-phase8-3, best cost 30.3389 + 1260.61 = 1290.95 over 263 frames.
somebody-phase8-3 bo85n <UNK> 
LOG (lattice-best-path[5.4.10~1-f629b]:main():lattice-best-path.cc:99) For utterance somebody-phase8-4, best cost 25.6633 + 1442.68 = 1468.34 over 263 frames.
somebody-phase8-4 na7m <UNK> 
LOG (lattice-best-path[5.4.10~1-f629b]:main():lattice-best-path.cc:99) For utterance somebody-phase8-5, best cost 21.2124 + 1259.73 = 1280.94 over 263 frames.
somebody-phase8-5 chi5n 
LOG (lattice-best-path[5.4.10~1-f629b]:main():lattice-best-path.cc:99) For utterance somebody-phase8-6, best cost 24.3686 + 1299.4 = 1323.77 over 258 frames.
somebody-phase8-6 ba4y 
LOG (lattice-best-path[5.4.10~1-f629b]:main():lattice-best-path.cc:99) For utterance somebody-phase8-7, best cost 25.0828 + 1116.36 = 1141.44 over 230 frames.
somebody-phase8-7 sa5u <UNK> 
LOG (lattice-best-path[5.4.10~1-f629b]:main():lattice-best-path.cc:99) For utterance somebody-phase8-8, best cost 20.601 + 1266.61 = 1287.21 over 272 frames.
somebody-phase8-8 ta5m 
LOG (lattice-best-path[5.4.10~1-f629b]:main():lattice-best-path.cc:99) For utterance somebody-phase8-9, best cost 28.5425 + 1309.45 = 1337.99 over 251 frames.
somebody-phase8-9 ba4y <UNK> 
LOG (lattice-best-path[5.4.10~1-f629b]:main():lattice-best-path.cc:99) For utterance somebody-phase9-1, best cost 23.3647 + 1215.69 = 1239.05 over 256 frames.
somebody-phase9-1 ta5m 
LOG (lattice-best-path[5.4.10~1-f629b]:main():lattice-best-path.cc:99) For utterance somebody-phase9-2, best cost 32.0662 + 1224.66 = 1256.72 over 237 frames.
somebody-phase9-2 bo85n <UNK> <UNK> 
LOG (lattice-best-path[5.4.10~1-f629b]:main():lattice-best-path.cc:99) For utterance somebody-phase9-3, best cost 25.9683 + 1117.49 = 1143.46 over 239 frames.
somebody-phase9-3 ba4y <UNK> 
LOG (lattice-best-path[5.4.10~1-f629b]:main():lattice-best-path.cc:99) For utterance somebody-phase9-4, best cost 26.6479 + 1489.6 = 1516.25 over 281 frames.
somebody-phase9-4 na7m <UNK> 
LOG (lattice-best-path[5.4.10~1-f629b]:main():lattice-best-path.cc:99) For utterance somebody-phase9-5, best cost 29.0554 + 1252.45 = 1281.5 over 249 frames.
somebody-phase9-5 chi5n 
LOG (lattice-best-path[5.4.10~1-f629b]:main():lattice-best-path.cc:99) For utterance somebody-phase9-6, best cost 38.0303 + 1339.66 = 1377.69 over 260 frames.
somebody-phase9-6 bo85n <UNK> <UNK> <UNK> 
LOG (lattice-best-path[5.4.10~1-f629b]:main():lattice-best-path.cc:99) For utterance somebody-phase9-7, best cost 29.1983 + 1303.38 = 1332.58 over 274 frames.
somebody-phase9-7 ta5m <UNK> 
LOG (lattice-best-path[5.4.10~1-f629b]:main():lattice-best-path.cc:99) For utterance somebody-phase9-8, best cost 23.6089 + 1163.53 = 1187.14 over 235 frames.
somebody-phase9-8 sa5u <UNK> 
LOG (lattice-best-path[5.4.10~1-f629b]:main():lattice-best-path.cc:99) For utterance somebody-phase9-9, best cost 24.6518 + 1169.42 = 1194.07 over 237 frames.
somebody-phase9-9 ta5m 
LOG (lattice-best-path[5.4.10~1-f629b]:main():lattice-best-path.cc:124) Overall cost per frame is 5.01387 = 0.0857948 [graph] + 4.92808 [acoustic] over 49986 frames.
LOG (lattice-best-path[5.4.10~1-f629b]:main():lattice-best-path.cc:128) Done 180 lattices, failed for 0
# Accounting: time=2 threads=1
# Ended (code 0) at Sun May  6 23:15:46 +07 2018, elapsed time 2 seconds
