# gunzip -c exp/mono/decode/depth_stats_tmp.*.gz | steps/diagnostic/analyze_lattice_depth_stats.py exp/mono/graph 
# Started at Sun May  6 22:55:50 +07 2018
#
The total amount of data analyzed assuming 100 frames per second is 0.1 hours
Overall, lattice depth (10,50,90-percentile)=(2,2,4) and mean=2.7
Phone sil accounts for 55.6% of frames, with lattice depth (10,50,90-percentile)=(2,2,5) and mean=2.8
Phone spn_S accounts for 23.6% of frames, with lattice depth (10,50,90-percentile)=(2,2,3) and mean=2.4
Nonsilence phones as a group account for 20.8% of frames, with lattice depth (10,50,90-percentile)=(2,2,4) and mean=2.7
Phone a_E accounts for 2.1% of frames, with lattice depth (10,50,90-percentile)=(2,2,3) and mean=2.3
Phone a5_I accounts for 1.7% of frames, with lattice depth (10,50,90-percentile)=(2,2,4) and mean=3.0
Phone m_E accounts for 1.6% of frames, with lattice depth (10,50,90-percentile)=(2,2,4) and mean=2.6
Phone o86_I accounts for 1.5% of frames, with lattice depth (10,50,90-percentile)=(2,2,4) and mean=2.6
Phone n_E accounts for 1.5% of frames, with lattice depth (10,50,90-percentile)=(2,2,10) and mean=3.8
Phone u_E accounts for 1.4% of frames, with lattice depth (10,50,90-percentile)=(2,2,3) and mean=2.3
Phone o85_I accounts for 1.4% of frames, with lattice depth (10,50,90-percentile)=(2,2,2) and mean=2.0
Phone a4_I accounts for 1.3% of frames, with lattice depth (10,50,90-percentile)=(2,2,5) and mean=2.8
Phone a_I accounts for 1.2% of frames, with lattice depth (10,50,90-percentile)=(2,2,5) and mean=2.8
Phone i5_I accounts for 1.2% of frames, with lattice depth (10,50,90-percentile)=(2,2,10) and mean=3.3
Phone b_B accounts for 1.0% of frames, with lattice depth (10,50,90-percentile)=(2,2,3) and mean=2.4
Phone a7_I accounts for 0.9% of frames, with lattice depth (10,50,90-percentile)=(2,2,5) and mean=2.7
Phone t_E accounts for 0.8% of frames, with lattice depth (10,50,90-percentile)=(2,2,5) and mean=2.9
Phone s_B accounts for 0.8% of frames, with lattice depth (10,50,90-percentile)=(2,2,3) and mean=2.3
Phone h_B accounts for 0.7% of frames, with lattice depth (10,50,90-percentile)=(2,2,3) and mean=2.3
Phone i_E accounts for 0.7% of frames, with lattice depth (10,50,90-percentile)=(2,2,3) and mean=2.1
# Accounting: time=0 threads=1
# Ended (code 0) at Sun May  6 22:55:50 +07 2018, elapsed time 0 seconds
