# gmm-latgen-faster --max-active=7000 --beam=13.0 --lattice-beam=6.0 --acoustic-scale=0.083333 --allow-partial=true --word-symbol-table=exp/mono/graph/words.txt exp/mono/final.mdl exp/mono/graph/HCLG.fst "ark,s,cs:apply-cmvn  --utt2spk=ark:data/test/split1/1/utt2spk scp:data/test/split1/1/cmvn.scp scp:data/test/split1/1/feats.scp ark:- | add-deltas  ark:- ark:- |" "ark:|gzip -c > exp/mono/decode/lat.1.gz" 
# Started at Sat Mar 31 17:15:55 +07 2018
#
gmm-latgen-faster --max-active=7000 --beam=13.0 --lattice-beam=6.0 --acoustic-scale=0.083333 --allow-partial=true --word-symbol-table=exp/mono/graph/words.txt exp/mono/final.mdl exp/mono/graph/HCLG.fst 'ark,s,cs:apply-cmvn  --utt2spk=ark:data/test/split1/1/utt2spk scp:data/test/split1/1/cmvn.scp scp:data/test/split1/1/feats.scp ark:- | add-deltas  ark:- ark:- |' 'ark:|gzip -c > exp/mono/decode/lat.1.gz' 
add-deltas ark:- ark:- 
apply-cmvn --utt2spk=ark:data/test/split1/1/utt2spk scp:data/test/split1/1/cmvn.scp scp:data/test/split1/1/feats.scp ark:- 
phase1-Ky-1 ta5m <UNK> 
LOG (gmm-latgen-faster[5.4.10~1-f629b]:DecodeUtteranceLatticeFaster():decoder-wrappers.cc:286) Log-like per frame for utterance phase1-Ky-1 is -10.3953 over 251 frames.
phase1-Ky-2 hai 
LOG (gmm-latgen-faster[5.4.10~1-f629b]:DecodeUtteranceLatticeFaster():decoder-wrappers.cc:286) Log-like per frame for utterance phase1-Ky-2 is -10.1393 over 254 frames.
phase1-Ky-3 ba 
LOG (gmm-latgen-faster[5.4.10~1-f629b]:DecodeUtteranceLatticeFaster():decoder-wrappers.cc:286) Log-like per frame for utterance phase1-Ky-3 is -9.85007 over 224 frames.
phase1-Ky-4 mo86t 
LOG (gmm-latgen-faster[5.4.10~1-f629b]:DecodeUtteranceLatticeFaster():decoder-wrappers.cc:286) Log-like per frame for utterance phase1-Ky-4 is -10.044 over 261 frames.
phase1-Ky-5 ba <UNK> 
LOG (gmm-latgen-faster[5.4.10~1-f629b]:DecodeUtteranceLatticeFaster():decoder-wrappers.cc:286) Log-like per frame for utterance phase1-Ky-5 is -10.3006 over 231 frames.
phase1-Ky-6 <UNK> ba <UNK> 
LOG (gmm-latgen-faster[5.4.10~1-f629b]:DecodeUtteranceLatticeFaster():decoder-wrappers.cc:286) Log-like per frame for utterance phase1-Ky-6 is -10.9308 over 203 frames.
phase1-Ky-7 <UNK> hai <UNK> 
LOG (gmm-latgen-faster[5.4.10~1-f629b]:DecodeUtteranceLatticeFaster():decoder-wrappers.cc:286) Log-like per frame for utterance phase1-Ky-7 is -10.4743 over 235 frames.
phase1-Ky-8 <UNK> mo86t 
LOG (gmm-latgen-faster[5.4.10~1-f629b]:DecodeUtteranceLatticeFaster():decoder-wrappers.cc:286) Log-like per frame for utterance phase1-Ky-8 is -10.1716 over 251 frames.
phase1-Ky-9 ba 
LOG (gmm-latgen-faster[5.4.10~1-f629b]:DecodeUtteranceLatticeFaster():decoder-wrappers.cc:286) Log-like per frame for utterance phase1-Ky-9 is -10.12 over 258 frames.
phase10-Ky-1 <UNK> sa5u 
LOG (gmm-latgen-faster[5.4.10~1-f629b]:DecodeUtteranceLatticeFaster():decoder-wrappers.cc:286) Log-like per frame for utterance phase10-Ky-1 is -10.1297 over 251 frames.
phase10-Ky-2 ba <UNK> 
LOG (gmm-latgen-faster[5.4.10~1-f629b]:DecodeUtteranceLatticeFaster():decoder-wrappers.cc:286) Log-like per frame for utterance phase10-Ky-2 is -10.3466 over 238 frames.
phase10-Ky-3 chi5n <UNK> <UNK> 
LOG (gmm-latgen-faster[5.4.10~1-f629b]:DecodeUtteranceLatticeFaster():decoder-wrappers.cc:286) Log-like per frame for utterance phase10-Ky-3 is -10.1273 over 275 frames.
phase10-Ky-4 <UNK> na7m 
LOG (gmm-latgen-faster[5.4.10~1-f629b]:DecodeUtteranceLatticeFaster():decoder-wrappers.cc:286) Log-like per frame for utterance phase10-Ky-4 is -10.1385 over 251 frames.
phase10-Ky-5 <UNK> chi5n 
LOG (gmm-latgen-faster[5.4.10~1-f629b]:DecodeUtteranceLatticeFaster():decoder-wrappers.cc:286) Log-like per frame for utterance phase10-Ky-5 is -10.1868 over 221 frames.
phase10-Ky-6 <UNK> na7m <UNK> 
LOG (gmm-latgen-faster[5.4.10~1-f629b]:DecodeUtteranceLatticeFaster():decoder-wrappers.cc:286) Log-like per frame for utterance phase10-Ky-6 is -10.702 over 238 frames.
phase10-Ky-7 chi5n <UNK> 
LOG (gmm-latgen-faster[5.4.10~1-f629b]:DecodeUtteranceLatticeFaster():decoder-wrappers.cc:286) Log-like per frame for utterance phase10-Ky-7 is -9.86473 over 261 frames.
phase10-Ky-8 <UNK> sa5u 
LOG (gmm-latgen-faster[5.4.10~1-f629b]:DecodeUtteranceLatticeFaster():decoder-wrappers.cc:286) Log-like per frame for utterance phase10-Ky-8 is -10.6686 over 275 frames.
phase10-Ky-9 ba4y <UNK> 
LOG (gmm-latgen-faster[5.4.10~1-f629b]:DecodeUtteranceLatticeFaster():decoder-wrappers.cc:286) Log-like per frame for utterance phase10-Ky-9 is -10.2983 over 254 frames.
phase2-Ky-1 <UNK> ba 
LOG (gmm-latgen-faster[5.4.10~1-f629b]:DecodeUtteranceLatticeFaster():decoder-wrappers.cc:286) Log-like per frame for utterance phase2-Ky-1 is -10.5123 over 233 frames.
phase2-Ky-2 <UNK> hai 
LOG (gmm-latgen-faster[5.4.10~1-f629b]:DecodeUtteranceLatticeFaster():decoder-wrappers.cc:286) Log-like per frame for utterance phase2-Ky-2 is -10.5567 over 214 frames.
phase2-Ky-3 <UNK> mo86t 
LOG (gmm-latgen-faster[5.4.10~1-f629b]:DecodeUtteranceLatticeFaster():decoder-wrappers.cc:286) Log-like per frame for utterance phase2-Ky-3 is -10.6875 over 219 frames.
phase2-Ky-4 <UNK> mo86t <UNK> 
LOG (gmm-latgen-faster[5.4.10~1-f629b]:DecodeUtteranceLatticeFaster():decoder-wrappers.cc:286) Log-like per frame for utterance phase2-Ky-4 is -10.745 over 224 frames.
phase2-Ky-5 ba 
LOG (gmm-latgen-faster[5.4.10~1-f629b]:DecodeUtteranceLatticeFaster():decoder-wrappers.cc:286) Log-like per frame for utterance phase2-Ky-5 is -10.177 over 247 frames.
phase2-Ky-6 hai 
LOG (gmm-latgen-faster[5.4.10~1-f629b]:DecodeUtteranceLatticeFaster():decoder-wrappers.cc:286) Log-like per frame for utterance phase2-Ky-6 is -10.3642 over 212 frames.
phase2-Ky-7 <UNK> ba 
LOG (gmm-latgen-faster[5.4.10~1-f629b]:DecodeUtteranceLatticeFaster():decoder-wrappers.cc:286) Log-like per frame for utterance phase2-Ky-7 is -10.397 over 228 frames.
phase2-Ky-8 <UNK> mo86t <UNK> 
LOG (gmm-latgen-faster[5.4.10~1-f629b]:DecodeUtteranceLatticeFaster():decoder-wrappers.cc:286) Log-like per frame for utterance phase2-Ky-8 is -10.2826 over 235 frames.
phase2-Ky-9 <UNK> hai 
LOG (gmm-latgen-faster[5.4.10~1-f629b]:DecodeUtteranceLatticeFaster():decoder-wrappers.cc:286) Log-like per frame for utterance phase2-Ky-9 is -10.2994 over 265 frames.
phase3-Ky-1 hai 
LOG (gmm-latgen-faster[5.4.10~1-f629b]:DecodeUtteranceLatticeFaster():decoder-wrappers.cc:286) Log-like per frame for utterance phase3-Ky-1 is -10.1602 over 231 frames.
phase3-Ky-2 <UNK> mo86t <UNK> 
LOG (gmm-latgen-faster[5.4.10~1-f629b]:DecodeUtteranceLatticeFaster():decoder-wrappers.cc:286) Log-like per frame for utterance phase3-Ky-2 is -10.7563 over 244 frames.
phase3-Ky-3 ba 
LOG (gmm-latgen-faster[5.4.10~1-f629b]:DecodeUtteranceLatticeFaster():decoder-wrappers.cc:286) Log-like per frame for utterance phase3-Ky-3 is -10.143 over 238 frames.
phase3-Ky-4 ba 
LOG (gmm-latgen-faster[5.4.10~1-f629b]:DecodeUtteranceLatticeFaster():decoder-wrappers.cc:286) Log-like per frame for utterance phase3-Ky-4 is -10.0865 over 249 frames.
phase3-Ky-5 <UNK> na7m <UNK> 
LOG (gmm-latgen-faster[5.4.10~1-f629b]:DecodeUtteranceLatticeFaster():decoder-wrappers.cc:286) Log-like per frame for utterance phase3-Ky-5 is -11.11 over 228 frames.
phase3-Ky-6 hai <UNK> 
LOG (gmm-latgen-faster[5.4.10~1-f629b]:DecodeUtteranceLatticeFaster():decoder-wrappers.cc:286) Log-like per frame for utterance phase3-Ky-6 is -10.4674 over 240 frames.
phase3-Ky-7 mo86t <UNK> 
LOG (gmm-latgen-faster[5.4.10~1-f629b]:DecodeUtteranceLatticeFaster():decoder-wrappers.cc:286) Log-like per frame for utterance phase3-Ky-7 is -10.3245 over 247 frames.
phase3-Ky-8 ba 
LOG (gmm-latgen-faster[5.4.10~1-f629b]:DecodeUtteranceLatticeFaster():decoder-wrappers.cc:286) Log-like per frame for utterance phase3-Ky-8 is -9.8634 over 233 frames.
phase3-Ky-9 mo86t <UNK> 
LOG (gmm-latgen-faster[5.4.10~1-f629b]:DecodeUtteranceLatticeFaster():decoder-wrappers.cc:286) Log-like per frame for utterance phase3-Ky-9 is -10.4972 over 221 frames.
phase4-Ky-1 <UNK> bo85n <UNK> 
LOG (gmm-latgen-faster[5.4.10~1-f629b]:DecodeUtteranceLatticeFaster():decoder-wrappers.cc:286) Log-like per frame for utterance phase4-Ky-1 is -10.7577 over 240 frames.
phase4-Ky-2 hai <UNK> 
LOG (gmm-latgen-faster[5.4.10~1-f629b]:DecodeUtteranceLatticeFaster():decoder-wrappers.cc:286) Log-like per frame for utterance phase4-Ky-2 is -10.5176 over 233 frames.
phase4-Ky-3 <UNK> ba 
LOG (gmm-latgen-faster[5.4.10~1-f629b]:DecodeUtteranceLatticeFaster():decoder-wrappers.cc:286) Log-like per frame for utterance phase4-Ky-3 is -10.1566 over 217 frames.
phase4-Ky-4 ba <UNK> <UNK> 
LOG (gmm-latgen-faster[5.4.10~1-f629b]:DecodeUtteranceLatticeFaster():decoder-wrappers.cc:286) Log-like per frame for utterance phase4-Ky-4 is -10.8619 over 233 frames.
phase4-Ky-5 chi5n 
LOG (gmm-latgen-faster[5.4.10~1-f629b]:DecodeUtteranceLatticeFaster():decoder-wrappers.cc:286) Log-like per frame for utterance phase4-Ky-5 is -9.71426 over 235 frames.
phase4-Ky-6 <UNK> ta5m <UNK> 
LOG (gmm-latgen-faster[5.4.10~1-f629b]:DecodeUtteranceLatticeFaster():decoder-wrappers.cc:286) Log-like per frame for utterance phase4-Ky-6 is -10.1385 over 270 frames.
phase4-Ky-7 sa5u <UNK> 
LOG (gmm-latgen-faster[5.4.10~1-f629b]:DecodeUtteranceLatticeFaster():decoder-wrappers.cc:286) Log-like per frame for utterance phase4-Ky-7 is -10.4776 over 282 frames.
phase4-Ky-8 ba4y <UNK> 
LOG (gmm-latgen-faster[5.4.10~1-f629b]:DecodeUtteranceLatticeFaster():decoder-wrappers.cc:286) Log-like per frame for utterance phase4-Ky-8 is -10.169 over 235 frames.
phase4-Ky-9 hai 
LOG (gmm-latgen-faster[5.4.10~1-f629b]:DecodeUtteranceLatticeFaster():decoder-wrappers.cc:286) Log-like per frame for utterance phase4-Ky-9 is -10.1445 over 240 frames.
phase5-Ky-1 <UNK> <UNK> ta5m <UNK> <UNK> 
LOG (gmm-latgen-faster[5.4.10~1-f629b]:DecodeUtteranceLatticeFaster():decoder-wrappers.cc:286) Log-like per frame for utterance phase5-Ky-1 is -10.5184 over 275 frames.
phase5-Ky-2 chi5n <UNK> <UNK> <UNK> <UNK> 
LOG (gmm-latgen-faster[5.4.10~1-f629b]:DecodeUtteranceLatticeFaster():decoder-wrappers.cc:286) Log-like per frame for utterance phase5-Ky-2 is -10.2832 over 240 frames.
phase5-Ky-3 <UNK> <UNK> na7m <UNK> 
LOG (gmm-latgen-faster[5.4.10~1-f629b]:DecodeUtteranceLatticeFaster():decoder-wrappers.cc:286) Log-like per frame for utterance phase5-Ky-3 is -10.7056 over 233 frames.
phase5-Ky-4 bo85n 
LOG (gmm-latgen-faster[5.4.10~1-f629b]:DecodeUtteranceLatticeFaster():decoder-wrappers.cc:286) Log-like per frame for utterance phase5-Ky-4 is -10.127 over 235 frames.
phase5-Ky-5 <UNK> ba4y <UNK> <UNK> 
LOG (gmm-latgen-faster[5.4.10~1-f629b]:DecodeUtteranceLatticeFaster():decoder-wrappers.cc:286) Log-like per frame for utterance phase5-Ky-5 is -10.3047 over 270 frames.
phase5-Ky-6 <UNK> na7m <UNK> 
LOG (gmm-latgen-faster[5.4.10~1-f629b]:DecodeUtteranceLatticeFaster():decoder-wrappers.cc:286) Log-like per frame for utterance phase5-Ky-6 is -10.2613 over 275 frames.
phase5-Ky-7 ta5m 
LOG (gmm-latgen-faster[5.4.10~1-f629b]:DecodeUtteranceLatticeFaster():decoder-wrappers.cc:286) Log-like per frame for utterance phase5-Ky-7 is -10.3776 over 284 frames.
phase5-Ky-8 sa5u 
LOG (gmm-latgen-faster[5.4.10~1-f629b]:DecodeUtteranceLatticeFaster():decoder-wrappers.cc:286) Log-like per frame for utterance phase5-Ky-8 is -10.8264 over 263 frames.
phase5-Ky-9 <UNK> bo85n <UNK> 
LOG (gmm-latgen-faster[5.4.10~1-f629b]:DecodeUtteranceLatticeFaster():decoder-wrappers.cc:286) Log-like per frame for utterance phase5-Ky-9 is -10.2288 over 279 frames.
phase6-Ky-1 bo85n <UNK> 
LOG (gmm-latgen-faster[5.4.10~1-f629b]:DecodeUtteranceLatticeFaster():decoder-wrappers.cc:286) Log-like per frame for utterance phase6-Ky-1 is -10.372 over 244 frames.
phase6-Ky-2 na7m <UNK> 
LOG (gmm-latgen-faster[5.4.10~1-f629b]:DecodeUtteranceLatticeFaster():decoder-wrappers.cc:286) Log-like per frame for utterance phase6-Ky-2 is -10.4962 over 261 frames.
phase6-Ky-3 <UNK> chi5n <UNK> 
LOG (gmm-latgen-faster[5.4.10~1-f629b]:DecodeUtteranceLatticeFaster():decoder-wrappers.cc:286) Log-like per frame for utterance phase6-Ky-3 is -10.1616 over 289 frames.
phase6-Ky-4 bo85n <UNK> 
LOG (gmm-latgen-faster[5.4.10~1-f629b]:DecodeUtteranceLatticeFaster():decoder-wrappers.cc:286) Log-like per frame for utterance phase6-Ky-4 is -10.1489 over 258 frames.
phase6-Ky-5 bo85n <UNK> 
LOG (gmm-latgen-faster[5.4.10~1-f629b]:DecodeUtteranceLatticeFaster():decoder-wrappers.cc:286) Log-like per frame for utterance phase6-Ky-5 is -10.5705 over 247 frames.
phase6-Ky-6 <UNK> <UNK> na7m <UNK> 
LOG (gmm-latgen-faster[5.4.10~1-f629b]:DecodeUtteranceLatticeFaster():decoder-wrappers.cc:286) Log-like per frame for utterance phase6-Ky-6 is -10.5356 over 256 frames.
phase6-Ky-7 ta5m 
LOG (gmm-latgen-faster[5.4.10~1-f629b]:DecodeUtteranceLatticeFaster():decoder-wrappers.cc:286) Log-like per frame for utterance phase6-Ky-7 is -10.1708 over 247 frames.
phase6-Ky-8 sa5u <UNK> 
LOG (gmm-latgen-faster[5.4.10~1-f629b]:DecodeUtteranceLatticeFaster():decoder-wrappers.cc:286) Log-like per frame for utterance phase6-Ky-8 is -10.6917 over 240 frames.
phase6-Ky-9 <UNK> ba <UNK> <UNK> <UNK> 
LOG (gmm-latgen-faster[5.4.10~1-f629b]:DecodeUtteranceLatticeFaster():decoder-wrappers.cc:286) Log-like per frame for utterance phase6-Ky-9 is -10.4444 over 272 frames.
phase7-Ky-1 sa5u 
LOG (gmm-latgen-faster[5.4.10~1-f629b]:DecodeUtteranceLatticeFaster():decoder-wrappers.cc:286) Log-like per frame for utterance phase7-Ky-1 is -10.3189 over 217 frames.
phase7-Ky-2 <UNK> chi5n <UNK> <UNK> 
LOG (gmm-latgen-faster[5.4.10~1-f629b]:DecodeUtteranceLatticeFaster():decoder-wrappers.cc:286) Log-like per frame for utterance phase7-Ky-2 is -10.3954 over 258 frames.
phase7-Ky-3 <UNK> ta5m <UNK> 
LOG (gmm-latgen-faster[5.4.10~1-f629b]:DecodeUtteranceLatticeFaster():decoder-wrappers.cc:286) Log-like per frame for utterance phase7-Ky-3 is -10.3384 over 261 frames.
phase7-Ky-4 <UNK> na7m <UNK> <UNK> 
LOG (gmm-latgen-faster[5.4.10~1-f629b]:DecodeUtteranceLatticeFaster():decoder-wrappers.cc:286) Log-like per frame for utterance phase7-Ky-4 is -11.1956 over 258 frames.
phase7-Ky-5 sa5u <UNK> 
LOG (gmm-latgen-faster[5.4.10~1-f629b]:DecodeUtteranceLatticeFaster():decoder-wrappers.cc:286) Log-like per frame for utterance phase7-Ky-5 is -10.5822 over 247 frames.
phase7-Ky-6 ta5m <UNK> 
LOG (gmm-latgen-faster[5.4.10~1-f629b]:DecodeUtteranceLatticeFaster():decoder-wrappers.cc:286) Log-like per frame for utterance phase7-Ky-6 is -10.3774 over 247 frames.
phase7-Ky-7 sa5u <UNK> 
LOG (gmm-latgen-faster[5.4.10~1-f629b]:DecodeUtteranceLatticeFaster():decoder-wrappers.cc:286) Log-like per frame for utterance phase7-Ky-7 is -11.0121 over 226 frames.
phase7-Ky-8 <UNK> bo85n <UNK> 
LOG (gmm-latgen-faster[5.4.10~1-f629b]:DecodeUtteranceLatticeFaster():decoder-wrappers.cc:286) Log-like per frame for utterance phase7-Ky-8 is -10.3179 over 235 frames.
phase7-Ky-9 ba <UNK> <UNK> 
LOG (gmm-latgen-faster[5.4.10~1-f629b]:DecodeUtteranceLatticeFaster():decoder-wrappers.cc:286) Log-like per frame for utterance phase7-Ky-9 is -10.3149 over 275 frames.
phase8-Ky-1 <UNK> na7m <UNK> 
LOG (gmm-latgen-faster[5.4.10~1-f629b]:DecodeUtteranceLatticeFaster():decoder-wrappers.cc:286) Log-like per frame for utterance phase8-Ky-1 is -10.3262 over 235 frames.
phase8-Ky-2 chi5n <UNK> 
LOG (gmm-latgen-faster[5.4.10~1-f629b]:DecodeUtteranceLatticeFaster():decoder-wrappers.cc:286) Log-like per frame for utterance phase8-Ky-2 is -10.1399 over 298 frames.
phase8-Ky-3 bo85n 
LOG (gmm-latgen-faster[5.4.10~1-f629b]:DecodeUtteranceLatticeFaster():decoder-wrappers.cc:286) Log-like per frame for utterance phase8-Ky-3 is -10.2266 over 263 frames.
phase8-Ky-4 na7m <UNK> 
LOG (gmm-latgen-faster[5.4.10~1-f629b]:DecodeUtteranceLatticeFaster():decoder-wrappers.cc:286) Log-like per frame for utterance phase8-Ky-4 is -10.9247 over 263 frames.
phase8-Ky-5 chi5n <UNK> 
LOG (gmm-latgen-faster[5.4.10~1-f629b]:DecodeUtteranceLatticeFaster():decoder-wrappers.cc:286) Log-like per frame for utterance phase8-Ky-5 is -10.1339 over 263 frames.
phase8-Ky-6 ba <UNK> 
LOG (gmm-latgen-faster[5.4.10~1-f629b]:DecodeUtteranceLatticeFaster():decoder-wrappers.cc:286) Log-like per frame for utterance phase8-Ky-6 is -10.3323 over 258 frames.
phase8-Ky-7 sa5u <UNK> 
LOG (gmm-latgen-faster[5.4.10~1-f629b]:DecodeUtteranceLatticeFaster():decoder-wrappers.cc:286) Log-like per frame for utterance phase8-Ky-7 is -10.1783 over 231 frames.
phase8-Ky-8 ta5m <UNK> 
LOG (gmm-latgen-faster[5.4.10~1-f629b]:DecodeUtteranceLatticeFaster():decoder-wrappers.cc:286) Log-like per frame for utterance phase8-Ky-8 is -10.0052 over 272 frames.
phase8-Ky-9 ba <UNK> <UNK> 
LOG (gmm-latgen-faster[5.4.10~1-f629b]:DecodeUtteranceLatticeFaster():decoder-wrappers.cc:286) Log-like per frame for utterance phase8-Ky-9 is -10.7303 over 251 frames.
phase9-Ky-1 ta5m <UNK> 
LOG (gmm-latgen-faster[5.4.10~1-f629b]:DecodeUtteranceLatticeFaster():decoder-wrappers.cc:286) Log-like per frame for utterance phase9-Ky-1 is -10.2719 over 256 frames.
phase9-Ky-2 bo85n <UNK> 
LOG (gmm-latgen-faster[5.4.10~1-f629b]:DecodeUtteranceLatticeFaster():decoder-wrappers.cc:286) Log-like per frame for utterance phase9-Ky-2 is -10.6345 over 238 frames.
phase9-Ky-3 ba <UNK> <UNK> 
LOG (gmm-latgen-faster[5.4.10~1-f629b]:DecodeUtteranceLatticeFaster():decoder-wrappers.cc:286) Log-like per frame for utterance phase9-Ky-3 is -10.3081 over 240 frames.
phase9-Ky-4 <UNK> na7m <UNK> 
LOG (gmm-latgen-faster[5.4.10~1-f629b]:DecodeUtteranceLatticeFaster():decoder-wrappers.cc:286) Log-like per frame for utterance phase9-Ky-4 is -10.8383 over 282 frames.
LOG (apply-cmvn[5.4.10~1-f629b]:main():apply-cmvn.cc:162) Applied cepstral mean normalization to 90 utterances, errors on 0
phase9-Ky-5 chi5n <UNK> 
LOG (gmm-latgen-faster[5.4.10~1-f629b]:DecodeUtteranceLatticeFaster():decoder-wrappers.cc:286) Log-like per frame for utterance phase9-Ky-5 is -10.5475 over 249 frames.
phase9-Ky-6 bo85n <UNK> <UNK> 
LOG (gmm-latgen-faster[5.4.10~1-f629b]:DecodeUtteranceLatticeFaster():decoder-wrappers.cc:286) Log-like per frame for utterance phase9-Ky-6 is -10.6861 over 261 frames.
phase9-Ky-7 ta5m 
LOG (gmm-latgen-faster[5.4.10~1-f629b]:DecodeUtteranceLatticeFaster():decoder-wrappers.cc:286) Log-like per frame for utterance phase9-Ky-7 is -10.071 over 275 frames.
phase9-Ky-8 sa5u <UNK> 
LOG (gmm-latgen-faster[5.4.10~1-f629b]:DecodeUtteranceLatticeFaster():decoder-wrappers.cc:286) Log-like per frame for utterance phase9-Ky-8 is -10.3943 over 235 frames.
phase9-Ky-9 ta5m <UNK> <UNK> <UNK> 
LOG (gmm-latgen-faster[5.4.10~1-f629b]:DecodeUtteranceLatticeFaster():decoder-wrappers.cc:286) Log-like per frame for utterance phase9-Ky-9 is -10.5444 over 238 frames.
LOG (gmm-latgen-faster[5.4.10~1-f629b]:main():gmm-latgen-faster.cc:176) Time taken 47.7676s: real-time factor assuming 100 frames/sec is 0.213964
LOG (gmm-latgen-faster[5.4.10~1-f629b]:main():gmm-latgen-faster.cc:179) Done 90 utterances, failed for 0
LOG (gmm-latgen-faster[5.4.10~1-f629b]:main():gmm-latgen-faster.cc:181) Overall log-likelihood per frame is -10.3814 over 22325 frames.
# Accounting: time=48 threads=1
# Ended (code 0) at Sat Mar 31 17:16:43 +07 2018, elapsed time 48 seconds
