# lattice-scale --inv-acoustic-scale=15 "ark:gunzip -c exp/tri1/decode/lat.*.gz|" ark:- | lattice-add-penalty --word-ins-penalty=0.5 ark:- ark:- | lattice-best-path --word-symbol-table=exp/tri1/graph/words.txt ark:- ark,t:- | utils/int2sym.pl -f 2- exp/tri1/graph/words.txt | local/wer_hyp_filter > exp/tri1/decode/scoring_kaldi/penalty_0.5/15.txt 
# Started at Sun Apr 29 13:55:41 +07 2018
#
lattice-scale --inv-acoustic-scale=15 'ark:gunzip -c exp/tri1/decode/lat.*.gz|' ark:- 
lattice-best-path --word-symbol-table=exp/tri1/graph/words.txt ark:- ark,t:- 
lattice-add-penalty --word-ins-penalty=0.5 ark:- ark:- 
LOG (lattice-best-path[5.4.10~1-f629b]:main():lattice-best-path.cc:99) For utterance dinhky-phase1-1, best cost 19.2906 + 318.156 = 337.446 over 252 frames.
dinhky-phase1-1 mo86t 
LOG (lattice-best-path[5.4.10~1-f629b]:main():lattice-best-path.cc:99) For utterance dinhky-phase1-2, best cost 13.8422 + 318.713 = 332.555 over 254 frames.
dinhky-phase1-2 hai 
LOG (lattice-best-path[5.4.10~1-f629b]:main():lattice-best-path.cc:99) For utterance dinhky-phase1-3, best cost 16.1328 + 250.042 = 266.174 over 224 frames.
dinhky-phase1-3 ba 
LOG (lattice-best-path[5.4.10~1-f629b]:main():lattice-best-path.cc:99) For utterance dinhky-phase1-4, best cost 14.9293 + 318.166 = 333.096 over 261 frames.
dinhky-phase1-4 mo86t 
LOG (lattice-best-path[5.4.10~1-f629b]:main():lattice-best-path.cc:99) For utterance dinhky-phase1-5, best cost 18.6788 + 284.483 = 303.162 over 231 frames.
dinhky-phase1-5 ba 
LOG (lattice-best-path[5.4.10~1-f629b]:main():lattice-best-path.cc:99) For utterance dinhky-phase1-6, best cost 14.87 + 293.435 = 308.305 over 203 frames.
dinhky-phase1-6 hai 
LOG (lattice-best-path[5.4.10~1-f629b]:main():lattice-best-path.cc:99) For utterance dinhky-phase1-7, best cost 14.9015 + 312.47 = 327.372 over 236 frames.
dinhky-phase1-7 hai 
LOG (lattice-best-path[5.4.10~1-f629b]:main():lattice-best-path.cc:99) For utterance dinhky-phase1-8, best cost 18.8084 + 301.802 = 320.611 over 252 frames.
dinhky-phase1-8 mo86t 
LOG (lattice-best-path[5.4.10~1-f629b]:main():lattice-best-path.cc:99) For utterance dinhky-phase1-9, best cost 17.9924 + 313.236 = 331.229 over 259 frames.
dinhky-phase1-9 ba 
LOG (lattice-best-path[5.4.10~1-f629b]:main():lattice-best-path.cc:99) For utterance dinhky-phase10-1, best cost 16.0985 + 297.4 = 313.499 over 252 frames.
dinhky-phase10-1 sa5u 
LOG (lattice-best-path[5.4.10~1-f629b]:main():lattice-best-path.cc:99) For utterance dinhky-phase10-2, best cost 17.9379 + 286.718 = 304.656 over 238 frames.
dinhky-phase10-2 ba4y 
LOG (lattice-best-path[5.4.10~1-f629b]:main():lattice-best-path.cc:99) For utterance dinhky-phase10-3, best cost 15.6748 + 331.027 = 346.702 over 275 frames.
dinhky-phase10-3 chi5n 
LOG (lattice-best-path[5.4.10~1-f629b]:main():lattice-best-path.cc:99) For utterance dinhky-phase10-4, best cost 17.2875 + 290.819 = 308.106 over 252 frames.
dinhky-phase10-4 na7m 
LOG (lattice-best-path[5.4.10~1-f629b]:main():lattice-best-path.cc:99) For utterance dinhky-phase10-5, best cost 19.0334 + 260.111 = 279.144 over 222 frames.
dinhky-phase10-5 chi5n 
LOG (lattice-best-path[5.4.10~1-f629b]:main():lattice-best-path.cc:99) For utterance dinhky-phase10-6, best cost 17.5346 + 308.134 = 325.668 over 238 frames.
dinhky-phase10-6 na7m 
LOG (lattice-best-path[5.4.10~1-f629b]:main():lattice-best-path.cc:99) For utterance dinhky-phase10-7, best cost 17.0869 + 305.684 = 322.771 over 261 frames.
dinhky-phase10-7 chi5n 
LOG (lattice-best-path[5.4.10~1-f629b]:main():lattice-best-path.cc:99) For utterance dinhky-phase10-8, best cost 16.613 + 384.056 = 400.669 over 275 frames.
dinhky-phase10-8 sa5u 
LOG (lattice-best-path[5.4.10~1-f629b]:main():lattice-best-path.cc:99) For utterance dinhky-phase10-9, best cost 19.4013 + 298.161 = 317.562 over 254 frames.
dinhky-phase10-9 ba4y 
LOG (lattice-best-path[5.4.10~1-f629b]:main():lattice-best-path.cc:99) For utterance dinhky-phase11-1, best cost 20.7069 + 337.385 = 358.092 over 247 frames.
dinhky-phase11-1 na7m ba4y 
LOG (lattice-best-path[5.4.10~1-f629b]:main():lattice-best-path.cc:99) For utterance dinhky-phase11-2, best cost 16.0218 + 341.43 = 357.452 over 280 frames.
dinhky-phase11-2 mo86t 
LOG (lattice-best-path[5.4.10~1-f629b]:main():lattice-best-path.cc:99) For utterance dinhky-phase11-3, best cost 16.2844 + 350.435 = 366.72 over 264 frames.
dinhky-phase11-3 na7m 
LOG (lattice-best-path[5.4.10~1-f629b]:main():lattice-best-path.cc:99) For utterance dinhky-phase11-4, best cost 19.3303 + 287.503 = 306.834 over 226 frames.
dinhky-phase11-4 ba4y 
LOG (lattice-best-path[5.4.10~1-f629b]:main():lattice-best-path.cc:99) For utterance dinhky-phase11-5, best cost 14.8831 + 320.579 = 335.463 over 259 frames.
dinhky-phase11-5 chi5n 
LOG (lattice-best-path[5.4.10~1-f629b]:main():lattice-best-path.cc:99) For utterance dinhky-phase11-6, best cost 24.0258 + 485.025 = 509.051 over 356 frames.
dinhky-phase11-6 sa5u <UNK> 
LOG (lattice-best-path[5.4.10~1-f629b]:main():lattice-best-path.cc:99) For utterance dinhky-phase11-7, best cost 17.6046 + 328.312 = 345.917 over 271 frames.
dinhky-phase11-7 hai 
LOG (lattice-best-path[5.4.10~1-f629b]:main():lattice-best-path.cc:99) For utterance dinhky-phase11-8, best cost 18.1738 + 405.971 = 424.145 over 301 frames.
dinhky-phase11-8 bo85n 
LOG (lattice-best-path[5.4.10~1-f629b]:main():lattice-best-path.cc:99) For utterance dinhky-phase11-9, best cost 15.0229 + 285.954 = 300.977 over 240 frames.
dinhky-phase11-9 ta5m 
LOG (lattice-best-path[5.4.10~1-f629b]:main():lattice-best-path.cc:99) For utterance dinhky-phase12-1, best cost 18.0204 + 346.955 = 364.975 over 282 frames.
dinhky-phase12-1 hai 
LOG (lattice-best-path[5.4.10~1-f629b]:main():lattice-best-path.cc:99) For utterance dinhky-phase12-2, best cost 28.1927 + 439.436 = 467.629 over 287 frames.
dinhky-phase12-2 na7m ba <UNK> 
LOG (lattice-best-path[5.4.10~1-f629b]:main():lattice-best-path.cc:99) For utterance dinhky-phase12-3, best cost 15.3177 + 332.13 = 347.448 over 282 frames.
dinhky-phase12-3 chi5n 
LOG (lattice-best-path[5.4.10~1-f629b]:main():lattice-best-path.cc:99) For utterance dinhky-phase12-4, best cost 17.45 + 326.506 = 343.956 over 250 frames.
dinhky-phase12-4 sa5u 
LOG (lattice-best-path[5.4.10~1-f629b]:main():lattice-best-path.cc:99) For utterance dinhky-phase12-5, best cost 19.4142 + 329.075 = 348.49 over 261 frames.
dinhky-phase12-5 hai 
LOG (lattice-best-path[5.4.10~1-f629b]:main():lattice-best-path.cc:99) For utterance dinhky-phase12-6, best cost 15.3469 + 321.074 = 336.421 over 275 frames.
dinhky-phase12-6 ta5m 
LOG (lattice-best-path[5.4.10~1-f629b]:main():lattice-best-path.cc:99) For utterance dinhky-phase12-7, best cost 17.9472 + 356.191 = 374.139 over 294 frames.
dinhky-phase12-7 bo85n 
LOG (lattice-best-path[5.4.10~1-f629b]:main():lattice-best-path.cc:99) For utterance dinhky-phase12-8, best cost 20.0598 + 371.079 = 391.139 over 305 frames.
dinhky-phase12-8 mo86t 
LOG (lattice-best-path[5.4.10~1-f629b]:main():lattice-best-path.cc:99) For utterance dinhky-phase12-9, best cost 12.1175 + 309.375 = 321.492 over 240 frames.
dinhky-phase12-9 na7m 
LOG (lattice-best-path[5.4.10~1-f629b]:main():lattice-best-path.cc:99) For utterance dinhky-phase13-1, best cost 26.9864 + 374.576 = 401.562 over 217 frames.
dinhky-phase13-1 na7m chi5n ta5m 
LOG (lattice-best-path[5.4.10~1-f629b]:main():lattice-best-path.cc:99) For utterance dinhky-phase13-2, best cost 17.3168 + 349.9 = 367.217 over 282 frames.
dinhky-phase13-2 hai 
LOG (lattice-best-path[5.4.10~1-f629b]:main():lattice-best-path.cc:99) For utterance dinhky-phase13-3, best cost 24.1149 + 457.997 = 482.112 over 343 frames.
dinhky-phase13-3 mo86t 
LOG (lattice-best-path[5.4.10~1-f629b]:main():lattice-best-path.cc:99) For utterance dinhky-phase13-4, best cost 14.494 + 343.483 = 357.977 over 298 frames.
dinhky-phase13-4 ta5m 
LOG (lattice-best-path[5.4.10~1-f629b]:main():lattice-best-path.cc:99) For utterance dinhky-phase13-5, best cost 19.5026 + 311.054 = 330.557 over 240 frames.
dinhky-phase13-5 sa5u 
LOG (lattice-best-path[5.4.10~1-f629b]:main():lattice-best-path.cc:99) For utterance dinhky-phase13-6, best cost 17.7154 + 330.333 = 348.048 over 275 frames.
dinhky-phase13-6 hai 
LOG (lattice-best-path[5.4.10~1-f629b]:main():lattice-best-path.cc:99) For utterance dinhky-phase13-7, best cost 18.2094 + 351.9 = 370.11 over 261 frames.
dinhky-phase13-7 ba4y 
LOG (lattice-best-path[5.4.10~1-f629b]:main():lattice-best-path.cc:99) For utterance dinhky-phase13-8, best cost 15.7439 + 380.723 = 396.467 over 319 frames.
dinhky-phase13-8 chi5n 
LOG (lattice-best-path[5.4.10~1-f629b]:main():lattice-best-path.cc:99) For utterance dinhky-phase13-9, best cost 13.9504 + 306.358 = 320.308 over 268 frames.
dinhky-phase13-9 bo85n 
LOG (lattice-best-path[5.4.10~1-f629b]:main():lattice-best-path.cc:99) For utterance dinhky-phase14-1, best cost 18.0142 + 312.519 = 330.534 over 266 frames.
dinhky-phase14-1 chi5n 
LOG (lattice-best-path[5.4.10~1-f629b]:main():lattice-best-path.cc:99) For utterance dinhky-phase14-2, best cost 17.2228 + 310.05 = 327.273 over 254 frames.
dinhky-phase14-2 ta5m 
LOG (lattice-best-path[5.4.10~1-f629b]:main():lattice-best-path.cc:99) For utterance dinhky-phase14-3, best cost 15.2241 + 308.394 = 323.618 over 268 frames.
dinhky-phase14-3 ba4y 
LOG (lattice-best-path[5.4.10~1-f629b]:main():lattice-best-path.cc:99) For utterance dinhky-phase14-4, best cost 15.6499 + 317.479 = 333.128 over 257 frames.
dinhky-phase14-4 sa5u 
LOG (lattice-best-path[5.4.10~1-f629b]:main():lattice-best-path.cc:99) For utterance dinhky-phase14-5, best cost 20.2004 + 406.425 = 426.626 over 349 frames.
dinhky-phase14-5 hai 
LOG (lattice-best-path[5.4.10~1-f629b]:main():lattice-best-path.cc:99) For utterance dinhky-phase14-6, best cost 14.2246 + 354.916 = 369.14 over 271 frames.
dinhky-phase14-6 ba 
LOG (lattice-best-path[5.4.10~1-f629b]:main():lattice-best-path.cc:99) For utterance dinhky-phase14-7, best cost 17.9417 + 406.701 = 424.643 over 315 frames.
dinhky-phase14-7 mo86t 
LOG (lattice-best-path[5.4.10~1-f629b]:main():lattice-best-path.cc:99) For utterance dinhky-phase14-8, best cost 24.4941 + 424.041 = 448.535 over 296 frames.
dinhky-phase14-8 chi5n ta5m chi5n 
LOG (lattice-best-path[5.4.10~1-f629b]:main():lattice-best-path.cc:99) For utterance dinhky-phase14-9, best cost 15.3242 + 356.978 = 372.302 over 280 frames.
dinhky-phase14-9 bo85n 
LOG (lattice-best-path[5.4.10~1-f629b]:main():lattice-best-path.cc:99) For utterance dinhky-phase15-1, best cost 20.6386 + 386.952 = 407.591 over 324 frames.
dinhky-phase15-1 na7m ta5m 
LOG (lattice-best-path[5.4.10~1-f629b]:main():lattice-best-path.cc:99) For utterance dinhky-phase15-2, best cost 17.9177 + 355.592 = 373.51 over 275 frames.
dinhky-phase15-2 chi5n 
LOG (lattice-best-path[5.4.10~1-f629b]:main():lattice-best-path.cc:99) For utterance dinhky-phase15-3, best cost 17.2367 + 342.673 = 359.909 over 280 frames.
dinhky-phase15-3 hai 
LOG (lattice-best-path[5.4.10~1-f629b]:main():lattice-best-path.cc:99) For utterance dinhky-phase15-4, best cost 21.7784 + 404.275 = 426.053 over 308 frames.
dinhky-phase15-4 ba 
LOG (lattice-best-path[5.4.10~1-f629b]:main():lattice-best-path.cc:99) For utterance dinhky-phase15-5, best cost 14.7351 + 346.314 = 361.05 over 264 frames.
dinhky-phase15-5 na7m 
LOG (lattice-best-path[5.4.10~1-f629b]:main():lattice-best-path.cc:99) For utterance dinhky-phase15-6, best cost 21.7669 + 365.067 = 386.834 over 250 frames.
dinhky-phase15-6 ba4y 
LOG (lattice-best-path[5.4.10~1-f629b]:main():lattice-best-path.cc:99) For utterance dinhky-phase15-7, best cost 14.5766 + 302.582 = 317.159 over 247 frames.
dinhky-phase15-7 sa5u 
LOG (lattice-best-path[5.4.10~1-f629b]:main():lattice-best-path.cc:99) For utterance dinhky-phase15-8, best cost 18.0123 + 345.883 = 363.896 over 280 frames.
dinhky-phase15-8 bo85n 
LOG (lattice-best-path[5.4.10~1-f629b]:main():lattice-best-path.cc:99) For utterance dinhky-phase15-9, best cost 18.5372 + 378.978 = 397.515 over 291 frames.
dinhky-phase15-9 mo86t 
LOG (lattice-best-path[5.4.10~1-f629b]:main():lattice-best-path.cc:99) For utterance dinhky-phase2-1, best cost 13.8645 + 276.377 = 290.241 over 233 frames.
dinhky-phase2-1 ba 
LOG (lattice-best-path[5.4.10~1-f629b]:main():lattice-best-path.cc:99) For utterance dinhky-phase2-2, best cost 14.333 + 257.785 = 272.118 over 215 frames.
dinhky-phase2-2 hai 
LOG (lattice-best-path[5.4.10~1-f629b]:main():lattice-best-path.cc:99) For utterance dinhky-phase2-3, best cost 17.0366 + 311.917 = 328.953 over 219 frames.
dinhky-phase2-3 mo86t 
LOG (lattice-best-path[5.4.10~1-f629b]:main():lattice-best-path.cc:99) For utterance dinhky-phase2-4, best cost 14.9464 + 312.78 = 327.726 over 224 frames.
dinhky-phase2-4 mo86t 
LOG (lattice-best-path[5.4.10~1-f629b]:main():lattice-best-path.cc:99) For utterance dinhky-phase2-5, best cost 19.3778 + 293.381 = 312.759 over 247 frames.
dinhky-phase2-5 ba 
LOG (lattice-best-path[5.4.10~1-f629b]:main():lattice-best-path.cc:99) For utterance dinhky-phase2-6, best cost 14.2768 + 252.296 = 266.573 over 212 frames.
dinhky-phase2-6 hai 
LOG (lattice-best-path[5.4.10~1-f629b]:main():lattice-best-path.cc:99) For utterance dinhky-phase2-7, best cost 19.279 + 287.091 = 306.37 over 229 frames.
dinhky-phase2-7 ba 
LOG (lattice-best-path[5.4.10~1-f629b]:main():lattice-best-path.cc:99) For utterance dinhky-phase2-8, best cost 14.1733 + 294.66 = 308.833 over 236 frames.
dinhky-phase2-8 mo86t 
LOG (lattice-best-path[5.4.10~1-f629b]:main():lattice-best-path.cc:99) For utterance dinhky-phase2-9, best cost 17.3418 + 322.648 = 339.99 over 266 frames.
dinhky-phase2-9 hai 
LOG (lattice-best-path[5.4.10~1-f629b]:main():lattice-best-path.cc:99) For utterance dinhky-phase3-1, best cost 16.4513 + 295.393 = 311.845 over 231 frames.
dinhky-phase3-1 hai 
LOG (lattice-best-path[5.4.10~1-f629b]:main():lattice-best-path.cc:99) For utterance dinhky-phase3-2, best cost 15.5019 + 351.196 = 366.698 over 245 frames.
dinhky-phase3-2 mo86t 
LOG (lattice-best-path[5.4.10~1-f629b]:main():lattice-best-path.cc:99) For utterance dinhky-phase3-3, best cost 14.6986 + 281.226 = 295.925 over 238 frames.
dinhky-phase3-3 ba 
LOG (lattice-best-path[5.4.10~1-f629b]:main():lattice-best-path.cc:99) For utterance dinhky-phase3-4, best cost 16.2152 + 291.645 = 307.861 over 250 frames.
dinhky-phase3-4 ba 
LOG (lattice-best-path[5.4.10~1-f629b]:main():lattice-best-path.cc:99) For utterance dinhky-phase3-5, best cost 20.4737 + 337.504 = 357.978 over 229 frames.
dinhky-phase3-5 mo86t ta5m 
LOG (lattice-best-path[5.4.10~1-f629b]:main():lattice-best-path.cc:99) For utterance dinhky-phase3-6, best cost 16.5675 + 312.425 = 328.993 over 240 frames.
dinhky-phase3-6 hai 
LOG (lattice-best-path[5.4.10~1-f629b]:main():lattice-best-path.cc:99) For utterance dinhky-phase3-7, best cost 17.2716 + 309.518 = 326.79 over 247 frames.
dinhky-phase3-7 mo86t 
LOG (lattice-best-path[5.4.10~1-f629b]:main():lattice-best-path.cc:99) For utterance dinhky-phase3-8, best cost 16.9462 + 267.378 = 284.324 over 233 frames.
dinhky-phase3-8 ba 
LOG (lattice-best-path[5.4.10~1-f629b]:main():lattice-best-path.cc:99) For utterance dinhky-phase3-9, best cost 16.9237 + 275.236 = 292.159 over 222 frames.
dinhky-phase3-9 mo86t 
LOG (lattice-best-path[5.4.10~1-f629b]:main():lattice-best-path.cc:99) For utterance dinhky-phase4-1, best cost 22.5674 + 335.003 = 357.571 over 240 frames.
dinhky-phase4-1 bo85n 
LOG (lattice-best-path[5.4.10~1-f629b]:main():lattice-best-path.cc:99) For utterance dinhky-phase4-2, best cost 15.0541 + 307.039 = 322.093 over 233 frames.
dinhky-phase4-2 hai 
LOG (lattice-best-path[5.4.10~1-f629b]:main():lattice-best-path.cc:99) For utterance dinhky-phase4-3, best cost 14.593 + 261.222 = 275.815 over 217 frames.
dinhky-phase4-3 ba 
LOG (lattice-best-path[5.4.10~1-f629b]:main():lattice-best-path.cc:99) For utterance dinhky-phase4-4, best cost 22.2336 + 304.954 = 327.187 over 233 frames.
dinhky-phase4-4 ba4y 
LOG (lattice-best-path[5.4.10~1-f629b]:main():lattice-best-path.cc:99) For utterance dinhky-phase4-5, best cost 15.4994 + 277.328 = 292.827 over 236 frames.
dinhky-phase4-5 chi5n 
LOG (lattice-best-path[5.4.10~1-f629b]:main():lattice-best-path.cc:99) For utterance dinhky-phase4-6, best cost 17.172 + 321.759 = 338.931 over 271 frames.
dinhky-phase4-6 ta5m 
LOG (lattice-best-path[5.4.10~1-f629b]:main():lattice-best-path.cc:99) For utterance dinhky-phase4-7, best cost 20.5428 + 353.52 = 374.062 over 282 frames.
dinhky-phase4-7 sa5u 
LOG (lattice-best-path[5.4.10~1-f629b]:main():lattice-best-path.cc:99) For utterance dinhky-phase4-8, best cost 15.9326 + 276.531 = 292.463 over 236 frames.
dinhky-phase4-8 ba4y 
LOG (lattice-best-path[5.4.10~1-f629b]:main():lattice-best-path.cc:99) For utterance dinhky-phase4-9, best cost 15.5833 + 288.408 = 303.991 over 240 frames.
dinhky-phase4-9 hai 
LOG (lattice-best-path[5.4.10~1-f629b]:main():lattice-best-path.cc:99) For utterance dinhky-phase5-1, best cost 24.5608 + 357.266 = 381.826 over 275 frames.
dinhky-phase5-1 ta5m 
LOG (lattice-best-path[5.4.10~1-f629b]:main():lattice-best-path.cc:99) For utterance dinhky-phase5-2, best cost 12.5808 + 313.647 = 326.227 over 240 frames.
dinhky-phase5-2 chi5n 
LOG (lattice-best-path[5.4.10~1-f629b]:main():lattice-best-path.cc:99) For utterance dinhky-phase5-3, best cost 26.2742 + 325.054 = 351.328 over 233 frames.
dinhky-phase5-3 na7m chi5n 
LOG (lattice-best-path[5.4.10~1-f629b]:main():lattice-best-path.cc:99) For utterance dinhky-phase5-4, best cost 22.5204 + 288.361 = 310.881 over 236 frames.
dinhky-phase5-4 bo85n 
LOG (lattice-best-path[5.4.10~1-f629b]:main():lattice-best-path.cc:99) For utterance dinhky-phase5-5, best cost 20.8164 + 350.061 = 370.878 over 271 frames.
dinhky-phase5-5 ba4y 
LOG (lattice-best-path[5.4.10~1-f629b]:main():lattice-best-path.cc:99) For utterance dinhky-phase5-6, best cost 15.8114 + 328.405 = 344.217 over 275 frames.
dinhky-phase5-6 na7m 
LOG (lattice-best-path[5.4.10~1-f629b]:main():lattice-best-path.cc:99) For utterance dinhky-phase5-7, best cost 17.9089 + 346.036 = 363.945 over 284 frames.
dinhky-phase5-7 ta5m 
LOG (lattice-best-path[5.4.10~1-f629b]:main():lattice-best-path.cc:99) For utterance dinhky-phase5-8, best cost 22.4557 + 375.891 = 398.347 over 264 frames.
dinhky-phase5-8 sa5u 
LOG (lattice-best-path[5.4.10~1-f629b]:main():lattice-best-path.cc:99) For utterance dinhky-phase5-9, best cost 18.5812 + 338.972 = 357.553 over 280 frames.
dinhky-phase5-9 bo85n 
LOG (lattice-scale[5.4.10~1-f629b]:main():lattice-scale.cc:90) Done 135 lattices.
LOG (lattice-best-path[5.4.10~1-f629b]:main():lattice-best-path.cc:99) For utterance dinhky-phase6-1, best cost 20.543 + 302.257 = 322.8 over 245 frames.
dinhky-phase6-1 bo85n 
LOG (lattice-best-path[5.4.10~1-f629b]:main():lattice-best-path.cc:99) For utterance dinhky-phase6-2, best cost 17.2151 + 299.026 = 316.241 over 261 frames.
dinhky-phase6-2 na7m 
LOG (lattice-best-path[5.4.10~1-f629b]:main():lattice-best-path.cc:99) For utterance dinhky-phase6-3, best cost 19.8382 + 352.755 = 372.593 over 289 frames.
dinhky-phase6-3 chi5n 
LOG (lattice-best-path[5.4.10~1-f629b]:main():lattice-best-path.cc:99) For utterance dinhky-phase6-4, best cost 17.0741 + 304.453 = 321.527 over 259 frames.
dinhky-phase6-4 bo85n 
LOG (lattice-best-path[5.4.10~1-f629b]:main():lattice-best-path.cc:99) For utterance dinhky-phase6-5, best cost 17.6124 + 313.382 = 330.994 over 247 frames.
dinhky-phase6-5 bo85n 
LOG (lattice-best-path[5.4.10~1-f629b]:main():lattice-best-path.cc:99) For utterance dinhky-phase6-6, best cost 17.5996 + 319.801 = 337.401 over 257 frames.
dinhky-phase6-6 na7m 
LOG (lattice-best-path[5.4.10~1-f629b]:main():lattice-best-path.cc:99) For utterance dinhky-phase6-7, best cost 18.4217 + 323.524 = 341.946 over 247 frames.
dinhky-phase6-7 ta5m 
LOG (lattice-best-path[5.4.10~1-f629b]:main():lattice-best-path.cc:99) For utterance dinhky-phase6-8, best cost 18.2375 + 317.686 = 335.923 over 240 frames.
dinhky-phase6-8 sa5u 
LOG (lattice-best-path[5.4.10~1-f629b]:main():lattice-best-path.cc:99) For utterance dinhky-phase6-9, best cost 22.6751 + 339.483 = 362.158 over 273 frames.
dinhky-phase6-9 ba4y 
LOG (lattice-best-path[5.4.10~1-f629b]:main():lattice-best-path.cc:99) For utterance dinhky-phase7-1, best cost 15.4196 + 262.53 = 277.949 over 217 frames.
dinhky-phase7-1 sa5u 
LOG (lattice-best-path[5.4.10~1-f629b]:main():lattice-best-path.cc:99) For utterance dinhky-phase7-2, best cost 20.0208 + 345.856 = 365.877 over 259 frames.
dinhky-phase7-2 chi5n 
LOG (lattice-best-path[5.4.10~1-f629b]:main():lattice-best-path.cc:99) For utterance dinhky-phase7-3, best cost 19.3783 + 330.924 = 350.302 over 261 frames.
dinhky-phase7-3 ta5m 
LOG (lattice-best-path[5.4.10~1-f629b]:main():lattice-best-path.cc:99) For utterance dinhky-phase7-4, best cost 25.6298 + 426.753 = 452.383 over 259 frames.
dinhky-phase7-4 na7m chi5n 
LOG (lattice-best-path[5.4.10~1-f629b]:main():lattice-best-path.cc:99) For utterance dinhky-phase7-5, best cost 16.2472 + 314.873 = 331.12 over 247 frames.
dinhky-phase7-5 sa5u 
LOG (lattice-best-path[5.4.10~1-f629b]:main():lattice-best-path.cc:99) For utterance dinhky-phase7-6, best cost 18.0689 + 310.903 = 328.972 over 247 frames.
dinhky-phase7-6 ta5m 
LOG (lattice-best-path[5.4.10~1-f629b]:main():lattice-best-path.cc:99) For utterance dinhky-phase7-7, best cost 20.201 + 347.214 = 367.415 over 226 frames.
dinhky-phase7-7 sa5u 
LOG (lattice-best-path[5.4.10~1-f629b]:main():lattice-best-path.cc:99) For utterance dinhky-phase7-8, best cost 18.5059 + 299.213 = 317.719 over 236 frames.
dinhky-phase7-8 bo85n 
LOG (lattice-best-path[5.4.10~1-f629b]:main():lattice-best-path.cc:99) For utterance dinhky-phase7-9, best cost 22.0379 + 323.085 = 345.123 over 275 frames.
dinhky-phase7-9 ba4y 
LOG (lattice-add-penalty[5.4.10~1-f629b]:main():lattice-add-penalty.cc:62) Done adding word insertion penalty to 135 lattices.
LOG (lattice-best-path[5.4.10~1-f629b]:main():lattice-best-path.cc:99) For utterance dinhky-phase8-1, best cost 20.7778 + 279.132 = 299.91 over 236 frames.
dinhky-phase8-1 na7m 
LOG (lattice-best-path[5.4.10~1-f629b]:main():lattice-best-path.cc:99) For utterance dinhky-phase8-2, best cost 17.7306 + 353.779 = 371.509 over 298 frames.
dinhky-phase8-2 chi5n 
LOG (lattice-best-path[5.4.10~1-f629b]:main():lattice-best-path.cc:99) For utterance dinhky-phase8-3, best cost 19.9596 + 319.729 = 339.688 over 264 frames.
dinhky-phase8-3 bo85n 
LOG (lattice-best-path[5.4.10~1-f629b]:main():lattice-best-path.cc:99) For utterance dinhky-phase8-4, best cost 21.9863 + 406.24 = 428.226 over 264 frames.
dinhky-phase8-4 na7m 
LOG (lattice-best-path[5.4.10~1-f629b]:main():lattice-best-path.cc:99) For utterance dinhky-phase8-5, best cost 17.7496 + 316.837 = 334.586 over 264 frames.
dinhky-phase8-5 chi5n 
LOG (lattice-best-path[5.4.10~1-f629b]:main():lattice-best-path.cc:99) For utterance dinhky-phase8-6, best cost 21.6432 + 309.156 = 330.799 over 259 frames.
dinhky-phase8-6 ba4y 
LOG (lattice-best-path[5.4.10~1-f629b]:main():lattice-best-path.cc:99) For utterance dinhky-phase8-7, best cost 16.0006 + 292.04 = 308.04 over 231 frames.
dinhky-phase8-7 sa5u 
LOG (lattice-best-path[5.4.10~1-f629b]:main():lattice-best-path.cc:99) For utterance dinhky-phase8-8, best cost 17.7037 + 326.439 = 344.142 over 273 frames.
dinhky-phase8-8 ta5m 
LOG (lattice-best-path[5.4.10~1-f629b]:main():lattice-best-path.cc:99) For utterance dinhky-phase8-9, best cost 23.6368 + 338.168 = 361.804 over 252 frames.
dinhky-phase8-9 ba4y 
LOG (lattice-best-path[5.4.10~1-f629b]:main():lattice-best-path.cc:99) For utterance dinhky-phase9-1, best cost 17.6416 + 313.276 = 330.917 over 257 frames.
dinhky-phase9-1 ta5m 
LOG (lattice-best-path[5.4.10~1-f629b]:main():lattice-best-path.cc:99) For utterance dinhky-phase9-2, best cost 21.379 + 318.628 = 340.007 over 238 frames.
dinhky-phase9-2 bo85n 
LOG (lattice-best-path[5.4.10~1-f629b]:main():lattice-best-path.cc:99) For utterance dinhky-phase9-3, best cost 17.9437 + 282.693 = 300.637 over 240 frames.
dinhky-phase9-3 ba4y 
LOG (lattice-best-path[5.4.10~1-f629b]:main():lattice-best-path.cc:99) For utterance dinhky-phase9-4, best cost 22.7823 + 412.513 = 435.295 over 282 frames.
dinhky-phase9-4 na7m 
LOG (lattice-best-path[5.4.10~1-f629b]:main():lattice-best-path.cc:99) For utterance dinhky-phase9-5, best cost 21.9662 + 329.633 = 351.599 over 250 frames.
dinhky-phase9-5 chi5n 
LOG (lattice-best-path[5.4.10~1-f629b]:main():lattice-best-path.cc:99) For utterance dinhky-phase9-6, best cost 20.8729 + 361.076 = 381.949 over 261 frames.
dinhky-phase9-6 bo85n 
LOG (lattice-best-path[5.4.10~1-f629b]:main():lattice-best-path.cc:99) For utterance dinhky-phase9-7, best cost 19.6997 + 333.349 = 353.049 over 275 frames.
dinhky-phase9-7 ta5m 
LOG (lattice-best-path[5.4.10~1-f629b]:main():lattice-best-path.cc:99) For utterance dinhky-phase9-8, best cost 18.2355 + 308.274 = 326.509 over 236 frames.
dinhky-phase9-8 sa5u 
LOG (lattice-best-path[5.4.10~1-f629b]:main():lattice-best-path.cc:99) For utterance dinhky-phase9-9, best cost 20.6118 + 306.402 = 327.013 over 238 frames.
dinhky-phase9-9 ta5m 
LOG (lattice-best-path[5.4.10~1-f629b]:main():lattice-best-path.cc:124) Overall cost per frame is 1.33851 = 0.0706493 [graph] + 1.26786 [acoustic] over 34862 frames.
LOG (lattice-best-path[5.4.10~1-f629b]:main():lattice-best-path.cc:128) Done 135 lattices, failed for 0
# Accounting: time=1 threads=1
# Ended (code 0) at Sun Apr 29 13:55:42 +07 2018, elapsed time 1 seconds
