# lattice-scale --inv-acoustic-scale=12 "ark:gunzip -c exp/tri1/decode/lat.*.gz|" ark:- | lattice-add-penalty --word-ins-penalty=0.5 ark:- ark:- | lattice-best-path --word-symbol-table=exp/tri1/graph/words.txt ark:- ark,t:- | utils/int2sym.pl -f 2- exp/tri1/graph/words.txt | local/wer_hyp_filter > exp/tri1/decode/scoring_kaldi/penalty_0.5/12.txt 
# Started at Sun May  6 23:04:37 +07 2018
#
lattice-scale --inv-acoustic-scale=12 'ark:gunzip -c exp/tri1/decode/lat.*.gz|' ark:- 
lattice-add-penalty --word-ins-penalty=0.5 ark:- ark:- 
lattice-best-path --word-symbol-table=exp/tri1/graph/words.txt ark:- ark,t:- 
LOG (lattice-best-path[5.4.10~1-f629b]:main():lattice-best-path.cc:99) For utterance somebody-phase1-1, best cost 27.6345 + 1033.93 = 1061.57 over 251 frames.
somebody-phase1-1 mo86t <UNK> 
LOG (lattice-best-path[5.4.10~1-f629b]:main():lattice-best-path.cc:99) For utterance somebody-phase1-2, best cost 19.2607 + 1033.36 = 1052.62 over 253 frames.
somebody-phase1-2 hai <UNK> 
LOG (lattice-best-path[5.4.10~1-f629b]:main():lattice-best-path.cc:99) For utterance somebody-phase1-3, best cost 17.9518 + 848.8 = 866.751 over 223 frames.
somebody-phase1-3 ba 
LOG (lattice-best-path[5.4.10~1-f629b]:main():lattice-best-path.cc:99) For utterance somebody-phase1-4, best cost 16.1462 + 1050.72 = 1066.87 over 260 frames.
somebody-phase1-4 mo86t 
LOG (lattice-best-path[5.4.10~1-f629b]:main():lattice-best-path.cc:99) For utterance somebody-phase1-5, best cost 21.1838 + 926.786 = 947.97 over 230 frames.
somebody-phase1-5 ba <UNK> 
LOG (lattice-best-path[5.4.10~1-f629b]:main():lattice-best-path.cc:99) For utterance somebody-phase1-6, best cost 19.3923 + 916.381 = 935.773 over 202 frames.
somebody-phase1-6 hai <UNK> 
LOG (lattice-best-path[5.4.10~1-f629b]:main():lattice-best-path.cc:99) For utterance somebody-phase1-7, best cost 23.7082 + 969.346 = 993.054 over 235 frames.
somebody-phase1-7 hai <UNK> 
LOG (lattice-best-path[5.4.10~1-f629b]:main():lattice-best-path.cc:99) For utterance somebody-phase1-8, best cost 25.9974 + 1003.91 = 1029.91 over 251 frames.
somebody-phase1-8 mo86t <UNK> 
LOG (lattice-best-path[5.4.10~1-f629b]:main():lattice-best-path.cc:99) For utterance somebody-phase1-9, best cost 16.9441 + 1017.76 = 1034.7 over 258 frames.
somebody-phase1-9 ba 
LOG (lattice-best-path[5.4.10~1-f629b]:main():lattice-best-path.cc:99) For utterance somebody-phase10-1, best cost 19.6255 + 1006.02 = 1025.65 over 251 frames.
somebody-phase10-1 sa5u 
LOG (lattice-best-path[5.4.10~1-f629b]:main():lattice-best-path.cc:99) For utterance somebody-phase10-2, best cost 22.6604 + 934.359 = 957.02 over 237 frames.
somebody-phase10-2 ba4y <UNK> 
LOG (lattice-best-path[5.4.10~1-f629b]:main():lattice-best-path.cc:99) For utterance somebody-phase10-3, best cost 24.051 + 1095.37 = 1119.42 over 274 frames.
somebody-phase10-3 chi5n <UNK> 
LOG (lattice-best-path[5.4.10~1-f629b]:main():lattice-best-path.cc:99) For utterance somebody-phase10-4, best cost 15.2497 + 979.452 = 994.702 over 251 frames.
somebody-phase10-4 na7m 
LOG (lattice-best-path[5.4.10~1-f629b]:main():lattice-best-path.cc:99) For utterance somebody-phase10-5, best cost 17.688 + 877.982 = 895.67 over 221 frames.
somebody-phase10-5 chi5n 
LOG (lattice-best-path[5.4.10~1-f629b]:main():lattice-best-path.cc:99) For utterance somebody-phase10-6, best cost 19.0343 + 986.451 = 1005.49 over 237 frames.
somebody-phase10-6 na7m 
LOG (lattice-best-path[5.4.10~1-f629b]:main():lattice-best-path.cc:99) For utterance somebody-phase10-7, best cost 14.6855 + 1015.14 = 1029.82 over 260 frames.
somebody-phase10-7 chi5n 
LOG (lattice-best-path[5.4.10~1-f629b]:main():lattice-best-path.cc:99) For utterance somebody-phase10-8, best cost 25.7614 + 1173.28 = 1199.04 over 274 frames.
somebody-phase10-8 sa5u <UNK> 
LOG (lattice-best-path[5.4.10~1-f629b]:main():lattice-best-path.cc:99) For utterance somebody-phase10-9, best cost 26.9048 + 1033.91 = 1060.82 over 253 frames.
somebody-phase10-9 ba4y <UNK> 
LOG (lattice-best-path[5.4.10~1-f629b]:main():lattice-best-path.cc:99) For utterance somebody-phase11-1, best cost 14.1113 + 978.597 = 992.709 over 246 frames.
somebody-phase11-1 ba 
LOG (lattice-best-path[5.4.10~1-f629b]:main():lattice-best-path.cc:99) For utterance somebody-phase11-2, best cost 22.0129 + 1064.02 = 1086.04 over 279 frames.
somebody-phase11-2 <UNK> mo86t 
LOG (lattice-best-path[5.4.10~1-f629b]:main():lattice-best-path.cc:99) For utterance somebody-phase11-3, best cost 15.705 + 1031.84 = 1047.54 over 263 frames.
somebody-phase11-3 na7m 
LOG (lattice-best-path[5.4.10~1-f629b]:main():lattice-best-path.cc:99) For utterance somebody-phase11-4, best cost 20.463 + 868.024 = 888.487 over 225 frames.
somebody-phase11-4 ba4y 
LOG (lattice-best-path[5.4.10~1-f629b]:main():lattice-best-path.cc:99) For utterance somebody-phase11-5, best cost 14.1029 + 1008.62 = 1022.73 over 258 frames.
somebody-phase11-5 chi5n 
LOG (lattice-best-path[5.4.10~1-f629b]:main():lattice-best-path.cc:99) For utterance somebody-phase11-6, best cost 23.9442 + 1425.56 = 1449.5 over 355 frames.
somebody-phase11-6 sa5u <UNK> 
LOG (lattice-best-path[5.4.10~1-f629b]:main():lattice-best-path.cc:99) For utterance somebody-phase11-7, best cost 17.2323 + 1006.69 = 1023.92 over 270 frames.
somebody-phase11-7 hai 
LOG (lattice-best-path[5.4.10~1-f629b]:main():lattice-best-path.cc:99) For utterance somebody-phase11-8, best cost 24.0085 + 1198.05 = 1222.06 over 300 frames.
somebody-phase11-8 bo85n <UNK> 
LOG (lattice-best-path[5.4.10~1-f629b]:main():lattice-best-path.cc:99) For utterance somebody-phase11-9, best cost 17.3361 + 918.36 = 935.696 over 239 frames.
somebody-phase11-9 ta5m 
LOG (lattice-best-path[5.4.10~1-f629b]:main():lattice-best-path.cc:99) For utterance somebody-phase12-1, best cost 25.4906 + 1074.33 = 1099.82 over 281 frames.
somebody-phase12-1 hai 
LOG (lattice-best-path[5.4.10~1-f629b]:main():lattice-best-path.cc:99) For utterance somebody-phase12-2, best cost 19.7882 + 1181.77 = 1201.56 over 286 frames.
somebody-phase12-2 ba <UNK> 
LOG (lattice-best-path[5.4.10~1-f629b]:main():lattice-best-path.cc:99) For utterance somebody-phase12-3, best cost 20.2869 + 1038.6 = 1058.89 over 281 frames.
somebody-phase12-3 chi5n <UNK> 
LOG (lattice-best-path[5.4.10~1-f629b]:main():lattice-best-path.cc:99) For utterance somebody-phase12-4, best cost 25.2793 + 1007.46 = 1032.74 over 249 frames.
somebody-phase12-4 sa5u <UNK> 
LOG (lattice-best-path[5.4.10~1-f629b]:main():lattice-best-path.cc:99) For utterance somebody-phase12-5, best cost 28.4945 + 1019.39 = 1047.89 over 260 frames.
somebody-phase12-5 <UNK> ba4y 
LOG (lattice-best-path[5.4.10~1-f629b]:main():lattice-best-path.cc:99) For utterance somebody-phase12-6, best cost 21.9391 + 1022.23 = 1044.17 over 274 frames.
somebody-phase12-6 <UNK> ta5m 
LOG (lattice-best-path[5.4.10~1-f629b]:main():lattice-best-path.cc:99) For utterance somebody-phase12-7, best cost 23.7183 + 1145.31 = 1169.03 over 293 frames.
somebody-phase12-7 bo85n 
LOG (lattice-best-path[5.4.10~1-f629b]:main():lattice-best-path.cc:99) For utterance somebody-phase12-8, best cost 26.7594 + 1154.34 = 1181.1 over 304 frames.
somebody-phase12-8 mo86t 
LOG (lattice-best-path[5.4.10~1-f629b]:main():lattice-best-path.cc:99) For utterance somebody-phase12-9, best cost 14.4147 + 897.733 = 912.148 over 239 frames.
somebody-phase12-9 na7m 
LOG (lattice-best-path[5.4.10~1-f629b]:main():lattice-best-path.cc:99) For utterance somebody-phase13-1, best cost 22.3475 + 985.705 = 1008.05 over 216 frames.
somebody-phase13-1 <UNK> ta5m <UNK> 
LOG (lattice-best-path[5.4.10~1-f629b]:main():lattice-best-path.cc:99) For utterance somebody-phase13-2, best cost 21.7167 + 1080.3 = 1102.02 over 281 frames.
somebody-phase13-2 <UNK> ba 
LOG (lattice-best-path[5.4.10~1-f629b]:main():lattice-best-path.cc:99) For utterance somebody-phase13-3, best cost 25.6319 + 1359.34 = 1384.97 over 342 frames.
somebody-phase13-3 mo86t 
LOG (lattice-best-path[5.4.10~1-f629b]:main():lattice-best-path.cc:99) For utterance somebody-phase13-4, best cost 16.5343 + 1121.37 = 1137.91 over 297 frames.
somebody-phase13-4 ta5m 
LOG (lattice-best-path[5.4.10~1-f629b]:main():lattice-best-path.cc:99) For utterance somebody-phase13-5, best cost 26.5516 + 959.764 = 986.316 over 239 frames.
somebody-phase13-5 chi5n sa5u 
LOG (lattice-best-path[5.4.10~1-f629b]:main():lattice-best-path.cc:99) For utterance somebody-phase13-6, best cost 18.9097 + 1003.58 = 1022.49 over 274 frames.
somebody-phase13-6 hai 
LOG (lattice-best-path[5.4.10~1-f629b]:main():lattice-best-path.cc:99) For utterance somebody-phase13-7, best cost 18.4402 + 1028.36 = 1046.8 over 260 frames.
somebody-phase13-7 ba4y 
LOG (lattice-best-path[5.4.10~1-f629b]:main():lattice-best-path.cc:99) For utterance somebody-phase13-8, best cost 19.5457 + 1222.16 = 1241.71 over 318 frames.
somebody-phase13-8 chi5n 
LOG (lattice-best-path[5.4.10~1-f629b]:main():lattice-best-path.cc:99) For utterance somebody-phase13-9, best cost 19.3218 + 978.037 = 997.359 over 267 frames.
somebody-phase13-9 bo85n 
LOG (lattice-best-path[5.4.10~1-f629b]:main():lattice-best-path.cc:99) For utterance somebody-phase14-1, best cost 18.3027 + 1005.6 = 1023.91 over 265 frames.
somebody-phase14-1 chi5n 
LOG (lattice-best-path[5.4.10~1-f629b]:main():lattice-best-path.cc:99) For utterance somebody-phase14-2, best cost 16.1473 + 992.03 = 1008.18 over 253 frames.
somebody-phase14-2 ta5m 
LOG (lattice-best-path[5.4.10~1-f629b]:main():lattice-best-path.cc:99) For utterance somebody-phase14-3, best cost 17.9478 + 999.686 = 1017.63 over 267 frames.
somebody-phase14-3 ba4y 
LOG (lattice-best-path[5.4.10~1-f629b]:main():lattice-best-path.cc:99) For utterance somebody-phase14-4, best cost 17.3695 + 995.854 = 1013.22 over 256 frames.
somebody-phase14-4 sa5u 
LOG (lattice-best-path[5.4.10~1-f629b]:main():lattice-best-path.cc:99) For utterance somebody-phase14-5, best cost 23.2537 + 1288.69 = 1311.95 over 348 frames.
somebody-phase14-5 hai 
LOG (lattice-best-path[5.4.10~1-f629b]:main():lattice-best-path.cc:99) For utterance somebody-phase14-6, best cost 22.0004 + 1038.19 = 1060.19 over 270 frames.
somebody-phase14-6 ba <UNK> 
LOG (lattice-best-path[5.4.10~1-f629b]:main():lattice-best-path.cc:99) For utterance somebody-phase14-7, best cost 25.4533 + 1191.52 = 1216.97 over 314 frames.
somebody-phase14-7 mo86t 
LOG (lattice-best-path[5.4.10~1-f629b]:main():lattice-best-path.cc:99) For utterance somebody-phase14-8, best cost 30.7985 + 1232.66 = 1263.46 over 295 frames.
somebody-phase14-8 <UNK> na7m chi5n <UNK> 
LOG (lattice-best-path[5.4.10~1-f629b]:main():lattice-best-path.cc:99) For utterance somebody-phase14-9, best cost 19.1572 + 1034.7 = 1053.86 over 279 frames.
somebody-phase14-9 bo85n 
LOG (lattice-best-path[5.4.10~1-f629b]:main():lattice-best-path.cc:99) For utterance somebody-phase15-1, best cost 24.7784 + 1218.85 = 1243.63 over 323 frames.
somebody-phase15-1 <UNK> ta5m 
LOG (lattice-best-path[5.4.10~1-f629b]:main():lattice-best-path.cc:99) For utterance somebody-phase15-2, best cost 19.1387 + 1079.12 = 1098.26 over 274 frames.
somebody-phase15-2 chi5n 
LOG (lattice-best-path[5.4.10~1-f629b]:main():lattice-best-path.cc:99) For utterance somebody-phase15-3, best cost 19.0848 + 1048.7 = 1067.78 over 279 frames.
somebody-phase15-3 hai 
LOG (lattice-best-path[5.4.10~1-f629b]:main():lattice-best-path.cc:99) For utterance somebody-phase15-4, best cost 16.539 + 1190.71 = 1207.25 over 307 frames.
somebody-phase15-4 ba 
LOG (lattice-best-path[5.4.10~1-f629b]:main():lattice-best-path.cc:99) For utterance somebody-phase15-5, best cost 17.5176 + 1076.47 = 1093.98 over 263 frames.
somebody-phase15-5 na7m 
LOG (lattice-best-path[5.4.10~1-f629b]:main():lattice-best-path.cc:99) For utterance somebody-phase15-6, best cost 22.0093 + 1048.61 = 1070.62 over 249 frames.
somebody-phase15-6 ba4y <UNK> 
LOG (lattice-best-path[5.4.10~1-f629b]:main():lattice-best-path.cc:99) For utterance somebody-phase15-7, best cost 14.679 + 937.331 = 952.01 over 246 frames.
somebody-phase15-7 sa5u 
LOG (lattice-best-path[5.4.10~1-f629b]:main():lattice-best-path.cc:99) For utterance somebody-phase15-8, best cost 25.6323 + 1046.39 = 1072.02 over 279 frames.
somebody-phase15-8 bo85n <UNK> 
LOG (lattice-best-path[5.4.10~1-f629b]:main():lattice-best-path.cc:99) For utterance somebody-phase15-9, best cost 19.7659 + 1086.6 = 1106.37 over 290 frames.
somebody-phase15-9 mo86t 
LOG (lattice-best-path[5.4.10~1-f629b]:main():lattice-best-path.cc:99) For utterance somebody-phase16-1, best cost 28.4469 + 1745.51 = 1773.96 over 409 frames.
somebody-phase16-1 <UNK> ba <UNK> 
LOG (lattice-best-path[5.4.10~1-f629b]:main():lattice-best-path.cc:99) For utterance somebody-phase16-2, best cost 28.759 + 1285.36 = 1314.12 over 293 frames.
somebody-phase16-2 <UNK> na7m <UNK> 
LOG (lattice-best-path[5.4.10~1-f629b]:main():lattice-best-path.cc:99) For utterance somebody-phase16-3, best cost 29.1169 + 1762.98 = 1792.1 over 418 frames.
somebody-phase16-3 <UNK> mo86t <UNK> 
LOG (lattice-best-path[5.4.10~1-f629b]:main():lattice-best-path.cc:99) For utterance somebody-phase16-4, best cost 24.8547 + 1358.11 = 1382.96 over 318 frames.
somebody-phase16-4 <UNK> ta5m <UNK> 
LOG (lattice-best-path[5.4.10~1-f629b]:main():lattice-best-path.cc:99) For utterance somebody-phase16-5, best cost 28.3449 + 1341.37 = 1369.72 over 314 frames.
somebody-phase16-5 <UNK> sa5u <UNK> 
LOG (lattice-best-path[5.4.10~1-f629b]:main():lattice-best-path.cc:99) For utterance somebody-phase16-6, best cost 28.8173 + 1637.07 = 1665.89 over 386 frames.
somebody-phase16-6 <UNK> hai <UNK> 
LOG (lattice-best-path[5.4.10~1-f629b]:main():lattice-best-path.cc:99) For utterance somebody-phase16-7, best cost 26.9354 + 1631.27 = 1658.21 over 390 frames.
somebody-phase16-7 <UNK> ba4y <UNK> 
LOG (lattice-best-path[5.4.10~1-f629b]:main():lattice-best-path.cc:99) For utterance somebody-phase16-8, best cost 24.6377 + 1377.31 = 1401.95 over 314 frames.
somebody-phase16-8 <UNK> chi5n <UNK> 
LOG (lattice-best-path[5.4.10~1-f629b]:main():lattice-best-path.cc:99) For utterance somebody-phase16-9, best cost 24.4933 + 1341.14 = 1365.64 over 307 frames.
somebody-phase16-9 <UNK> bo85n <UNK> 
LOG (lattice-best-path[5.4.10~1-f629b]:main():lattice-best-path.cc:99) For utterance somebody-phase17-1, best cost 26.1333 + 1309.93 = 1336.06 over 302 frames.
somebody-phase17-1 <UNK> chi5n <UNK> 
LOG (lattice-best-path[5.4.10~1-f629b]:main():lattice-best-path.cc:99) For utterance somebody-phase17-2, best cost 25.2837 + 1219.78 = 1245.07 over 286 frames.
somebody-phase17-2 <UNK> ta5m <UNK> 
LOG (lattice-best-path[5.4.10~1-f629b]:main():lattice-best-path.cc:99) For utterance somebody-phase17-3, best cost 27.9562 + 1501.3 = 1529.26 over 351 frames.
somebody-phase17-3 <UNK> ba4y <UNK> 
LOG (lattice-best-path[5.4.10~1-f629b]:main():lattice-best-path.cc:99) For utterance somebody-phase17-4, best cost 26.1735 + 1387.12 = 1413.29 over 321 frames.
somebody-phase17-4 <UNK> sa5u <UNK> 
LOG (lattice-best-path[5.4.10~1-f629b]:main():lattice-best-path.cc:99) For utterance somebody-phase17-5, best cost 24.6678 + 1394.26 = 1418.93 over 316 frames.
somebody-phase17-5 <UNK> na7m <UNK> 
LOG (lattice-best-path[5.4.10~1-f629b]:main():lattice-best-path.cc:99) For utterance somebody-phase17-6, best cost 25.5863 + 1232.2 = 1257.78 over 288 frames.
somebody-phase17-6 <UNK> bo85n <UNK> 
LOG (lattice-best-path[5.4.10~1-f629b]:main():lattice-best-path.cc:99) For utterance somebody-phase17-7, best cost 26.5319 + 1526.93 = 1553.46 over 360 frames.
somebody-phase17-7 <UNK> ba <UNK> 
LOG (lattice-best-path[5.4.10~1-f629b]:main():lattice-best-path.cc:99) For utterance somebody-phase17-8, best cost 31.0339 + 2022.26 = 2053.29 over 467 frames.
somebody-phase17-8 <UNK> hai <UNK> 
LOG (lattice-best-path[5.4.10~1-f629b]:main():lattice-best-path.cc:99) For utterance somebody-phase17-9, best cost 26.8186 + 1699.71 = 1726.52 over 388 frames.
somebody-phase17-9 <UNK> mo86t <UNK> 
LOG (lattice-best-path[5.4.10~1-f629b]:main():lattice-best-path.cc:99) For utterance somebody-phase18-1, best cost 26.7183 + 1393.84 = 1420.56 over 330 frames.
somebody-phase18-1 <UNK> bo85n <UNK> 
LOG (lattice-best-path[5.4.10~1-f629b]:main():lattice-best-path.cc:99) For utterance somebody-phase18-2, best cost 26.6481 + 1518.32 = 1544.97 over 348 frames.
somebody-phase18-2 <UNK> ba <UNK> 
LOG (lattice-best-path[5.4.10~1-f629b]:main():lattice-best-path.cc:99) For utterance somebody-phase18-3, best cost 26.2349 + 1231.87 = 1258.1 over 295 frames.
somebody-phase18-3 <UNK> ba4y <UNK> 
LOG (lattice-best-path[5.4.10~1-f629b]:main():lattice-best-path.cc:99) For utterance somebody-phase18-4, best cost 30.4499 + 1980.81 = 2011.26 over 465 frames.
somebody-phase18-4 <UNK> mo86t <UNK> 
LOG (lattice-best-path[5.4.10~1-f629b]:main():lattice-best-path.cc:99) For utterance somebody-phase18-5, best cost 25.6312 + 1239.81 = 1265.44 over 286 frames.
somebody-phase18-5 <UNK> na7m <UNK> 
LOG (lattice-best-path[5.4.10~1-f629b]:main():lattice-best-path.cc:99) For utterance somebody-phase18-6, best cost 24.7971 + 1333.91 = 1358.7 over 309 frames.
somebody-phase18-6 <UNK> ta5m <UNK> 
LOG (lattice-best-path[5.4.10~1-f629b]:main():lattice-best-path.cc:99) For utterance somebody-phase18-7, best cost 29.8167 + 1726.82 = 1756.63 over 411 frames.
somebody-phase18-7 <UNK> hai <UNK> 
LOG (lattice-best-path[5.4.10~1-f629b]:main():lattice-best-path.cc:99) For utterance somebody-phase18-8, best cost 26.5631 + 1383.34 = 1409.9 over 318 frames.
somebody-phase18-8 <UNK> chi5n <UNK> 
LOG (lattice-best-path[5.4.10~1-f629b]:main():lattice-best-path.cc:99) For utterance somebody-phase18-9, best cost 26.2813 + 1365.95 = 1392.23 over 321 frames.
somebody-phase18-9 <UNK> sa5u <UNK> 
LOG (lattice-best-path[5.4.10~1-f629b]:main():lattice-best-path.cc:99) For utterance somebody-phase19-1, best cost 27.9761 + 1651.37 = 1679.35 over 372 frames.
somebody-phase19-1 <UNK> mo86t <UNK> 
LOG (lattice-best-path[5.4.10~1-f629b]:main():lattice-best-path.cc:99) For utterance somebody-phase19-2, best cost 29.9121 + 1508.18 = 1538.09 over 346 frames.
somebody-phase19-2 <UNK> hai <UNK> 
LOG (lattice-best-path[5.4.10~1-f629b]:main():lattice-best-path.cc:99) For utterance somebody-phase19-3, best cost 25.8299 + 1410.99 = 1436.82 over 328 frames.
somebody-phase19-3 <UNK> ba <UNK> 
LOG (lattice-best-path[5.4.10~1-f629b]:main():lattice-best-path.cc:99) For utterance somebody-phase19-4, best cost 25.9244 + 1246.63 = 1272.55 over 293 frames.
somebody-phase19-4 <UNK> bo85n <UNK> 
LOG (lattice-best-path[5.4.10~1-f629b]:main():lattice-best-path.cc:99) For utterance somebody-phase19-5, best cost 25.5667 + 1234.08 = 1259.65 over 293 frames.
somebody-phase19-5 <UNK> na7m <UNK> 
LOG (lattice-best-path[5.4.10~1-f629b]:main():lattice-best-path.cc:99) For utterance somebody-phase19-6, best cost 26.9467 + 1439.02 = 1465.97 over 339 frames.
somebody-phase19-6 <UNK> sa5u <UNK> 
LOG (lattice-best-path[5.4.10~1-f629b]:main():lattice-best-path.cc:99) For utterance somebody-phase19-7, best cost 25.2396 + 1404.58 = 1429.82 over 321 frames.
somebody-phase19-7 <UNK> ba4y <UNK> 
LOG (lattice-best-path[5.4.10~1-f629b]:main():lattice-best-path.cc:99) For utterance somebody-phase19-8, best cost 29.1631 + 1746.36 = 1775.53 over 409 frames.
somebody-phase19-8 <UNK> ta5m <UNK> 
LOG (lattice-best-path[5.4.10~1-f629b]:main():lattice-best-path.cc:99) For utterance somebody-phase19-9, best cost 25.6572 + 1244.2 = 1269.86 over 283 frames.
somebody-phase19-9 <UNK> chi5n <UNK> 
LOG (lattice-best-path[5.4.10~1-f629b]:main():lattice-best-path.cc:99) For utterance somebody-phase2-1, best cost 22.1069 + 949.413 = 971.52 over 232 frames.
somebody-phase2-1 mo86t ba 
LOG (lattice-best-path[5.4.10~1-f629b]:main():lattice-best-path.cc:99) For utterance somebody-phase2-2, best cost 19.5195 + 883.724 = 903.243 over 214 frames.
somebody-phase2-2 <UNK> hai 
LOG (lattice-best-path[5.4.10~1-f629b]:main():lattice-best-path.cc:99) For utterance somebody-phase2-3, best cost 24.2037 + 944.46 = 968.663 over 218 frames.
somebody-phase2-3 <UNK> mo86t 
LOG (lattice-best-path[5.4.10~1-f629b]:main():lattice-best-path.cc:99) For utterance somebody-phase2-4, best cost 28.5844 + 963.56 = 992.144 over 223 frames.
somebody-phase2-4 <UNK> mo86t <UNK> 
LOG (lattice-best-path[5.4.10~1-f629b]:main():lattice-best-path.cc:99) For utterance somebody-phase2-5, best cost 17.6109 + 947.361 = 964.972 over 246 frames.
somebody-phase2-5 ba 
LOG (lattice-best-path[5.4.10~1-f629b]:main():lattice-best-path.cc:99) For utterance somebody-phase2-6, best cost 14.0807 + 874.081 = 888.162 over 211 frames.
somebody-phase2-6 hai 
LOG (lattice-best-path[5.4.10~1-f629b]:main():lattice-best-path.cc:99) For utterance somebody-phase2-7, best cost 16.4275 + 931.905 = 948.333 over 228 frames.
somebody-phase2-7 ba 
LOG (lattice-best-path[5.4.10~1-f629b]:main():lattice-best-path.cc:99) For utterance somebody-phase2-8, best cost 16.5742 + 935.157 = 951.731 over 235 frames.
somebody-phase2-8 mo86t 
LOG (lattice-best-path[5.4.10~1-f629b]:main():lattice-best-path.cc:99) For utterance somebody-phase2-9, best cost 16.7783 + 1056.41 = 1073.19 over 265 frames.
somebody-phase2-9 hai 
LOG (lattice-best-path[5.4.10~1-f629b]:main():lattice-best-path.cc:99) For utterance somebody-phase20-1, best cost 26.1607 + 1291.65 = 1317.81 over 295 frames.
somebody-phase20-1 <UNK> na7m <UNK> 
LOG (lattice-best-path[5.4.10~1-f629b]:main():lattice-best-path.cc:99) For utterance somebody-phase20-2, best cost 33.2593 + 1714.94 = 1748.2 over 397 frames.
somebody-phase20-2 <UNK> mo86t <UNK> 
LOG (lattice-best-path[5.4.10~1-f629b]:main():lattice-best-path.cc:99) For utterance somebody-phase20-3, best cost 27.6289 + 1454.3 = 1481.93 over 339 frames.
somebody-phase20-3 <UNK> bo85n <UNK> 
LOG (lattice-best-path[5.4.10~1-f629b]:main():lattice-best-path.cc:99) For utterance somebody-phase20-4, best cost 24.872 + 1306.55 = 1331.42 over 304 frames.
somebody-phase20-4 <UNK> ba4y <UNK> 
LOG (lattice-best-path[5.4.10~1-f629b]:main():lattice-best-path.cc:99) For utterance somebody-phase20-5, best cost 26.167 + 1510.81 = 1536.98 over 346 frames.
somebody-phase20-5 <UNK> hai <UNK> 
LOG (lattice-best-path[5.4.10~1-f629b]:main():lattice-best-path.cc:99) For utterance somebody-phase20-6, best cost 26.7173 + 1449.43 = 1476.15 over 339 frames.
somebody-phase20-6 <UNK> sa5u <UNK> 
LOG (lattice-best-path[5.4.10~1-f629b]:main():lattice-best-path.cc:99) For utterance somebody-phase20-7, best cost 26.54 + 1359.75 = 1386.29 over 314 frames.
somebody-phase20-7 <UNK> ta5m <UNK> 
LOG (lattice-best-path[5.4.10~1-f629b]:main():lattice-best-path.cc:99) For utterance somebody-phase20-8, best cost 24.5998 + 1469.4 = 1494 over 337 frames.
somebody-phase20-8 <UNK> ba <UNK> 
LOG (lattice-best-path[5.4.10~1-f629b]:main():lattice-best-path.cc:99) For utterance somebody-phase20-9, best cost 24.1588 + 1289.54 = 1313.7 over 293 frames.
somebody-phase20-9 <UNK> chi5n <UNK> 
LOG (lattice-best-path[5.4.10~1-f629b]:main():lattice-best-path.cc:99) For utterance somebody-phase3-1, best cost 14.5917 + 919.039 = 933.631 over 230 frames.
somebody-phase3-1 hai 
LOG (lattice-best-path[5.4.10~1-f629b]:main():lattice-best-path.cc:99) For utterance somebody-phase3-2, best cost 19.7141 + 1059.51 = 1079.23 over 244 frames.
somebody-phase3-2 mo86t 
LOG (lattice-best-path[5.4.10~1-f629b]:main():lattice-best-path.cc:99) For utterance somebody-phase3-3, best cost 16.6908 + 977.47 = 994.161 over 237 frames.
somebody-phase3-3 ba 
LOG (lattice-best-path[5.4.10~1-f629b]:main():lattice-best-path.cc:99) For utterance somebody-phase3-4, best cost 18.4348 + 976.177 = 994.612 over 249 frames.
somebody-phase3-4 ba 
LOG (lattice-best-path[5.4.10~1-f629b]:main():lattice-best-path.cc:99) For utterance somebody-phase3-5, best cost 26.6058 + 1008.6 = 1035.2 over 228 frames.
somebody-phase3-5 <UNK> mo86t <UNK> 
LOG (lattice-best-path[5.4.10~1-f629b]:main():lattice-best-path.cc:99) For utterance somebody-phase3-6, best cost 26.4815 + 1001.23 = 1027.71 over 239 frames.
somebody-phase3-6 <UNK> hai <UNK> 
LOG (lattice-best-path[5.4.10~1-f629b]:main():lattice-best-path.cc:99) For utterance somebody-phase3-7, best cost 25.7228 + 993.79 = 1019.51 over 246 frames.
somebody-phase3-7 <UNK> mo86t 
LOG (lattice-best-path[5.4.10~1-f629b]:main():lattice-best-path.cc:99) For utterance somebody-phase3-8, best cost 16.7076 + 882.906 = 899.614 over 232 frames.
somebody-phase3-8 ba 
LOG (lattice-best-path[5.4.10~1-f629b]:main():lattice-best-path.cc:99) For utterance somebody-phase3-9, best cost 25.7657 + 868.672 = 894.437 over 221 frames.
somebody-phase3-9 <UNK> mo86t 
LOG (lattice-best-path[5.4.10~1-f629b]:main():lattice-best-path.cc:99) For utterance somebody-phase4-1, best cost 31.5894 + 1040.63 = 1072.22 over 239 frames.
somebody-phase4-1 bo85n <UNK> 
LOG (lattice-best-path[5.4.10~1-f629b]:main():lattice-best-path.cc:99) For utterance somebody-phase4-2, best cost 23.8275 + 1003.07 = 1026.9 over 232 frames.
somebody-phase4-2 hai <UNK> 
LOG (lattice-best-path[5.4.10~1-f629b]:main():lattice-best-path.cc:99) For utterance somebody-phase4-3, best cost 15.8252 + 874.825 = 890.65 over 216 frames.
somebody-phase4-3 ba 
LOG (lattice-best-path[5.4.10~1-f629b]:main():lattice-best-path.cc:99) For utterance somebody-phase4-4, best cost 25.8133 + 1022.98 = 1048.79 over 232 frames.
somebody-phase4-4 ba4y 
LOG (lattice-best-path[5.4.10~1-f629b]:main():lattice-best-path.cc:99) For utterance somebody-phase4-5, best cost 22.6161 + 895.458 = 918.074 over 235 frames.
somebody-phase4-5 chi5n <UNK> 
LOG (lattice-best-path[5.4.10~1-f629b]:main():lattice-best-path.cc:99) For utterance somebody-phase4-6, best cost 18.8279 + 1067.05 = 1085.88 over 270 frames.
somebody-phase4-6 ta5m 
LOG (lattice-best-path[5.4.10~1-f629b]:main():lattice-best-path.cc:99) For utterance somebody-phase4-7, best cost 26.6256 + 1163.31 = 1189.94 over 281 frames.
somebody-phase4-7 sa5u <UNK> 
LOG (lattice-best-path[5.4.10~1-f629b]:main():lattice-best-path.cc:99) For utterance somebody-phase4-8, best cost 19.0218 + 920.457 = 939.479 over 235 frames.
somebody-phase4-8 ba4y 
LOG (lattice-best-path[5.4.10~1-f629b]:main():lattice-best-path.cc:99) For utterance somebody-phase4-9, best cost 16.4476 + 943.536 = 959.984 over 239 frames.
somebody-phase4-9 hai 
LOG (lattice-best-path[5.4.10~1-f629b]:main():lattice-best-path.cc:99) For utterance somebody-phase5-1, best cost 29.5561 + 1154.28 = 1183.84 over 274 frames.
somebody-phase5-1 ta5m 
LOG (lattice-best-path[5.4.10~1-f629b]:main():lattice-best-path.cc:99) For utterance somebody-phase5-2, best cost 32.2156 + 970.785 = 1003 over 239 frames.
somebody-phase5-2 chi5n <UNK> <UNK> 
LOG (lattice-best-path[5.4.10~1-f629b]:main():lattice-best-path.cc:99) For utterance somebody-phase5-3, best cost 27.0947 + 1035.1 = 1062.19 over 232 frames.
somebody-phase5-3 na7m <UNK> 
LOG (lattice-best-path[5.4.10~1-f629b]:main():lattice-best-path.cc:99) For utterance somebody-phase5-4, best cost 19.5137 + 929.853 = 949.366 over 235 frames.
somebody-phase5-4 bo85n 
LOG (lattice-best-path[5.4.10~1-f629b]:main():lattice-best-path.cc:99) For utterance somebody-phase5-5, best cost 23.6178 + 1142.87 = 1166.49 over 270 frames.
somebody-phase5-5 ba4y chi5n 
LOG (lattice-best-path[5.4.10~1-f629b]:main():lattice-best-path.cc:99) For utterance somebody-phase5-6, best cost 24.1093 + 1096.9 = 1121.01 over 274 frames.
somebody-phase5-6 na7m <UNK> 
LOG (lattice-best-path[5.4.10~1-f629b]:main():lattice-best-path.cc:99) For utterance somebody-phase5-7, best cost 28.6373 + 1149.54 = 1178.18 over 283 frames.
somebody-phase5-7 ta5m <UNK> 
LOG (lattice-best-path[5.4.10~1-f629b]:main():lattice-best-path.cc:99) For utterance somebody-phase5-8, best cost 31.5968 + 1172 = 1203.6 over 263 frames.
somebody-phase5-8 sa5u <UNK> 
LOG (lattice-best-path[5.4.10~1-f629b]:main():lattice-best-path.cc:99) For utterance somebody-phase5-9, best cost 18.1313 + 1124.64 = 1142.77 over 279 frames.
somebody-phase5-9 bo85n 
LOG (lattice-best-path[5.4.10~1-f629b]:main():lattice-best-path.cc:99) For utterance somebody-phase6-1, best cost 19.5941 + 996.792 = 1016.39 over 244 frames.
somebody-phase6-1 bo85n 
LOG (lattice-best-path[5.4.10~1-f629b]:main():lattice-best-path.cc:99) For utterance somebody-phase6-2, best cost 19.5494 + 1021.6 = 1041.15 over 260 frames.
somebody-phase6-2 na7m 
LOG (lattice-best-path[5.4.10~1-f629b]:main():lattice-best-path.cc:99) For utterance somebody-phase6-3, best cost 26.4117 + 1165.52 = 1191.94 over 288 frames.
somebody-phase6-3 chi5n <UNK> 
LOG (lattice-best-path[5.4.10~1-f629b]:main():lattice-best-path.cc:99) For utterance somebody-phase6-4, best cost 17.9004 + 1035.91 = 1053.81 over 258 frames.
somebody-phase6-4 bo85n 
LOG (lattice-best-path[5.4.10~1-f629b]:main():lattice-best-path.cc:99) For utterance somebody-phase6-5, best cost 24.5398 + 1034.56 = 1059.1 over 246 frames.
somebody-phase6-5 bo85n 
LOG (lattice-best-path[5.4.10~1-f629b]:main():lattice-best-path.cc:99) For utterance somebody-phase6-6, best cost 26.5762 + 1050.79 = 1077.37 over 256 frames.
somebody-phase6-6 na7m <UNK> 
LOG (lattice-best-path[5.4.10~1-f629b]:main():lattice-best-path.cc:99) For utterance somebody-phase6-7, best cost 17.7564 + 995.299 = 1013.05 over 246 frames.
somebody-phase6-7 ta5m 
LOG (lattice-scale[5.4.10~1-f629b]:main():lattice-scale.cc:90) Done 180 lattices.
LOG (lattice-best-path[5.4.10~1-f629b]:main():lattice-best-path.cc:99) For utterance somebody-phase6-8, best cost 23.8011 + 1033.14 = 1056.94 over 239 frames.
somebody-phase6-8 sa5u 
LOG (lattice-best-path[5.4.10~1-f629b]:main():lattice-best-path.cc:99) For utterance somebody-phase6-9, best cost 38.2514 + 1140.09 = 1178.34 over 272 frames.
somebody-phase6-9 ba4y <UNK> <UNK> 
LOG (lattice-best-path[5.4.10~1-f629b]:main():lattice-best-path.cc:99) For utterance somebody-phase7-1, best cost 15.9883 + 879.846 = 895.835 over 216 frames.
somebody-phase7-1 sa5u 
LOG (lattice-best-path[5.4.10~1-f629b]:main():lattice-best-path.cc:99) For utterance somebody-phase7-2, best cost 30.3719 + 1063.42 = 1093.79 over 258 frames.
somebody-phase7-2 chi5n <UNK> 
LOG (lattice-best-path[5.4.10~1-f629b]:main():lattice-best-path.cc:99) For utterance somebody-phase7-3, best cost 26.8886 + 1043.86 = 1070.75 over 260 frames.
somebody-phase7-3 ta5m 
LOG (lattice-best-path[5.4.10~1-f629b]:main():lattice-best-path.cc:99) For utterance somebody-phase7-4, best cost 30.3667 + 1247.67 = 1278.03 over 258 frames.
somebody-phase7-4 na7m <UNK> <UNK> 
LOG (lattice-best-path[5.4.10~1-f629b]:main():lattice-best-path.cc:99) For utterance somebody-phase7-5, best cost 17.6035 + 1005.57 = 1023.18 over 246 frames.
somebody-phase7-5 sa5u 
LOG (lattice-best-path[5.4.10~1-f629b]:main():lattice-best-path.cc:99) For utterance somebody-phase7-6, best cost 20.9292 + 988.401 = 1009.33 over 246 frames.
somebody-phase7-6 ta5m 
LOG (lattice-best-path[5.4.10~1-f629b]:main():lattice-best-path.cc:99) For utterance somebody-phase7-7, best cost 34.5533 + 1058.06 = 1092.61 over 225 frames.
somebody-phase7-7 sa5u mo86t <UNK> 
LOG (lattice-best-path[5.4.10~1-f629b]:main():lattice-best-path.cc:99) For utterance somebody-phase7-8, best cost 28.2431 + 950.199 = 978.443 over 235 frames.
somebody-phase7-8 <UNK> bo85n <UNK> 
LOG (lattice-best-path[5.4.10~1-f629b]:main():lattice-best-path.cc:99) For utterance somebody-phase7-9, best cost 26.5663 + 1117.09 = 1143.65 over 274 frames.
somebody-phase7-9 ba4y <UNK> 
LOG (lattice-best-path[5.4.10~1-f629b]:main():lattice-best-path.cc:99) For utterance somebody-phase8-1, best cost 17.9833 + 994.236 = 1012.22 over 235 frames.
somebody-phase8-1 na7m 
LOG (lattice-best-path[5.4.10~1-f629b]:main():lattice-best-path.cc:99) For utterance somebody-phase8-2, best cost 20.3114 + 1170.48 = 1190.79 over 297 frames.
somebody-phase8-2 chi5n 
LOG (lattice-add-penalty[5.4.10~1-f629b]:main():lattice-add-penalty.cc:62) Done adding word insertion penalty to 180 lattices.
LOG (lattice-best-path[5.4.10~1-f629b]:main():lattice-best-path.cc:99) For utterance somebody-phase8-3, best cost 25.3127 + 1056 = 1081.31 over 263 frames.
somebody-phase8-3 bo85n 
LOG (lattice-best-path[5.4.10~1-f629b]:main():lattice-best-path.cc:99) For utterance somebody-phase8-4, best cost 25.6883 + 1196.2 = 1221.89 over 263 frames.
somebody-phase8-4 na7m <UNK> 
LOG (lattice-best-path[5.4.10~1-f629b]:main():lattice-best-path.cc:99) For utterance somebody-phase8-5, best cost 18.3082 + 1054.3 = 1072.61 over 263 frames.
somebody-phase8-5 chi5n 
LOG (lattice-best-path[5.4.10~1-f629b]:main():lattice-best-path.cc:99) For utterance somebody-phase8-6, best cost 22.9682 + 1085.47 = 1108.44 over 258 frames.
somebody-phase8-6 ba4y 
LOG (lattice-best-path[5.4.10~1-f629b]:main():lattice-best-path.cc:99) For utterance somebody-phase8-7, best cost 19.0913 + 933.157 = 952.248 over 230 frames.
somebody-phase8-7 sa5u 
LOG (lattice-best-path[5.4.10~1-f629b]:main():lattice-best-path.cc:99) For utterance somebody-phase8-8, best cost 20.8171 + 1057.18 = 1078 over 272 frames.
somebody-phase8-8 ta5m 
LOG (lattice-best-path[5.4.10~1-f629b]:main():lattice-best-path.cc:99) For utterance somebody-phase8-9, best cost 28.6519 + 1095.24 = 1123.89 over 251 frames.
somebody-phase8-9 ba4y <UNK> 
LOG (lattice-best-path[5.4.10~1-f629b]:main():lattice-best-path.cc:99) For utterance somebody-phase9-1, best cost 22.9971 + 1015.92 = 1038.92 over 256 frames.
somebody-phase9-1 ta5m 
LOG (lattice-best-path[5.4.10~1-f629b]:main():lattice-best-path.cc:99) For utterance somebody-phase9-2, best cost 29.7282 + 1024.19 = 1053.92 over 237 frames.
somebody-phase9-2 bo85n <UNK> <UNK> 
LOG (lattice-best-path[5.4.10~1-f629b]:main():lattice-best-path.cc:99) For utterance somebody-phase9-3, best cost 24.0877 + 937.501 = 961.589 over 239 frames.
somebody-phase9-3 ba4y <UNK> 
LOG (lattice-best-path[5.4.10~1-f629b]:main():lattice-best-path.cc:99) For utterance somebody-phase9-4, best cost 23.8147 + 1244.09 = 1267.91 over 281 frames.
somebody-phase9-4 na7m <UNK> 
LOG (lattice-best-path[5.4.10~1-f629b]:main():lattice-best-path.cc:99) For utterance somebody-phase9-5, best cost 29.9392 + 1046.89 = 1076.83 over 249 frames.
somebody-phase9-5 chi5n 
LOG (lattice-best-path[5.4.10~1-f629b]:main():lattice-best-path.cc:99) For utterance somebody-phase9-6, best cost 34.8961 + 1127.4 = 1162.3 over 260 frames.
somebody-phase9-6 bo85n <UNK> <UNK> 
LOG (lattice-best-path[5.4.10~1-f629b]:main():lattice-best-path.cc:99) For utterance somebody-phase9-7, best cost 33.028 + 1080.28 = 1113.31 over 274 frames.
somebody-phase9-7 <UNK> ta5m <UNK> 
LOG (lattice-best-path[5.4.10~1-f629b]:main():lattice-best-path.cc:99) For utterance somebody-phase9-8, best cost 28.1372 + 963.585 = 991.723 over 235 frames.
somebody-phase9-8 sa5u <UNK> 
LOG (lattice-best-path[5.4.10~1-f629b]:main():lattice-best-path.cc:99) For utterance somebody-phase9-9, best cost 24.6934 + 980.066 = 1004.76 over 237 frames.
somebody-phase9-9 ta5m 
LOG (lattice-best-path[5.4.10~1-f629b]:main():lattice-best-path.cc:124) Overall cost per frame is 4.19839 = 0.0843357 [graph] + 4.11405 [acoustic] over 49986 frames.
LOG (lattice-best-path[5.4.10~1-f629b]:main():lattice-best-path.cc:128) Done 180 lattices, failed for 0
# Accounting: time=1 threads=1
# Ended (code 0) at Sun May  6 23:04:38 +07 2018, elapsed time 1 seconds
