# gmm-align-compiled --transition-scale=1.0 --acoustic-scale=0.1 --self-loop-scale=0.1 --beam=10 --retry-beam=40 "gmm-boost-silence --boost=1.0 1 exp/tri3b/final.mdl - |" "ark:gunzip -c exp/tri3b/fsts.4.gz|" "ark,s,cs:apply-cmvn  --utt2spk=ark:data/train/split4/4/utt2spk scp:data/train/split4/4/cmvn.scp scp:data/train/split4/4/feats.scp ark:- | transform-feats --utt2spk=ark:data/train/split4/4/utt2spk ark:exp/tri3b_ali_raw/raw_trans.4 ark:- ark:- | splice-feats  ark:- ark:- | transform-feats exp/tri3b/final.mat ark:- ark:- |" "ark:|gzip -c >exp/tri3b_ali_raw/ali.4.gz" 
# Started at Wed Mar 14 09:24:18 +07 2018
#
gmm-align-compiled --transition-scale=1.0 --acoustic-scale=0.1 --self-loop-scale=0.1 --beam=10 --retry-beam=40 'gmm-boost-silence --boost=1.0 1 exp/tri3b/final.mdl - |' 'ark:gunzip -c exp/tri3b/fsts.4.gz|' 'ark,s,cs:apply-cmvn  --utt2spk=ark:data/train/split4/4/utt2spk scp:data/train/split4/4/cmvn.scp scp:data/train/split4/4/feats.scp ark:- | transform-feats --utt2spk=ark:data/train/split4/4/utt2spk ark:exp/tri3b_ali_raw/raw_trans.4 ark:- ark:- | splice-feats  ark:- ark:- | transform-feats exp/tri3b/final.mat ark:- ark:- |' 'ark:|gzip -c >exp/tri3b_ali_raw/ali.4.gz' 
gmm-boost-silence --boost=1.0 1 exp/tri3b/final.mdl - 
WARNING (gmm-boost-silence[5.4.10~1-f629b]:main():gmm-boost-silence.cc:82) The pdfs for the silence phones may be shared by other phones (note: this probably does not matter.)
LOG (gmm-boost-silence[5.4.10~1-f629b]:main():gmm-boost-silence.cc:93) Boosted weights for 4 pdfs, by factor of 1
LOG (gmm-boost-silence[5.4.10~1-f629b]:main():gmm-boost-silence.cc:103) Wrote model to -
transform-feats exp/tri3b/final.mat ark:- ark:- 
splice-feats ark:- ark:- 
transform-feats --utt2spk=ark:data/train/split4/4/utt2spk ark:exp/tri3b_ali_raw/raw_trans.4 ark:- ark:- 
apply-cmvn --utt2spk=ark:data/train/split4/4/utt2spk scp:data/train/split4/4/cmvn.scp scp:data/train/split4/4/feats.scp ark:- 
LOG (apply-cmvn[5.4.10~1-f629b]:main():apply-cmvn.cc:162) Applied cepstral mean normalization to 9 utterances, errors on 0
LOG (transform-feats[5.4.10~1-f629b]:main():transform-feats.cc:158) Overall average logdet is -0.430508 over 920 frames.
LOG (transform-feats[5.4.10~1-f629b]:main():transform-feats.cc:161) Applied transform to 9 utterances; 0 had errors.
LOG (gmm-align-compiled[5.4.10~1-f629b]:main():gmm-align-compiled.cc:127) dinhky_v3_Ky1
LOG (gmm-align-compiled[5.4.10~1-f629b]:main():gmm-align-compiled.cc:127) dinhky_v3_Ky2
LOG (gmm-align-compiled[5.4.10~1-f629b]:main():gmm-align-compiled.cc:127) dinhky_v3_Ky3
LOG (gmm-align-compiled[5.4.10~1-f629b]:main():gmm-align-compiled.cc:127) dinhky_v3_Ky4
LOG (gmm-align-compiled[5.4.10~1-f629b]:main():gmm-align-compiled.cc:127) dinhky_v3_Ky5
LOG (transform-feats[5.4.10~1-f629b]:main():transform-feats.cc:158) Overall average [pseudo-]logdet is -46.188 over 920 frames.
LOG (gmm-align-compiled[5.4.10~1-f629b]:main():gmm-align-compiled.cc:127) dinhky_v3_Ky6
LOG (transform-feats[5.4.10~1-f629b]:main():transform-feats.cc:161) Applied transform to 9 utterances; 0 had errors.
LOG (gmm-align-compiled[5.4.10~1-f629b]:main():gmm-align-compiled.cc:127) dinhky_v3_Ky7
LOG (gmm-align-compiled[5.4.10~1-f629b]:main():gmm-align-compiled.cc:127) dinhky_v3_Ky8
LOG (gmm-align-compiled[5.4.10~1-f629b]:main():gmm-align-compiled.cc:127) dinhky_v3_Ky9
LOG (gmm-align-compiled[5.4.10~1-f629b]:main():gmm-align-compiled.cc:135) Overall log-likelihood per frame is -65.889 over 920 frames.
LOG (gmm-align-compiled[5.4.10~1-f629b]:main():gmm-align-compiled.cc:137) Retried 0 out of 9 utterances.
LOG (gmm-align-compiled[5.4.10~1-f629b]:main():gmm-align-compiled.cc:139) Done 9, errors on 0
# Accounting: time=0 threads=1
# Ended (code 0) at Wed Mar 14 09:24:18 +07 2018, elapsed time 0 seconds
