# ali-to-post "ark:gunzip -c exp/tri3b_ali_raw/pre_ali.3.gz|" ark:- | weight-silence-post 0.0 1:2:3:4:5:6:7:8:9:10 exp/tri3b/final.alimdl ark:- ark:- | gmm-post-to-gpost exp/tri3b/final.alimdl "ark,s,cs:apply-cmvn  --utt2spk=ark:data/train/split4/3/utt2spk scp:data/train/split4/3/cmvn.scp scp:data/train/split4/3/feats.scp ark:- | splice-feats  ark:- ark:- | transform-feats exp/tri3b/final.mat ark:- ark:- |" ark:- ark:- | gmm-est-fmllr-raw-gpost --raw-feat-dim=13 --spk2utt=ark:data/train/split4/3/spk2utt exp/tri3b/final.mdl "get-full-lda-mat --print-args=false exp/tri3b/final.mat exp/tri3b/full.mat -|" "ark,s,cs:apply-cmvn  --utt2spk=ark:data/train/split4/3/utt2spk scp:data/train/split4/3/cmvn.scp scp:data/train/split4/3/feats.scp ark:- | splice-feats  ark:- ark:- |" ark,s,cs:- ark:exp/tri3b_ali_raw/raw_trans.3 
# Started at Wed Mar 14 09:24:16 +07 2018
#
weight-silence-post 0.0 1:2:3:4:5:6:7:8:9:10 exp/tri3b/final.alimdl ark:- ark:- 
ali-to-post 'ark:gunzip -c exp/tri3b_ali_raw/pre_ali.3.gz|' ark:- 
gmm-post-to-gpost exp/tri3b/final.alimdl 'ark,s,cs:apply-cmvn  --utt2spk=ark:data/train/split4/3/utt2spk scp:data/train/split4/3/cmvn.scp scp:data/train/split4/3/feats.scp ark:- | splice-feats  ark:- ark:- | transform-feats exp/tri3b/final.mat ark:- ark:- |' ark:- ark:- 
LOG (ali-to-post[5.4.10~1-f629b]:main():ali-to-post.cc:73) Converted 9 alignments.
LOG (weight-silence-post[5.4.10~1-f629b]:main():weight-silence-post.cc:95) Done 9 posteriors.
gmm-est-fmllr-raw-gpost --raw-feat-dim=13 --spk2utt=ark:data/train/split4/3/spk2utt exp/tri3b/final.mdl 'get-full-lda-mat --print-args=false exp/tri3b/final.mat exp/tri3b/full.mat -|' 'ark,s,cs:apply-cmvn  --utt2spk=ark:data/train/split4/3/utt2spk scp:data/train/split4/3/cmvn.scp scp:data/train/split4/3/feats.scp ark:- | splice-feats  ark:- ark:- |' ark,s,cs:- ark:exp/tri3b_ali_raw/raw_trans.3 
transform-feats exp/tri3b/final.mat ark:- ark:- 
splice-feats ark:- ark:- 
apply-cmvn --utt2spk=ark:data/train/split4/3/utt2spk scp:data/train/split4/3/cmvn.scp scp:data/train/split4/3/feats.scp ark:- 
apply-cmvn --utt2spk=ark:data/train/split4/3/utt2spk scp:data/train/split4/3/cmvn.scp scp:data/train/split4/3/feats.scp ark:- 
LOG (apply-cmvn[5.4.10~1-f629b]:main():apply-cmvn.cc:162) Applied cepstral mean normalization to 9 utterances, errors on 0
splice-feats ark:- ark:- 
LOG (apply-cmvn[5.4.10~1-f629b]:main():apply-cmvn.cc:162) Applied cepstral mean normalization to 9 utterances, errors on 0
LOG (transform-feats[5.4.10~1-f629b]:main():transform-feats.cc:158) Overall average [pseudo-]logdet is -46.188 over 920 frames.
LOG (transform-feats[5.4.10~1-f629b]:main():transform-feats.cc:161) Applied transform to 9 utterances; 0 had errors.
LOG (gmm-post-to-gpost[5.4.10~1-f629b]:main():gmm-post-to-gpost.cc:124) Done 9 files, 0 with no posteriors, 0 with other errors.
LOG (gmm-post-to-gpost[5.4.10~1-f629b]:main():gmm-post-to-gpost.cc:128) Overall avg like per frame (Gaussian only) = -63.5262 over 609 frames.
LOG (gmm-post-to-gpost[5.4.10~1-f629b]:main():gmm-post-to-gpost.cc:131) Done converting post to gpost
LOG (gmm-est-fmllr-raw-gpost[5.4.10~1-f629b]:main():gmm-est-fmllr-raw-gpost.cc:144) For speaker dinhky_v2, auxf-impr from raw fMLLR is 4.68485 over 609 frames.
LOG (gmm-est-fmllr-raw-gpost[5.4.10~1-f629b]:main():gmm-est-fmllr-raw-gpost.cc:187) Processed 9 utterances, 0 had errors.
LOG (gmm-est-fmllr-raw-gpost[5.4.10~1-f629b]:main():gmm-est-fmllr-raw-gpost.cc:189) Overall raw-fMLLR auxf impr per frame is 4.68485 over 609 frames.
# Accounting: time=2 threads=1
# Ended (code 0) at Wed Mar 14 09:24:18 +07 2018, elapsed time 2 seconds
