# lattice-scale --inv-acoustic-scale=14 "ark:gunzip -c exp/tri2b/decode/lat.*.gz|" ark:- | lattice-add-penalty --word-ins-penalty=0.5 ark:- ark:- | lattice-best-path --word-symbol-table=exp/tri2b/graph/words.txt ark:- ark,t:- | utils/int2sym.pl -f 2- exp/tri2b/graph/words.txt | local/wer_hyp_filter > exp/tri2b/decode/scoring_kaldi/penalty_0.5/14.txt 
# Started at Sat Mar 31 17:19:58 +07 2018
#
lattice-scale --inv-acoustic-scale=14 'ark:gunzip -c exp/tri2b/decode/lat.*.gz|' ark:- 
lattice-add-penalty --word-ins-penalty=0.5 ark:- ark:- 
lattice-best-path --word-symbol-table=exp/tri2b/graph/words.txt ark:- ark,t:- 
LOG (lattice-best-path[5.4.10~1-f629b]:main():lattice-best-path.cc:99) For utterance phase1-Ky-1, best cost 19.3617 + 1455.61 = 1474.97 over 251 frames.
phase1-Ky-1 mo86t 
LOG (lattice-best-path[5.4.10~1-f629b]:main():lattice-best-path.cc:99) For utterance phase1-Ky-2, best cost 21.4573 + 1318.16 = 1339.62 over 254 frames.
phase1-Ky-2 hai <UNK> 
LOG (lattice-best-path[5.4.10~1-f629b]:main():lattice-best-path.cc:99) For utterance phase1-Ky-3, best cost 19.5452 + 1146.56 = 1166.11 over 224 frames.
phase1-Ky-3 ba <UNK> 
LOG (lattice-best-path[5.4.10~1-f629b]:main():lattice-best-path.cc:99) For utterance phase1-Ky-4, best cost 15.0383 + 1360.7 = 1375.74 over 261 frames.
phase1-Ky-4 mo86t 
LOG (lattice-best-path[5.4.10~1-f629b]:main():lattice-best-path.cc:99) For utterance phase1-Ky-5, best cost 15.2902 + 1217.57 = 1232.86 over 231 frames.
phase1-Ky-5 ba 
LOG (lattice-best-path[5.4.10~1-f629b]:main():lattice-best-path.cc:99) For utterance phase1-Ky-6, best cost 20.3931 + 1139.38 = 1159.77 over 203 frames.
phase1-Ky-6 hai <UNK> 
LOG (lattice-best-path[5.4.10~1-f629b]:main():lattice-best-path.cc:99) For utterance phase1-Ky-7, best cost 20.8492 + 1272.65 = 1293.5 over 235 frames.
phase1-Ky-7 hai <UNK> 
LOG (lattice-best-path[5.4.10~1-f629b]:main():lattice-best-path.cc:99) For utterance phase1-Ky-8, best cost 15.0987 + 1324.03 = 1339.13 over 251 frames.
phase1-Ky-8 mo86t 
LOG (lattice-best-path[5.4.10~1-f629b]:main():lattice-best-path.cc:99) For utterance phase1-Ky-9, best cost 20.3971 + 1320.52 = 1340.92 over 258 frames.
phase1-Ky-9 ba <UNK> 
LOG (lattice-best-path[5.4.10~1-f629b]:main():lattice-best-path.cc:99) For utterance phase10-Ky-1, best cost 13.5198 + 1319.23 = 1332.75 over 251 frames.
phase10-Ky-1 sa5u 
LOG (lattice-best-path[5.4.10~1-f629b]:main():lattice-best-path.cc:99) For utterance phase10-Ky-2, best cost 18.5183 + 1258.72 = 1277.24 over 238 frames.
phase10-Ky-2 ba4y <UNK> 
LOG (lattice-best-path[5.4.10~1-f629b]:main():lattice-best-path.cc:99) For utterance phase10-Ky-3, best cost 19.4693 + 1379.99 = 1399.46 over 275 frames.
phase10-Ky-3 chi5n <UNK> 
LOG (lattice-best-path[5.4.10~1-f629b]:main():lattice-best-path.cc:99) For utterance phase10-Ky-4, best cost 15.4307 + 1309.95 = 1325.39 over 251 frames.
phase10-Ky-4 na7m 
LOG (lattice-best-path[5.4.10~1-f629b]:main():lattice-best-path.cc:99) For utterance phase10-Ky-5, best cost 13.14 + 1142.41 = 1155.55 over 221 frames.
phase10-Ky-5 chi5n 
LOG (lattice-best-path[5.4.10~1-f629b]:main():lattice-best-path.cc:99) For utterance phase10-Ky-6, best cost 18.7421 + 1319.04 = 1337.78 over 238 frames.
phase10-Ky-6 na7m <UNK> 
LOG (lattice-best-path[5.4.10~1-f629b]:main():lattice-best-path.cc:99) For utterance phase10-Ky-7, best cost 24.2278 + 1317.2 = 1341.43 over 261 frames.
phase10-Ky-7 <UNK> chi5n <UNK> 
LOG (lattice-best-path[5.4.10~1-f629b]:main():lattice-best-path.cc:99) For utterance phase10-Ky-8, best cost 20.9968 + 1511.95 = 1532.95 over 275 frames.
phase10-Ky-8 sa5u <UNK> 
LOG (lattice-best-path[5.4.10~1-f629b]:main():lattice-best-path.cc:99) For utterance phase10-Ky-9, best cost 15.2691 + 1351.91 = 1367.18 over 254 frames.
phase10-Ky-9 ba4y 
LOG (lattice-best-path[5.4.10~1-f629b]:main():lattice-best-path.cc:99) For utterance phase2-Ky-1, best cost 25.2486 + 1288.61 = 1313.86 over 233 frames.
phase2-Ky-1 ba <UNK> 
LOG (lattice-best-path[5.4.10~1-f629b]:main():lattice-best-path.cc:99) For utterance phase2-Ky-2, best cost 18.5805 + 1151.69 = 1170.27 over 214 frames.
phase2-Ky-2 hai <UNK> 
LOG (lattice-best-path[5.4.10~1-f629b]:main():lattice-best-path.cc:99) For utterance phase2-Ky-3, best cost 15.177 + 1206.54 = 1221.72 over 219 frames.
phase2-Ky-3 mo86t 
LOG (lattice-best-path[5.4.10~1-f629b]:main():lattice-best-path.cc:99) For utterance phase2-Ky-4, best cost 15.7952 + 1241.3 = 1257.09 over 224 frames.
phase2-Ky-4 mo86t 
LOG (lattice-best-path[5.4.10~1-f629b]:main():lattice-best-path.cc:99) For utterance phase2-Ky-5, best cost 19.8505 + 1255.12 = 1274.97 over 247 frames.
phase2-Ky-5 ba <UNK> 
LOG (lattice-best-path[5.4.10~1-f629b]:main():lattice-best-path.cc:99) For utterance phase2-Ky-6, best cost 16.1688 + 1149.08 = 1165.24 over 212 frames.
phase2-Ky-6 hai 
LOG (lattice-best-path[5.4.10~1-f629b]:main():lattice-best-path.cc:99) For utterance phase2-Ky-7, best cost 18.5389 + 1184.67 = 1203.21 over 228 frames.
phase2-Ky-7 <UNK> ba 
LOG (lattice-best-path[5.4.10~1-f629b]:main():lattice-best-path.cc:99) For utterance phase2-Ky-8, best cost 20.8867 + 1241.08 = 1261.97 over 235 frames.
phase2-Ky-8 mo86t <UNK> 
LOG (lattice-best-path[5.4.10~1-f629b]:main():lattice-best-path.cc:99) For utterance phase2-Ky-9, best cost 13.7778 + 1383.69 = 1397.47 over 265 frames.
phase2-Ky-9 hai 
LOG (lattice-best-path[5.4.10~1-f629b]:main():lattice-best-path.cc:99) For utterance phase3-Ky-1, best cost 18.3299 + 1220.54 = 1238.87 over 231 frames.
phase3-Ky-1 hai 
LOG (lattice-best-path[5.4.10~1-f629b]:main():lattice-best-path.cc:99) For utterance phase3-Ky-2, best cost 15.8969 + 1420.39 = 1436.29 over 244 frames.
phase3-Ky-2 mo86t 
LOG (lattice-best-path[5.4.10~1-f629b]:main():lattice-best-path.cc:99) For utterance phase3-Ky-3, best cost 21.2442 + 1251.98 = 1273.23 over 238 frames.
phase3-Ky-3 ba <UNK> 
LOG (lattice-best-path[5.4.10~1-f629b]:main():lattice-best-path.cc:99) For utterance phase3-Ky-4, best cost 19.8234 + 1281.15 = 1300.98 over 249 frames.
phase3-Ky-4 <UNK> ba 
LOG (lattice-best-path[5.4.10~1-f629b]:main():lattice-best-path.cc:99) For utterance phase3-Ky-5, best cost 20.8196 + 1413.21 = 1434.03 over 228 frames.
phase3-Ky-5 mo86t <UNK> 
LOG (lattice-best-path[5.4.10~1-f629b]:main():lattice-best-path.cc:99) For utterance phase3-Ky-6, best cost 19.7333 + 1271.03 = 1290.77 over 240 frames.
phase3-Ky-6 hai <UNK> 
LOG (lattice-best-path[5.4.10~1-f629b]:main():lattice-best-path.cc:99) For utterance phase3-Ky-7, best cost 15.1992 + 1333.39 = 1348.59 over 247 frames.
phase3-Ky-7 mo86t 
LOG (lattice-best-path[5.4.10~1-f629b]:main():lattice-best-path.cc:99) For utterance phase3-Ky-8, best cost 22.086 + 1172.16 = 1194.25 over 233 frames.
phase3-Ky-8 <UNK> ba <UNK> 
LOG (lattice-best-path[5.4.10~1-f629b]:main():lattice-best-path.cc:99) For utterance phase3-Ky-9, best cost 14.9515 + 1229.39 = 1244.34 over 221 frames.
phase3-Ky-9 mo86t 
LOG (lattice-best-path[5.4.10~1-f629b]:main():lattice-best-path.cc:99) For utterance phase4-Ky-1, best cost 21.7711 + 1313.5 = 1335.27 over 240 frames.
phase4-Ky-1 bo85n <UNK> 
LOG (lattice-best-path[5.4.10~1-f629b]:main():lattice-best-path.cc:99) For utterance phase4-Ky-2, best cost 20.5635 + 1263.97 = 1284.53 over 233 frames.
phase4-Ky-2 hai <UNK> 
LOG (lattice-best-path[5.4.10~1-f629b]:main():lattice-best-path.cc:99) For utterance phase4-Ky-3, best cost 19.5767 + 1134.21 = 1153.79 over 217 frames.
phase4-Ky-3 ba 
LOG (lattice-best-path[5.4.10~1-f629b]:main():lattice-best-path.cc:99) For utterance phase4-Ky-4, best cost 16.7275 + 1300.18 = 1316.91 over 233 frames.
phase4-Ky-4 na7m 
LOG (lattice-best-path[5.4.10~1-f629b]:main():lattice-best-path.cc:99) For utterance phase4-Ky-5, best cost 18.084 + 1209.64 = 1227.73 over 235 frames.
phase4-Ky-5 chi5n <UNK> 
LOG (lattice-best-path[5.4.10~1-f629b]:main():lattice-best-path.cc:99) For utterance phase4-Ky-6, best cost 19.4894 + 1398.36 = 1417.85 over 270 frames.
phase4-Ky-6 ta5m <UNK> 
LOG (lattice-best-path[5.4.10~1-f629b]:main():lattice-best-path.cc:99) For utterance phase4-Ky-7, best cost 20.6023 + 1525.9 = 1546.5 over 282 frames.
phase4-Ky-7 sa5u <UNK> 
LOG (lattice-best-path[5.4.10~1-f629b]:main():lattice-best-path.cc:99) For utterance phase4-Ky-8, best cost 19.2537 + 1236.05 = 1255.31 over 235 frames.
phase4-Ky-8 ba4y <UNK> 
LOG (lattice-best-path[5.4.10~1-f629b]:main():lattice-best-path.cc:99) For utterance phase4-Ky-9, best cost 16.6708 + 1254.55 = 1271.22 over 240 frames.
phase4-Ky-9 hai 
LOG (lattice-best-path[5.4.10~1-f629b]:main():lattice-best-path.cc:99) For utterance phase5-Ky-1, best cost 18.1035 + 1467.08 = 1485.19 over 275 frames.
phase5-Ky-1 ta5m 
LOG (lattice-best-path[5.4.10~1-f629b]:main():lattice-best-path.cc:99) For utterance phase5-Ky-2, best cost 22.3293 + 1245.37 = 1267.7 over 240 frames.
phase5-Ky-2 chi5n <UNK> 
LOG (lattice-best-path[5.4.10~1-f629b]:main():lattice-best-path.cc:99) For utterance phase5-Ky-3, best cost 20.2527 + 1278.86 = 1299.11 over 233 frames.
phase5-Ky-3 na7m <UNK> 
LOG (lattice-best-path[5.4.10~1-f629b]:main():lattice-best-path.cc:99) For utterance phase5-Ky-4, best cost 20.7774 + 1235.36 = 1256.14 over 235 frames.
phase5-Ky-4 bo85n <UNK> 
LOG (lattice-best-path[5.4.10~1-f629b]:main():lattice-best-path.cc:99) For utterance phase5-Ky-5, best cost 23.4103 + 1401.82 = 1425.23 over 270 frames.
phase5-Ky-5 ba4y <UNK> 
LOG (lattice-best-path[5.4.10~1-f629b]:main():lattice-best-path.cc:99) For utterance phase5-Ky-6, best cost 19.1064 + 1475.5 = 1494.61 over 275 frames.
phase5-Ky-6 na7m <UNK> 
LOG (lattice-best-path[5.4.10~1-f629b]:main():lattice-best-path.cc:99) For utterance phase5-Ky-7, best cost 20.8508 + 1456.83 = 1477.69 over 284 frames.
phase5-Ky-7 ta5m <UNK> 
LOG (lattice-best-path[5.4.10~1-f629b]:main():lattice-best-path.cc:99) For utterance phase5-Ky-8, best cost 20.4564 + 1461.92 = 1482.37 over 263 frames.
phase5-Ky-8 sa5u <UNK> 
LOG (lattice-best-path[5.4.10~1-f629b]:main():lattice-best-path.cc:99) For utterance phase5-Ky-9, best cost 15.4542 + 1456.33 = 1471.78 over 279 frames.
phase5-Ky-9 bo85n 
LOG (lattice-best-path[5.4.10~1-f629b]:main():lattice-best-path.cc:99) For utterance phase6-Ky-1, best cost 18.5417 + 1286.11 = 1304.65 over 244 frames.
phase6-Ky-1 bo85n <UNK> 
LOG (lattice-best-path[5.4.10~1-f629b]:main():lattice-best-path.cc:99) For utterance phase6-Ky-2, best cost 15.6041 + 1378.02 = 1393.63 over 261 frames.
phase6-Ky-2 na7m 
LOG (lattice-best-path[5.4.10~1-f629b]:main():lattice-best-path.cc:99) For utterance phase6-Ky-3, best cost 20.3338 + 1495.56 = 1515.89 over 289 frames.
phase6-Ky-3 chi5n <UNK> 
LOG (lattice-best-path[5.4.10~1-f629b]:main():lattice-best-path.cc:99) For utterance phase6-Ky-4, best cost 13.2875 + 1339.37 = 1352.66 over 258 frames.
phase6-Ky-4 bo85n 
LOG (lattice-best-path[5.4.10~1-f629b]:main():lattice-best-path.cc:99) For utterance phase6-Ky-5, best cost 20.2047 + 1320.13 = 1340.33 over 247 frames.
phase6-Ky-5 bo85n <UNK> 
LOG (lattice-best-path[5.4.10~1-f629b]:main():lattice-best-path.cc:99) For utterance phase6-Ky-6, best cost 21.3189 + 1391.45 = 1412.77 over 256 frames.
phase6-Ky-6 na7m <UNK> 
LOG (lattice-best-path[5.4.10~1-f629b]:main():lattice-best-path.cc:99) For utterance phase6-Ky-7, best cost 21.243 + 1279.63 = 1300.88 over 247 frames.
phase6-Ky-7 ta5m <UNK> 
LOG (lattice-best-path[5.4.10~1-f629b]:main():lattice-best-path.cc:99) For utterance phase6-Ky-8, best cost 22.0579 + 1306.46 = 1328.52 over 240 frames.
phase6-Ky-8 sa5u <UNK> 
LOG (lattice-best-path[5.4.10~1-f629b]:main():lattice-best-path.cc:99) For utterance phase6-Ky-9, best cost 21.8401 + 1422.21 = 1444.05 over 272 frames.
phase6-Ky-9 ba4y <UNK> 
LOG (lattice-best-path[5.4.10~1-f629b]:main():lattice-best-path.cc:99) For utterance phase7-Ky-1, best cost 13.8586 + 1182.43 = 1196.29 over 217 frames.
phase7-Ky-1 sa5u 
LOG (lattice-best-path[5.4.10~1-f629b]:main():lattice-best-path.cc:99) For utterance phase7-Ky-2, best cost 21.1448 + 1343.91 = 1365.05 over 258 frames.
phase7-Ky-2 chi5n <UNK> 
LOG (lattice-best-path[5.4.10~1-f629b]:main():lattice-best-path.cc:99) For utterance phase7-Ky-3, best cost 14.8249 + 1362.47 = 1377.3 over 261 frames.
phase7-Ky-3 ta5m 
LOG (lattice-best-path[5.4.10~1-f629b]:main():lattice-best-path.cc:99) For utterance phase7-Ky-4, best cost 20.5327 + 1494.57 = 1515.1 over 258 frames.
phase7-Ky-4 na7m bo85n 
LOG (lattice-scale[5.4.10~1-f629b]:main():lattice-scale.cc:90) Done 90 lattices.
LOG (lattice-best-path[5.4.10~1-f629b]:main():lattice-best-path.cc:99) For utterance phase7-Ky-5, best cost 20.9839 + 1371.58 = 1392.56 over 247 frames.
phase7-Ky-5 sa5u <UNK> 
LOG (lattice-best-path[5.4.10~1-f629b]:main():lattice-best-path.cc:99) For utterance phase7-Ky-6, best cost 15.6285 + 1299.77 = 1315.4 over 247 frames.
phase7-Ky-6 ta5m 
LOG (lattice-best-path[5.4.10~1-f629b]:main():lattice-best-path.cc:99) For utterance phase7-Ky-7, best cost 20.1374 + 1234.58 = 1254.72 over 226 frames.
phase7-Ky-7 sa5u <UNK> 
LOG (lattice-best-path[5.4.10~1-f629b]:main():lattice-best-path.cc:99) For utterance phase7-Ky-8, best cost 18.6884 + 1250.33 = 1269.01 over 235 frames.
phase7-Ky-8 bo85n <UNK> 
LOG (lattice-best-path[5.4.10~1-f629b]:main():lattice-best-path.cc:99) For utterance phase7-Ky-9, best cost 20.3732 + 1472.44 = 1492.81 over 275 frames.
phase7-Ky-9 na7m <UNK> 
LOG (lattice-best-path[5.4.10~1-f629b]:main():lattice-best-path.cc:99) For utterance phase8-Ky-1, best cost 19.5112 + 1247.15 = 1266.66 over 235 frames.
phase8-Ky-1 na7m <UNK> 
LOG (lattice-best-path[5.4.10~1-f629b]:main():lattice-best-path.cc:99) For utterance phase8-Ky-2, best cost 20.8448 + 1547.74 = 1568.59 over 298 frames.
phase8-Ky-2 chi5n <UNK> 
LOG (lattice-best-path[5.4.10~1-f629b]:main():lattice-best-path.cc:99) For utterance phase8-Ky-3, best cost 21.7211 + 1400.65 = 1422.37 over 263 frames.
phase8-Ky-3 bo85n <UNK> 
LOG (lattice-best-path[5.4.10~1-f629b]:main():lattice-best-path.cc:99) For utterance phase8-Ky-4, best cost 19.9426 + 1479.5 = 1499.44 over 263 frames.
phase8-Ky-4 na7m <UNK> 
LOG (lattice-best-path[5.4.10~1-f629b]:main():lattice-best-path.cc:99) For utterance phase8-Ky-5, best cost 20.0296 + 1363.21 = 1383.24 over 263 frames.
phase8-Ky-5 chi5n <UNK> 
LOG (lattice-best-path[5.4.10~1-f629b]:main():lattice-best-path.cc:99) For utterance phase8-Ky-6, best cost 19.9773 + 1345.62 = 1365.59 over 258 frames.
phase8-Ky-6 ba4y <UNK> 
LOG (lattice-add-penalty[5.4.10~1-f629b]:main():lattice-add-penalty.cc:62) Done adding word insertion penalty to 90 lattices.
LOG (lattice-best-path[5.4.10~1-f629b]:main():lattice-best-path.cc:99) For utterance phase8-Ky-7, best cost 14.9261 + 1219.03 = 1233.96 over 231 frames.
phase8-Ky-7 sa5u 
LOG (lattice-best-path[5.4.10~1-f629b]:main():lattice-best-path.cc:99) For utterance phase8-Ky-8, best cost 18.7018 + 1375.09 = 1393.79 over 272 frames.
phase8-Ky-8 ta5m <UNK> 
LOG (lattice-best-path[5.4.10~1-f629b]:main():lattice-best-path.cc:99) For utterance phase8-Ky-9, best cost 15.2742 + 1356.54 = 1371.81 over 251 frames.
phase8-Ky-9 ba4y 
LOG (lattice-best-path[5.4.10~1-f629b]:main():lattice-best-path.cc:99) For utterance phase9-Ky-1, best cost 14.8977 + 1346.37 = 1361.26 over 256 frames.
phase9-Ky-1 ta5m 
LOG (lattice-best-path[5.4.10~1-f629b]:main():lattice-best-path.cc:99) For utterance phase9-Ky-2, best cost 15.3542 + 1270.82 = 1286.17 over 238 frames.
phase9-Ky-2 bo85n 
LOG (lattice-best-path[5.4.10~1-f629b]:main():lattice-best-path.cc:99) For utterance phase9-Ky-3, best cost 14.7892 + 1315.6 = 1330.39 over 240 frames.
phase9-Ky-3 na7m 
LOG (lattice-best-path[5.4.10~1-f629b]:main():lattice-best-path.cc:99) For utterance phase9-Ky-4, best cost 27.7811 + 1633.09 = 1660.87 over 282 frames.
phase9-Ky-4 <UNK> na7m hai 
LOG (lattice-best-path[5.4.10~1-f629b]:main():lattice-best-path.cc:99) For utterance phase9-Ky-5, best cost 19.5794 + 1347.62 = 1367.2 over 249 frames.
phase9-Ky-5 chi5n <UNK> 
LOG (lattice-best-path[5.4.10~1-f629b]:main():lattice-best-path.cc:99) For utterance phase9-Ky-6, best cost 21.3122 + 1431.59 = 1452.9 over 261 frames.
phase9-Ky-6 bo85n <UNK> 
LOG (lattice-best-path[5.4.10~1-f629b]:main():lattice-best-path.cc:99) For utterance phase9-Ky-7, best cost 17.499 + 1428.5 = 1446 over 275 frames.
phase9-Ky-7 ta5m 
LOG (lattice-best-path[5.4.10~1-f629b]:main():lattice-best-path.cc:99) For utterance phase9-Ky-8, best cost 18.3114 + 1237.86 = 1256.17 over 235 frames.
phase9-Ky-8 sa5u <UNK> 
LOG (lattice-best-path[5.4.10~1-f629b]:main():lattice-best-path.cc:99) For utterance phase9-Ky-9, best cost 19.3316 + 1287.17 = 1306.5 over 238 frames.
phase9-Ky-9 ta5m <UNK> 
LOG (lattice-best-path[5.4.10~1-f629b]:main():lattice-best-path.cc:124) Overall cost per frame is 5.41245 = 0.0758218 [graph] + 5.33663 [acoustic] over 22325 frames.
LOG (lattice-best-path[5.4.10~1-f629b]:main():lattice-best-path.cc:128) Done 90 lattices, failed for 0
# Accounting: time=0 threads=1
# Ended (code 0) at Sat Mar 31 17:19:58 +07 2018, elapsed time 0 seconds
