# gunzip -c exp/tri2b/decode/depth_stats_tmp.*.gz | steps/diagnostic/analyze_lattice_depth_stats.py exp/tri2b/graph 
# Started at Sat Mar 31 17:19:57 +07 2018
#
The total amount of data analyzed assuming 100 frames per second is 0.1 hours
Overall, lattice depth (10,50,90-percentile)=(2,3,5) and mean=3.4
Phone sil accounts for 50.3% of frames, with lattice depth (10,50,90-percentile)=(2,3,5) and mean=3.3
Phone spn_S accounts for 30.2% of frames, with lattice depth (10,50,90-percentile)=(2,3,6) and mean=4.0
Nonsilence phones as a group account for 19.5% of frames, with lattice depth (10,50,90-percentile)=(2,3,4) and mean=2.9
Phone b_B accounts for 2.4% of frames, with lattice depth (10,50,90-percentile)=(2,3,5) and mean=3.2
Phone a5_I accounts for 2.1% of frames, with lattice depth (10,50,90-percentile)=(2,3,3) and mean=2.7
Phone h_B accounts for 1.9% of frames, with lattice depth (10,50,90-percentile)=(2,2,3) and mean=2.6
Phone o85_I accounts for 1.6% of frames, with lattice depth (10,50,90-percentile)=(2,3,3) and mean=2.6
Phone m_B accounts for 1.5% of frames, with lattice depth (10,50,90-percentile)=(2,2,4) and mean=3.1
Phone n_E accounts for 1.4% of frames, with lattice depth (10,50,90-percentile)=(2,3,5) and mean=3.4
Phone a7_I accounts for 1.4% of frames, with lattice depth (10,50,90-percentile)=(2,3,5) and mean=3.1
Phone s_B accounts for 1.3% of frames, with lattice depth (10,50,90-percentile)=(2,2,3) and mean=2.4
Phone i5_I accounts for 0.9% of frames, with lattice depth (10,50,90-percentile)=(2,3,3) and mean=3.0
Phone a4_I accounts for 0.9% of frames, with lattice depth (10,50,90-percentile)=(2,3,4) and mean=2.8
Phone m_E accounts for 0.7% of frames, with lattice depth (10,50,90-percentile)=(2,3,5) and mean=3.6
Phone i_E accounts for 0.6% of frames, with lattice depth (10,50,90-percentile)=(2,2,5) and mean=2.8
Phone a_E accounts for 0.6% of frames, with lattice depth (10,50,90-percentile)=(2,3,4) and mean=3.1
# Accounting: time=0 threads=1
# Ended (code 0) at Sat Mar 31 17:19:57 +07 2018, elapsed time 0 seconds
