# lattice-scale --inv-acoustic-scale=17 "ark:gunzip -c exp/mono/decode/lat.*.gz|" ark:- | lattice-add-penalty --word-ins-penalty=0.0 ark:- ark:- | lattice-best-path --word-symbol-table=exp/mono/graph/words.txt ark:- ark,t:- | utils/int2sym.pl -f 2- exp/mono/graph/words.txt | local/wer_hyp_filter > exp/mono/decode/scoring_kaldi/penalty_0.0/17.txt 
# Started at Sun May  6 22:55:50 +07 2018
#
lattice-scale --inv-acoustic-scale=17 'ark:gunzip -c exp/mono/decode/lat.*.gz|' ark:- 
lattice-best-path --word-symbol-table=exp/mono/graph/words.txt ark:- ark,t:- 
lattice-add-penalty --word-ins-penalty=0.0 ark:- ark:- 
LOG (lattice-best-path[5.4.10~1-f629b]:main():lattice-best-path.cc:99) For utterance somebody-phase1-1, best cost 19.7476 + 719.114 = 738.862 over 251 frames.
somebody-phase1-1 mo86t 
LOG (lattice-best-path[5.4.10~1-f629b]:main():lattice-best-path.cc:99) For utterance somebody-phase1-2, best cost 18.2714 + 707.701 = 725.972 over 253 frames.
somebody-phase1-2 hai <UNK> 
LOG (lattice-best-path[5.4.10~1-f629b]:main():lattice-best-path.cc:99) For utterance somebody-phase1-3, best cost 17.2669 + 585.647 = 602.914 over 223 frames.
somebody-phase1-3 ba 
LOG (lattice-best-path[5.4.10~1-f629b]:main():lattice-best-path.cc:99) For utterance somebody-phase1-4, best cost 15.6642 + 717.917 = 733.582 over 260 frames.
somebody-phase1-4 mo86t 
LOG (lattice-best-path[5.4.10~1-f629b]:main():lattice-best-path.cc:99) For utterance somebody-phase1-5, best cost 17.5816 + 640.607 = 658.189 over 230 frames.
somebody-phase1-5 ba <UNK> 
LOG (lattice-best-path[5.4.10~1-f629b]:main():lattice-best-path.cc:99) For utterance somebody-phase1-6, best cost 17.975 + 632.91 = 650.885 over 202 frames.
somebody-phase1-6 hai <UNK> 
LOG (lattice-best-path[5.4.10~1-f629b]:main():lattice-best-path.cc:99) For utterance somebody-phase1-7, best cost 16.0866 + 668.857 = 684.944 over 235 frames.
somebody-phase1-7 hai 
LOG (lattice-best-path[5.4.10~1-f629b]:main():lattice-best-path.cc:99) For utterance somebody-phase1-8, best cost 23.1656 + 688.995 = 712.16 over 251 frames.
somebody-phase1-8 mo86t chi5n 
LOG (lattice-best-path[5.4.10~1-f629b]:main():lattice-best-path.cc:99) For utterance somebody-phase1-9, best cost 17.7785 + 704.635 = 722.413 over 258 frames.
somebody-phase1-9 ba 
LOG (lattice-best-path[5.4.10~1-f629b]:main():lattice-best-path.cc:99) For utterance somebody-phase10-1, best cost 18.6036 + 686.755 = 705.359 over 251 frames.
somebody-phase10-1 sa5u 
LOG (lattice-best-path[5.4.10~1-f629b]:main():lattice-best-path.cc:99) For utterance somebody-phase10-2, best cost 23.1493 + 641.537 = 664.686 over 237 frames.
somebody-phase10-2 ba4y <UNK> 
LOG (lattice-best-path[5.4.10~1-f629b]:main():lattice-best-path.cc:99) For utterance somebody-phase10-3, best cost 17.8227 + 742.809 = 760.632 over 274 frames.
somebody-phase10-3 chi5n 
LOG (lattice-best-path[5.4.10~1-f629b]:main():lattice-best-path.cc:99) For utterance somebody-phase10-4, best cost 14.8939 + 666.682 = 681.576 over 251 frames.
somebody-phase10-4 na7m 
LOG (lattice-best-path[5.4.10~1-f629b]:main():lattice-best-path.cc:99) For utterance somebody-phase10-5, best cost 14.4566 + 598.182 = 612.638 over 221 frames.
somebody-phase10-5 chi5n 
LOG (lattice-best-path[5.4.10~1-f629b]:main():lattice-best-path.cc:99) For utterance somebody-phase10-6, best cost 17.5919 + 680.036 = 697.628 over 237 frames.
somebody-phase10-6 na7m 
LOG (lattice-best-path[5.4.10~1-f629b]:main():lattice-best-path.cc:99) For utterance somebody-phase10-7, best cost 13.4913 + 692.926 = 706.418 over 260 frames.
somebody-phase10-7 chi5n 
LOG (lattice-best-path[5.4.10~1-f629b]:main():lattice-best-path.cc:99) For utterance somebody-phase10-8, best cost 24.9874 + 812.579 = 837.567 over 274 frames.
somebody-phase10-8 sa5u <UNK> 
LOG (lattice-best-path[5.4.10~1-f629b]:main():lattice-best-path.cc:99) For utterance somebody-phase10-9, best cost 24.1396 + 712.125 = 736.265 over 253 frames.
somebody-phase10-9 ba4y <UNK> 
LOG (lattice-best-path[5.4.10~1-f629b]:main():lattice-best-path.cc:99) For utterance somebody-phase11-1, best cost 13.4465 + 676.515 = 689.961 over 246 frames.
somebody-phase11-1 ba 
LOG (lattice-best-path[5.4.10~1-f629b]:main():lattice-best-path.cc:99) For utterance somebody-phase11-2, best cost 16.294 + 729.89 = 746.184 over 279 frames.
somebody-phase11-2 mo86t 
LOG (lattice-best-path[5.4.10~1-f629b]:main():lattice-best-path.cc:99) For utterance somebody-phase11-3, best cost 15.9817 + 713.217 = 729.199 over 263 frames.
somebody-phase11-3 ta5m 
LOG (lattice-best-path[5.4.10~1-f629b]:main():lattice-best-path.cc:99) For utterance somebody-phase11-4, best cost 20.1419 + 600.782 = 620.924 over 225 frames.
somebody-phase11-4 ba4y 
LOG (lattice-best-path[5.4.10~1-f629b]:main():lattice-best-path.cc:99) For utterance somebody-phase11-5, best cost 15.4865 + 697.149 = 712.635 over 258 frames.
somebody-phase11-5 chi5n 
LOG (lattice-best-path[5.4.10~1-f629b]:main():lattice-best-path.cc:99) For utterance somebody-phase11-6, best cost 23.0849 + 990.269 = 1013.35 over 355 frames.
somebody-phase11-6 sa5u <UNK> 
LOG (lattice-best-path[5.4.10~1-f629b]:main():lattice-best-path.cc:99) For utterance somebody-phase11-7, best cost 16.7119 + 701.386 = 718.098 over 270 frames.
somebody-phase11-7 hai 
LOG (lattice-best-path[5.4.10~1-f629b]:main():lattice-best-path.cc:99) For utterance somebody-phase11-8, best cost 24.1121 + 824.827 = 848.939 over 300 frames.
somebody-phase11-8 bo85n <UNK> 
LOG (lattice-best-path[5.4.10~1-f629b]:main():lattice-best-path.cc:99) For utterance somebody-phase11-9, best cost 18.6502 + 625.424 = 644.074 over 239 frames.
somebody-phase11-9 ta5m 
LOG (lattice-best-path[5.4.10~1-f629b]:main():lattice-best-path.cc:99) For utterance somebody-phase12-1, best cost 24.0057 + 736.381 = 760.387 over 281 frames.
somebody-phase12-1 hai 
LOG (lattice-best-path[5.4.10~1-f629b]:main():lattice-best-path.cc:99) For utterance somebody-phase12-2, best cost 18.6545 + 846.235 = 864.889 over 286 frames.
somebody-phase12-2 ba <UNK> 
LOG (lattice-best-path[5.4.10~1-f629b]:main():lattice-best-path.cc:99) For utterance somebody-phase12-3, best cost 16.7293 + 720.664 = 737.393 over 281 frames.
somebody-phase12-3 chi5n 
LOG (lattice-best-path[5.4.10~1-f629b]:main():lattice-best-path.cc:99) For utterance somebody-phase12-4, best cost 19.8082 + 693.245 = 713.054 over 249 frames.
somebody-phase12-4 sa5u <UNK> 
LOG (lattice-best-path[5.4.10~1-f629b]:main():lattice-best-path.cc:99) For utterance somebody-phase12-5, best cost 25.2478 + 699.419 = 724.667 over 260 frames.
somebody-phase12-5 <UNK> ba4y 
LOG (lattice-best-path[5.4.10~1-f629b]:main():lattice-best-path.cc:99) For utterance somebody-phase12-6, best cost 18.1776 + 706.015 = 724.192 over 274 frames.
somebody-phase12-6 ta5m 
LOG (lattice-best-path[5.4.10~1-f629b]:main():lattice-best-path.cc:99) For utterance somebody-phase12-7, best cost 23.0152 + 786.508 = 809.524 over 293 frames.
somebody-phase12-7 bo85n 
LOG (lattice-best-path[5.4.10~1-f629b]:main():lattice-best-path.cc:99) For utterance somebody-phase12-8, best cost 27.1585 + 796.306 = 823.465 over 304 frames.
somebody-phase12-8 mo86t 
LOG (lattice-best-path[5.4.10~1-f629b]:main():lattice-best-path.cc:99) For utterance somebody-phase12-9, best cost 14.6657 + 627.19 = 641.855 over 239 frames.
somebody-phase12-9 na7m 
LOG (lattice-best-path[5.4.10~1-f629b]:main():lattice-best-path.cc:99) For utterance somebody-phase13-1, best cost 21.9807 + 711.559 = 733.539 over 216 frames.
somebody-phase13-1 mo86t ta5m mo86t 
LOG (lattice-best-path[5.4.10~1-f629b]:main():lattice-best-path.cc:99) For utterance somebody-phase13-2, best cost 18.8933 + 750.116 = 769.009 over 281 frames.
somebody-phase13-2 hai 
LOG (lattice-best-path[5.4.10~1-f629b]:main():lattice-best-path.cc:99) For utterance somebody-phase13-3, best cost 25.1437 + 928.4 = 953.544 over 342 frames.
somebody-phase13-3 mo86t 
LOG (lattice-best-path[5.4.10~1-f629b]:main():lattice-best-path.cc:99) For utterance somebody-phase13-4, best cost 16.1522 + 772.96 = 789.112 over 297 frames.
somebody-phase13-4 ta5m 
LOG (lattice-best-path[5.4.10~1-f629b]:main():lattice-best-path.cc:99) For utterance somebody-phase13-5, best cost 21.2459 + 661.45 = 682.695 over 239 frames.
somebody-phase13-5 sa5u 
LOG (lattice-best-path[5.4.10~1-f629b]:main():lattice-best-path.cc:99) For utterance somebody-phase13-6, best cost 18.3982 + 688.979 = 707.377 over 274 frames.
somebody-phase13-6 hai 
LOG (lattice-best-path[5.4.10~1-f629b]:main():lattice-best-path.cc:99) For utterance somebody-phase13-7, best cost 18.6757 + 715.927 = 734.602 over 260 frames.
somebody-phase13-7 ba4y 
LOG (lattice-best-path[5.4.10~1-f629b]:main():lattice-best-path.cc:99) For utterance somebody-phase13-8, best cost 19.0695 + 833.697 = 852.766 over 318 frames.
somebody-phase13-8 chi5n 
LOG (lattice-best-path[5.4.10~1-f629b]:main():lattice-best-path.cc:99) For utterance somebody-phase13-9, best cost 17.8636 + 667.299 = 685.163 over 267 frames.
somebody-phase13-9 bo85n 
LOG (lattice-best-path[5.4.10~1-f629b]:main():lattice-best-path.cc:99) For utterance somebody-phase14-1, best cost 17.9725 + 692.762 = 710.735 over 265 frames.
somebody-phase14-1 chi5n 
LOG (lattice-best-path[5.4.10~1-f629b]:main():lattice-best-path.cc:99) For utterance somebody-phase14-2, best cost 17.0456 + 684.122 = 701.167 over 253 frames.
somebody-phase14-2 ta5m 
LOG (lattice-best-path[5.4.10~1-f629b]:main():lattice-best-path.cc:99) For utterance somebody-phase14-3, best cost 17.8216 + 692.78 = 710.602 over 267 frames.
somebody-phase14-3 ba4y 
LOG (lattice-best-path[5.4.10~1-f629b]:main():lattice-best-path.cc:99) For utterance somebody-phase14-4, best cost 17.8216 + 684.602 = 702.423 over 256 frames.
somebody-phase14-4 sa5u 
LOG (lattice-best-path[5.4.10~1-f629b]:main():lattice-best-path.cc:99) For utterance somebody-phase14-5, best cost 22.8435 + 884.384 = 907.227 over 348 frames.
somebody-phase14-5 hai 
LOG (lattice-best-path[5.4.10~1-f629b]:main():lattice-best-path.cc:99) For utterance somebody-phase14-6, best cost 15.6923 + 725.376 = 741.069 over 270 frames.
somebody-phase14-6 ba 
LOG (lattice-best-path[5.4.10~1-f629b]:main():lattice-best-path.cc:99) For utterance somebody-phase14-7, best cost 23.043 + 819.647 = 842.69 over 314 frames.
somebody-phase14-7 mo86t 
LOG (lattice-best-path[5.4.10~1-f629b]:main():lattice-best-path.cc:99) For utterance somebody-phase14-8, best cost 20.9122 + 875.723 = 896.635 over 295 frames.
somebody-phase14-8 <UNK> ta5m 
LOG (lattice-best-path[5.4.10~1-f629b]:main():lattice-best-path.cc:99) For utterance somebody-phase14-9, best cost 18.0186 + 718.472 = 736.491 over 279 frames.
somebody-phase14-9 bo85n 
LOG (lattice-best-path[5.4.10~1-f629b]:main():lattice-best-path.cc:99) For utterance somebody-phase15-1, best cost 18.6691 + 840.799 = 859.469 over 323 frames.
somebody-phase15-1 ta5m 
LOG (lattice-best-path[5.4.10~1-f629b]:main():lattice-best-path.cc:99) For utterance somebody-phase15-2, best cost 20.764 + 742.551 = 763.315 over 274 frames.
somebody-phase15-2 chi5n 
LOG (lattice-best-path[5.4.10~1-f629b]:main():lattice-best-path.cc:99) For utterance somebody-phase15-3, best cost 16.6628 + 715.096 = 731.759 over 279 frames.
somebody-phase15-3 hai 
LOG (lattice-best-path[5.4.10~1-f629b]:main():lattice-best-path.cc:99) For utterance somebody-phase15-4, best cost 16.0238 + 823.299 = 839.322 over 307 frames.
somebody-phase15-4 ba 
LOG (lattice-best-path[5.4.10~1-f629b]:main():lattice-best-path.cc:99) For utterance somebody-phase15-5, best cost 16.4168 + 752.546 = 768.963 over 263 frames.
somebody-phase15-5 na7m 
LOG (lattice-best-path[5.4.10~1-f629b]:main():lattice-best-path.cc:99) For utterance somebody-phase15-6, best cost 25.0611 + 726.5 = 751.562 over 249 frames.
somebody-phase15-6 ba4y <UNK> 
LOG (lattice-best-path[5.4.10~1-f629b]:main():lattice-best-path.cc:99) For utterance somebody-phase15-7, best cost 14.0145 + 644.981 = 658.995 over 246 frames.
somebody-phase15-7 sa5u 
LOG (lattice-best-path[5.4.10~1-f629b]:main():lattice-best-path.cc:99) For utterance somebody-phase15-8, best cost 20.3927 + 721.927 = 742.32 over 279 frames.
somebody-phase15-8 bo85n 
LOG (lattice-best-path[5.4.10~1-f629b]:main():lattice-best-path.cc:99) For utterance somebody-phase15-9, best cost 20.4807 + 742.928 = 763.409 over 290 frames.
somebody-phase15-9 mo86t 
LOG (lattice-best-path[5.4.10~1-f629b]:main():lattice-best-path.cc:99) For utterance somebody-phase16-1, best cost 26.1638 + 1243.81 = 1269.97 over 409 frames.
somebody-phase16-1 <UNK> ba <UNK> 
LOG (lattice-best-path[5.4.10~1-f629b]:main():lattice-best-path.cc:99) For utterance somebody-phase16-2, best cost 25.0223 + 915.887 = 940.909 over 293 frames.
somebody-phase16-2 <UNK> na7m <UNK> 
LOG (lattice-best-path[5.4.10~1-f629b]:main():lattice-best-path.cc:99) For utterance somebody-phase16-3, best cost 27.0652 + 1250.29 = 1277.36 over 418 frames.
somebody-phase16-3 <UNK> mo86t <UNK> 
LOG (lattice-best-path[5.4.10~1-f629b]:main():lattice-best-path.cc:99) For utterance somebody-phase16-4, best cost 24.7601 + 974.119 = 998.879 over 318 frames.
somebody-phase16-4 <UNK> ta5m <UNK> 
LOG (lattice-best-path[5.4.10~1-f629b]:main():lattice-best-path.cc:99) For utterance somebody-phase16-5, best cost 24.896 + 960.633 = 985.529 over 314 frames.
somebody-phase16-5 <UNK> sa5u <UNK> 
LOG (lattice-best-path[5.4.10~1-f629b]:main():lattice-best-path.cc:99) For utterance somebody-phase16-6, best cost 26.7675 + 1169.62 = 1196.39 over 386 frames.
somebody-phase16-6 <UNK> hai <UNK> 
LOG (lattice-best-path[5.4.10~1-f629b]:main():lattice-best-path.cc:99) For utterance somebody-phase16-7, best cost 27.1095 + 1167.72 = 1194.83 over 390 frames.
somebody-phase16-7 <UNK> ba4y <UNK> 
LOG (lattice-best-path[5.4.10~1-f629b]:main():lattice-best-path.cc:99) For utterance somebody-phase16-8, best cost 24.6928 + 983.205 = 1007.9 over 314 frames.
somebody-phase16-8 <UNK> chi5n <UNK> 
LOG (lattice-best-path[5.4.10~1-f629b]:main():lattice-best-path.cc:99) For utterance somebody-phase16-9, best cost 23.0005 + 955.965 = 978.966 over 307 frames.
somebody-phase16-9 <UNK> bo85n <UNK> 
LOG (lattice-best-path[5.4.10~1-f629b]:main():lattice-best-path.cc:99) For utterance somebody-phase17-1, best cost 24.235 + 936.733 = 960.968 over 302 frames.
somebody-phase17-1 <UNK> chi5n <UNK> 
LOG (lattice-best-path[5.4.10~1-f629b]:main():lattice-best-path.cc:99) For utterance somebody-phase17-2, best cost 23.5071 + 871.385 = 894.892 over 286 frames.
somebody-phase17-2 <UNK> ta5m <UNK> 
LOG (lattice-best-path[5.4.10~1-f629b]:main():lattice-best-path.cc:99) For utterance somebody-phase17-3, best cost 26.1062 + 1067.73 = 1093.84 over 351 frames.
somebody-phase17-3 <UNK> ba4y <UNK> 
LOG (lattice-best-path[5.4.10~1-f629b]:main():lattice-best-path.cc:99) For utterance somebody-phase17-4, best cost 24.915 + 992.749 = 1017.66 over 321 frames.
somebody-phase17-4 <UNK> sa5u <UNK> 
LOG (lattice-best-path[5.4.10~1-f629b]:main():lattice-best-path.cc:99) For utterance somebody-phase17-5, best cost 24.992 + 985.956 = 1010.95 over 316 frames.
somebody-phase17-5 <UNK> na7m <UNK> 
LOG (lattice-best-path[5.4.10~1-f629b]:main():lattice-best-path.cc:99) For utterance somebody-phase17-6, best cost 23.8882 + 880.676 = 904.564 over 288 frames.
somebody-phase17-6 <UNK> bo85n <UNK> 
LOG (lattice-best-path[5.4.10~1-f629b]:main():lattice-best-path.cc:99) For utterance somebody-phase17-7, best cost 24.7643 + 1091.34 = 1116.1 over 360 frames.
somebody-phase17-7 <UNK> ba <UNK> 
LOG (lattice-best-path[5.4.10~1-f629b]:main():lattice-best-path.cc:99) For utterance somebody-phase17-8, best cost 28.6637 + 1441.3 = 1469.96 over 467 frames.
somebody-phase17-8 <UNK> hai <UNK> 
LOG (lattice-best-path[5.4.10~1-f629b]:main():lattice-best-path.cc:99) For utterance somebody-phase17-9, best cost 26.5719 + 1215.29 = 1241.86 over 388 frames.
somebody-phase17-9 <UNK> mo86t <UNK> 
LOG (lattice-best-path[5.4.10~1-f629b]:main():lattice-best-path.cc:99) For utterance somebody-phase18-1, best cost 25.087 + 996.622 = 1021.71 over 330 frames.
somebody-phase18-1 <UNK> bo85n <UNK> 
LOG (lattice-best-path[5.4.10~1-f629b]:main():lattice-best-path.cc:99) For utterance somebody-phase18-2, best cost 24.5487 + 1075.62 = 1100.17 over 348 frames.
somebody-phase18-2 <UNK> ba <UNK> 
LOG (lattice-best-path[5.4.10~1-f629b]:main():lattice-best-path.cc:99) For utterance somebody-phase18-3, best cost 24.8697 + 874.802 = 899.671 over 295 frames.
somebody-phase18-3 <UNK> ba4y <UNK> 
LOG (lattice-best-path[5.4.10~1-f629b]:main():lattice-best-path.cc:99) For utterance somebody-phase18-4, best cost 28.629 + 1420.68 = 1449.31 over 465 frames.
somebody-phase18-4 <UNK> mo86t <UNK> 
LOG (lattice-best-path[5.4.10~1-f629b]:main():lattice-best-path.cc:99) For utterance somebody-phase18-5, best cost 23.9657 + 881.022 = 904.988 over 286 frames.
somebody-phase18-5 <UNK> na7m <UNK> 
LOG (lattice-best-path[5.4.10~1-f629b]:main():lattice-best-path.cc:99) For utterance somebody-phase18-6, best cost 24.9699 + 955.388 = 980.358 over 309 frames.
somebody-phase18-6 <UNK> ta5m <UNK> 
LOG (lattice-best-path[5.4.10~1-f629b]:main():lattice-best-path.cc:99) For utterance somebody-phase18-7, best cost 28.8465 + 1228.3 = 1257.15 over 411 frames.
somebody-phase18-7 <UNK> hai <UNK> 
LOG (lattice-best-path[5.4.10~1-f629b]:main():lattice-best-path.cc:99) For utterance somebody-phase18-8, best cost 24.9062 + 996.532 = 1021.44 over 318 frames.
somebody-phase18-8 <UNK> chi5n <UNK> 
LOG (lattice-best-path[5.4.10~1-f629b]:main():lattice-best-path.cc:99) For utterance somebody-phase18-9, best cost 20.8497 + 976.329 = 997.178 over 321 frames.
somebody-phase18-9 <UNK> sa5u 
LOG (lattice-best-path[5.4.10~1-f629b]:main():lattice-best-path.cc:99) For utterance somebody-phase19-1, best cost 25.8769 + 1172.18 = 1198.06 over 372 frames.
somebody-phase19-1 <UNK> mo86t <UNK> 
LOG (lattice-best-path[5.4.10~1-f629b]:main():lattice-best-path.cc:99) For utterance somebody-phase19-2, best cost 27.3075 + 1077.43 = 1104.74 over 346 frames.
somebody-phase19-2 <UNK> hai <UNK> 
LOG (lattice-best-path[5.4.10~1-f629b]:main():lattice-best-path.cc:99) For utterance somebody-phase19-3, best cost 17.5571 + 1010.37 = 1027.93 over 328 frames.
somebody-phase19-3 ba <UNK> 
LOG (lattice-best-path[5.4.10~1-f629b]:main():lattice-best-path.cc:99) For utterance somebody-phase19-4, best cost 24.1288 + 887.849 = 911.978 over 293 frames.
somebody-phase19-4 <UNK> bo85n <UNK> 
LOG (lattice-best-path[5.4.10~1-f629b]:main():lattice-best-path.cc:99) For utterance somebody-phase19-5, best cost 18.0975 + 883.389 = 901.486 over 293 frames.
somebody-phase19-5 na7m <UNK> 
LOG (lattice-best-path[5.4.10~1-f629b]:main():lattice-best-path.cc:99) For utterance somebody-phase19-6, best cost 25.1355 + 1031.98 = 1057.11 over 339 frames.
somebody-phase19-6 <UNK> sa5u <UNK> 
LOG (lattice-best-path[5.4.10~1-f629b]:main():lattice-best-path.cc:99) For utterance somebody-phase19-7, best cost 25.2693 + 996.414 = 1021.68 over 321 frames.
somebody-phase19-7 <UNK> ba4y <UNK> 
LOG (lattice-best-path[5.4.10~1-f629b]:main():lattice-best-path.cc:99) For utterance somebody-phase19-8, best cost 27.4059 + 1260.08 = 1287.49 over 409 frames.
somebody-phase19-8 <UNK> ta5m <UNK> 
LOG (lattice-best-path[5.4.10~1-f629b]:main():lattice-best-path.cc:99) For utterance somebody-phase19-9, best cost 23.852 + 890.26 = 914.112 over 283 frames.
somebody-phase19-9 <UNK> chi5n <UNK> 
LOG (lattice-best-path[5.4.10~1-f629b]:main():lattice-best-path.cc:99) For utterance somebody-phase2-1, best cost 15.3897 + 660.211 = 675.601 over 232 frames.
somebody-phase2-1 ba 
LOG (lattice-best-path[5.4.10~1-f629b]:main():lattice-best-path.cc:99) For utterance somebody-phase2-2, best cost 13.757 + 615.414 = 629.171 over 214 frames.
somebody-phase2-2 hai 
LOG (lattice-best-path[5.4.10~1-f629b]:main():lattice-best-path.cc:99) For utterance somebody-phase2-3, best cost 22.526 + 653.253 = 675.779 over 218 frames.
somebody-phase2-3 <UNK> mo86t 
LOG (lattice-best-path[5.4.10~1-f629b]:main():lattice-best-path.cc:99) For utterance somebody-phase2-4, best cost 25.5549 + 664.656 = 690.211 over 223 frames.
somebody-phase2-4 <UNK> mo86t <UNK> 
LOG (lattice-best-path[5.4.10~1-f629b]:main():lattice-best-path.cc:99) For utterance somebody-phase2-5, best cost 17.1234 + 650.311 = 667.435 over 246 frames.
somebody-phase2-5 ba 
LOG (lattice-best-path[5.4.10~1-f629b]:main():lattice-best-path.cc:99) For utterance somebody-phase2-6, best cost 13.5914 + 601.747 = 615.339 over 211 frames.
somebody-phase2-6 hai 
LOG (lattice-best-path[5.4.10~1-f629b]:main():lattice-best-path.cc:99) For utterance somebody-phase2-7, best cost 17.6858 + 640.466 = 658.152 over 228 frames.
somebody-phase2-7 ba 
LOG (lattice-best-path[5.4.10~1-f629b]:main():lattice-best-path.cc:99) For utterance somebody-phase2-8, best cost 16.1341 + 643.352 = 659.486 over 235 frames.
somebody-phase2-8 mo86t 
LOG (lattice-best-path[5.4.10~1-f629b]:main():lattice-best-path.cc:99) For utterance somebody-phase2-9, best cost 16.2257 + 728.891 = 745.117 over 265 frames.
somebody-phase2-9 hai 
LOG (lattice-best-path[5.4.10~1-f629b]:main():lattice-best-path.cc:99) For utterance somebody-phase20-1, best cost 24.386 + 914.267 = 938.653 over 295 frames.
somebody-phase20-1 <UNK> na7m <UNK> 
LOG (lattice-best-path[5.4.10~1-f629b]:main():lattice-best-path.cc:99) For utterance somebody-phase20-2, best cost 26.8739 + 1229.5 = 1256.37 over 397 frames.
somebody-phase20-2 <UNK> mo86t <UNK> 
LOG (lattice-best-path[5.4.10~1-f629b]:main():lattice-best-path.cc:99) For utterance somebody-phase20-3, best cost 25.4398 + 1041.2 = 1066.64 over 339 frames.
somebody-phase20-3 <UNK> bo85n <UNK> 
LOG (lattice-best-path[5.4.10~1-f629b]:main():lattice-best-path.cc:99) For utterance somebody-phase20-4, best cost 24.8627 + 931.187 = 956.05 over 304 frames.
somebody-phase20-4 <UNK> ba4y <UNK> 
LOG (lattice-best-path[5.4.10~1-f629b]:main():lattice-best-path.cc:99) For utterance somebody-phase20-5, best cost 24.5268 + 1078.83 = 1103.36 over 346 frames.
somebody-phase20-5 <UNK> hai <UNK> 
LOG (lattice-best-path[5.4.10~1-f629b]:main():lattice-best-path.cc:99) For utterance somebody-phase20-6, best cost 25.1196 + 1035.72 = 1060.84 over 339 frames.
somebody-phase20-6 <UNK> sa5u <UNK> 
LOG (lattice-best-path[5.4.10~1-f629b]:main():lattice-best-path.cc:99) For utterance somebody-phase20-7, best cost 21.2621 + 968.675 = 989.937 over 314 frames.
somebody-phase20-7 ta5m <UNK> 
LOG (lattice-best-path[5.4.10~1-f629b]:main():lattice-best-path.cc:99) For utterance somebody-phase20-8, best cost 24.4517 + 1048.11 = 1072.56 over 337 frames.
somebody-phase20-8 <UNK> ba <UNK> 
LOG (lattice-best-path[5.4.10~1-f629b]:main():lattice-best-path.cc:99) For utterance somebody-phase20-9, best cost 24.3444 + 926.156 = 950.5 over 293 frames.
somebody-phase20-9 <UNK> chi5n <UNK> 
LOG (lattice-best-path[5.4.10~1-f629b]:main():lattice-best-path.cc:99) For utterance somebody-phase3-1, best cost 16.5622 + 633.46 = 650.023 over 230 frames.
somebody-phase3-1 hai 
LOG (lattice-best-path[5.4.10~1-f629b]:main():lattice-best-path.cc:99) For utterance somebody-phase3-2, best cost 23.1435 + 724.751 = 747.894 over 244 frames.
somebody-phase3-2 mo86t <UNK> 
LOG (lattice-best-path[5.4.10~1-f629b]:main():lattice-best-path.cc:99) For utterance somebody-phase3-3, best cost 18.2356 + 671.319 = 689.554 over 237 frames.
somebody-phase3-3 ba 
LOG (lattice-best-path[5.4.10~1-f629b]:main():lattice-best-path.cc:99) For utterance somebody-phase3-4, best cost 19.6982 + 672.275 = 691.974 over 249 frames.
somebody-phase3-4 ba 
LOG (lattice-best-path[5.4.10~1-f629b]:main():lattice-best-path.cc:99) For utterance somebody-phase3-5, best cost 22.783 + 701.002 = 723.785 over 228 frames.
somebody-phase3-5 <UNK> mo86t <UNK> 
LOG (lattice-best-path[5.4.10~1-f629b]:main():lattice-best-path.cc:99) For utterance somebody-phase3-6, best cost 13.8115 + 697.598 = 711.41 over 239 frames.
somebody-phase3-6 hai 
LOG (lattice-best-path[5.4.10~1-f629b]:main():lattice-best-path.cc:99) For utterance somebody-phase3-7, best cost 18.8208 + 688.236 = 707.056 over 246 frames.
somebody-phase3-7 mo86t 
LOG (lattice-best-path[5.4.10~1-f629b]:main():lattice-best-path.cc:99) For utterance somebody-phase3-8, best cost 17.789 + 610.077 = 627.866 over 232 frames.
somebody-phase3-8 ba 
LOG (lattice-best-path[5.4.10~1-f629b]:main():lattice-best-path.cc:99) For utterance somebody-phase3-9, best cost 21.5498 + 606.537 = 628.087 over 221 frames.
somebody-phase3-9 <UNK> mo86t 
LOG (lattice-best-path[5.4.10~1-f629b]:main():lattice-best-path.cc:99) For utterance somebody-phase4-1, best cost 29.9014 + 717.642 = 747.543 over 239 frames.
somebody-phase4-1 bo85n <UNK> 
LOG (lattice-best-path[5.4.10~1-f629b]:main():lattice-best-path.cc:99) For utterance somebody-phase4-2, best cost 15.9421 + 688.407 = 704.349 over 232 frames.
somebody-phase4-2 hai 
LOG (lattice-best-path[5.4.10~1-f629b]:main():lattice-best-path.cc:99) For utterance somebody-phase4-3, best cost 15.3018 + 601.311 = 616.613 over 216 frames.
somebody-phase4-3 ba 
LOG (lattice-best-path[5.4.10~1-f629b]:main():lattice-best-path.cc:99) For utterance somebody-phase4-4, best cost 26.2489 + 704.916 = 731.165 over 232 frames.
somebody-phase4-4 ba4y 
LOG (lattice-best-path[5.4.10~1-f629b]:main():lattice-best-path.cc:99) For utterance somebody-phase4-5, best cost 21.6033 + 620.634 = 642.237 over 235 frames.
somebody-phase4-5 chi5n <UNK> 
LOG (lattice-best-path[5.4.10~1-f629b]:main():lattice-best-path.cc:99) For utterance somebody-phase4-6, best cost 20.2976 + 733.201 = 753.498 over 270 frames.
somebody-phase4-6 ta5m 
LOG (lattice-best-path[5.4.10~1-f629b]:main():lattice-best-path.cc:99) For utterance somebody-phase4-7, best cost 22.7663 + 799.238 = 822.004 over 281 frames.
somebody-phase4-7 sa5u 
LOG (lattice-best-path[5.4.10~1-f629b]:main():lattice-best-path.cc:99) For utterance somebody-phase4-8, best cost 18.4619 + 628.418 = 646.88 over 235 frames.
somebody-phase4-8 ba4y 
LOG (lattice-best-path[5.4.10~1-f629b]:main():lattice-best-path.cc:99) For utterance somebody-phase4-9, best cost 16.1254 + 650.99 = 667.115 over 239 frames.
somebody-phase4-9 hai 
LOG (lattice-best-path[5.4.10~1-f629b]:main():lattice-best-path.cc:99) For utterance somebody-phase5-1, best cost 32.4821 + 790.205 = 822.687 over 274 frames.
somebody-phase5-1 ta5m 
LOG (lattice-best-path[5.4.10~1-f629b]:main():lattice-best-path.cc:99) For utterance somebody-phase5-2, best cost 17.3023 + 685.132 = 702.434 over 239 frames.
somebody-phase5-2 chi5n 
LOG (lattice-best-path[5.4.10~1-f629b]:main():lattice-best-path.cc:99) For utterance somebody-phase5-3, best cost 27.3015 + 712.667 = 739.968 over 232 frames.
somebody-phase5-3 na7m chi5n 
LOG (lattice-best-path[5.4.10~1-f629b]:main():lattice-best-path.cc:99) For utterance somebody-phase5-4, best cost 18.8556 + 634.257 = 653.113 over 235 frames.
somebody-phase5-4 bo85n 
LOG (lattice-best-path[5.4.10~1-f629b]:main():lattice-best-path.cc:99) For utterance somebody-phase5-5, best cost 28.9395 + 783.334 = 812.273 over 270 frames.
somebody-phase5-5 ba4y ba 
LOG (lattice-best-path[5.4.10~1-f629b]:main():lattice-best-path.cc:99) For utterance somebody-phase5-6, best cost 20.8111 + 751.534 = 772.345 over 274 frames.
somebody-phase5-6 <UNK> na7m 
LOG (lattice-best-path[5.4.10~1-f629b]:main():lattice-best-path.cc:99) For utterance somebody-phase5-7, best cost 27.5807 + 782.846 = 810.426 over 283 frames.
somebody-phase5-7 ta5m <UNK> 
LOG (lattice-best-path[5.4.10~1-f629b]:main():lattice-best-path.cc:99) For utterance somebody-phase5-8, best cost 25.5537 + 809.733 = 835.287 over 263 frames.
somebody-phase5-8 sa5u <UNK> 
LOG (lattice-best-path[5.4.10~1-f629b]:main():lattice-best-path.cc:99) For utterance somebody-phase5-9, best cost 18.6939 + 762.56 = 781.254 over 279 frames.
somebody-phase5-9 bo85n 
LOG (lattice-best-path[5.4.10~1-f629b]:main():lattice-best-path.cc:99) For utterance somebody-phase6-1, best cost 18.2556 + 683.232 = 701.487 over 244 frames.
somebody-phase6-1 bo85n 
LOG (lattice-best-path[5.4.10~1-f629b]:main():lattice-best-path.cc:99) For utterance somebody-phase6-2, best cost 18.6123 + 691.128 = 709.74 over 260 frames.
somebody-phase6-2 na7m 
LOG (lattice-best-path[5.4.10~1-f629b]:main():lattice-best-path.cc:99) For utterance somebody-phase6-3, best cost 24.4026 + 798.187 = 822.589 over 288 frames.
somebody-phase6-3 chi5n 
LOG (lattice-best-path[5.4.10~1-f629b]:main():lattice-best-path.cc:99) For utterance somebody-phase6-4, best cost 17.1186 + 710.015 = 727.134 over 258 frames.
somebody-phase6-4 bo85n 
LOG (lattice-best-path[5.4.10~1-f629b]:main():lattice-best-path.cc:99) For utterance somebody-phase6-5, best cost 21.4796 + 712.887 = 734.366 over 246 frames.
somebody-phase6-5 bo85n 
LOG (lattice-scale[5.4.10~1-f629b]:main():lattice-scale.cc:90) Done 180 lattices.
LOG (lattice-best-path[5.4.10~1-f629b]:main():lattice-best-path.cc:99) For utterance somebody-phase6-6, best cost 20.5312 + 720.524 = 741.055 over 256 frames.
somebody-phase6-6 na7m 
LOG (lattice-best-path[5.4.10~1-f629b]:main():lattice-best-path.cc:99) For utterance somebody-phase6-7, best cost 19.1471 + 683.856 = 703.003 over 246 frames.
somebody-phase6-7 ta5m 
LOG (lattice-best-path[5.4.10~1-f629b]:main():lattice-best-path.cc:99) For utterance somebody-phase6-8, best cost 23.3855 + 710.219 = 733.604 over 239 frames.
somebody-phase6-8 sa5u 
LOG (lattice-best-path[5.4.10~1-f629b]:main():lattice-best-path.cc:99) For utterance somebody-phase6-9, best cost 35.5272 + 789.059 = 824.586 over 272 frames.
somebody-phase6-9 ba4y <UNK> 
LOG (lattice-best-path[5.4.10~1-f629b]:main():lattice-best-path.cc:99) For utterance somebody-phase7-1, best cost 15.4709 + 607.945 = 623.416 over 216 frames.
somebody-phase7-1 sa5u 
LOG (lattice-best-path[5.4.10~1-f629b]:main():lattice-best-path.cc:99) For utterance somebody-phase7-2, best cost 29.1309 + 735.603 = 764.734 over 258 frames.
somebody-phase7-2 chi5n <UNK> 
LOG (lattice-best-path[5.4.10~1-f629b]:main():lattice-best-path.cc:99) For utterance somebody-phase7-3, best cost 25.858 + 719.458 = 745.316 over 260 frames.
somebody-phase7-3 ta5m 
LOG (lattice-best-path[5.4.10~1-f629b]:main():lattice-best-path.cc:99) For utterance somebody-phase7-4, best cost 26.8558 + 877.683 = 904.538 over 258 frames.
somebody-phase7-4 na7m chi5n <UNK> 
LOG (lattice-best-path[5.4.10~1-f629b]:main():lattice-best-path.cc:99) For utterance somebody-phase7-5, best cost 18.4204 + 679.875 = 698.295 over 246 frames.
somebody-phase7-5 sa5u 
LOG (lattice-best-path[5.4.10~1-f629b]:main():lattice-best-path.cc:99) For utterance somebody-phase7-6, best cost 20.4855 + 676.481 = 696.967 over 246 frames.
somebody-phase7-6 ta5m 
LOG (lattice-best-path[5.4.10~1-f629b]:main():lattice-best-path.cc:99) For utterance somebody-phase7-7, best cost 25.1069 + 742.204 = 767.311 over 225 frames.
somebody-phase7-7 sa5u <UNK> 
LOG (lattice-best-path[5.4.10~1-f629b]:main():lattice-best-path.cc:99) For utterance somebody-phase7-8, best cost 22.2739 + 656.364 = 678.638 over 235 frames.
somebody-phase7-8 bo85n 
LOG (lattice-best-path[5.4.10~1-f629b]:main():lattice-best-path.cc:99) For utterance somebody-phase7-9, best cost 26.0286 + 771.616 = 797.645 over 274 frames.
somebody-phase7-9 ba4y <UNK> 
LOG (lattice-best-path[5.4.10~1-f629b]:main():lattice-best-path.cc:99) For utterance somebody-phase8-1, best cost 16.701 + 673.716 = 690.417 over 235 frames.
somebody-phase8-1 na7m 
LOG (lattice-best-path[5.4.10~1-f629b]:main():lattice-best-path.cc:99) For utterance somebody-phase8-2, best cost 24.9335 + 792.579 = 817.513 over 297 frames.
somebody-phase8-2 chi5n 
LOG (lattice-add-penalty[5.4.10~1-f629b]:main():lattice-add-penalty.cc:62) Done adding word insertion penalty to 180 lattices.
LOG (lattice-best-path[5.4.10~1-f629b]:main():lattice-best-path.cc:99) For utterance somebody-phase8-3, best cost 25.5305 + 722.494 = 748.025 over 263 frames.
somebody-phase8-3 bo85n 
LOG (lattice-best-path[5.4.10~1-f629b]:main():lattice-best-path.cc:99) For utterance somebody-phase8-4, best cost 25.627 + 837.049 = 862.676 over 263 frames.
somebody-phase8-4 na7m <UNK> 
LOG (lattice-best-path[5.4.10~1-f629b]:main():lattice-best-path.cc:99) For utterance somebody-phase8-5, best cost 19.3556 + 716.28 = 735.635 over 263 frames.
somebody-phase8-5 chi5n 
LOG (lattice-best-path[5.4.10~1-f629b]:main():lattice-best-path.cc:99) For utterance somebody-phase8-6, best cost 25.6842 + 739.299 = 764.983 over 258 frames.
somebody-phase8-6 ba4y 
LOG (lattice-best-path[5.4.10~1-f629b]:main():lattice-best-path.cc:99) For utterance somebody-phase8-7, best cost 19.3177 + 644.708 = 664.026 over 230 frames.
somebody-phase8-7 sa5u 
LOG (lattice-best-path[5.4.10~1-f629b]:main():lattice-best-path.cc:99) For utterance somebody-phase8-8, best cost 20.3724 + 725.934 = 746.306 over 272 frames.
somebody-phase8-8 ta5m 
LOG (lattice-best-path[5.4.10~1-f629b]:main():lattice-best-path.cc:99) For utterance somebody-phase8-9, best cost 27.9491 + 756.405 = 784.354 over 251 frames.
somebody-phase8-9 ba4y <UNK> 
LOG (lattice-best-path[5.4.10~1-f629b]:main():lattice-best-path.cc:99) For utterance somebody-phase9-1, best cost 22.4703 + 696.578 = 719.048 over 256 frames.
somebody-phase9-1 ta5m 
LOG (lattice-best-path[5.4.10~1-f629b]:main():lattice-best-path.cc:99) For utterance somebody-phase9-2, best cost 19.9514 + 708.489 = 728.44 over 237 frames.
somebody-phase9-2 bo85n <UNK> 
LOG (lattice-best-path[5.4.10~1-f629b]:main():lattice-best-path.cc:99) For utterance somebody-phase9-3, best cost 20.2269 + 648.779 = 669.006 over 239 frames.
somebody-phase9-3 ba4y 
LOG (lattice-best-path[5.4.10~1-f629b]:main():lattice-best-path.cc:99) For utterance somebody-phase9-4, best cost 24.7682 + 869.413 = 894.182 over 281 frames.
somebody-phase9-4 na7m <UNK> 
LOG (lattice-best-path[5.4.10~1-f629b]:main():lattice-best-path.cc:99) For utterance somebody-phase9-5, best cost 27.9673 + 717.321 = 745.288 over 249 frames.
somebody-phase9-5 chi5n 
LOG (lattice-best-path[5.4.10~1-f629b]:main():lattice-best-path.cc:99) For utterance somebody-phase9-6, best cost 21.832 + 779.099 = 800.931 over 260 frames.
somebody-phase9-6 bo85n <UNK> 
LOG (lattice-best-path[5.4.10~1-f629b]:main():lattice-best-path.cc:99) For utterance somebody-phase9-7, best cost 18.6772 + 755.094 = 773.772 over 274 frames.
somebody-phase9-7 ta5m 
LOG (lattice-best-path[5.4.10~1-f629b]:main():lattice-best-path.cc:99) For utterance somebody-phase9-8, best cost 19.9932 + 670.796 = 690.789 over 235 frames.
somebody-phase9-8 sa5u <UNK> 
LOG (lattice-best-path[5.4.10~1-f629b]:main():lattice-best-path.cc:99) For utterance somebody-phase9-9, best cost 24.881 + 673.007 = 697.888 over 237 frames.
somebody-phase9-9 ta5m 
LOG (lattice-best-path[5.4.10~1-f629b]:main():lattice-best-path.cc:124) Overall cost per frame is 2.94617 = 0.0774156 [graph] + 2.86876 [acoustic] over 49986 frames.
LOG (lattice-best-path[5.4.10~1-f629b]:main():lattice-best-path.cc:128) Done 180 lattices, failed for 0
# Accounting: time=1 threads=1
# Ended (code 0) at Sun May  6 22:55:51 +07 2018, elapsed time 1 seconds
