# lattice-scale --inv-acoustic-scale=12 "ark:gunzip -c exp/mono/decode/lat.*.gz|" ark:- | lattice-add-penalty --word-ins-penalty=0.0 ark:- ark:- | lattice-best-path --word-symbol-table=exp/mono/graph/words.txt ark:- ark,t:- | utils/int2sym.pl -f 2- exp/mono/graph/words.txt | local/wer_hyp_filter > exp/mono/decode/scoring_kaldi/penalty_0.0/12.txt 
# Started at Sat Mar 31 17:16:44 +07 2018
#
lattice-best-path --word-symbol-table=exp/mono/graph/words.txt ark:- ark,t:- 
lattice-scale --inv-acoustic-scale=12 'ark:gunzip -c exp/mono/decode/lat.*.gz|' ark:- 
lattice-add-penalty --word-ins-penalty=0.0 ark:- ark:- 
LOG (lattice-best-path[5.4.10~1-f629b]:main():lattice-best-path.cc:99) For utterance phase1-Ky-1, best cost 32.7729 + 2576.46 = 2609.23 over 251 frames.
phase1-Ky-1 ta5m <UNK> 
LOG (lattice-best-path[5.4.10~1-f629b]:main():lattice-best-path.cc:99) For utterance phase1-Ky-2, best cost 18.5288 + 2556.87 = 2575.4 over 254 frames.
phase1-Ky-2 hai 
LOG (lattice-best-path[5.4.10~1-f629b]:main():lattice-best-path.cc:99) For utterance phase1-Ky-3, best cost 13.7605 + 2192.67 = 2206.43 over 224 frames.
phase1-Ky-3 ba 
LOG (lattice-best-path[5.4.10~1-f629b]:main():lattice-best-path.cc:99) For utterance phase1-Ky-4, best cost 17.697 + 2603.79 = 2621.48 over 261 frames.
phase1-Ky-4 mo86t 
LOG (lattice-best-path[5.4.10~1-f629b]:main():lattice-best-path.cc:99) For utterance phase1-Ky-5, best cost 20.7966 + 2358.66 = 2379.46 over 231 frames.
phase1-Ky-5 ba <UNK> 
LOG (lattice-best-path[5.4.10~1-f629b]:main():lattice-best-path.cc:99) For utterance phase1-Ky-6, best cost 21.3424 + 2197.61 = 2218.95 over 203 frames.
phase1-Ky-6 <UNK> ba <UNK> 
LOG (lattice-best-path[5.4.10~1-f629b]:main():lattice-best-path.cc:99) For utterance phase1-Ky-7, best cost 27.3957 + 2434.08 = 2461.47 over 235 frames.
phase1-Ky-7 <UNK> hai <UNK> 
LOG (lattice-best-path[5.4.10~1-f629b]:main():lattice-best-path.cc:99) For utterance phase1-Ky-8, best cost 19.2855 + 2533.8 = 2553.08 over 251 frames.
phase1-Ky-8 <UNK> mo86t 
LOG (lattice-best-path[5.4.10~1-f629b]:main():lattice-best-path.cc:99) For utterance phase1-Ky-9, best cost 17.2083 + 2593.75 = 2610.96 over 258 frames.
phase1-Ky-9 ba 
LOG (lattice-best-path[5.4.10~1-f629b]:main():lattice-best-path.cc:99) For utterance phase10-Ky-1, best cost 17.9284 + 2524.63 = 2542.56 over 251 frames.
phase10-Ky-1 <UNK> sa5u 
LOG (lattice-best-path[5.4.10~1-f629b]:main():lattice-best-path.cc:99) For utterance phase10-Ky-2, best cost 18.9096 + 2443.58 = 2462.49 over 238 frames.
phase10-Ky-2 ba <UNK> 
LOG (lattice-best-path[5.4.10~1-f629b]:main():lattice-best-path.cc:99) For utterance phase10-Ky-3, best cost 25.0537 + 2759.98 = 2785.03 over 275 frames.
phase10-Ky-3 chi5n <UNK> <UNK> 
LOG (lattice-best-path[5.4.10~1-f629b]:main():lattice-best-path.cc:99) For utterance phase10-Ky-4, best cost 18.7016 + 2526.08 = 2544.78 over 251 frames.
phase10-Ky-4 <UNK> na7m 
LOG (lattice-best-path[5.4.10~1-f629b]:main():lattice-best-path.cc:99) For utterance phase10-Ky-5, best cost 21.2014 + 2230.09 = 2251.29 over 221 frames.
phase10-Ky-5 <UNK> chi5n 
LOG (lattice-best-path[5.4.10~1-f629b]:main():lattice-best-path.cc:99) For utterance phase10-Ky-6, best cost 25.8114 + 2521.28 = 2547.09 over 238 frames.
phase10-Ky-6 <UNK> na7m <UNK> 
LOG (lattice-best-path[5.4.10~1-f629b]:main():lattice-best-path.cc:99) For utterance phase10-Ky-7, best cost 20.7062 + 2554 = 2574.71 over 261 frames.
phase10-Ky-7 chi5n <UNK> 
LOG (lattice-best-path[5.4.10~1-f629b]:main():lattice-best-path.cc:99) For utterance phase10-Ky-8, best cost 21.9601 + 2911.92 = 2933.88 over 275 frames.
phase10-Ky-8 <UNK> sa5u 
LOG (lattice-best-path[5.4.10~1-f629b]:main():lattice-best-path.cc:99) For utterance phase10-Ky-9, best cost 19.0164 + 2596.75 = 2615.77 over 254 frames.
phase10-Ky-9 ba4y <UNK> 
LOG (lattice-best-path[5.4.10~1-f629b]:main():lattice-best-path.cc:99) For utterance phase2-Ky-1, best cost 28.3513 + 2421.02 = 2449.38 over 233 frames.
phase2-Ky-1 <UNK> ba 
LOG (lattice-best-path[5.4.10~1-f629b]:main():lattice-best-path.cc:99) For utterance phase2-Ky-2, best cost 20.0982 + 2239.04 = 2259.13 over 214 frames.
phase2-Ky-2 <UNK> hai 
LOG (lattice-best-path[5.4.10~1-f629b]:main():lattice-best-path.cc:99) For utterance phase2-Ky-3, best cost 25.3578 + 2315.21 = 2340.57 over 219 frames.
phase2-Ky-3 <UNK> mo86t 
LOG (lattice-best-path[5.4.10~1-f629b]:main():lattice-best-path.cc:99) For utterance phase2-Ky-4, best cost 21.527 + 2385.37 = 2406.9 over 224 frames.
phase2-Ky-4 <UNK> mo86t <UNK> 
LOG (lattice-best-path[5.4.10~1-f629b]:main():lattice-best-path.cc:99) For utterance phase2-Ky-5, best cost 16.8669 + 2496.86 = 2513.73 over 247 frames.
phase2-Ky-5 ba 
LOG (lattice-best-path[5.4.10~1-f629b]:main():lattice-best-path.cc:99) For utterance phase2-Ky-6, best cost 19.591 + 2177.63 = 2197.22 over 212 frames.
phase2-Ky-6 hai 
LOG (lattice-best-path[5.4.10~1-f629b]:main():lattice-best-path.cc:99) For utterance phase2-Ky-7, best cost 23.4786 + 2347.05 = 2370.53 over 228 frames.
phase2-Ky-7 <UNK> ba 
LOG (lattice-best-path[5.4.10~1-f629b]:main():lattice-best-path.cc:99) For utterance phase2-Ky-8, best cost 24.1716 + 2392.25 = 2416.42 over 235 frames.
phase2-Ky-8 <UNK> mo86t <UNK> 
LOG (lattice-best-path[5.4.10~1-f629b]:main():lattice-best-path.cc:99) For utterance phase2-Ky-9, best cost 19.9233 + 2709.44 = 2729.37 over 265 frames.
phase2-Ky-9 <UNK> hai 
LOG (lattice-best-path[5.4.10~1-f629b]:main():lattice-best-path.cc:99) For utterance phase3-Ky-1, best cost 19.6299 + 2327.38 = 2347.01 over 231 frames.
phase3-Ky-1 hai 
LOG (lattice-best-path[5.4.10~1-f629b]:main():lattice-best-path.cc:99) For utterance phase3-Ky-2, best cost 29.5426 + 2595.01 = 2624.56 over 244 frames.
phase3-Ky-2 <UNK> mo86t <UNK> 
LOG (lattice-best-path[5.4.10~1-f629b]:main():lattice-best-path.cc:99) For utterance phase3-Ky-3, best cost 16.866 + 2397.18 = 2414.05 over 238 frames.
phase3-Ky-3 ba 
LOG (lattice-best-path[5.4.10~1-f629b]:main():lattice-best-path.cc:99) For utterance phase3-Ky-4, best cost 16.8627 + 2494.68 = 2511.54 over 249 frames.
phase3-Ky-4 ba 
LOG (lattice-best-path[5.4.10~1-f629b]:main():lattice-best-path.cc:99) For utterance phase3-Ky-5, best cost 30.1095 + 2502.97 = 2533.08 over 228 frames.
phase3-Ky-5 <UNK> na7m <UNK> 
LOG (lattice-best-path[5.4.10~1-f629b]:main():lattice-best-path.cc:99) For utterance phase3-Ky-6, best cost 22.7512 + 2489.44 = 2512.2 over 240 frames.
phase3-Ky-6 hai <UNK> 
LOG (lattice-best-path[5.4.10~1-f629b]:main():lattice-best-path.cc:99) For utterance phase3-Ky-7, best cost 25.2113 + 2524.94 = 2550.15 over 247 frames.
phase3-Ky-7 mo86t <UNK> 
LOG (lattice-best-path[5.4.10~1-f629b]:main():lattice-best-path.cc:99) For utterance phase3-Ky-8, best cost 14.7405 + 2283.44 = 2298.18 over 233 frames.
phase3-Ky-8 ba 
LOG (lattice-best-path[5.4.10~1-f629b]:main():lattice-best-path.cc:99) For utterance phase3-Ky-9, best cost 24.5854 + 2295.31 = 2319.9 over 221 frames.
phase3-Ky-9 mo86t <UNK> 
LOG (lattice-best-path[5.4.10~1-f629b]:main():lattice-best-path.cc:99) For utterance phase4-Ky-1, best cost 27.7129 + 2554.15 = 2581.87 over 240 frames.
phase4-Ky-1 <UNK> bo85n <UNK> 
LOG (lattice-best-path[5.4.10~1-f629b]:main():lattice-best-path.cc:99) For utterance phase4-Ky-2, best cost 22.4905 + 2428.13 = 2450.62 over 233 frames.
phase4-Ky-2 hai <UNK> 
LOG (lattice-best-path[5.4.10~1-f629b]:main():lattice-best-path.cc:99) For utterance phase4-Ky-3, best cost 21.0778 + 2182.92 = 2204 over 217 frames.
phase4-Ky-3 <UNK> ba 
LOG (lattice-best-path[5.4.10~1-f629b]:main():lattice-best-path.cc:99) For utterance phase4-Ky-4, best cost 32.212 + 2498.62 = 2530.83 over 233 frames.
phase4-Ky-4 ba <UNK> <UNK> 
LOG (lattice-best-path[5.4.10~1-f629b]:main():lattice-best-path.cc:99) For utterance phase4-Ky-5, best cost 17.4661 + 2265.39 = 2282.86 over 235 frames.
phase4-Ky-5 chi5n 
LOG (lattice-best-path[5.4.10~1-f629b]:main():lattice-best-path.cc:99) For utterance phase4-Ky-6, best cost 31.3038 + 2706.09 = 2737.39 over 270 frames.
phase4-Ky-6 <UNK> ta5m <UNK> 
LOG (lattice-best-path[5.4.10~1-f629b]:main():lattice-best-path.cc:99) For utterance phase4-Ky-7, best cost 25.8297 + 2928.87 = 2954.7 over 282 frames.
phase4-Ky-7 sa5u <UNK> 
LOG (lattice-best-path[5.4.10~1-f629b]:main():lattice-best-path.cc:99) For utterance phase4-Ky-8, best cost 16.9563 + 2372.76 = 2389.72 over 235 frames.
phase4-Ky-8 ba4y <UNK> 
LOG (lattice-best-path[5.4.10~1-f629b]:main():lattice-best-path.cc:99) For utterance phase4-Ky-9, best cost 17.8361 + 2416.86 = 2434.69 over 240 frames.
phase4-Ky-9 hai 
LOG (lattice-best-path[5.4.10~1-f629b]:main():lattice-best-path.cc:99) For utterance phase5-Ky-1, best cost 43.3736 + 2849.2 = 2892.57 over 275 frames.
phase5-Ky-1 <UNK> <UNK> ta5m <UNK> <UNK> 
LOG (lattice-best-path[5.4.10~1-f629b]:main():lattice-best-path.cc:99) For utterance phase5-Ky-2, best cost 39.9022 + 2428.07 = 2467.97 over 240 frames.
phase5-Ky-2 chi5n <UNK> <UNK> <UNK> <UNK> 
LOG (lattice-best-path[5.4.10~1-f629b]:main():lattice-best-path.cc:99) For utterance phase5-Ky-3, best cost 31.0264 + 2463.39 = 2494.41 over 233 frames.
phase5-Ky-3 <UNK> <UNK> na7m <UNK> 
LOG (lattice-best-path[5.4.10~1-f629b]:main():lattice-best-path.cc:99) For utterance phase5-Ky-4, best cost 17.5263 + 2362.34 = 2379.86 over 235 frames.
phase5-Ky-4 bo85n 
LOG (lattice-best-path[5.4.10~1-f629b]:main():lattice-best-path.cc:99) For utterance phase5-Ky-5, best cost 33.8333 + 2748.44 = 2782.27 over 270 frames.
phase5-Ky-5 <UNK> ba4y <UNK> <UNK> 
LOG (lattice-best-path[5.4.10~1-f629b]:main():lattice-best-path.cc:99) For utterance phase5-Ky-6, best cost 22.6274 + 2799.23 = 2821.86 over 275 frames.
phase5-Ky-6 <UNK> na7m <UNK> 
LOG (lattice-best-path[5.4.10~1-f629b]:main():lattice-best-path.cc:99) For utterance phase5-Ky-7, best cost 18.8499 + 2928.41 = 2947.26 over 284 frames.
phase5-Ky-7 ta5m 
LOG (lattice-best-path[5.4.10~1-f629b]:main():lattice-best-path.cc:99) For utterance phase5-Ky-8, best cost 23.214 + 2824.14 = 2847.35 over 263 frames.
phase5-Ky-8 sa5u 
LOG (lattice-best-path[5.4.10~1-f629b]:main():lattice-best-path.cc:99) For utterance phase5-Ky-9, best cost 25.4871 + 2828.37 = 2853.86 over 279 frames.
phase5-Ky-9 <UNK> bo85n <UNK> 
LOG (lattice-best-path[5.4.10~1-f629b]:main():lattice-best-path.cc:99) For utterance phase6-Ky-1, best cost 21.4964 + 2509.28 = 2530.78 over 244 frames.
phase6-Ky-1 bo85n <UNK> 
LOG (lattice-best-path[5.4.10~1-f629b]:main():lattice-best-path.cc:99) For utterance phase6-Ky-2, best cost 20.3691 + 2719.16 = 2739.53 over 261 frames.
phase6-Ky-2 na7m <UNK> 
LOG (lattice-best-path[5.4.10~1-f629b]:main():lattice-best-path.cc:99) For utterance phase6-Ky-3, best cost 29.4783 + 2907.23 = 2936.71 over 289 frames.
phase6-Ky-3 <UNK> chi5n <UNK> 
LOG (lattice-best-path[5.4.10~1-f629b]:main():lattice-best-path.cc:99) For utterance phase6-Ky-4, best cost 19.3822 + 2599.03 = 2618.42 over 258 frames.
phase6-Ky-4 bo85n <UNK> 
LOG (lattice-scale[5.4.10~1-f629b]:main():lattice-scale.cc:90) Done 90 lattices.
LOG (lattice-best-path[5.4.10~1-f629b]:main():lattice-best-path.cc:99) For utterance phase6-Ky-5, best cost 24.7356 + 2586.18 = 2610.92 over 247 frames.
phase6-Ky-5 bo85n <UNK> 
LOG (lattice-best-path[5.4.10~1-f629b]:main():lattice-best-path.cc:99) For utterance phase6-Ky-6, best cost 28.6957 + 2668.42 = 2697.11 over 256 frames.
phase6-Ky-6 <UNK> <UNK> na7m <UNK> 
LOG (lattice-best-path[5.4.10~1-f629b]:main():lattice-best-path.cc:99) For utterance phase6-Ky-7, best cost 17.5602 + 2494.63 = 2512.19 over 247 frames.
phase6-Ky-7 ta5m 
LOG (lattice-best-path[5.4.10~1-f629b]:main():lattice-best-path.cc:99) For utterance phase6-Ky-8, best cost 21.0517 + 2544.97 = 2566.02 over 240 frames.
phase6-Ky-8 sa5u <UNK> 
LOG (lattice-best-path[5.4.10~1-f629b]:main():lattice-best-path.cc:99) For utterance phase6-Ky-9, best cost 35.6448 + 2805.25 = 2840.89 over 272 frames.
phase6-Ky-9 <UNK> ba <UNK> <UNK> <UNK> 
LOG (lattice-best-path[5.4.10~1-f629b]:main():lattice-best-path.cc:99) For utterance phase7-Ky-1, best cost 15.0217 + 2224.19 = 2239.21 over 217 frames.
phase7-Ky-1 sa5u 
LOG (lattice-best-path[5.4.10~1-f629b]:main():lattice-best-path.cc:99) For utterance phase7-Ky-2, best cost 31.7256 + 2650.3 = 2682.03 over 258 frames.
phase7-Ky-2 <UNK> chi5n <UNK> <UNK> 
LOG (lattice-best-path[5.4.10~1-f629b]:main():lattice-best-path.cc:99) For utterance phase7-Ky-3, best cost 25.2144 + 2673.12 = 2698.33 over 261 frames.
phase7-Ky-3 <UNK> ta5m <UNK> 
LOG (lattice-best-path[5.4.10~1-f629b]:main():lattice-best-path.cc:99) For utterance phase7-Ky-4, best cost 31.0687 + 2857.41 = 2888.48 over 258 frames.
phase7-Ky-4 <UNK> na7m <UNK> <UNK> 
LOG (lattice-best-path[5.4.10~1-f629b]:main():lattice-best-path.cc:99) For utterance phase7-Ky-5, best cost 17.9551 + 2595.87 = 2613.82 over 247 frames.
phase7-Ky-5 sa5u <UNK> 
LOG (lattice-best-path[5.4.10~1-f629b]:main():lattice-best-path.cc:99) For utterance phase7-Ky-6, best cost 23.9129 + 2539.31 = 2563.22 over 247 frames.
phase7-Ky-6 ta5m <UNK> 
LOG (lattice-best-path[5.4.10~1-f629b]:main():lattice-best-path.cc:99) For utterance phase7-Ky-7, best cost 23.7327 + 2465 = 2488.73 over 226 frames.
phase7-Ky-7 sa5u <UNK> 
LOG (lattice-best-path[5.4.10~1-f629b]:main():lattice-best-path.cc:99) For utterance phase7-Ky-8, best cost 30.6548 + 2394.06 = 2424.71 over 235 frames.
phase7-Ky-8 <UNK> bo85n <UNK> 
LOG (lattice-best-path[5.4.10~1-f629b]:main():lattice-best-path.cc:99) For utterance phase7-Ky-9, best cost 26.8781 + 2809.72 = 2836.6 over 275 frames.
phase7-Ky-9 ba <UNK> <UNK> 
LOG (lattice-best-path[5.4.10~1-f629b]:main():lattice-best-path.cc:99) For utterance phase8-Ky-1, best cost 24.0959 + 2402.58 = 2426.67 over 235 frames.
phase8-Ky-1 <UNK> na7m <UNK> 
LOG (lattice-best-path[5.4.10~1-f629b]:main():lattice-best-path.cc:99) For utterance phase8-Ky-2, best cost 23.7449 + 2997.95 = 3021.7 over 298 frames.
phase8-Ky-2 chi5n <UNK> 
LOG (lattice-best-path[5.4.10~1-f629b]:main():lattice-best-path.cc:99) For utterance phase8-Ky-3, best cost 19.1068 + 2670.5 = 2689.6 over 263 frames.
phase8-Ky-3 bo85n 
LOG (lattice-add-penalty[5.4.10~1-f629b]:main():lattice-add-penalty.cc:62) Done adding word insertion penalty to 90 lattices.
LOG (lattice-best-path[5.4.10~1-f629b]:main():lattice-best-path.cc:99) For utterance phase8-Ky-4, best cost 24.1439 + 2849.06 = 2873.2 over 263 frames.
phase8-Ky-4 na7m <UNK> 
LOG (lattice-best-path[5.4.10~1-f629b]:main():lattice-best-path.cc:99) For utterance phase8-Ky-5, best cost 19.2882 + 2645.93 = 2665.22 over 263 frames.
phase8-Ky-5 chi5n <UNK> 
LOG (lattice-best-path[5.4.10~1-f629b]:main():lattice-best-path.cc:99) For utterance phase8-Ky-6, best cost 21.158 + 2644.58 = 2665.74 over 258 frames.
phase8-Ky-6 ba <UNK> 
LOG (lattice-best-path[5.4.10~1-f629b]:main():lattice-best-path.cc:99) For utterance phase8-Ky-7, best cost 19.8084 + 2331.39 = 2351.2 over 231 frames.
phase8-Ky-7 sa5u <UNK> 
LOG (lattice-best-path[5.4.10~1-f629b]:main():lattice-best-path.cc:99) For utterance phase8-Ky-8, best cost 21.8758 + 2699.55 = 2721.42 over 272 frames.
phase8-Ky-8 ta5m <UNK> 
LOG (lattice-best-path[5.4.10~1-f629b]:main():lattice-best-path.cc:99) For utterance phase8-Ky-9, best cost 26.9373 + 2666.38 = 2693.31 over 251 frames.
phase8-Ky-9 ba <UNK> <UNK> 
LOG (lattice-best-path[5.4.10~1-f629b]:main():lattice-best-path.cc:99) For utterance phase9-Ky-1, best cost 21.1199 + 2608.49 = 2629.61 over 256 frames.
phase9-Ky-1 ta5m <UNK> 
LOG (lattice-best-path[5.4.10~1-f629b]:main():lattice-best-path.cc:99) For utterance phase9-Ky-2, best cost 21.8435 + 2509.19 = 2531.03 over 238 frames.
phase9-Ky-2 bo85n <UNK> 
LOG (lattice-best-path[5.4.10~1-f629b]:main():lattice-best-path.cc:99) For utterance phase9-Ky-3, best cost 25.6986 + 2448.25 = 2473.95 over 240 frames.
phase9-Ky-3 ba <UNK> <UNK> 
LOG (lattice-best-path[5.4.10~1-f629b]:main():lattice-best-path.cc:99) For utterance phase9-Ky-4, best cost 29.9819 + 3026.43 = 3056.42 over 282 frames.
phase9-Ky-4 <UNK> na7m <UNK> 
LOG (lattice-best-path[5.4.10~1-f629b]:main():lattice-best-path.cc:99) For utterance phase9-Ky-5, best cost 25.1957 + 2601.15 = 2626.35 over 249 frames.
phase9-Ky-5 chi5n <UNK> 
LOG (lattice-best-path[5.4.10~1-f629b]:main():lattice-best-path.cc:99) For utterance phase9-Ky-6, best cost 26.3371 + 2762.74 = 2789.08 over 261 frames.
phase9-Ky-6 bo85n <UNK> <UNK> 
LOG (lattice-best-path[5.4.10~1-f629b]:main():lattice-best-path.cc:99) For utterance phase9-Ky-7, best cost 21.2832 + 2748.26 = 2769.55 over 275 frames.
phase9-Ky-7 ta5m 
LOG (lattice-best-path[5.4.10~1-f629b]:main():lattice-best-path.cc:99) For utterance phase9-Ky-8, best cost 18.0942 + 2424.58 = 2442.68 over 235 frames.
phase9-Ky-8 sa5u <UNK> 
LOG (lattice-best-path[5.4.10~1-f629b]:main():lattice-best-path.cc:99) For utterance phase9-Ky-9, best cost 31.5978 + 2477.98 = 2509.58 over 238 frames.
phase9-Ky-9 ta5m <UNK> <UNK> <UNK> 
LOG (lattice-best-path[5.4.10~1-f629b]:main():lattice-best-path.cc:124) Overall cost per frame is 10.3815 = 0.0946184 [graph] + 10.2868 [acoustic] over 22325 frames.
LOG (lattice-best-path[5.4.10~1-f629b]:main():lattice-best-path.cc:128) Done 90 lattices, failed for 0
# Accounting: time=1 threads=1
# Ended (code 0) at Sat Mar 31 17:16:45 +07 2018, elapsed time 1 seconds
