# lattice-scale --inv-acoustic-scale=14 "ark:gunzip -c exp/mono/decode/lat.*.gz|" ark:- | lattice-add-penalty --word-ins-penalty=1.0 ark:- ark:- | lattice-best-path --word-symbol-table=exp/mono/graph/words.txt ark:- ark,t:- | utils/int2sym.pl -f 2- exp/mono/graph/words.txt | local/wer_hyp_filter > exp/mono/decode/scoring_kaldi/penalty_1.0/14.txt 
# Started at Sun Apr 29 13:54:44 +07 2018
#
lattice-best-path --word-symbol-table=exp/mono/graph/words.txt ark:- ark,t:- 
lattice-scale --inv-acoustic-scale=14 'ark:gunzip -c exp/mono/decode/lat.*.gz|' ark:- 
lattice-add-penalty --word-ins-penalty=1.0 ark:- ark:- 
LOG (lattice-best-path[5.4.10~1-f629b]:main():lattice-best-path.cc:99) For utterance dinhky-phase1-1, best cost 17.504 + 330.436 = 347.94 over 252 frames.
dinhky-phase1-1 mo86t 
LOG (lattice-best-path[5.4.10~1-f629b]:main():lattice-best-path.cc:99) For utterance dinhky-phase1-2, best cost 14.6208 + 330.513 = 345.134 over 254 frames.
dinhky-phase1-2 hai 
LOG (lattice-best-path[5.4.10~1-f629b]:main():lattice-best-path.cc:99) For utterance dinhky-phase1-3, best cost 17.1034 + 258.116 = 275.219 over 224 frames.
dinhky-phase1-3 ba 
LOG (lattice-best-path[5.4.10~1-f629b]:main():lattice-best-path.cc:99) For utterance dinhky-phase1-4, best cost 14.9712 + 329.944 = 344.915 over 261 frames.
dinhky-phase1-4 mo86t 
LOG (lattice-best-path[5.4.10~1-f629b]:main():lattice-best-path.cc:99) For utterance dinhky-phase1-5, best cost 19.0962 + 293.448 = 312.544 over 231 frames.
dinhky-phase1-5 ba 
LOG (lattice-best-path[5.4.10~1-f629b]:main():lattice-best-path.cc:99) For utterance dinhky-phase1-6, best cost 16.4014 + 308.269 = 324.67 over 203 frames.
dinhky-phase1-6 hai 
LOG (lattice-best-path[5.4.10~1-f629b]:main():lattice-best-path.cc:99) For utterance dinhky-phase1-7, best cost 15.6509 + 323.97 = 339.621 over 236 frames.
dinhky-phase1-7 hai 
LOG (lattice-best-path[5.4.10~1-f629b]:main():lattice-best-path.cc:99) For utterance dinhky-phase1-8, best cost 19.2727 + 314.503 = 333.776 over 252 frames.
dinhky-phase1-8 mo86t 
LOG (lattice-best-path[5.4.10~1-f629b]:main():lattice-best-path.cc:99) For utterance dinhky-phase1-9, best cost 18.3756 + 321.496 = 339.872 over 259 frames.
dinhky-phase1-9 ba 
LOG (lattice-best-path[5.4.10~1-f629b]:main():lattice-best-path.cc:99) For utterance dinhky-phase10-1, best cost 16.6921 + 312.307 = 329 over 252 frames.
dinhky-phase10-1 sa5u 
LOG (lattice-best-path[5.4.10~1-f629b]:main():lattice-best-path.cc:99) For utterance dinhky-phase10-2, best cost 18.4784 + 299.666 = 318.144 over 238 frames.
dinhky-phase10-2 ba4y 
LOG (lattice-best-path[5.4.10~1-f629b]:main():lattice-best-path.cc:99) For utterance dinhky-phase10-3, best cost 16.0602 + 339.202 = 355.262 over 275 frames.
dinhky-phase10-3 chi5n 
LOG (lattice-best-path[5.4.10~1-f629b]:main():lattice-best-path.cc:99) For utterance dinhky-phase10-4, best cost 17.7953 + 302.342 = 320.137 over 252 frames.
dinhky-phase10-4 na7m 
LOG (lattice-best-path[5.4.10~1-f629b]:main():lattice-best-path.cc:99) For utterance dinhky-phase10-5, best cost 17.415 + 276.684 = 294.099 over 222 frames.
dinhky-phase10-5 chi5n 
LOG (lattice-best-path[5.4.10~1-f629b]:main():lattice-best-path.cc:99) For utterance dinhky-phase10-6, best cost 15.9948 + 324.184 = 340.178 over 238 frames.
dinhky-phase10-6 na7m 
LOG (lattice-best-path[5.4.10~1-f629b]:main():lattice-best-path.cc:99) For utterance dinhky-phase10-7, best cost 17.7315 + 317.113 = 334.844 over 261 frames.
dinhky-phase10-7 chi5n 
LOG (lattice-best-path[5.4.10~1-f629b]:main():lattice-best-path.cc:99) For utterance dinhky-phase10-8, best cost 17.1637 + 401.123 = 418.287 over 275 frames.
dinhky-phase10-8 sa5u 
LOG (lattice-best-path[5.4.10~1-f629b]:main():lattice-best-path.cc:99) For utterance dinhky-phase10-9, best cost 16.4156 + 313.855 = 330.271 over 254 frames.
dinhky-phase10-9 ba4y 
LOG (lattice-best-path[5.4.10~1-f629b]:main():lattice-best-path.cc:99) For utterance dinhky-phase11-1, best cost 15.1345 + 366.207 = 381.341 over 247 frames.
dinhky-phase11-1 ba4y 
LOG (lattice-best-path[5.4.10~1-f629b]:main():lattice-best-path.cc:99) For utterance dinhky-phase11-2, best cost 16.0569 + 353.477 = 369.534 over 280 frames.
dinhky-phase11-2 mo86t 
LOG (lattice-best-path[5.4.10~1-f629b]:main():lattice-best-path.cc:99) For utterance dinhky-phase11-3, best cost 15.6238 + 368.295 = 383.918 over 264 frames.
dinhky-phase11-3 na7m 
LOG (lattice-best-path[5.4.10~1-f629b]:main():lattice-best-path.cc:99) For utterance dinhky-phase11-4, best cost 17.929 + 297.217 = 315.146 over 226 frames.
dinhky-phase11-4 ba4y 
LOG (lattice-best-path[5.4.10~1-f629b]:main():lattice-best-path.cc:99) For utterance dinhky-phase11-5, best cost 15.1562 + 335.021 = 350.177 over 259 frames.
dinhky-phase11-5 chi5n 
LOG (lattice-best-path[5.4.10~1-f629b]:main():lattice-best-path.cc:99) For utterance dinhky-phase11-6, best cost 23.5459 + 509.819 = 533.365 over 356 frames.
dinhky-phase11-6 sa5u <UNK> 
LOG (lattice-best-path[5.4.10~1-f629b]:main():lattice-best-path.cc:99) For utterance dinhky-phase11-7, best cost 17.7978 + 343.937 = 361.734 over 271 frames.
dinhky-phase11-7 hai 
LOG (lattice-best-path[5.4.10~1-f629b]:main():lattice-best-path.cc:99) For utterance dinhky-phase11-8, best cost 18.5557 + 415.555 = 434.11 over 301 frames.
dinhky-phase11-8 bo85n 
LOG (lattice-best-path[5.4.10~1-f629b]:main():lattice-best-path.cc:99) For utterance dinhky-phase11-9, best cost 17.0632 + 298.409 = 315.473 over 240 frames.
dinhky-phase11-9 ta5m 
LOG (lattice-best-path[5.4.10~1-f629b]:main():lattice-best-path.cc:99) For utterance dinhky-phase12-1, best cost 17.1128 + 363.903 = 381.016 over 282 frames.
dinhky-phase12-1 hai 
LOG (lattice-best-path[5.4.10~1-f629b]:main():lattice-best-path.cc:99) For utterance dinhky-phase12-2, best cost 28.9314 + 479.849 = 508.78 over 287 frames.
dinhky-phase12-2 ta5m ba <UNK> 
LOG (lattice-best-path[5.4.10~1-f629b]:main():lattice-best-path.cc:99) For utterance dinhky-phase12-3, best cost 15.4008 + 346.493 = 361.894 over 282 frames.
dinhky-phase12-3 chi5n 
LOG (lattice-best-path[5.4.10~1-f629b]:main():lattice-best-path.cc:99) For utterance dinhky-phase12-4, best cost 18.1801 + 337.053 = 355.234 over 250 frames.
dinhky-phase12-4 sa5u 
LOG (lattice-best-path[5.4.10~1-f629b]:main():lattice-best-path.cc:99) For utterance dinhky-phase12-5, best cost 20.0482 + 349.572 = 369.62 over 261 frames.
dinhky-phase12-5 hai 
LOG (lattice-best-path[5.4.10~1-f629b]:main():lattice-best-path.cc:99) For utterance dinhky-phase12-6, best cost 16.1893 + 333.566 = 349.755 over 275 frames.
dinhky-phase12-6 ta5m 
LOG (lattice-best-path[5.4.10~1-f629b]:main():lattice-best-path.cc:99) For utterance dinhky-phase12-7, best cost 18.422 + 374.015 = 392.437 over 294 frames.
dinhky-phase12-7 bo85n 
LOG (lattice-best-path[5.4.10~1-f629b]:main():lattice-best-path.cc:99) For utterance dinhky-phase12-8, best cost 20.5738 + 383.247 = 403.821 over 305 frames.
dinhky-phase12-8 mo86t 
LOG (lattice-best-path[5.4.10~1-f629b]:main():lattice-best-path.cc:99) For utterance dinhky-phase12-9, best cost 14.547 + 316.884 = 331.431 over 240 frames.
dinhky-phase12-9 na7m 
LOG (lattice-best-path[5.4.10~1-f629b]:main():lattice-best-path.cc:99) For utterance dinhky-phase13-1, best cost 25.6331 + 401.759 = 427.392 over 217 frames.
dinhky-phase13-1 chi5n chi5n na7m 
LOG (lattice-best-path[5.4.10~1-f629b]:main():lattice-best-path.cc:99) For utterance dinhky-phase13-2, best cost 16.1315 + 367.902 = 384.034 over 282 frames.
dinhky-phase13-2 hai 
LOG (lattice-best-path[5.4.10~1-f629b]:main():lattice-best-path.cc:99) For utterance dinhky-phase13-3, best cost 24.4524 + 472.244 = 496.697 over 343 frames.
dinhky-phase13-3 mo86t 
LOG (lattice-best-path[5.4.10~1-f629b]:main():lattice-best-path.cc:99) For utterance dinhky-phase13-4, best cost 15.466 + 360.982 = 376.448 over 298 frames.
dinhky-phase13-4 ta5m 
LOG (lattice-best-path[5.4.10~1-f629b]:main():lattice-best-path.cc:99) For utterance dinhky-phase13-5, best cost 21.6299 + 330.463 = 352.093 over 240 frames.
dinhky-phase13-5 sa5u 
LOG (lattice-best-path[5.4.10~1-f629b]:main():lattice-best-path.cc:99) For utterance dinhky-phase13-6, best cost 18.4682 + 339.569 = 358.037 over 275 frames.
dinhky-phase13-6 hai 
LOG (lattice-best-path[5.4.10~1-f629b]:main():lattice-best-path.cc:99) For utterance dinhky-phase13-7, best cost 18.7154 + 372.631 = 391.347 over 261 frames.
dinhky-phase13-7 ba4y 
LOG (lattice-best-path[5.4.10~1-f629b]:main():lattice-best-path.cc:99) For utterance dinhky-phase13-8, best cost 16.0211 + 393.898 = 409.92 over 319 frames.
dinhky-phase13-8 chi5n 
LOG (lattice-best-path[5.4.10~1-f629b]:main():lattice-best-path.cc:99) For utterance dinhky-phase13-9, best cost 14.3399 + 319.317 = 333.657 over 268 frames.
dinhky-phase13-9 bo85n 
LOG (lattice-best-path[5.4.10~1-f629b]:main():lattice-best-path.cc:99) For utterance dinhky-phase14-1, best cost 16.5304 + 331.679 = 348.209 over 266 frames.
dinhky-phase14-1 chi5n 
LOG (lattice-best-path[5.4.10~1-f629b]:main():lattice-best-path.cc:99) For utterance dinhky-phase14-2, best cost 17.0917 + 325.871 = 342.963 over 254 frames.
dinhky-phase14-2 ta5m 
LOG (lattice-best-path[5.4.10~1-f629b]:main():lattice-best-path.cc:99) For utterance dinhky-phase14-3, best cost 16.8258 + 320.055 = 336.881 over 268 frames.
dinhky-phase14-3 ba4y 
LOG (lattice-best-path[5.4.10~1-f629b]:main():lattice-best-path.cc:99) For utterance dinhky-phase14-4, best cost 16.4409 + 333.152 = 349.593 over 257 frames.
dinhky-phase14-4 sa5u 
LOG (lattice-best-path[5.4.10~1-f629b]:main():lattice-best-path.cc:99) For utterance dinhky-phase14-5, best cost 20.4912 + 418.312 = 438.803 over 349 frames.
dinhky-phase14-5 hai 
LOG (lattice-best-path[5.4.10~1-f629b]:main():lattice-best-path.cc:99) For utterance dinhky-phase14-6, best cost 14.7552 + 362.661 = 377.417 over 271 frames.
dinhky-phase14-6 ba 
LOG (lattice-best-path[5.4.10~1-f629b]:main():lattice-best-path.cc:99) For utterance dinhky-phase14-7, best cost 20.1705 + 422.85 = 443.021 over 315 frames.
dinhky-phase14-7 mo86t 
LOG (lattice-best-path[5.4.10~1-f629b]:main():lattice-best-path.cc:99) For utterance dinhky-phase14-8, best cost 26.535 + 443.595 = 470.13 over 296 frames.
dinhky-phase14-8 chi5n na7m chi5n 
LOG (lattice-best-path[5.4.10~1-f629b]:main():lattice-best-path.cc:99) For utterance dinhky-phase14-9, best cost 15.5175 + 370.603 = 386.121 over 280 frames.
dinhky-phase14-9 bo85n 
LOG (lattice-best-path[5.4.10~1-f629b]:main():lattice-best-path.cc:99) For utterance dinhky-phase15-1, best cost 19.8762 + 413.945 = 433.821 over 324 frames.
dinhky-phase15-1 ta5m 
LOG (lattice-best-path[5.4.10~1-f629b]:main():lattice-best-path.cc:99) For utterance dinhky-phase15-2, best cost 18.3278 + 371.628 = 389.956 over 275 frames.
dinhky-phase15-2 chi5n 
LOG (lattice-best-path[5.4.10~1-f629b]:main():lattice-best-path.cc:99) For utterance dinhky-phase15-3, best cost 16.0109 + 359.077 = 375.088 over 280 frames.
dinhky-phase15-3 hai 
LOG (lattice-best-path[5.4.10~1-f629b]:main():lattice-best-path.cc:99) For utterance dinhky-phase15-4, best cost 20.463 + 422.154 = 442.617 over 308 frames.
dinhky-phase15-4 ba 
LOG (lattice-best-path[5.4.10~1-f629b]:main():lattice-best-path.cc:99) For utterance dinhky-phase15-5, best cost 15.3524 + 366.187 = 381.539 over 264 frames.
dinhky-phase15-5 na7m 
LOG (lattice-best-path[5.4.10~1-f629b]:main():lattice-best-path.cc:99) For utterance dinhky-phase15-6, best cost 22.3799 + 382.956 = 405.336 over 250 frames.
dinhky-phase15-6 ba4y 
LOG (lattice-best-path[5.4.10~1-f629b]:main():lattice-best-path.cc:99) For utterance dinhky-phase15-7, best cost 15.2522 + 313.741 = 328.994 over 247 frames.
dinhky-phase15-7 sa5u 
LOG (lattice-best-path[5.4.10~1-f629b]:main():lattice-best-path.cc:99) For utterance dinhky-phase15-8, best cost 17.8658 + 360.07 = 377.936 over 280 frames.
dinhky-phase15-8 bo85n 
LOG (lattice-best-path[5.4.10~1-f629b]:main():lattice-best-path.cc:99) For utterance dinhky-phase15-9, best cost 19.9588 + 387.488 = 407.447 over 291 frames.
dinhky-phase15-9 mo86t 
LOG (lattice-best-path[5.4.10~1-f629b]:main():lattice-best-path.cc:99) For utterance dinhky-phase2-1, best cost 14.4267 + 286.817 = 301.244 over 233 frames.
dinhky-phase2-1 ba 
LOG (lattice-best-path[5.4.10~1-f629b]:main():lattice-best-path.cc:99) For utterance dinhky-phase2-2, best cost 15.0156 + 267.331 = 282.347 over 215 frames.
dinhky-phase2-2 hai 
LOG (lattice-best-path[5.4.10~1-f629b]:main():lattice-best-path.cc:99) For utterance dinhky-phase2-3, best cost 21.0288 + 321.609 = 342.638 over 219 frames.
dinhky-phase2-3 mo86t 
LOG (lattice-best-path[5.4.10~1-f629b]:main():lattice-best-path.cc:99) For utterance dinhky-phase2-4, best cost 14.7902 + 326.255 = 341.045 over 224 frames.
dinhky-phase2-4 mo86t 
LOG (lattice-best-path[5.4.10~1-f629b]:main():lattice-best-path.cc:99) For utterance dinhky-phase2-5, best cost 17.5344 + 305.192 = 322.726 over 247 frames.
dinhky-phase2-5 ba 
LOG (lattice-best-path[5.4.10~1-f629b]:main():lattice-best-path.cc:99) For utterance dinhky-phase2-6, best cost 15.0088 + 264.548 = 279.557 over 212 frames.
dinhky-phase2-6 hai 
LOG (lattice-best-path[5.4.10~1-f629b]:main():lattice-best-path.cc:99) For utterance dinhky-phase2-7, best cost 19.7584 + 294.953 = 314.711 over 229 frames.
dinhky-phase2-7 ba 
LOG (lattice-best-path[5.4.10~1-f629b]:main():lattice-best-path.cc:99) For utterance dinhky-phase2-8, best cost 14.7731 + 302.361 = 317.135 over 236 frames.
dinhky-phase2-8 mo86t 
LOG (lattice-best-path[5.4.10~1-f629b]:main():lattice-best-path.cc:99) For utterance dinhky-phase2-9, best cost 15.1705 + 336.177 = 351.347 over 266 frames.
dinhky-phase2-9 hai 
LOG (lattice-best-path[5.4.10~1-f629b]:main():lattice-best-path.cc:99) For utterance dinhky-phase3-1, best cost 17.2447 + 305.022 = 322.267 over 231 frames.
dinhky-phase3-1 hai 
LOG (lattice-best-path[5.4.10~1-f629b]:main():lattice-best-path.cc:99) For utterance dinhky-phase3-2, best cost 15.7264 + 360.724 = 376.45 over 245 frames.
dinhky-phase3-2 mo86t 
LOG (lattice-best-path[5.4.10~1-f629b]:main():lattice-best-path.cc:99) For utterance dinhky-phase3-3, best cost 14.2076 + 296.26 = 310.468 over 238 frames.
dinhky-phase3-3 ba 
LOG (lattice-best-path[5.4.10~1-f629b]:main():lattice-best-path.cc:99) For utterance dinhky-phase3-4, best cost 16.6803 + 305.148 = 321.828 over 250 frames.
dinhky-phase3-4 ba 
LOG (lattice-best-path[5.4.10~1-f629b]:main():lattice-best-path.cc:99) For utterance dinhky-phase3-5, best cost 22.6562 + 354.768 = 377.424 over 229 frames.
dinhky-phase3-5 mo86t <UNK> 
LOG (lattice-best-path[5.4.10~1-f629b]:main():lattice-best-path.cc:99) For utterance dinhky-phase3-6, best cost 17.9607 + 318.522 = 336.483 over 240 frames.
dinhky-phase3-6 hai 
LOG (lattice-best-path[5.4.10~1-f629b]:main():lattice-best-path.cc:99) For utterance dinhky-phase3-7, best cost 17.4239 + 322.016 = 339.44 over 247 frames.
dinhky-phase3-7 mo86t 
LOG (lattice-best-path[5.4.10~1-f629b]:main():lattice-best-path.cc:99) For utterance dinhky-phase3-8, best cost 17.4072 + 278.664 = 296.071 over 233 frames.
dinhky-phase3-8 ba 
LOG (lattice-best-path[5.4.10~1-f629b]:main():lattice-best-path.cc:99) For utterance dinhky-phase3-9, best cost 17.4602 + 288.772 = 306.233 over 222 frames.
dinhky-phase3-9 mo86t 
LOG (lattice-best-path[5.4.10~1-f629b]:main():lattice-best-path.cc:99) For utterance dinhky-phase4-1, best cost 20.9163 + 354.961 = 375.877 over 240 frames.
dinhky-phase4-1 bo85n 
LOG (lattice-best-path[5.4.10~1-f629b]:main():lattice-best-path.cc:99) For utterance dinhky-phase4-2, best cost 18.1797 + 319.839 = 338.018 over 233 frames.
dinhky-phase4-2 hai 
LOG (lattice-best-path[5.4.10~1-f629b]:main():lattice-best-path.cc:99) For utterance dinhky-phase4-3, best cost 15.0414 + 273.035 = 288.076 over 217 frames.
dinhky-phase4-3 ba 
LOG (lattice-best-path[5.4.10~1-f629b]:main():lattice-best-path.cc:99) For utterance dinhky-phase4-4, best cost 22.6973 + 317.822 = 340.519 over 233 frames.
dinhky-phase4-4 ba4y 
LOG (lattice-best-path[5.4.10~1-f629b]:main():lattice-best-path.cc:99) For utterance dinhky-phase4-5, best cost 14.5895 + 292.633 = 307.223 over 236 frames.
dinhky-phase4-5 chi5n 
LOG (lattice-best-path[5.4.10~1-f629b]:main():lattice-best-path.cc:99) For utterance dinhky-phase4-6, best cost 18.1419 + 331.91 = 350.052 over 271 frames.
dinhky-phase4-6 ta5m 
LOG (lattice-best-path[5.4.10~1-f629b]:main():lattice-best-path.cc:99) For utterance dinhky-phase4-7, best cost 19.1372 + 369.042 = 388.179 over 282 frames.
dinhky-phase4-7 sa5u 
LOG (lattice-best-path[5.4.10~1-f629b]:main():lattice-best-path.cc:99) For utterance dinhky-phase4-8, best cost 16.3228 + 288.621 = 304.944 over 236 frames.
dinhky-phase4-8 ba4y 
LOG (lattice-best-path[5.4.10~1-f629b]:main():lattice-best-path.cc:99) For utterance dinhky-phase4-9, best cost 16.4741 + 300.806 = 317.28 over 240 frames.
dinhky-phase4-9 hai 
LOG (lattice-best-path[5.4.10~1-f629b]:main():lattice-best-path.cc:99) For utterance dinhky-phase5-1, best cost 25.0374 + 374.782 = 399.82 over 275 frames.
dinhky-phase5-1 ta5m 
LOG (lattice-best-path[5.4.10~1-f629b]:main():lattice-best-path.cc:99) For utterance dinhky-phase5-2, best cost 15.0412 + 325.682 = 340.723 over 240 frames.
dinhky-phase5-2 chi5n 
LOG (lattice-best-path[5.4.10~1-f629b]:main():lattice-best-path.cc:99) For utterance dinhky-phase5-3, best cost 22.2781 + 346.508 = 368.786 over 233 frames.
dinhky-phase5-3 na7m 
LOG (lattice-best-path[5.4.10~1-f629b]:main():lattice-best-path.cc:99) For utterance dinhky-phase5-4, best cost 19.538 + 299.172 = 318.71 over 236 frames.
dinhky-phase5-4 bo85n 
LOG (lattice-best-path[5.4.10~1-f629b]:main():lattice-best-path.cc:99) For utterance dinhky-phase5-5, best cost 23.3814 + 362.623 = 386.004 over 271 frames.
dinhky-phase5-5 ba4y 
LOG (lattice-best-path[5.4.10~1-f629b]:main():lattice-best-path.cc:99) For utterance dinhky-phase5-6, best cost 16.159 + 346.775 = 362.934 over 275 frames.
dinhky-phase5-6 na7m 
LOG (lattice-best-path[5.4.10~1-f629b]:main():lattice-best-path.cc:99) For utterance dinhky-phase5-7, best cost 18.3238 + 356.913 = 375.237 over 284 frames.
dinhky-phase5-7 ta5m 
LOG (lattice-best-path[5.4.10~1-f629b]:main():lattice-best-path.cc:99) For utterance dinhky-phase5-8, best cost 19.1119 + 396.312 = 415.424 over 264 frames.
dinhky-phase5-8 sa5u 
LOG (lattice-best-path[5.4.10~1-f629b]:main():lattice-best-path.cc:99) For utterance dinhky-phase5-9, best cost 19.1651 + 356.111 = 375.276 over 280 frames.
dinhky-phase5-9 bo85n 
LOG (lattice-best-path[5.4.10~1-f629b]:main():lattice-best-path.cc:99) For utterance dinhky-phase6-1, best cost 21.3956 + 314.997 = 336.392 over 245 frames.
dinhky-phase6-1 bo85n 
LOG (lattice-scale[5.4.10~1-f629b]:main():lattice-scale.cc:90) Done 135 lattices.
LOG (lattice-best-path[5.4.10~1-f629b]:main():lattice-best-path.cc:99) For utterance dinhky-phase6-2, best cost 17.6419 + 311.265 = 328.907 over 261 frames.
dinhky-phase6-2 na7m 
LOG (lattice-best-path[5.4.10~1-f629b]:main():lattice-best-path.cc:99) For utterance dinhky-phase6-3, best cost 20.3584 + 366.238 = 386.597 over 289 frames.
dinhky-phase6-3 chi5n 
LOG (lattice-best-path[5.4.10~1-f629b]:main():lattice-best-path.cc:99) For utterance dinhky-phase6-4, best cost 15.7864 + 319.922 = 335.709 over 259 frames.
dinhky-phase6-4 bo85n 
LOG (lattice-best-path[5.4.10~1-f629b]:main():lattice-best-path.cc:99) For utterance dinhky-phase6-5, best cost 19.0957 + 327.174 = 346.27 over 247 frames.
dinhky-phase6-5 bo85n 
LOG (lattice-best-path[5.4.10~1-f629b]:main():lattice-best-path.cc:99) For utterance dinhky-phase6-6, best cost 18.032 + 333.305 = 351.337 over 257 frames.
dinhky-phase6-6 na7m 
LOG (lattice-best-path[5.4.10~1-f629b]:main():lattice-best-path.cc:99) For utterance dinhky-phase6-7, best cost 18.8466 + 334.907 = 353.753 over 247 frames.
dinhky-phase6-7 ta5m 
LOG (lattice-best-path[5.4.10~1-f629b]:main():lattice-best-path.cc:99) For utterance dinhky-phase6-8, best cost 16.934 + 334.767 = 351.701 over 240 frames.
dinhky-phase6-8 sa5u 
LOG (lattice-best-path[5.4.10~1-f629b]:main():lattice-best-path.cc:99) For utterance dinhky-phase6-9, best cost 21.1672 + 357.247 = 378.414 over 273 frames.
dinhky-phase6-9 ba4y 
LOG (lattice-best-path[5.4.10~1-f629b]:main():lattice-best-path.cc:99) For utterance dinhky-phase7-1, best cost 16.0452 + 275.965 = 292.01 over 217 frames.
dinhky-phase7-1 sa5u 
LOG (lattice-best-path[5.4.10~1-f629b]:main():lattice-best-path.cc:99) For utterance dinhky-phase7-2, best cost 20.6472 + 362.494 = 383.141 over 259 frames.
dinhky-phase7-2 chi5n 
LOG (lattice-best-path[5.4.10~1-f629b]:main():lattice-best-path.cc:99) For utterance dinhky-phase7-3, best cost 19.7961 + 342.595 = 362.391 over 261 frames.
dinhky-phase7-3 ta5m 
LOG (lattice-best-path[5.4.10~1-f629b]:main():lattice-best-path.cc:99) For utterance dinhky-phase7-4, best cost 26.3895 + 449.51 = 475.9 over 259 frames.
dinhky-phase7-4 na7m chi5n 
LOG (lattice-best-path[5.4.10~1-f629b]:main():lattice-best-path.cc:99) For utterance dinhky-phase7-5, best cost 16.7014 + 330.926 = 347.628 over 247 frames.
dinhky-phase7-5 sa5u 
LOG (lattice-best-path[5.4.10~1-f629b]:main():lattice-best-path.cc:99) For utterance dinhky-phase7-6, best cost 18.2912 + 323.896 = 342.187 over 247 frames.
dinhky-phase7-6 ta5m 
LOG (lattice-best-path[5.4.10~1-f629b]:main():lattice-best-path.cc:99) For utterance dinhky-phase7-7, best cost 20.9654 + 366.039 = 387.005 over 226 frames.
dinhky-phase7-7 sa5u 
LOG (lattice-best-path[5.4.10~1-f629b]:main():lattice-best-path.cc:99) For utterance dinhky-phase7-8, best cost 16.8171 + 310.57 = 327.387 over 236 frames.
dinhky-phase7-8 bo85n 
LOG (lattice-best-path[5.4.10~1-f629b]:main():lattice-best-path.cc:99) For utterance dinhky-phase7-9, best cost 20.6203 + 336.658 = 357.278 over 275 frames.
dinhky-phase7-9 ba4y 
LOG (lattice-best-path[5.4.10~1-f629b]:main():lattice-best-path.cc:99) For utterance dinhky-phase8-1, best cost 21.2674 + 296.913 = 318.18 over 236 frames.
dinhky-phase8-1 na7m 
LOG (lattice-best-path[5.4.10~1-f629b]:main():lattice-best-path.cc:99) For utterance dinhky-phase8-2, best cost 18.2512 + 367.653 = 385.904 over 298 frames.
dinhky-phase8-2 chi5n 
LOG (lattice-best-path[5.4.10~1-f629b]:main():lattice-best-path.cc:99) For utterance dinhky-phase8-3, best cost 18.2107 + 336.978 = 355.188 over 264 frames.
dinhky-phase8-3 bo85n 
LOG (lattice-best-path[5.4.10~1-f629b]:main():lattice-best-path.cc:99) For utterance dinhky-phase8-4, best cost 19.598 + 430.48 = 450.078 over 264 frames.
dinhky-phase8-4 na7m 
LOG (lattice-best-path[5.4.10~1-f629b]:main():lattice-best-path.cc:99) For utterance dinhky-phase8-5, best cost 18.1683 + 326.646 = 344.814 over 264 frames.
dinhky-phase8-5 chi5n 
LOG (lattice-best-path[5.4.10~1-f629b]:main():lattice-best-path.cc:99) For utterance dinhky-phase8-6, best cost 22.2021 + 320.038 = 342.24 over 259 frames.
dinhky-phase8-6 ba4y 
LOG (lattice-best-path[5.4.10~1-f629b]:main():lattice-best-path.cc:99) For utterance dinhky-phase8-7, best cost 18.1268 + 299.521 = 317.648 over 231 frames.
dinhky-phase8-7 sa5u 
LOG (lattice-add-penalty[5.4.10~1-f629b]:main():lattice-add-penalty.cc:62) Done adding word insertion penalty to 135 lattices.
LOG (lattice-best-path[5.4.10~1-f629b]:main():lattice-best-path.cc:99) For utterance dinhky-phase8-8, best cost 18.1415 + 340.407 = 358.548 over 273 frames.
dinhky-phase8-8 ta5m 
LOG (lattice-best-path[5.4.10~1-f629b]:main():lattice-best-path.cc:99) For utterance dinhky-phase8-9, best cost 24.1429 + 354.292 = 378.435 over 252 frames.
dinhky-phase8-9 ba4y 
LOG (lattice-best-path[5.4.10~1-f629b]:main():lattice-best-path.cc:99) For utterance dinhky-phase9-1, best cost 18.0922 + 326.809 = 344.901 over 257 frames.
dinhky-phase9-1 ta5m 
LOG (lattice-best-path[5.4.10~1-f629b]:main():lattice-best-path.cc:99) For utterance dinhky-phase9-2, best cost 19.9393 + 332.208 = 352.148 over 238 frames.
dinhky-phase9-2 bo85n 
LOG (lattice-best-path[5.4.10~1-f629b]:main():lattice-best-path.cc:99) For utterance dinhky-phase9-3, best cost 18.3259 + 298.987 = 317.313 over 240 frames.
dinhky-phase9-3 ba4y 
LOG (lattice-best-path[5.4.10~1-f629b]:main():lattice-best-path.cc:99) For utterance dinhky-phase9-4, best cost 22.2457 + 432.994 = 455.239 over 282 frames.
dinhky-phase9-4 na7m 
LOG (lattice-best-path[5.4.10~1-f629b]:main():lattice-best-path.cc:99) For utterance dinhky-phase9-5, best cost 22.4882 + 347.394 = 369.882 over 250 frames.
dinhky-phase9-5 chi5n 
LOG (lattice-best-path[5.4.10~1-f629b]:main():lattice-best-path.cc:99) For utterance dinhky-phase9-6, best cost 19.5464 + 371.47 = 391.017 over 261 frames.
dinhky-phase9-6 bo85n 
LOG (lattice-best-path[5.4.10~1-f629b]:main():lattice-best-path.cc:99) For utterance dinhky-phase9-7, best cost 19.9103 + 345.395 = 365.305 over 275 frames.
dinhky-phase9-7 ta5m 
LOG (lattice-best-path[5.4.10~1-f629b]:main():lattice-best-path.cc:99) For utterance dinhky-phase9-8, best cost 16.7452 + 324.069 = 340.814 over 236 frames.
dinhky-phase9-8 sa5u 
LOG (lattice-best-path[5.4.10~1-f629b]:main():lattice-best-path.cc:99) For utterance dinhky-phase9-9, best cost 21.0861 + 316.489 = 337.575 over 238 frames.
dinhky-phase9-9 ta5m 
LOG (lattice-best-path[5.4.10~1-f629b]:main():lattice-best-path.cc:124) Overall cost per frame is 1.39493 = 0.0711245 [graph] + 1.3238 [acoustic] over 34862 frames.
LOG (lattice-best-path[5.4.10~1-f629b]:main():lattice-best-path.cc:128) Done 135 lattices, failed for 0
# Accounting: time=1 threads=1
# Ended (code 0) at Sun Apr 29 13:54:45 +07 2018, elapsed time 1 seconds
