# lattice-scale --inv-acoustic-scale=17 "ark:gunzip -c exp/mono/decode/lat.*.gz|" ark:- | lattice-add-penalty --word-ins-penalty=1.0 ark:- ark:- | lattice-best-path --word-symbol-table=exp/mono/graph/words.txt ark:- ark,t:- | utils/int2sym.pl -f 2- exp/mono/graph/words.txt | local/wer_hyp_filter > exp/mono/decode/scoring_kaldi/penalty_1.0/17.txt 
# Started at Sat Mar 31 17:16:46 +07 2018
#
lattice-add-penalty --word-ins-penalty=1.0 ark:- ark:- 
lattice-scale --inv-acoustic-scale=17 'ark:gunzip -c exp/mono/decode/lat.*.gz|' ark:- 
lattice-best-path --word-symbol-table=exp/mono/graph/words.txt ark:- ark,t:- 
LOG (lattice-best-path[5.4.10~1-f629b]:main():lattice-best-path.cc:99) For utterance phase1-Ky-1, best cost 25.7885 + 1826.02 = 1851.81 over 251 frames.
phase1-Ky-1 mo86t <UNK> 
LOG (lattice-best-path[5.4.10~1-f629b]:main():lattice-best-path.cc:99) For utterance phase1-Ky-2, best cost 19.5288 + 1804.85 = 1824.38 over 254 frames.
phase1-Ky-2 hai 
LOG (lattice-best-path[5.4.10~1-f629b]:main():lattice-best-path.cc:99) For utterance phase1-Ky-3, best cost 14.7605 + 1547.76 = 1562.52 over 224 frames.
phase1-Ky-3 ba 
LOG (lattice-best-path[5.4.10~1-f629b]:main():lattice-best-path.cc:99) For utterance phase1-Ky-4, best cost 18.697 + 1837.97 = 1856.66 over 261 frames.
phase1-Ky-4 mo86t 
LOG (lattice-best-path[5.4.10~1-f629b]:main():lattice-best-path.cc:99) For utterance phase1-Ky-5, best cost 22.7966 + 1664.94 = 1687.73 over 231 frames.
phase1-Ky-5 ba <UNK> 
LOG (lattice-best-path[5.4.10~1-f629b]:main():lattice-best-path.cc:99) For utterance phase1-Ky-6, best cost 19.3076 + 1554.98 = 1574.28 over 203 frames.
phase1-Ky-6 ba <UNK> 
LOG (lattice-best-path[5.4.10~1-f629b]:main():lattice-best-path.cc:99) For utterance phase1-Ky-7, best cost 25.3077 + 1722.38 = 1747.69 over 235 frames.
phase1-Ky-7 hai <UNK> 
LOG (lattice-best-path[5.4.10~1-f629b]:main():lattice-best-path.cc:99) For utterance phase1-Ky-8, best cost 21.2855 + 1788.56 = 1809.85 over 251 frames.
phase1-Ky-8 <UNK> mo86t 
LOG (lattice-best-path[5.4.10~1-f629b]:main():lattice-best-path.cc:99) For utterance phase1-Ky-9, best cost 18.2083 + 1830.89 = 1849.09 over 258 frames.
phase1-Ky-9 ba 
LOG (lattice-best-path[5.4.10~1-f629b]:main():lattice-best-path.cc:99) For utterance phase10-Ky-1, best cost 19.9284 + 1782.09 = 1802.02 over 251 frames.
phase10-Ky-1 <UNK> sa5u 
LOG (lattice-best-path[5.4.10~1-f629b]:main():lattice-best-path.cc:99) For utterance phase10-Ky-2, best cost 20.9096 + 1724.88 = 1745.79 over 238 frames.
phase10-Ky-2 ba <UNK> 
LOG (lattice-best-path[5.4.10~1-f629b]:main():lattice-best-path.cc:99) For utterance phase10-Ky-3, best cost 23.2464 + 1951.11 = 1974.36 over 275 frames.
phase10-Ky-3 chi5n <UNK> 
LOG (lattice-best-path[5.4.10~1-f629b]:main():lattice-best-path.cc:99) For utterance phase10-Ky-4, best cost 15.757 + 1786.73 = 1802.49 over 251 frames.
phase10-Ky-4 na7m 
LOG (lattice-best-path[5.4.10~1-f629b]:main():lattice-best-path.cc:99) For utterance phase10-Ky-5, best cost 16.3782 + 1580.01 = 1596.39 over 221 frames.
phase10-Ky-5 chi5n 
LOG (lattice-best-path[5.4.10~1-f629b]:main():lattice-best-path.cc:99) For utterance phase10-Ky-6, best cost 21.9388 + 1784.02 = 1805.95 over 238 frames.
phase10-Ky-6 <UNK> na7m 
LOG (lattice-best-path[5.4.10~1-f629b]:main():lattice-best-path.cc:99) For utterance phase10-Ky-7, best cost 15.7589 + 1807.02 = 1822.78 over 261 frames.
phase10-Ky-7 chi5n 
LOG (lattice-best-path[5.4.10~1-f629b]:main():lattice-best-path.cc:99) For utterance phase10-Ky-8, best cost 21.4847 + 2056.57 = 2078.06 over 275 frames.
phase10-Ky-8 sa5u 
LOG (lattice-best-path[5.4.10~1-f629b]:main():lattice-best-path.cc:99) For utterance phase10-Ky-9, best cost 21.0164 + 1833 = 1854.02 over 254 frames.
phase10-Ky-9 ba4y <UNK> 
LOG (lattice-best-path[5.4.10~1-f629b]:main():lattice-best-path.cc:99) For utterance phase2-Ky-1, best cost 30.3513 + 1708.96 = 1739.31 over 233 frames.
phase2-Ky-1 <UNK> ba 
LOG (lattice-best-path[5.4.10~1-f629b]:main():lattice-best-path.cc:99) For utterance phase2-Ky-2, best cost 17.4078 + 1583.69 = 1601.1 over 214 frames.
phase2-Ky-2 hai 
LOG (lattice-best-path[5.4.10~1-f629b]:main():lattice-best-path.cc:99) For utterance phase2-Ky-3, best cost 27.3578 + 1634.27 = 1661.63 over 219 frames.
phase2-Ky-3 <UNK> mo86t 
LOG (lattice-best-path[5.4.10~1-f629b]:main():lattice-best-path.cc:99) For utterance phase2-Ky-4, best cost 21.0478 + 1686 = 1707.05 over 224 frames.
phase2-Ky-4 mo86t <UNK> 
LOG (lattice-best-path[5.4.10~1-f629b]:main():lattice-best-path.cc:99) For utterance phase2-Ky-5, best cost 17.8669 + 1762.49 = 1780.36 over 247 frames.
phase2-Ky-5 ba 
LOG (lattice-best-path[5.4.10~1-f629b]:main():lattice-best-path.cc:99) For utterance phase2-Ky-6, best cost 20.591 + 1537.15 = 1557.74 over 212 frames.
phase2-Ky-6 hai 
LOG (lattice-best-path[5.4.10~1-f629b]:main():lattice-best-path.cc:99) For utterance phase2-Ky-7, best cost 20.5103 + 1660.71 = 1681.22 over 228 frames.
phase2-Ky-7 ba 
LOG (lattice-best-path[5.4.10~1-f629b]:main():lattice-best-path.cc:99) For utterance phase2-Ky-8, best cost 27.1716 + 1688.65 = 1715.82 over 235 frames.
phase2-Ky-8 <UNK> mo86t <UNK> 
LOG (lattice-best-path[5.4.10~1-f629b]:main():lattice-best-path.cc:99) For utterance phase2-Ky-9, best cost 16.7784 + 1915.61 = 1932.39 over 265 frames.
phase2-Ky-9 hai 
LOG (lattice-best-path[5.4.10~1-f629b]:main():lattice-best-path.cc:99) For utterance phase3-Ky-1, best cost 20.6299 + 1642.86 = 1663.49 over 231 frames.
phase3-Ky-1 hai 
LOG (lattice-best-path[5.4.10~1-f629b]:main():lattice-best-path.cc:99) For utterance phase3-Ky-2, best cost 32.5426 + 1831.77 = 1864.32 over 244 frames.
phase3-Ky-2 <UNK> mo86t <UNK> 
LOG (lattice-best-path[5.4.10~1-f629b]:main():lattice-best-path.cc:99) For utterance phase3-Ky-3, best cost 17.866 + 1692.13 = 1709.99 over 238 frames.
phase3-Ky-3 ba 
LOG (lattice-best-path[5.4.10~1-f629b]:main():lattice-best-path.cc:99) For utterance phase3-Ky-4, best cost 17.8627 + 1760.95 = 1778.81 over 249 frames.
phase3-Ky-4 ba 
LOG (lattice-best-path[5.4.10~1-f629b]:main():lattice-best-path.cc:99) For utterance phase3-Ky-5, best cost 33.1095 + 1766.81 = 1799.91 over 228 frames.
phase3-Ky-5 <UNK> na7m <UNK> 
LOG (lattice-best-path[5.4.10~1-f629b]:main():lattice-best-path.cc:99) For utterance phase3-Ky-6, best cost 24.7512 + 1757.25 = 1782.01 over 240 frames.
phase3-Ky-6 hai <UNK> 
LOG (lattice-best-path[5.4.10~1-f629b]:main():lattice-best-path.cc:99) For utterance phase3-Ky-7, best cost 21.1583 + 1787.08 = 1808.24 over 247 frames.
phase3-Ky-7 mo86t 
LOG (lattice-best-path[5.4.10~1-f629b]:main():lattice-best-path.cc:99) For utterance phase3-Ky-8, best cost 15.7405 + 1611.84 = 1627.58 over 233 frames.
phase3-Ky-8 ba 
LOG (lattice-best-path[5.4.10~1-f629b]:main():lattice-best-path.cc:99) For utterance phase3-Ky-9, best cost 21.1655 + 1623.63 = 1644.8 over 221 frames.
phase3-Ky-9 mo86t 
LOG (lattice-best-path[5.4.10~1-f629b]:main():lattice-best-path.cc:99) For utterance phase4-Ky-1, best cost 30.7129 + 1802.93 = 1833.65 over 240 frames.
phase4-Ky-1 <UNK> bo85n <UNK> 
LOG (lattice-best-path[5.4.10~1-f629b]:main():lattice-best-path.cc:99) For utterance phase4-Ky-2, best cost 24.4905 + 1713.98 = 1738.47 over 233 frames.
phase4-Ky-2 hai <UNK> 
LOG (lattice-best-path[5.4.10~1-f629b]:main():lattice-best-path.cc:99) For utterance phase4-Ky-3, best cost 19.9673 + 1542.81 = 1562.78 over 217 frames.
phase4-Ky-3 ba 
LOG (lattice-best-path[5.4.10~1-f629b]:main():lattice-best-path.cc:99) For utterance phase4-Ky-4, best cost 32.3962 + 1766.35 = 1798.74 over 233 frames.
phase4-Ky-4 ba <UNK> 
LOG (lattice-best-path[5.4.10~1-f629b]:main():lattice-best-path.cc:99) For utterance phase4-Ky-5, best cost 18.4661 + 1599.1 = 1617.57 over 235 frames.
phase4-Ky-5 chi5n 
LOG (lattice-best-path[5.4.10~1-f629b]:main():lattice-best-path.cc:99) For utterance phase4-Ky-6, best cost 21.6857 + 1920.35 = 1942.03 over 270 frames.
phase4-Ky-6 ta5m 
LOG (lattice-best-path[5.4.10~1-f629b]:main():lattice-best-path.cc:99) For utterance phase4-Ky-7, best cost 27.8297 + 2067.44 = 2095.27 over 282 frames.
phase4-Ky-7 sa5u <UNK> 
LOG (lattice-best-path[5.4.10~1-f629b]:main():lattice-best-path.cc:99) For utterance phase4-Ky-8, best cost 18.9563 + 1674.89 = 1693.85 over 235 frames.
phase4-Ky-8 ba4y <UNK> 
LOG (lattice-best-path[5.4.10~1-f629b]:main():lattice-best-path.cc:99) For utterance phase4-Ky-9, best cost 18.8361 + 1706.02 = 1724.85 over 240 frames.
phase4-Ky-9 hai 
LOG (lattice-best-path[5.4.10~1-f629b]:main():lattice-best-path.cc:99) For utterance phase5-Ky-1, best cost 40.5755 + 2018.03 = 2058.61 over 275 frames.
phase5-Ky-1 ta5m <UNK> <UNK> 
LOG (lattice-best-path[5.4.10~1-f629b]:main():lattice-best-path.cc:99) For utterance phase5-Ky-2, best cost 35.4933 + 1722.11 = 1757.6 over 240 frames.
phase5-Ky-2 chi5n <UNK> <UNK> 
LOG (lattice-best-path[5.4.10~1-f629b]:main():lattice-best-path.cc:99) For utterance phase5-Ky-3, best cost 31.7948 + 1741.95 = 1773.74 over 233 frames.
phase5-Ky-3 <UNK> na7m <UNK> 
LOG (lattice-best-path[5.4.10~1-f629b]:main():lattice-best-path.cc:99) For utterance phase5-Ky-4, best cost 18.5263 + 1667.53 = 1686.06 over 235 frames.
phase5-Ky-4 bo85n 
LOG (lattice-best-path[5.4.10~1-f629b]:main():lattice-best-path.cc:99) For utterance phase5-Ky-5, best cost 22.1496 + 1950.62 = 1972.77 over 270 frames.
phase5-Ky-5 ba4y 
LOG (lattice-best-path[5.4.10~1-f629b]:main():lattice-best-path.cc:99) For utterance phase5-Ky-6, best cost 19.8261 + 1981.36 = 2001.19 over 275 frames.
phase5-Ky-6 <UNK> na7m 
LOG (lattice-best-path[5.4.10~1-f629b]:main():lattice-best-path.cc:99) For utterance phase5-Ky-7, best cost 19.8499 + 2067.11 = 2086.96 over 284 frames.
phase5-Ky-7 ta5m 
LOG (lattice-best-path[5.4.10~1-f629b]:main():lattice-best-path.cc:99) For utterance phase5-Ky-8, best cost 24.214 + 1993.51 = 2017.72 over 263 frames.
phase5-Ky-8 sa5u 
LOG (lattice-best-path[5.4.10~1-f629b]:main():lattice-best-path.cc:99) For utterance phase5-Ky-9, best cost 16.577 + 2006.15 = 2022.72 over 279 frames.
phase5-Ky-9 bo85n 
LOG (lattice-best-path[5.4.10~1-f629b]:main():lattice-best-path.cc:99) For utterance phase6-Ky-1, best cost 18.3094 + 1775.49 = 1793.8 over 244 frames.
phase6-Ky-1 bo85n 
LOG (lattice-best-path[5.4.10~1-f629b]:main():lattice-best-path.cc:99) For utterance phase6-Ky-2, best cost 15.518 + 1926.07 = 1941.59 over 261 frames.
phase6-Ky-2 na7m 
LOG (lattice-best-path[5.4.10~1-f629b]:main():lattice-best-path.cc:99) For utterance phase6-Ky-3, best cost 27.6602 + 2055.55 = 2083.21 over 289 frames.
phase6-Ky-3 chi5n <UNK> 
LOG (lattice-best-path[5.4.10~1-f629b]:main():lattice-best-path.cc:99) For utterance phase6-Ky-4, best cost 14.4377 + 1839.2 = 1853.63 over 258 frames.
phase6-Ky-4 bo85n 
LOG (lattice-best-path[5.4.10~1-f629b]:main():lattice-best-path.cc:99) For utterance phase6-Ky-5, best cost 26.7356 + 1825.54 = 1852.28 over 247 frames.
phase6-Ky-5 bo85n <UNK> 
LOG (lattice-scale[5.4.10~1-f629b]:main():lattice-scale.cc:90) Done 90 lattices.
LOG (lattice-best-path[5.4.10~1-f629b]:main():lattice-best-path.cc:99) For utterance phase6-Ky-6, best cost 20.8313 + 1893.46 = 1914.29 over 256 frames.
phase6-Ky-6 <UNK> na7m 
LOG (lattice-best-path[5.4.10~1-f629b]:main():lattice-best-path.cc:99) For utterance phase6-Ky-7, best cost 18.5602 + 1760.92 = 1779.48 over 247 frames.
phase6-Ky-7 ta5m 
LOG (lattice-best-path[5.4.10~1-f629b]:main():lattice-best-path.cc:99) For utterance phase6-Ky-8, best cost 23.0517 + 1796.45 = 1819.5 over 240 frames.
phase6-Ky-8 sa5u <UNK> 
LOG (lattice-best-path[5.4.10~1-f629b]:main():lattice-best-path.cc:99) For utterance phase6-Ky-9, best cost 30.2016 + 1988.19 = 2018.39 over 272 frames.
phase6-Ky-9 ba <UNK> <UNK> 
LOG (lattice-best-path[5.4.10~1-f629b]:main():lattice-best-path.cc:99) For utterance phase7-Ky-1, best cost 16.0217 + 1570.02 = 1586.04 over 217 frames.
phase7-Ky-1 sa5u 
LOG (lattice-best-path[5.4.10~1-f629b]:main():lattice-best-path.cc:99) For utterance phase7-Ky-2, best cost 35.7256 + 1870.8 = 1906.53 over 258 frames.
phase7-Ky-2 <UNK> chi5n <UNK> <UNK> 
LOG (lattice-best-path[5.4.10~1-f629b]:main():lattice-best-path.cc:99) For utterance phase7-Ky-3, best cost 21.2341 + 1893.21 = 1914.44 over 261 frames.
phase7-Ky-3 ta5m <UNK> 
LOG (lattice-best-path[5.4.10~1-f629b]:main():lattice-best-path.cc:99) For utterance phase7-Ky-4, best cost 35.0687 + 2016.99 = 2052.06 over 258 frames.
phase7-Ky-4 <UNK> na7m <UNK> <UNK> 
LOG (lattice-best-path[5.4.10~1-f629b]:main():lattice-best-path.cc:99) For utterance phase7-Ky-5, best cost 19.9551 + 1832.38 = 1852.33 over 247 frames.
phase7-Ky-5 sa5u <UNK> 
LOG (lattice-best-path[5.4.10~1-f629b]:main():lattice-best-path.cc:99) For utterance phase7-Ky-6, best cost 25.9129 + 1792.45 = 1818.36 over 247 frames.
phase7-Ky-6 ta5m <UNK> 
LOG (lattice-best-path[5.4.10~1-f629b]:main():lattice-best-path.cc:99) For utterance phase7-Ky-7, best cost 25.7327 + 1740 = 1765.73 over 226 frames.
phase7-Ky-7 sa5u <UNK> 
LOG (lattice-best-path[5.4.10~1-f629b]:main():lattice-best-path.cc:99) For utterance phase7-Ky-8, best cost 21.4737 + 1700.82 = 1722.29 over 235 frames.
phase7-Ky-8 bo85n 
LOG (lattice-best-path[5.4.10~1-f629b]:main():lattice-best-path.cc:99) For utterance phase7-Ky-9, best cost 23.0434 + 1988.55 = 2011.6 over 275 frames.
phase7-Ky-9 ba <UNK> 
LOG (lattice-best-path[5.4.10~1-f629b]:main():lattice-best-path.cc:99) For utterance phase8-Ky-1, best cost 27.0959 + 1695.94 = 1723.03 over 235 frames.
phase8-Ky-1 <UNK> na7m <UNK> 
LOG (lattice-best-path[5.4.10~1-f629b]:main():lattice-best-path.cc:99) For utterance phase8-Ky-2, best cost 25.7449 + 2116.2 = 2141.95 over 298 frames.
phase8-Ky-2 chi5n <UNK> 
LOG (lattice-add-penalty[5.4.10~1-f629b]:main():lattice-add-penalty.cc:62) Done adding word insertion penalty to 90 lattices.
LOG (lattice-best-path[5.4.10~1-f629b]:main():lattice-best-path.cc:99) For utterance phase8-Ky-3, best cost 20.1068 + 1885.06 = 1905.16 over 263 frames.
phase8-Ky-3 bo85n 
LOG (lattice-best-path[5.4.10~1-f629b]:main():lattice-best-path.cc:99) For utterance phase8-Ky-4, best cost 26.1439 + 2011.1 = 2037.24 over 263 frames.
phase8-Ky-4 na7m <UNK> 
LOG (lattice-best-path[5.4.10~1-f629b]:main():lattice-best-path.cc:99) For utterance phase8-Ky-5, best cost 21.2882 + 1867.72 = 1889.01 over 263 frames.
phase8-Ky-5 chi5n <UNK> 
LOG (lattice-best-path[5.4.10~1-f629b]:main():lattice-best-path.cc:99) For utterance phase8-Ky-6, best cost 23.158 + 1866.76 = 1889.92 over 258 frames.
phase8-Ky-6 ba <UNK> 
LOG (lattice-best-path[5.4.10~1-f629b]:main():lattice-best-path.cc:99) For utterance phase8-Ky-7, best cost 21.8084 + 1645.69 = 1667.49 over 231 frames.
phase8-Ky-7 sa5u <UNK> 
LOG (lattice-best-path[5.4.10~1-f629b]:main():lattice-best-path.cc:99) For utterance phase8-Ky-8, best cost 23.8758 + 1905.56 = 1929.44 over 272 frames.
phase8-Ky-8 ta5m <UNK> 
LOG (lattice-best-path[5.4.10~1-f629b]:main():lattice-best-path.cc:99) For utterance phase8-Ky-9, best cost 25.3618 + 1885.18 = 1910.54 over 251 frames.
phase8-Ky-9 ba <UNK> 
LOG (lattice-best-path[5.4.10~1-f629b]:main():lattice-best-path.cc:99) For utterance phase9-Ky-1, best cost 23.1199 + 1841.29 = 1864.41 over 256 frames.
phase9-Ky-1 ta5m <UNK> 
LOG (lattice-best-path[5.4.10~1-f629b]:main():lattice-best-path.cc:99) For utterance phase9-Ky-2, best cost 23.8435 + 1771.19 = 1795.04 over 238 frames.
phase9-Ky-2 bo85n <UNK> 
LOG (lattice-best-path[5.4.10~1-f629b]:main():lattice-best-path.cc:99) For utterance phase9-Ky-3, best cost 28.6986 + 1728.18 = 1756.88 over 240 frames.
phase9-Ky-3 ba <UNK> <UNK> 
LOG (lattice-best-path[5.4.10~1-f629b]:main():lattice-best-path.cc:99) For utterance phase9-Ky-4, best cost 32.9819 + 2136.31 = 2169.29 over 282 frames.
phase9-Ky-4 <UNK> na7m <UNK> 
LOG (lattice-best-path[5.4.10~1-f629b]:main():lattice-best-path.cc:99) For utterance phase9-Ky-5, best cost 27.1957 + 1836.11 = 1863.3 over 249 frames.
phase9-Ky-5 chi5n <UNK> 
LOG (lattice-best-path[5.4.10~1-f629b]:main():lattice-best-path.cc:99) For utterance phase9-Ky-6, best cost 29.3371 + 1950.17 = 1979.51 over 261 frames.
phase9-Ky-6 bo85n <UNK> <UNK> 
LOG (lattice-best-path[5.4.10~1-f629b]:main():lattice-best-path.cc:99) For utterance phase9-Ky-7, best cost 22.2832 + 1939.95 = 1962.23 over 275 frames.
phase9-Ky-7 ta5m 
LOG (lattice-best-path[5.4.10~1-f629b]:main():lattice-best-path.cc:99) For utterance phase9-Ky-8, best cost 20.0942 + 1711.47 = 1731.57 over 235 frames.
phase9-Ky-8 sa5u <UNK> 
LOG (lattice-best-path[5.4.10~1-f629b]:main():lattice-best-path.cc:99) For utterance phase9-Ky-9, best cost 21.9948 + 1759.41 = 1781.41 over 238 frames.
phase9-Ky-9 ta5m 
LOG (lattice-best-path[5.4.10~1-f629b]:main():lattice-best-path.cc:124) Overall cost per frame is 7.36256 = 0.092809 [graph] + 7.26975 [acoustic] over 22325 frames.
LOG (lattice-best-path[5.4.10~1-f629b]:main():lattice-best-path.cc:128) Done 90 lattices, failed for 0
# Accounting: time=0 threads=1
# Ended (code 0) at Sat Mar 31 17:16:46 +07 2018, elapsed time 0 seconds
