# lattice-scale --inv-acoustic-scale=11 "ark:gunzip -c exp/mono/decode/lat.*.gz|" ark:- | lattice-add-penalty --word-ins-penalty=1.0 ark:- ark:- | lattice-best-path --word-symbol-table=exp/mono/graph/words.txt ark:- ark,t:- | utils/int2sym.pl -f 2- exp/mono/graph/words.txt | local/wer_hyp_filter > exp/mono/decode/scoring_kaldi/penalty_1.0/11.txt 
# Started at Sun Apr 29 13:54:44 +07 2018
#
lattice-scale --inv-acoustic-scale=11 'ark:gunzip -c exp/mono/decode/lat.*.gz|' ark:- 
lattice-add-penalty --word-ins-penalty=1.0 ark:- ark:- 
lattice-best-path --word-symbol-table=exp/mono/graph/words.txt ark:- ark,t:- 
LOG (lattice-best-path[5.4.10~1-f629b]:main():lattice-best-path.cc:99) For utterance dinhky-phase1-1, best cost 17.504 + 420.555 = 438.059 over 252 frames.
dinhky-phase1-1 mo86t 
LOG (lattice-best-path[5.4.10~1-f629b]:main():lattice-best-path.cc:99) For utterance dinhky-phase1-2, best cost 14.6208 + 420.653 = 435.273 over 254 frames.
dinhky-phase1-2 hai 
LOG (lattice-best-path[5.4.10~1-f629b]:main():lattice-best-path.cc:99) For utterance dinhky-phase1-3, best cost 17.1034 + 328.511 = 345.614 over 224 frames.
dinhky-phase1-3 ba 
LOG (lattice-best-path[5.4.10~1-f629b]:main():lattice-best-path.cc:99) For utterance dinhky-phase1-4, best cost 14.9712 + 419.929 = 434.9 over 261 frames.
dinhky-phase1-4 mo86t 
LOG (lattice-best-path[5.4.10~1-f629b]:main():lattice-best-path.cc:99) For utterance dinhky-phase1-5, best cost 19.0962 + 373.479 = 392.575 over 231 frames.
dinhky-phase1-5 ba 
LOG (lattice-best-path[5.4.10~1-f629b]:main():lattice-best-path.cc:99) For utterance dinhky-phase1-6, best cost 16.4014 + 392.342 = 408.744 over 203 frames.
dinhky-phase1-6 hai 
LOG (lattice-best-path[5.4.10~1-f629b]:main():lattice-best-path.cc:99) For utterance dinhky-phase1-7, best cost 15.6509 + 412.326 = 427.976 over 236 frames.
dinhky-phase1-7 hai 
LOG (lattice-best-path[5.4.10~1-f629b]:main():lattice-best-path.cc:99) For utterance dinhky-phase1-8, best cost 19.2727 + 400.277 = 419.55 over 252 frames.
dinhky-phase1-8 mo86t 
LOG (lattice-best-path[5.4.10~1-f629b]:main():lattice-best-path.cc:99) For utterance dinhky-phase1-9, best cost 18.3756 + 409.177 = 427.552 over 259 frames.
dinhky-phase1-9 ba 
LOG (lattice-best-path[5.4.10~1-f629b]:main():lattice-best-path.cc:99) For utterance dinhky-phase10-1, best cost 16.6921 + 397.482 = 414.174 over 252 frames.
dinhky-phase10-1 sa5u 
LOG (lattice-best-path[5.4.10~1-f629b]:main():lattice-best-path.cc:99) For utterance dinhky-phase10-2, best cost 18.4784 + 381.393 = 399.871 over 238 frames.
dinhky-phase10-2 ba4y 
LOG (lattice-best-path[5.4.10~1-f629b]:main():lattice-best-path.cc:99) For utterance dinhky-phase10-3, best cost 16.0602 + 431.711 = 447.772 over 275 frames.
dinhky-phase10-3 chi5n 
LOG (lattice-best-path[5.4.10~1-f629b]:main():lattice-best-path.cc:99) For utterance dinhky-phase10-4, best cost 17.7953 + 384.799 = 402.594 over 252 frames.
dinhky-phase10-4 na7m 
LOG (lattice-best-path[5.4.10~1-f629b]:main():lattice-best-path.cc:99) For utterance dinhky-phase10-5, best cost 17.415 + 352.144 = 369.559 over 222 frames.
dinhky-phase10-5 chi5n 
LOG (lattice-best-path[5.4.10~1-f629b]:main():lattice-best-path.cc:99) For utterance dinhky-phase10-6, best cost 15.9948 + 412.597 = 428.592 over 238 frames.
dinhky-phase10-6 na7m 
LOG (lattice-best-path[5.4.10~1-f629b]:main():lattice-best-path.cc:99) For utterance dinhky-phase10-7, best cost 17.7315 + 403.598 = 421.329 over 261 frames.
dinhky-phase10-7 chi5n 
LOG (lattice-best-path[5.4.10~1-f629b]:main():lattice-best-path.cc:99) For utterance dinhky-phase10-8, best cost 17.1637 + 510.52 = 527.684 over 275 frames.
dinhky-phase10-8 sa5u 
LOG (lattice-best-path[5.4.10~1-f629b]:main():lattice-best-path.cc:99) For utterance dinhky-phase10-9, best cost 16.4156 + 399.452 = 415.868 over 254 frames.
dinhky-phase10-9 ba4y 
LOG (lattice-best-path[5.4.10~1-f629b]:main():lattice-best-path.cc:99) For utterance dinhky-phase11-1, best cost 15.1345 + 466.081 = 481.216 over 247 frames.
dinhky-phase11-1 ba4y 
LOG (lattice-best-path[5.4.10~1-f629b]:main():lattice-best-path.cc:99) For utterance dinhky-phase11-2, best cost 16.0569 + 449.88 = 465.937 over 280 frames.
dinhky-phase11-2 mo86t 
LOG (lattice-best-path[5.4.10~1-f629b]:main():lattice-best-path.cc:99) For utterance dinhky-phase11-3, best cost 15.6238 + 468.739 = 484.362 over 264 frames.
dinhky-phase11-3 na7m 
LOG (lattice-best-path[5.4.10~1-f629b]:main():lattice-best-path.cc:99) For utterance dinhky-phase11-4, best cost 17.929 + 378.276 = 396.205 over 226 frames.
dinhky-phase11-4 ba4y 
LOG (lattice-best-path[5.4.10~1-f629b]:main():lattice-best-path.cc:99) For utterance dinhky-phase11-5, best cost 15.1562 + 426.391 = 441.547 over 259 frames.
dinhky-phase11-5 chi5n 
LOG (lattice-best-path[5.4.10~1-f629b]:main():lattice-best-path.cc:99) For utterance dinhky-phase11-6, best cost 23.5459 + 648.861 = 672.407 over 356 frames.
dinhky-phase11-6 sa5u <UNK> 
LOG (lattice-best-path[5.4.10~1-f629b]:main():lattice-best-path.cc:99) For utterance dinhky-phase11-7, best cost 17.7978 + 437.737 = 455.535 over 271 frames.
dinhky-phase11-7 hai 
LOG (lattice-best-path[5.4.10~1-f629b]:main():lattice-best-path.cc:99) For utterance dinhky-phase11-8, best cost 18.5557 + 528.888 = 547.443 over 301 frames.
dinhky-phase11-8 bo85n 
LOG (lattice-best-path[5.4.10~1-f629b]:main():lattice-best-path.cc:99) For utterance dinhky-phase11-9, best cost 17.0632 + 379.794 = 396.857 over 240 frames.
dinhky-phase11-9 ta5m 
LOG (lattice-best-path[5.4.10~1-f629b]:main():lattice-best-path.cc:99) For utterance dinhky-phase12-1, best cost 17.1128 + 463.15 = 480.263 over 282 frames.
dinhky-phase12-1 hai 
LOG (lattice-best-path[5.4.10~1-f629b]:main():lattice-best-path.cc:99) For utterance dinhky-phase12-2, best cost 28.9314 + 610.716 = 639.648 over 287 frames.
dinhky-phase12-2 ta5m ba <UNK> 
LOG (lattice-best-path[5.4.10~1-f629b]:main():lattice-best-path.cc:99) For utterance dinhky-phase12-3, best cost 15.4008 + 440.992 = 456.392 over 282 frames.
dinhky-phase12-3 chi5n 
LOG (lattice-best-path[5.4.10~1-f629b]:main():lattice-best-path.cc:99) For utterance dinhky-phase12-4, best cost 18.1801 + 428.977 = 447.157 over 250 frames.
dinhky-phase12-4 sa5u 
LOG (lattice-best-path[5.4.10~1-f629b]:main():lattice-best-path.cc:99) For utterance dinhky-phase12-5, best cost 20.0482 + 444.91 = 464.958 over 261 frames.
dinhky-phase12-5 hai 
LOG (lattice-best-path[5.4.10~1-f629b]:main():lattice-best-path.cc:99) For utterance dinhky-phase12-6, best cost 16.1893 + 424.539 = 440.728 over 275 frames.
dinhky-phase12-6 ta5m 
LOG (lattice-best-path[5.4.10~1-f629b]:main():lattice-best-path.cc:99) For utterance dinhky-phase12-7, best cost 18.422 + 476.019 = 494.441 over 294 frames.
dinhky-phase12-7 bo85n 
LOG (lattice-best-path[5.4.10~1-f629b]:main():lattice-best-path.cc:99) For utterance dinhky-phase12-8, best cost 20.5738 + 487.77 = 508.343 over 305 frames.
dinhky-phase12-8 mo86t 
LOG (lattice-best-path[5.4.10~1-f629b]:main():lattice-best-path.cc:99) For utterance dinhky-phase12-9, best cost 14.547 + 403.307 = 417.854 over 240 frames.
dinhky-phase12-9 na7m 
LOG (lattice-best-path[5.4.10~1-f629b]:main():lattice-best-path.cc:99) For utterance dinhky-phase13-1, best cost 25.6331 + 511.33 = 536.963 over 217 frames.
dinhky-phase13-1 chi5n chi5n na7m 
LOG (lattice-best-path[5.4.10~1-f629b]:main():lattice-best-path.cc:99) For utterance dinhky-phase13-2, best cost 16.1315 + 468.24 = 484.371 over 282 frames.
dinhky-phase13-2 hai 
LOG (lattice-best-path[5.4.10~1-f629b]:main():lattice-best-path.cc:99) For utterance dinhky-phase13-3, best cost 24.4524 + 601.038 = 625.49 over 343 frames.
dinhky-phase13-3 mo86t 
LOG (lattice-best-path[5.4.10~1-f629b]:main():lattice-best-path.cc:99) For utterance dinhky-phase13-4, best cost 15.466 + 459.432 = 474.898 over 298 frames.
dinhky-phase13-4 ta5m 
LOG (lattice-best-path[5.4.10~1-f629b]:main():lattice-best-path.cc:99) For utterance dinhky-phase13-5, best cost 21.6299 + 420.589 = 442.219 over 240 frames.
dinhky-phase13-5 sa5u 
LOG (lattice-best-path[5.4.10~1-f629b]:main():lattice-best-path.cc:99) For utterance dinhky-phase13-6, best cost 18.4682 + 432.179 = 450.647 over 275 frames.
dinhky-phase13-6 hai 
LOG (lattice-best-path[5.4.10~1-f629b]:main():lattice-best-path.cc:99) For utterance dinhky-phase13-7, best cost 18.7154 + 474.258 = 492.973 over 261 frames.
dinhky-phase13-7 ba4y 
LOG (lattice-best-path[5.4.10~1-f629b]:main():lattice-best-path.cc:99) For utterance dinhky-phase13-8, best cost 16.0211 + 501.325 = 517.346 over 319 frames.
dinhky-phase13-8 chi5n 
LOG (lattice-best-path[5.4.10~1-f629b]:main():lattice-best-path.cc:99) For utterance dinhky-phase13-9, best cost 14.3399 + 406.403 = 420.743 over 268 frames.
dinhky-phase13-9 bo85n 
LOG (lattice-best-path[5.4.10~1-f629b]:main():lattice-best-path.cc:99) For utterance dinhky-phase14-1, best cost 16.5304 + 422.137 = 438.667 over 266 frames.
dinhky-phase14-1 chi5n 
LOG (lattice-best-path[5.4.10~1-f629b]:main():lattice-best-path.cc:99) For utterance dinhky-phase14-2, best cost 17.0917 + 414.745 = 431.837 over 254 frames.
dinhky-phase14-2 ta5m 
LOG (lattice-best-path[5.4.10~1-f629b]:main():lattice-best-path.cc:99) For utterance dinhky-phase14-3, best cost 16.8258 + 407.343 = 424.169 over 268 frames.
dinhky-phase14-3 ba4y 
LOG (lattice-best-path[5.4.10~1-f629b]:main():lattice-best-path.cc:99) For utterance dinhky-phase14-4, best cost 16.4409 + 424.011 = 440.452 over 257 frames.
dinhky-phase14-4 sa5u 
LOG (lattice-best-path[5.4.10~1-f629b]:main():lattice-best-path.cc:99) For utterance dinhky-phase14-5, best cost 20.4912 + 532.397 = 552.888 over 349 frames.
dinhky-phase14-5 hai 
LOG (lattice-best-path[5.4.10~1-f629b]:main():lattice-best-path.cc:99) For utterance dinhky-phase14-6, best cost 14.7552 + 461.569 = 476.324 over 271 frames.
dinhky-phase14-6 ba 
LOG (lattice-best-path[5.4.10~1-f629b]:main():lattice-best-path.cc:99) For utterance dinhky-phase14-7, best cost 20.1705 + 538.173 = 558.344 over 315 frames.
dinhky-phase14-7 mo86t 
LOG (lattice-best-path[5.4.10~1-f629b]:main():lattice-best-path.cc:99) For utterance dinhky-phase14-8, best cost 26.535 + 564.576 = 591.111 over 296 frames.
dinhky-phase14-8 chi5n na7m chi5n 
LOG (lattice-best-path[5.4.10~1-f629b]:main():lattice-best-path.cc:99) For utterance dinhky-phase14-9, best cost 15.5175 + 471.677 = 487.195 over 280 frames.
dinhky-phase14-9 bo85n 
LOG (lattice-best-path[5.4.10~1-f629b]:main():lattice-best-path.cc:99) For utterance dinhky-phase15-1, best cost 19.8762 + 526.839 = 546.715 over 324 frames.
dinhky-phase15-1 ta5m 
LOG (lattice-best-path[5.4.10~1-f629b]:main():lattice-best-path.cc:99) For utterance dinhky-phase15-2, best cost 18.3278 + 472.981 = 491.309 over 275 frames.
dinhky-phase15-2 chi5n 
LOG (lattice-best-path[5.4.10~1-f629b]:main():lattice-best-path.cc:99) For utterance dinhky-phase15-3, best cost 16.0109 + 457.007 = 473.018 over 280 frames.
dinhky-phase15-3 hai 
LOG (lattice-best-path[5.4.10~1-f629b]:main():lattice-best-path.cc:99) For utterance dinhky-phase15-4, best cost 20.463 + 537.287 = 557.75 over 308 frames.
dinhky-phase15-4 ba 
LOG (lattice-best-path[5.4.10~1-f629b]:main():lattice-best-path.cc:99) For utterance dinhky-phase15-5, best cost 15.3524 + 466.056 = 481.408 over 264 frames.
dinhky-phase15-5 na7m 
LOG (lattice-best-path[5.4.10~1-f629b]:main():lattice-best-path.cc:99) For utterance dinhky-phase15-6, best cost 22.3799 + 487.398 = 509.778 over 250 frames.
dinhky-phase15-6 ba4y 
LOG (lattice-best-path[5.4.10~1-f629b]:main():lattice-best-path.cc:99) For utterance dinhky-phase15-7, best cost 15.2522 + 399.307 = 414.559 over 247 frames.
dinhky-phase15-7 sa5u 
LOG (lattice-best-path[5.4.10~1-f629b]:main():lattice-best-path.cc:99) For utterance dinhky-phase15-8, best cost 17.8658 + 458.271 = 476.136 over 280 frames.
dinhky-phase15-8 bo85n 
LOG (lattice-best-path[5.4.10~1-f629b]:main():lattice-best-path.cc:99) For utterance dinhky-phase15-9, best cost 19.9588 + 493.166 = 513.125 over 291 frames.
dinhky-phase15-9 mo86t 
LOG (lattice-best-path[5.4.10~1-f629b]:main():lattice-best-path.cc:99) For utterance dinhky-phase2-1, best cost 14.4267 + 365.04 = 379.466 over 233 frames.
dinhky-phase2-1 ba 
LOG (lattice-best-path[5.4.10~1-f629b]:main():lattice-best-path.cc:99) For utterance dinhky-phase2-2, best cost 15.0156 + 340.239 = 355.255 over 215 frames.
dinhky-phase2-2 hai 
LOG (lattice-best-path[5.4.10~1-f629b]:main():lattice-best-path.cc:99) For utterance dinhky-phase2-3, best cost 21.0288 + 409.321 = 430.349 over 219 frames.
dinhky-phase2-3 mo86t 
LOG (lattice-best-path[5.4.10~1-f629b]:main():lattice-best-path.cc:99) For utterance dinhky-phase2-4, best cost 14.7902 + 415.234 = 430.024 over 224 frames.
dinhky-phase2-4 mo86t 
LOG (lattice-best-path[5.4.10~1-f629b]:main():lattice-best-path.cc:99) For utterance dinhky-phase2-5, best cost 17.5344 + 388.426 = 405.96 over 247 frames.
dinhky-phase2-5 ba 
LOG (lattice-best-path[5.4.10~1-f629b]:main():lattice-best-path.cc:99) For utterance dinhky-phase2-6, best cost 15.0088 + 336.697 = 351.706 over 212 frames.
dinhky-phase2-6 hai 
LOG (lattice-best-path[5.4.10~1-f629b]:main():lattice-best-path.cc:99) For utterance dinhky-phase2-7, best cost 19.7584 + 375.394 = 395.153 over 229 frames.
dinhky-phase2-7 ba 
LOG (lattice-best-path[5.4.10~1-f629b]:main():lattice-best-path.cc:99) For utterance dinhky-phase2-8, best cost 14.7731 + 384.824 = 399.597 over 236 frames.
dinhky-phase2-8 mo86t 
LOG (lattice-best-path[5.4.10~1-f629b]:main():lattice-best-path.cc:99) For utterance dinhky-phase2-9, best cost 15.1705 + 427.862 = 443.032 over 266 frames.
dinhky-phase2-9 hai 
LOG (lattice-best-path[5.4.10~1-f629b]:main():lattice-best-path.cc:99) For utterance dinhky-phase3-1, best cost 17.2447 + 388.21 = 405.455 over 231 frames.
dinhky-phase3-1 hai 
LOG (lattice-best-path[5.4.10~1-f629b]:main():lattice-best-path.cc:99) For utterance dinhky-phase3-2, best cost 15.7264 + 459.103 = 474.83 over 245 frames.
dinhky-phase3-2 mo86t 
LOG (lattice-best-path[5.4.10~1-f629b]:main():lattice-best-path.cc:99) For utterance dinhky-phase3-3, best cost 14.2076 + 377.058 = 391.266 over 238 frames.
dinhky-phase3-3 ba 
LOG (lattice-best-path[5.4.10~1-f629b]:main():lattice-best-path.cc:99) For utterance dinhky-phase3-4, best cost 16.6803 + 388.37 = 405.051 over 250 frames.
dinhky-phase3-4 ba 
LOG (lattice-best-path[5.4.10~1-f629b]:main():lattice-best-path.cc:99) For utterance dinhky-phase3-5, best cost 22.6562 + 451.522 = 474.178 over 229 frames.
dinhky-phase3-5 mo86t <UNK> 
LOG (lattice-best-path[5.4.10~1-f629b]:main():lattice-best-path.cc:99) For utterance dinhky-phase3-6, best cost 17.9607 + 405.392 = 423.352 over 240 frames.
dinhky-phase3-6 hai 
LOG (lattice-best-path[5.4.10~1-f629b]:main():lattice-best-path.cc:99) For utterance dinhky-phase3-7, best cost 17.4239 + 409.838 = 427.262 over 247 frames.
dinhky-phase3-7 mo86t 
LOG (lattice-best-path[5.4.10~1-f629b]:main():lattice-best-path.cc:99) For utterance dinhky-phase3-8, best cost 17.4072 + 354.663 = 372.07 over 233 frames.
dinhky-phase3-8 ba 
LOG (lattice-best-path[5.4.10~1-f629b]:main():lattice-best-path.cc:99) For utterance dinhky-phase3-9, best cost 17.4602 + 367.529 = 384.989 over 222 frames.
dinhky-phase3-9 mo86t 
LOG (lattice-best-path[5.4.10~1-f629b]:main():lattice-best-path.cc:99) For utterance dinhky-phase4-1, best cost 20.9163 + 451.769 = 472.685 over 240 frames.
dinhky-phase4-1 bo85n 
LOG (lattice-best-path[5.4.10~1-f629b]:main():lattice-best-path.cc:99) For utterance dinhky-phase4-2, best cost 18.1797 + 407.067 = 425.247 over 233 frames.
dinhky-phase4-2 hai 
LOG (lattice-best-path[5.4.10~1-f629b]:main():lattice-best-path.cc:99) For utterance dinhky-phase4-3, best cost 15.0414 + 347.499 = 362.54 over 217 frames.
dinhky-phase4-3 ba 
LOG (lattice-best-path[5.4.10~1-f629b]:main():lattice-best-path.cc:99) For utterance dinhky-phase4-4, best cost 22.6973 + 404.501 = 427.198 over 233 frames.
dinhky-phase4-4 ba4y 
LOG (lattice-best-path[5.4.10~1-f629b]:main():lattice-best-path.cc:99) For utterance dinhky-phase4-5, best cost 14.5895 + 372.442 = 387.032 over 236 frames.
dinhky-phase4-5 chi5n 
LOG (lattice-best-path[5.4.10~1-f629b]:main():lattice-best-path.cc:99) For utterance dinhky-phase4-6, best cost 18.1419 + 422.431 = 440.573 over 271 frames.
dinhky-phase4-6 ta5m 
LOG (lattice-best-path[5.4.10~1-f629b]:main():lattice-best-path.cc:99) For utterance dinhky-phase4-7, best cost 19.1372 + 469.689 = 488.826 over 282 frames.
dinhky-phase4-7 sa5u 
LOG (lattice-best-path[5.4.10~1-f629b]:main():lattice-best-path.cc:99) For utterance dinhky-phase4-8, best cost 16.3228 + 367.336 = 383.658 over 236 frames.
dinhky-phase4-8 ba4y 
LOG (lattice-best-path[5.4.10~1-f629b]:main():lattice-best-path.cc:99) For utterance dinhky-phase4-9, best cost 16.4741 + 382.844 = 399.318 over 240 frames.
dinhky-phase4-9 hai 
LOG (lattice-best-path[5.4.10~1-f629b]:main():lattice-best-path.cc:99) For utterance dinhky-phase5-1, best cost 25.0374 + 476.996 = 502.033 over 275 frames.
dinhky-phase5-1 ta5m 
LOG (lattice-best-path[5.4.10~1-f629b]:main():lattice-best-path.cc:99) For utterance dinhky-phase5-2, best cost 15.0412 + 414.504 = 429.545 over 240 frames.
dinhky-phase5-2 chi5n 
LOG (lattice-best-path[5.4.10~1-f629b]:main():lattice-best-path.cc:99) For utterance dinhky-phase5-3, best cost 26.5346 + 435.811 = 462.346 over 233 frames.
dinhky-phase5-3 na7m chi5n 
LOG (lattice-best-path[5.4.10~1-f629b]:main():lattice-best-path.cc:99) For utterance dinhky-phase5-4, best cost 19.538 + 380.764 = 400.302 over 236 frames.
dinhky-phase5-4 bo85n 
LOG (lattice-best-path[5.4.10~1-f629b]:main():lattice-best-path.cc:99) For utterance dinhky-phase5-5, best cost 23.3814 + 461.52 = 484.901 over 271 frames.
dinhky-phase5-5 ba4y 
LOG (lattice-best-path[5.4.10~1-f629b]:main():lattice-best-path.cc:99) For utterance dinhky-phase5-6, best cost 16.159 + 441.35 = 457.509 over 275 frames.
dinhky-phase5-6 na7m 
LOG (lattice-best-path[5.4.10~1-f629b]:main():lattice-best-path.cc:99) For utterance dinhky-phase5-7, best cost 18.3238 + 454.253 = 472.577 over 284 frames.
dinhky-phase5-7 ta5m 
LOG (lattice-best-path[5.4.10~1-f629b]:main():lattice-best-path.cc:99) For utterance dinhky-phase5-8, best cost 19.1119 + 504.397 = 523.509 over 264 frames.
dinhky-phase5-8 sa5u 
LOG (lattice-best-path[5.4.10~1-f629b]:main():lattice-best-path.cc:99) For utterance dinhky-phase5-9, best cost 19.1651 + 453.232 = 472.397 over 280 frames.
dinhky-phase5-9 bo85n 
LOG (lattice-scale[5.4.10~1-f629b]:main():lattice-scale.cc:90) Done 135 lattices.
LOG (lattice-best-path[5.4.10~1-f629b]:main():lattice-best-path.cc:99) For utterance dinhky-phase6-1, best cost 21.3956 + 400.905 = 422.3 over 245 frames.
dinhky-phase6-1 bo85n 
LOG (lattice-best-path[5.4.10~1-f629b]:main():lattice-best-path.cc:99) For utterance dinhky-phase6-2, best cost 17.6419 + 396.155 = 413.797 over 261 frames.
dinhky-phase6-2 na7m 
LOG (lattice-best-path[5.4.10~1-f629b]:main():lattice-best-path.cc:99) For utterance dinhky-phase6-3, best cost 20.3584 + 466.121 = 486.48 over 289 frames.
dinhky-phase6-3 chi5n 
LOG (lattice-best-path[5.4.10~1-f629b]:main():lattice-best-path.cc:99) For utterance dinhky-phase6-4, best cost 15.7864 + 407.174 = 422.96 over 259 frames.
dinhky-phase6-4 bo85n 
LOG (lattice-best-path[5.4.10~1-f629b]:main():lattice-best-path.cc:99) For utterance dinhky-phase6-5, best cost 19.0957 + 416.403 = 435.499 over 247 frames.
dinhky-phase6-5 bo85n 
LOG (lattice-best-path[5.4.10~1-f629b]:main():lattice-best-path.cc:99) For utterance dinhky-phase6-6, best cost 18.032 + 424.206 = 442.238 over 257 frames.
dinhky-phase6-6 na7m 
LOG (lattice-best-path[5.4.10~1-f629b]:main():lattice-best-path.cc:99) For utterance dinhky-phase6-7, best cost 18.8466 + 426.245 = 445.091 over 247 frames.
dinhky-phase6-7 ta5m 
LOG (lattice-best-path[5.4.10~1-f629b]:main():lattice-best-path.cc:99) For utterance dinhky-phase6-8, best cost 16.934 + 426.067 = 443.001 over 240 frames.
dinhky-phase6-8 sa5u 
LOG (lattice-best-path[5.4.10~1-f629b]:main():lattice-best-path.cc:99) For utterance dinhky-phase6-9, best cost 21.1672 + 454.677 = 475.845 over 273 frames.
dinhky-phase6-9 ba4y 
LOG (lattice-best-path[5.4.10~1-f629b]:main():lattice-best-path.cc:99) For utterance dinhky-phase7-1, best cost 16.0452 + 351.228 = 367.273 over 217 frames.
dinhky-phase7-1 sa5u 
LOG (lattice-best-path[5.4.10~1-f629b]:main():lattice-best-path.cc:99) For utterance dinhky-phase7-2, best cost 20.6472 + 461.356 = 482.003 over 259 frames.
dinhky-phase7-2 chi5n 
LOG (lattice-best-path[5.4.10~1-f629b]:main():lattice-best-path.cc:99) For utterance dinhky-phase7-3, best cost 19.7961 + 436.03 = 455.826 over 261 frames.
dinhky-phase7-3 ta5m 
LOG (lattice-best-path[5.4.10~1-f629b]:main():lattice-best-path.cc:99) For utterance dinhky-phase7-4, best cost 26.3895 + 572.104 = 598.493 over 259 frames.
dinhky-phase7-4 na7m chi5n 
LOG (lattice-best-path[5.4.10~1-f629b]:main():lattice-best-path.cc:99) For utterance dinhky-phase7-5, best cost 16.7014 + 421.179 = 437.88 over 247 frames.
dinhky-phase7-5 sa5u 
LOG (lattice-best-path[5.4.10~1-f629b]:main():lattice-best-path.cc:99) For utterance dinhky-phase7-6, best cost 18.2912 + 412.231 = 430.522 over 247 frames.
dinhky-phase7-6 ta5m 
LOG (lattice-best-path[5.4.10~1-f629b]:main():lattice-best-path.cc:99) For utterance dinhky-phase7-7, best cost 20.9654 + 465.868 = 486.834 over 226 frames.
dinhky-phase7-7 sa5u 
LOG (lattice-best-path[5.4.10~1-f629b]:main():lattice-best-path.cc:99) For utterance dinhky-phase7-8, best cost 16.8171 + 395.271 = 412.088 over 236 frames.
dinhky-phase7-8 bo85n 
LOG (lattice-add-penalty[5.4.10~1-f629b]:main():lattice-add-penalty.cc:62) Done adding word insertion penalty to 135 lattices.
LOG (lattice-best-path[5.4.10~1-f629b]:main():lattice-best-path.cc:99) For utterance dinhky-phase7-9, best cost 20.6203 + 428.473 = 449.094 over 275 frames.
dinhky-phase7-9 ba4y 
LOG (lattice-best-path[5.4.10~1-f629b]:main():lattice-best-path.cc:99) For utterance dinhky-phase8-1, best cost 21.2674 + 377.889 = 399.157 over 236 frames.
dinhky-phase8-1 na7m 
LOG (lattice-best-path[5.4.10~1-f629b]:main():lattice-best-path.cc:99) For utterance dinhky-phase8-2, best cost 18.2512 + 467.922 = 486.173 over 298 frames.
dinhky-phase8-2 chi5n 
LOG (lattice-best-path[5.4.10~1-f629b]:main():lattice-best-path.cc:99) For utterance dinhky-phase8-3, best cost 18.2107 + 428.881 = 447.091 over 264 frames.
dinhky-phase8-3 bo85n 
LOG (lattice-best-path[5.4.10~1-f629b]:main():lattice-best-path.cc:99) For utterance dinhky-phase8-4, best cost 19.598 + 547.884 = 567.482 over 264 frames.
dinhky-phase8-4 na7m 
LOG (lattice-best-path[5.4.10~1-f629b]:main():lattice-best-path.cc:99) For utterance dinhky-phase8-5, best cost 18.1683 + 415.731 = 433.9 over 264 frames.
dinhky-phase8-5 chi5n 
LOG (lattice-best-path[5.4.10~1-f629b]:main():lattice-best-path.cc:99) For utterance dinhky-phase8-6, best cost 22.2021 + 407.321 = 429.523 over 259 frames.
dinhky-phase8-6 ba4y 
LOG (lattice-best-path[5.4.10~1-f629b]:main():lattice-best-path.cc:99) For utterance dinhky-phase8-7, best cost 18.1268 + 381.208 = 399.335 over 231 frames.
dinhky-phase8-7 sa5u 
LOG (lattice-best-path[5.4.10~1-f629b]:main():lattice-best-path.cc:99) For utterance dinhky-phase8-8, best cost 18.1415 + 433.245 = 451.387 over 273 frames.
dinhky-phase8-8 ta5m 
LOG (lattice-best-path[5.4.10~1-f629b]:main():lattice-best-path.cc:99) For utterance dinhky-phase8-9, best cost 24.1429 + 450.917 = 475.06 over 252 frames.
dinhky-phase8-9 ba4y 
LOG (lattice-best-path[5.4.10~1-f629b]:main():lattice-best-path.cc:99) For utterance dinhky-phase9-1, best cost 18.0922 + 415.939 = 434.031 over 257 frames.
dinhky-phase9-1 ta5m 
LOG (lattice-best-path[5.4.10~1-f629b]:main():lattice-best-path.cc:99) For utterance dinhky-phase9-2, best cost 19.9393 + 422.811 = 442.75 over 238 frames.
dinhky-phase9-2 bo85n 
LOG (lattice-best-path[5.4.10~1-f629b]:main():lattice-best-path.cc:99) For utterance dinhky-phase9-3, best cost 18.3259 + 380.529 = 398.855 over 240 frames.
dinhky-phase9-3 ba4y 
LOG (lattice-best-path[5.4.10~1-f629b]:main():lattice-best-path.cc:99) For utterance dinhky-phase9-4, best cost 22.2457 + 551.083 = 573.328 over 282 frames.
dinhky-phase9-4 na7m 
LOG (lattice-best-path[5.4.10~1-f629b]:main():lattice-best-path.cc:99) For utterance dinhky-phase9-5, best cost 22.4882 + 442.138 = 464.626 over 250 frames.
dinhky-phase9-5 chi5n 
LOG (lattice-best-path[5.4.10~1-f629b]:main():lattice-best-path.cc:99) For utterance dinhky-phase9-6, best cost 19.5464 + 472.78 = 492.327 over 261 frames.
dinhky-phase9-6 bo85n 
LOG (lattice-best-path[5.4.10~1-f629b]:main():lattice-best-path.cc:99) For utterance dinhky-phase9-7, best cost 19.9103 + 439.594 = 459.504 over 275 frames.
dinhky-phase9-7 ta5m 
LOG (lattice-best-path[5.4.10~1-f629b]:main():lattice-best-path.cc:99) For utterance dinhky-phase9-8, best cost 16.7452 + 412.451 = 429.196 over 236 frames.
dinhky-phase9-8 sa5u 
LOG (lattice-best-path[5.4.10~1-f629b]:main():lattice-best-path.cc:99) For utterance dinhky-phase9-9, best cost 21.0861 + 402.804 = 423.89 over 238 frames.
dinhky-phase9-9 ta5m 
LOG (lattice-best-path[5.4.10~1-f629b]:main():lattice-best-path.cc:124) Overall cost per frame is 1.75594 = 0.0712466 [graph] + 1.68469 [acoustic] over 34862 frames.
LOG (lattice-best-path[5.4.10~1-f629b]:main():lattice-best-path.cc:128) Done 135 lattices, failed for 0
# Accounting: time=1 threads=1
# Ended (code 0) at Sun Apr 29 13:54:45 +07 2018, elapsed time 1 seconds
