# lattice-scale --inv-acoustic-scale=10 "ark:gunzip -c exp/mono/decode/lat.*.gz|" ark:- | lattice-add-penalty --word-ins-penalty=1.0 ark:- ark:- | lattice-best-path --word-symbol-table=exp/mono/graph/words.txt ark:- ark,t:- | utils/int2sym.pl -f 2- exp/mono/graph/words.txt | local/wer_hyp_filter > exp/mono/decode/scoring_kaldi/penalty_1.0/10.txt 
# Started at Sat Mar 31 17:16:46 +07 2018
#
lattice-add-penalty --word-ins-penalty=1.0 ark:- ark:- 
lattice-scale --inv-acoustic-scale=10 'ark:gunzip -c exp/mono/decode/lat.*.gz|' ark:- 
lattice-best-path --word-symbol-table=exp/mono/graph/words.txt ark:- ark,t:- 
LOG (lattice-best-path[5.4.10~1-f629b]:main():lattice-best-path.cc:99) For utterance phase1-Ky-1, best cost 34.7729 + 3091.75 = 3126.52 over 251 frames.
phase1-Ky-1 ta5m <UNK> 
LOG (lattice-best-path[5.4.10~1-f629b]:main():lattice-best-path.cc:99) For utterance phase1-Ky-2, best cost 19.5288 + 3068.24 = 3087.77 over 254 frames.
phase1-Ky-2 hai 
LOG (lattice-best-path[5.4.10~1-f629b]:main():lattice-best-path.cc:99) For utterance phase1-Ky-3, best cost 14.7605 + 2631.2 = 2645.96 over 224 frames.
phase1-Ky-3 ba 
LOG (lattice-best-path[5.4.10~1-f629b]:main():lattice-best-path.cc:99) For utterance phase1-Ky-4, best cost 18.697 + 3124.54 = 3143.24 over 261 frames.
phase1-Ky-4 mo86t 
LOG (lattice-best-path[5.4.10~1-f629b]:main():lattice-best-path.cc:99) For utterance phase1-Ky-5, best cost 22.7966 + 2830.39 = 2853.19 over 231 frames.
phase1-Ky-5 ba <UNK> 
LOG (lattice-best-path[5.4.10~1-f629b]:main():lattice-best-path.cc:99) For utterance phase1-Ky-6, best cost 24.3424 + 2637.13 = 2661.48 over 203 frames.
phase1-Ky-6 <UNK> ba <UNK> 
LOG (lattice-best-path[5.4.10~1-f629b]:main():lattice-best-path.cc:99) For utterance phase1-Ky-7, best cost 30.3957 + 2920.89 = 2951.29 over 235 frames.
phase1-Ky-7 <UNK> hai <UNK> 
LOG (lattice-best-path[5.4.10~1-f629b]:main():lattice-best-path.cc:99) For utterance phase1-Ky-8, best cost 21.2855 + 3040.56 = 3061.84 over 251 frames.
phase1-Ky-8 <UNK> mo86t 
LOG (lattice-best-path[5.4.10~1-f629b]:main():lattice-best-path.cc:99) For utterance phase1-Ky-9, best cost 18.2083 + 3112.5 = 3130.71 over 258 frames.
phase1-Ky-9 ba 
LOG (lattice-best-path[5.4.10~1-f629b]:main():lattice-best-path.cc:99) For utterance phase10-Ky-1, best cost 19.9284 + 3029.55 = 3049.48 over 251 frames.
phase10-Ky-1 <UNK> sa5u 
LOG (lattice-best-path[5.4.10~1-f629b]:main():lattice-best-path.cc:99) For utterance phase10-Ky-2, best cost 20.9096 + 2932.3 = 2953.21 over 238 frames.
phase10-Ky-2 ba <UNK> 
LOG (lattice-best-path[5.4.10~1-f629b]:main():lattice-best-path.cc:99) For utterance phase10-Ky-3, best cost 28.0537 + 3311.97 = 3340.03 over 275 frames.
phase10-Ky-3 chi5n <UNK> <UNK> 
LOG (lattice-best-path[5.4.10~1-f629b]:main():lattice-best-path.cc:99) For utterance phase10-Ky-4, best cost 20.7016 + 3031.29 = 3051.99 over 251 frames.
phase10-Ky-4 <UNK> na7m 
LOG (lattice-best-path[5.4.10~1-f629b]:main():lattice-best-path.cc:99) For utterance phase10-Ky-5, best cost 23.2014 + 2676.1 = 2699.3 over 221 frames.
phase10-Ky-5 <UNK> chi5n 
LOG (lattice-best-path[5.4.10~1-f629b]:main():lattice-best-path.cc:99) For utterance phase10-Ky-6, best cost 28.8114 + 3025.54 = 3054.35 over 238 frames.
phase10-Ky-6 <UNK> na7m <UNK> 
LOG (lattice-best-path[5.4.10~1-f629b]:main():lattice-best-path.cc:99) For utterance phase10-Ky-7, best cost 22.7062 + 3064.8 = 3087.51 over 261 frames.
phase10-Ky-7 chi5n <UNK> 
LOG (lattice-best-path[5.4.10~1-f629b]:main():lattice-best-path.cc:99) For utterance phase10-Ky-8, best cost 21.4847 + 3496.17 = 3517.66 over 275 frames.
phase10-Ky-8 sa5u 
LOG (lattice-best-path[5.4.10~1-f629b]:main():lattice-best-path.cc:99) For utterance phase10-Ky-9, best cost 21.0164 + 3116.11 = 3137.12 over 254 frames.
phase10-Ky-9 ba4y <UNK> 
LOG (lattice-best-path[5.4.10~1-f629b]:main():lattice-best-path.cc:99) For utterance phase2-Ky-1, best cost 30.3513 + 2905.23 = 2935.58 over 233 frames.
phase2-Ky-1 <UNK> ba 
LOG (lattice-best-path[5.4.10~1-f629b]:main():lattice-best-path.cc:99) For utterance phase2-Ky-2, best cost 22.0982 + 2686.84 = 2708.94 over 214 frames.
phase2-Ky-2 <UNK> hai 
LOG (lattice-best-path[5.4.10~1-f629b]:main():lattice-best-path.cc:99) For utterance phase2-Ky-3, best cost 27.3578 + 2778.26 = 2805.62 over 219 frames.
phase2-Ky-3 <UNK> mo86t 
LOG (lattice-best-path[5.4.10~1-f629b]:main():lattice-best-path.cc:99) For utterance phase2-Ky-4, best cost 24.527 + 2862.45 = 2886.97 over 224 frames.
phase2-Ky-4 <UNK> mo86t <UNK> 
LOG (lattice-best-path[5.4.10~1-f629b]:main():lattice-best-path.cc:99) For utterance phase2-Ky-5, best cost 17.8669 + 2996.24 = 3014.1 over 247 frames.
phase2-Ky-5 ba 
LOG (lattice-best-path[5.4.10~1-f629b]:main():lattice-best-path.cc:99) For utterance phase2-Ky-6, best cost 20.591 + 2613.15 = 2633.74 over 212 frames.
phase2-Ky-6 hai 
LOG (lattice-best-path[5.4.10~1-f629b]:main():lattice-best-path.cc:99) For utterance phase2-Ky-7, best cost 25.4786 + 2816.46 = 2841.94 over 228 frames.
phase2-Ky-7 <UNK> ba 
LOG (lattice-best-path[5.4.10~1-f629b]:main():lattice-best-path.cc:99) For utterance phase2-Ky-8, best cost 27.1716 + 2870.7 = 2897.87 over 235 frames.
phase2-Ky-8 <UNK> mo86t <UNK> 
LOG (lattice-best-path[5.4.10~1-f629b]:main():lattice-best-path.cc:99) For utterance phase2-Ky-9, best cost 21.9233 + 3251.33 = 3273.25 over 265 frames.
phase2-Ky-9 <UNK> hai 
LOG (lattice-best-path[5.4.10~1-f629b]:main():lattice-best-path.cc:99) For utterance phase3-Ky-1, best cost 20.6299 + 2792.86 = 2813.49 over 231 frames.
phase3-Ky-1 hai 
LOG (lattice-best-path[5.4.10~1-f629b]:main():lattice-best-path.cc:99) For utterance phase3-Ky-2, best cost 32.5426 + 3114.02 = 3146.56 over 244 frames.
phase3-Ky-2 <UNK> mo86t <UNK> 
LOG (lattice-best-path[5.4.10~1-f629b]:main():lattice-best-path.cc:99) For utterance phase3-Ky-3, best cost 17.866 + 2876.62 = 2894.48 over 238 frames.
phase3-Ky-3 ba 
LOG (lattice-best-path[5.4.10~1-f629b]:main():lattice-best-path.cc:99) For utterance phase3-Ky-4, best cost 17.8627 + 2993.61 = 3011.47 over 249 frames.
phase3-Ky-4 ba 
LOG (lattice-best-path[5.4.10~1-f629b]:main():lattice-best-path.cc:99) For utterance phase3-Ky-5, best cost 33.1095 + 3003.57 = 3036.68 over 228 frames.
phase3-Ky-5 <UNK> na7m <UNK> 
LOG (lattice-best-path[5.4.10~1-f629b]:main():lattice-best-path.cc:99) For utterance phase3-Ky-6, best cost 24.7512 + 2987.33 = 3012.08 over 240 frames.
phase3-Ky-6 hai <UNK> 
LOG (lattice-best-path[5.4.10~1-f629b]:main():lattice-best-path.cc:99) For utterance phase3-Ky-7, best cost 27.2113 + 3029.93 = 3057.14 over 247 frames.
phase3-Ky-7 mo86t <UNK> 
LOG (lattice-best-path[5.4.10~1-f629b]:main():lattice-best-path.cc:99) For utterance phase3-Ky-8, best cost 15.7405 + 2740.13 = 2755.87 over 233 frames.
phase3-Ky-8 ba 
LOG (lattice-best-path[5.4.10~1-f629b]:main():lattice-best-path.cc:99) For utterance phase3-Ky-9, best cost 26.5854 + 2754.38 = 2780.96 over 221 frames.
phase3-Ky-9 mo86t <UNK> 
LOG (lattice-best-path[5.4.10~1-f629b]:main():lattice-best-path.cc:99) For utterance phase4-Ky-1, best cost 30.7129 + 3064.98 = 3095.7 over 240 frames.
phase4-Ky-1 <UNK> bo85n <UNK> 
LOG (lattice-best-path[5.4.10~1-f629b]:main():lattice-best-path.cc:99) For utterance phase4-Ky-2, best cost 24.4905 + 2913.76 = 2938.25 over 233 frames.
phase4-Ky-2 hai <UNK> 
LOG (lattice-best-path[5.4.10~1-f629b]:main():lattice-best-path.cc:99) For utterance phase4-Ky-3, best cost 23.0778 + 2619.5 = 2642.58 over 217 frames.
phase4-Ky-3 <UNK> ba 
LOG (lattice-best-path[5.4.10~1-f629b]:main():lattice-best-path.cc:99) For utterance phase4-Ky-4, best cost 35.212 + 2998.34 = 3033.55 over 233 frames.
phase4-Ky-4 ba <UNK> <UNK> 
LOG (lattice-best-path[5.4.10~1-f629b]:main():lattice-best-path.cc:99) For utterance phase4-Ky-5, best cost 18.4661 + 2718.47 = 2736.94 over 235 frames.
phase4-Ky-5 chi5n 
LOG (lattice-best-path[5.4.10~1-f629b]:main():lattice-best-path.cc:99) For utterance phase4-Ky-6, best cost 34.3038 + 3247.31 = 3281.61 over 270 frames.
phase4-Ky-6 <UNK> ta5m <UNK> 
LOG (lattice-best-path[5.4.10~1-f629b]:main():lattice-best-path.cc:99) For utterance phase4-Ky-7, best cost 27.8297 + 3514.64 = 3542.47 over 282 frames.
phase4-Ky-7 sa5u <UNK> 
LOG (lattice-best-path[5.4.10~1-f629b]:main():lattice-best-path.cc:99) For utterance phase4-Ky-8, best cost 18.9563 + 2847.31 = 2866.27 over 235 frames.
phase4-Ky-8 ba4y <UNK> 
LOG (lattice-best-path[5.4.10~1-f629b]:main():lattice-best-path.cc:99) For utterance phase4-Ky-9, best cost 18.8361 + 2900.23 = 2919.06 over 240 frames.
phase4-Ky-9 hai 
LOG (lattice-best-path[5.4.10~1-f629b]:main():lattice-best-path.cc:99) For utterance phase5-Ky-1, best cost 48.3736 + 3419.04 = 3467.41 over 275 frames.
phase5-Ky-1 <UNK> <UNK> ta5m <UNK> <UNK> 
LOG (lattice-best-path[5.4.10~1-f629b]:main():lattice-best-path.cc:99) For utterance phase5-Ky-2, best cost 44.9022 + 2913.68 = 2958.59 over 240 frames.
phase5-Ky-2 chi5n <UNK> <UNK> <UNK> <UNK> 
LOG (lattice-best-path[5.4.10~1-f629b]:main():lattice-best-path.cc:99) For utterance phase5-Ky-3, best cost 43.3263 + 2947.54 = 2990.86 over 233 frames.
phase5-Ky-3 <UNK> <UNK> na7m <UNK> <UNK> 
LOG (lattice-best-path[5.4.10~1-f629b]:main():lattice-best-path.cc:99) For utterance phase5-Ky-4, best cost 18.5263 + 2834.8 = 2853.33 over 235 frames.
phase5-Ky-4 bo85n 
LOG (lattice-best-path[5.4.10~1-f629b]:main():lattice-best-path.cc:99) For utterance phase5-Ky-5, best cost 37.8333 + 3298.13 = 3335.96 over 270 frames.
phase5-Ky-5 <UNK> ba4y <UNK> <UNK> 
LOG (lattice-best-path[5.4.10~1-f629b]:main():lattice-best-path.cc:99) For utterance phase5-Ky-6, best cost 25.6274 + 3359.08 = 3384.71 over 275 frames.
phase5-Ky-6 <UNK> na7m <UNK> 
LOG (lattice-best-path[5.4.10~1-f629b]:main():lattice-best-path.cc:99) For utterance phase5-Ky-7, best cost 19.8499 + 3514.09 = 3533.94 over 284 frames.
phase5-Ky-7 ta5m 
LOG (lattice-best-path[5.4.10~1-f629b]:main():lattice-best-path.cc:99) For utterance phase5-Ky-8, best cost 24.214 + 3388.96 = 3413.18 over 263 frames.
phase5-Ky-8 sa5u 
LOG (lattice-best-path[5.4.10~1-f629b]:main():lattice-best-path.cc:99) For utterance phase5-Ky-9, best cost 28.4871 + 3394.04 = 3422.53 over 279 frames.
phase5-Ky-9 <UNK> bo85n <UNK> 
LOG (lattice-best-path[5.4.10~1-f629b]:main():lattice-best-path.cc:99) For utterance phase6-Ky-1, best cost 23.4964 + 3011.14 = 3034.63 over 244 frames.
phase6-Ky-1 bo85n <UNK> 
LOG (lattice-best-path[5.4.10~1-f629b]:main():lattice-best-path.cc:99) For utterance phase6-Ky-2, best cost 22.3691 + 3262.99 = 3285.36 over 261 frames.
phase6-Ky-2 na7m <UNK> 
LOG (lattice-best-path[5.4.10~1-f629b]:main():lattice-best-path.cc:99) For utterance phase6-Ky-3, best cost 32.4783 + 3488.67 = 3521.15 over 289 frames.
phase6-Ky-3 <UNK> chi5n <UNK> 
LOG (lattice-best-path[5.4.10~1-f629b]:main():lattice-best-path.cc:99) For utterance phase6-Ky-4, best cost 21.3822 + 3118.84 = 3140.22 over 258 frames.
phase6-Ky-4 bo85n <UNK> 
LOG (lattice-best-path[5.4.10~1-f629b]:main():lattice-best-path.cc:99) For utterance phase6-Ky-5, best cost 26.7356 + 3103.42 = 3130.16 over 247 frames.
phase6-Ky-5 bo85n <UNK> 
LOG (lattice-best-path[5.4.10~1-f629b]:main():lattice-best-path.cc:99) For utterance phase6-Ky-6, best cost 32.6957 + 3202.1 = 3234.8 over 256 frames.
phase6-Ky-6 <UNK> <UNK> na7m <UNK> 
LOG (lattice-scale[5.4.10~1-f629b]:main():lattice-scale.cc:90) Done 90 lattices.
LOG (lattice-best-path[5.4.10~1-f629b]:main():lattice-best-path.cc:99) For utterance phase6-Ky-7, best cost 18.5602 + 2993.56 = 3012.12 over 247 frames.
phase6-Ky-7 ta5m 
LOG (lattice-best-path[5.4.10~1-f629b]:main():lattice-best-path.cc:99) For utterance phase6-Ky-8, best cost 23.0517 + 3053.96 = 3077.01 over 240 frames.
phase6-Ky-8 sa5u <UNK> 
LOG (lattice-best-path[5.4.10~1-f629b]:main():lattice-best-path.cc:99) For utterance phase6-Ky-9, best cost 40.6448 + 3366.3 = 3406.94 over 272 frames.
phase6-Ky-9 <UNK> ba <UNK> <UNK> <UNK> 
LOG (lattice-best-path[5.4.10~1-f629b]:main():lattice-best-path.cc:99) For utterance phase7-Ky-1, best cost 16.0217 + 2669.03 = 2685.05 over 217 frames.
phase7-Ky-1 sa5u 
LOG (lattice-best-path[5.4.10~1-f629b]:main():lattice-best-path.cc:99) For utterance phase7-Ky-2, best cost 35.7256 + 3180.36 = 3216.09 over 258 frames.
phase7-Ky-2 <UNK> chi5n <UNK> <UNK> 
LOG (lattice-best-path[5.4.10~1-f629b]:main():lattice-best-path.cc:99) For utterance phase7-Ky-3, best cost 28.2144 + 3207.74 = 3235.96 over 261 frames.
phase7-Ky-3 <UNK> ta5m <UNK> 
LOG (lattice-best-path[5.4.10~1-f629b]:main():lattice-best-path.cc:99) For utterance phase7-Ky-4, best cost 35.0687 + 3428.89 = 3463.96 over 258 frames.
phase7-Ky-4 <UNK> na7m <UNK> <UNK> 
LOG (lattice-best-path[5.4.10~1-f629b]:main():lattice-best-path.cc:99) For utterance phase7-Ky-5, best cost 19.9551 + 3115.04 = 3135 over 247 frames.
phase7-Ky-5 sa5u <UNK> 
LOG (lattice-best-path[5.4.10~1-f629b]:main():lattice-best-path.cc:99) For utterance phase7-Ky-6, best cost 25.9129 + 3047.17 = 3073.08 over 247 frames.
phase7-Ky-6 ta5m <UNK> 
LOG (lattice-best-path[5.4.10~1-f629b]:main():lattice-best-path.cc:99) For utterance phase7-Ky-7, best cost 25.7327 + 2958 = 2983.73 over 226 frames.
phase7-Ky-7 sa5u <UNK> 
LOG (lattice-best-path[5.4.10~1-f629b]:main():lattice-best-path.cc:99) For utterance phase7-Ky-8, best cost 33.6548 + 2872.87 = 2906.52 over 235 frames.
phase7-Ky-8 <UNK> bo85n <UNK> 
LOG (lattice-best-path[5.4.10~1-f629b]:main():lattice-best-path.cc:99) For utterance phase7-Ky-9, best cost 29.8781 + 3371.67 = 3401.54 over 275 frames.
phase7-Ky-9 ba <UNK> <UNK> 
LOG (lattice-best-path[5.4.10~1-f629b]:main():lattice-best-path.cc:99) For utterance phase8-Ky-1, best cost 27.0959 + 2883.09 = 2910.19 over 235 frames.
phase8-Ky-1 <UNK> na7m <UNK> 
LOG (lattice-best-path[5.4.10~1-f629b]:main():lattice-best-path.cc:99) For utterance phase8-Ky-2, best cost 25.7449 + 3597.54 = 3623.29 over 298 frames.
phase8-Ky-2 chi5n <UNK> 
LOG (lattice-add-penalty[5.4.10~1-f629b]:main():lattice-add-penalty.cc:62) Done adding word insertion penalty to 90 lattices.
LOG (lattice-best-path[5.4.10~1-f629b]:main():lattice-best-path.cc:99) For utterance phase8-Ky-3, best cost 20.1068 + 3204.59 = 3224.7 over 263 frames.
phase8-Ky-3 bo85n 
LOG (lattice-best-path[5.4.10~1-f629b]:main():lattice-best-path.cc:99) For utterance phase8-Ky-4, best cost 26.1439 + 3418.87 = 3445.01 over 263 frames.
phase8-Ky-4 na7m <UNK> 
LOG (lattice-best-path[5.4.10~1-f629b]:main():lattice-best-path.cc:99) For utterance phase8-Ky-5, best cost 21.2882 + 3175.12 = 3196.41 over 263 frames.
phase8-Ky-5 chi5n <UNK> 
LOG (lattice-best-path[5.4.10~1-f629b]:main():lattice-best-path.cc:99) For utterance phase8-Ky-6, best cost 23.158 + 3173.49 = 3196.65 over 258 frames.
phase8-Ky-6 ba <UNK> 
LOG (lattice-best-path[5.4.10~1-f629b]:main():lattice-best-path.cc:99) For utterance phase8-Ky-7, best cost 21.8084 + 2797.67 = 2819.48 over 231 frames.
phase8-Ky-7 sa5u <UNK> 
LOG (lattice-best-path[5.4.10~1-f629b]:main():lattice-best-path.cc:99) For utterance phase8-Ky-8, best cost 23.8758 + 3239.46 = 3263.33 over 272 frames.
phase8-Ky-8 ta5m <UNK> 
LOG (lattice-best-path[5.4.10~1-f629b]:main():lattice-best-path.cc:99) For utterance phase8-Ky-9, best cost 29.9373 + 3199.65 = 3229.59 over 251 frames.
phase8-Ky-9 ba <UNK> <UNK> 
LOG (lattice-best-path[5.4.10~1-f629b]:main():lattice-best-path.cc:99) For utterance phase9-Ky-1, best cost 30.0344 + 3123.16 = 3153.19 over 256 frames.
phase9-Ky-1 ta5m <UNK> <UNK> 
LOG (lattice-best-path[5.4.10~1-f629b]:main():lattice-best-path.cc:99) For utterance phase9-Ky-2, best cost 23.8435 + 3011.03 = 3034.87 over 238 frames.
phase9-Ky-2 bo85n <UNK> 
LOG (lattice-best-path[5.4.10~1-f629b]:main():lattice-best-path.cc:99) For utterance phase9-Ky-3, best cost 28.6986 + 2937.9 = 2966.6 over 240 frames.
phase9-Ky-3 ba <UNK> <UNK> 
LOG (lattice-best-path[5.4.10~1-f629b]:main():lattice-best-path.cc:99) For utterance phase9-Ky-4, best cost 32.9819 + 3631.72 = 3664.7 over 282 frames.
phase9-Ky-4 <UNK> na7m <UNK> 
LOG (lattice-best-path[5.4.10~1-f629b]:main():lattice-best-path.cc:99) For utterance phase9-Ky-5, best cost 27.1957 + 3121.38 = 3148.58 over 249 frames.
phase9-Ky-5 chi5n <UNK> 
LOG (lattice-best-path[5.4.10~1-f629b]:main():lattice-best-path.cc:99) For utterance phase9-Ky-6, best cost 29.3371 + 3315.29 = 3344.62 over 261 frames.
phase9-Ky-6 bo85n <UNK> <UNK> 
LOG (lattice-best-path[5.4.10~1-f629b]:main():lattice-best-path.cc:99) For utterance phase9-Ky-7, best cost 22.2832 + 3297.92 = 3320.2 over 275 frames.
phase9-Ky-7 ta5m 
LOG (lattice-best-path[5.4.10~1-f629b]:main():lattice-best-path.cc:99) For utterance phase9-Ky-8, best cost 20.0942 + 2909.5 = 2929.6 over 235 frames.
phase9-Ky-8 sa5u <UNK> 
LOG (lattice-best-path[5.4.10~1-f629b]:main():lattice-best-path.cc:99) For utterance phase9-Ky-9, best cost 35.5978 + 2973.58 = 3009.18 over 238 frames.
phase9-Ky-9 ta5m <UNK> <UNK> <UNK> 
LOG (lattice-best-path[5.4.10~1-f629b]:main():lattice-best-path.cc:124) Overall cost per frame is 12.4479 = 0.104327 [graph] + 12.3436 [acoustic] over 22325 frames.
LOG (lattice-best-path[5.4.10~1-f629b]:main():lattice-best-path.cc:128) Done 90 lattices, failed for 0
# Accounting: time=0 threads=1
# Ended (code 0) at Sat Mar 31 17:16:46 +07 2018, elapsed time 0 seconds
