# compute-mfcc-feats --verbose=2 --config=conf/mfcc.conf scp,p:exp/make_mfcc/train/wav_train.1.scp ark:- | copy-feats --compress=true ark:- ark,scp:/home/dinhky/Do_An/kaldi-trunk/egs/digits/mfcc/raw_mfcc_train.1.ark,/home/dinhky/Do_An/kaldi-trunk/egs/digits/mfcc/raw_mfcc_train.1.scp 
# Started at Tue Mar 20 10:26:15 +07 2018
#
copy-feats --compress=true ark:- ark,scp:/home/dinhky/Do_An/kaldi-trunk/egs/digits/mfcc/raw_mfcc_train.1.ark,/home/dinhky/Do_An/kaldi-trunk/egs/digits/mfcc/raw_mfcc_train.1.scp 
compute-mfcc-feats --verbose=2 --config=conf/mfcc.conf scp,p:exp/make_mfcc/train/wav_train.1.scp ark:- 
VLOG[2] (compute-mfcc-feats[5.4.10~1-f629b]:main():compute-mfcc-feats.cc:173) Processed features for key dinhky_Ky1
VLOG[2] (compute-mfcc-feats[5.4.10~1-f629b]:main():compute-mfcc-feats.cc:173) Processed features for key dinhky_Ky2
VLOG[2] (compute-mfcc-feats[5.4.10~1-f629b]:main():compute-mfcc-feats.cc:173) Processed features for key dinhky_Ky3
VLOG[2] (compute-mfcc-feats[5.4.10~1-f629b]:main():compute-mfcc-feats.cc:173) Processed features for key dinhky_Ky4
VLOG[2] (compute-mfcc-feats[5.4.10~1-f629b]:main():compute-mfcc-feats.cc:173) Processed features for key dinhky_Ky5
VLOG[2] (compute-mfcc-feats[5.4.10~1-f629b]:main():compute-mfcc-feats.cc:173) Processed features for key dinhky_Ky6
VLOG[2] (compute-mfcc-feats[5.4.10~1-f629b]:main():compute-mfcc-feats.cc:173) Processed features for key dinhky_Ky7
VLOG[2] (compute-mfcc-feats[5.4.10~1-f629b]:main():compute-mfcc-feats.cc:173) Processed features for key dinhky_Ky8
VLOG[2] (compute-mfcc-feats[5.4.10~1-f629b]:main():compute-mfcc-feats.cc:173) Processed features for key dinhky_Ky9
LOG (compute-mfcc-feats[5.4.10~1-f629b]:main():compute-mfcc-feats.cc:172) Processed 10 utterances
VLOG[2] (compute-mfcc-feats[5.4.10~1-f629b]:main():compute-mfcc-feats.cc:173) Processed features for key dinhky_v1_Ky1
VLOG[2] (compute-mfcc-feats[5.4.10~1-f629b]:main():compute-mfcc-feats.cc:173) Processed features for key dinhky_v1_Ky2
VLOG[2] (compute-mfcc-feats[5.4.10~1-f629b]:main():compute-mfcc-feats.cc:173) Processed features for key dinhky_v1_Ky3
VLOG[2] (compute-mfcc-feats[5.4.10~1-f629b]:main():compute-mfcc-feats.cc:173) Processed features for key dinhky_v1_Ky4
VLOG[2] (compute-mfcc-feats[5.4.10~1-f629b]:main():compute-mfcc-feats.cc:173) Processed features for key dinhky_v1_Ky5
VLOG[2] (compute-mfcc-feats[5.4.10~1-f629b]:main():compute-mfcc-feats.cc:173) Processed features for key dinhky_v1_Ky6
VLOG[2] (compute-mfcc-feats[5.4.10~1-f629b]:main():compute-mfcc-feats.cc:173) Processed features for key dinhky_v1_Ky7
VLOG[2] (compute-mfcc-feats[5.4.10~1-f629b]:main():compute-mfcc-feats.cc:173) Processed features for key dinhky_v1_Ky8
VLOG[2] (compute-mfcc-feats[5.4.10~1-f629b]:main():compute-mfcc-feats.cc:173) Processed features for key dinhky_v1_Ky9
VLOG[2] (compute-mfcc-feats[5.4.10~1-f629b]:main():compute-mfcc-feats.cc:173) Processed features for key dinhky_v2_Ky1
LOG (compute-mfcc-feats[5.4.10~1-f629b]:main():compute-mfcc-feats.cc:172) Processed 20 utterances
VLOG[2] (compute-mfcc-feats[5.4.10~1-f629b]:main():compute-mfcc-feats.cc:173) Processed features for key dinhky_v2_Ky2
VLOG[2] (compute-mfcc-feats[5.4.10~1-f629b]:main():compute-mfcc-feats.cc:173) Processed features for key dinhky_v2_Ky3
VLOG[2] (compute-mfcc-feats[5.4.10~1-f629b]:main():compute-mfcc-feats.cc:173) Processed features for key dinhky_v2_Ky4
VLOG[2] (compute-mfcc-feats[5.4.10~1-f629b]:main():compute-mfcc-feats.cc:173) Processed features for key dinhky_v2_Ky5
VLOG[2] (compute-mfcc-feats[5.4.10~1-f629b]:main():compute-mfcc-feats.cc:173) Processed features for key dinhky_v2_Ky6
VLOG[2] (compute-mfcc-feats[5.4.10~1-f629b]:main():compute-mfcc-feats.cc:173) Processed features for key dinhky_v2_Ky7
VLOG[2] (compute-mfcc-feats[5.4.10~1-f629b]:main():compute-mfcc-feats.cc:173) Processed features for key dinhky_v2_Ky8
VLOG[2] (compute-mfcc-feats[5.4.10~1-f629b]:main():compute-mfcc-feats.cc:173) Processed features for key dinhky_v2_Ky9
VLOG[2] (compute-mfcc-feats[5.4.10~1-f629b]:main():compute-mfcc-feats.cc:173) Processed features for key dinhky_v3_Ky1
VLOG[2] (compute-mfcc-feats[5.4.10~1-f629b]:main():compute-mfcc-feats.cc:173) Processed features for key dinhky_v3_Ky2
LOG (compute-mfcc-feats[5.4.10~1-f629b]:main():compute-mfcc-feats.cc:172) Processed 30 utterances
VLOG[2] (compute-mfcc-feats[5.4.10~1-f629b]:main():compute-mfcc-feats.cc:173) Processed features for key dinhky_v3_Ky3
VLOG[2] (compute-mfcc-feats[5.4.10~1-f629b]:main():compute-mfcc-feats.cc:173) Processed features for key dinhky_v3_Ky4
VLOG[2] (compute-mfcc-feats[5.4.10~1-f629b]:main():compute-mfcc-feats.cc:173) Processed features for key dinhky_v3_Ky5
VLOG[2] (compute-mfcc-feats[5.4.10~1-f629b]:main():compute-mfcc-feats.cc:173) Processed features for key dinhky_v3_Ky6
VLOG[2] (compute-mfcc-feats[5.4.10~1-f629b]:main():compute-mfcc-feats.cc:173) Processed features for key dinhky_v3_Ky7
VLOG[2] (compute-mfcc-feats[5.4.10~1-f629b]:main():compute-mfcc-feats.cc:173) Processed features for key dinhky_v3_Ky8
VLOG[2] (compute-mfcc-feats[5.4.10~1-f629b]:main():compute-mfcc-feats.cc:173) Processed features for key dinhky_v3_Ky9
LOG (compute-mfcc-feats[5.4.10~1-f629b]:main():compute-mfcc-feats.cc:176)  Done 36 out of 36 utterances.
LOG (copy-feats[5.4.10~1-f629b]:main():copy-feats.cc:143) Copied 36 feature matrices.
# Accounting: time=2 threads=1
# Ended (code 0) at Tue Mar 20 10:26:17 +07 2018, elapsed time 2 seconds
