# lattice-scale --inv-acoustic-scale=12 "ark:gunzip -c exp/tri1/decode/lat.*.gz|" ark:- | lattice-add-penalty --word-ins-penalty=1.0 ark:- ark:- | lattice-best-path --word-symbol-table=exp/tri1/graph/words.txt ark:- ark,t:- | utils/int2sym.pl -f 2- exp/tri1/graph/words.txt | local/wer_hyp_filter > exp/tri1/decode/scoring_kaldi/penalty_1.0/12.txt 
# Started at Sun Apr 29 13:55:42 +07 2018
#
lattice-best-path --word-symbol-table=exp/tri1/graph/words.txt ark:- ark,t:- 
lattice-add-penalty --word-ins-penalty=1.0 ark:- ark:- 
lattice-scale --inv-acoustic-scale=12 'ark:gunzip -c exp/tri1/decode/lat.*.gz|' ark:- 
LOG (lattice-best-path[5.4.10~1-f629b]:main():lattice-best-path.cc:99) For utterance dinhky-phase1-1, best cost 19.7906 + 397.695 = 417.485 over 252 frames.
dinhky-phase1-1 mo86t 
LOG (lattice-best-path[5.4.10~1-f629b]:main():lattice-best-path.cc:99) For utterance dinhky-phase1-2, best cost 14.3422 + 398.391 = 412.733 over 254 frames.
dinhky-phase1-2 hai 
LOG (lattice-best-path[5.4.10~1-f629b]:main():lattice-best-path.cc:99) For utterance dinhky-phase1-3, best cost 16.6328 + 312.552 = 329.185 over 224 frames.
dinhky-phase1-3 ba 
LOG (lattice-best-path[5.4.10~1-f629b]:main():lattice-best-path.cc:99) For utterance dinhky-phase1-4, best cost 15.4293 + 397.708 = 413.137 over 261 frames.
dinhky-phase1-4 mo86t 
LOG (lattice-best-path[5.4.10~1-f629b]:main():lattice-best-path.cc:99) For utterance dinhky-phase1-5, best cost 19.1788 + 355.604 = 374.783 over 231 frames.
dinhky-phase1-5 ba 
LOG (lattice-best-path[5.4.10~1-f629b]:main():lattice-best-path.cc:99) For utterance dinhky-phase1-6, best cost 15.37 + 366.794 = 382.164 over 203 frames.
dinhky-phase1-6 hai 
LOG (lattice-best-path[5.4.10~1-f629b]:main():lattice-best-path.cc:99) For utterance dinhky-phase1-7, best cost 15.4015 + 390.588 = 405.989 over 236 frames.
dinhky-phase1-7 hai 
LOG (lattice-best-path[5.4.10~1-f629b]:main():lattice-best-path.cc:99) For utterance dinhky-phase1-8, best cost 19.3084 + 377.253 = 396.561 over 252 frames.
dinhky-phase1-8 mo86t 
LOG (lattice-best-path[5.4.10~1-f629b]:main():lattice-best-path.cc:99) For utterance dinhky-phase1-9, best cost 18.4924 + 391.545 = 410.038 over 259 frames.
dinhky-phase1-9 ba 
LOG (lattice-best-path[5.4.10~1-f629b]:main():lattice-best-path.cc:99) For utterance dinhky-phase10-1, best cost 16.5985 + 371.75 = 388.349 over 252 frames.
dinhky-phase10-1 sa5u 
LOG (lattice-best-path[5.4.10~1-f629b]:main():lattice-best-path.cc:99) For utterance dinhky-phase10-2, best cost 18.4379 + 358.397 = 376.835 over 238 frames.
dinhky-phase10-2 ba4y 
LOG (lattice-best-path[5.4.10~1-f629b]:main():lattice-best-path.cc:99) For utterance dinhky-phase10-3, best cost 16.1748 + 413.784 = 429.959 over 275 frames.
dinhky-phase10-3 chi5n 
LOG (lattice-best-path[5.4.10~1-f629b]:main():lattice-best-path.cc:99) For utterance dinhky-phase10-4, best cost 17.7875 + 363.524 = 381.311 over 252 frames.
dinhky-phase10-4 na7m 
LOG (lattice-best-path[5.4.10~1-f629b]:main():lattice-best-path.cc:99) For utterance dinhky-phase10-5, best cost 19.5334 + 325.139 = 344.672 over 222 frames.
dinhky-phase10-5 chi5n 
LOG (lattice-best-path[5.4.10~1-f629b]:main():lattice-best-path.cc:99) For utterance dinhky-phase10-6, best cost 18.0346 + 385.167 = 403.202 over 238 frames.
dinhky-phase10-6 na7m 
LOG (lattice-best-path[5.4.10~1-f629b]:main():lattice-best-path.cc:99) For utterance dinhky-phase10-7, best cost 17.5869 + 382.105 = 399.692 over 261 frames.
dinhky-phase10-7 chi5n 
LOG (lattice-best-path[5.4.10~1-f629b]:main():lattice-best-path.cc:99) For utterance dinhky-phase10-8, best cost 17.113 + 480.07 = 497.183 over 275 frames.
dinhky-phase10-8 sa5u 
LOG (lattice-best-path[5.4.10~1-f629b]:main():lattice-best-path.cc:99) For utterance dinhky-phase10-9, best cost 19.9013 + 372.701 = 392.603 over 254 frames.
dinhky-phase10-9 ba4y 
LOG (lattice-best-path[5.4.10~1-f629b]:main():lattice-best-path.cc:99) For utterance dinhky-phase11-1, best cost 21.7069 + 421.732 = 443.439 over 247 frames.
dinhky-phase11-1 na7m ba4y 
LOG (lattice-best-path[5.4.10~1-f629b]:main():lattice-best-path.cc:99) For utterance dinhky-phase11-2, best cost 16.5218 + 426.788 = 443.31 over 280 frames.
dinhky-phase11-2 mo86t 
LOG (lattice-best-path[5.4.10~1-f629b]:main():lattice-best-path.cc:99) For utterance dinhky-phase11-3, best cost 16.7844 + 438.044 = 454.828 over 264 frames.
dinhky-phase11-3 na7m 
LOG (lattice-best-path[5.4.10~1-f629b]:main():lattice-best-path.cc:99) For utterance dinhky-phase11-4, best cost 19.8303 + 359.379 = 379.21 over 226 frames.
dinhky-phase11-4 ba4y 
LOG (lattice-best-path[5.4.10~1-f629b]:main():lattice-best-path.cc:99) For utterance dinhky-phase11-5, best cost 15.3831 + 400.724 = 416.107 over 259 frames.
dinhky-phase11-5 chi5n 
LOG (lattice-best-path[5.4.10~1-f629b]:main():lattice-best-path.cc:99) For utterance dinhky-phase11-6, best cost 25.0258 + 606.281 = 631.307 over 356 frames.
dinhky-phase11-6 sa5u <UNK> 
LOG (lattice-best-path[5.4.10~1-f629b]:main():lattice-best-path.cc:99) For utterance dinhky-phase11-7, best cost 18.1046 + 410.391 = 428.495 over 271 frames.
dinhky-phase11-7 hai 
LOG (lattice-best-path[5.4.10~1-f629b]:main():lattice-best-path.cc:99) For utterance dinhky-phase11-8, best cost 18.6738 + 507.464 = 526.138 over 301 frames.
dinhky-phase11-8 bo85n 
LOG (lattice-best-path[5.4.10~1-f629b]:main():lattice-best-path.cc:99) For utterance dinhky-phase11-9, best cost 15.5229 + 357.442 = 372.965 over 240 frames.
dinhky-phase11-9 ta5m 
LOG (lattice-best-path[5.4.10~1-f629b]:main():lattice-best-path.cc:99) For utterance dinhky-phase12-1, best cost 18.5204 + 433.693 = 452.214 over 282 frames.
dinhky-phase12-1 hai 
LOG (lattice-best-path[5.4.10~1-f629b]:main():lattice-best-path.cc:99) For utterance dinhky-phase12-2, best cost 29.6927 + 549.295 = 578.988 over 287 frames.
dinhky-phase12-2 na7m ba <UNK> 
LOG (lattice-best-path[5.4.10~1-f629b]:main():lattice-best-path.cc:99) For utterance dinhky-phase12-3, best cost 15.8177 + 415.163 = 430.981 over 282 frames.
dinhky-phase12-3 chi5n 
LOG (lattice-best-path[5.4.10~1-f629b]:main():lattice-best-path.cc:99) For utterance dinhky-phase12-4, best cost 17.95 + 408.132 = 426.082 over 250 frames.
dinhky-phase12-4 sa5u 
LOG (lattice-best-path[5.4.10~1-f629b]:main():lattice-best-path.cc:99) For utterance dinhky-phase12-5, best cost 19.9142 + 411.344 = 431.258 over 261 frames.
dinhky-phase12-5 hai 
LOG (lattice-best-path[5.4.10~1-f629b]:main():lattice-best-path.cc:99) For utterance dinhky-phase12-6, best cost 15.8469 + 401.343 = 417.19 over 275 frames.
dinhky-phase12-6 ta5m 
LOG (lattice-best-path[5.4.10~1-f629b]:main():lattice-best-path.cc:99) For utterance dinhky-phase12-7, best cost 18.4472 + 445.239 = 463.686 over 294 frames.
dinhky-phase12-7 bo85n 
LOG (lattice-best-path[5.4.10~1-f629b]:main():lattice-best-path.cc:99) For utterance dinhky-phase12-8, best cost 20.5598 + 463.849 = 484.408 over 305 frames.
dinhky-phase12-8 mo86t 
LOG (lattice-best-path[5.4.10~1-f629b]:main():lattice-best-path.cc:99) For utterance dinhky-phase12-9, best cost 12.6175 + 386.718 = 399.336 over 240 frames.
dinhky-phase12-9 na7m 
LOG (lattice-best-path[5.4.10~1-f629b]:main():lattice-best-path.cc:99) For utterance dinhky-phase13-1, best cost 28.4864 + 468.22 = 496.706 over 217 frames.
dinhky-phase13-1 na7m chi5n ta5m 
LOG (lattice-best-path[5.4.10~1-f629b]:main():lattice-best-path.cc:99) For utterance dinhky-phase13-2, best cost 17.8168 + 437.375 = 455.192 over 282 frames.
dinhky-phase13-2 hai 
LOG (lattice-best-path[5.4.10~1-f629b]:main():lattice-best-path.cc:99) For utterance dinhky-phase13-3, best cost 24.6149 + 572.496 = 597.111 over 343 frames.
dinhky-phase13-3 mo86t 
LOG (lattice-best-path[5.4.10~1-f629b]:main():lattice-best-path.cc:99) For utterance dinhky-phase13-4, best cost 14.994 + 429.353 = 444.347 over 298 frames.
dinhky-phase13-4 ta5m 
LOG (lattice-best-path[5.4.10~1-f629b]:main():lattice-best-path.cc:99) For utterance dinhky-phase13-5, best cost 20.0026 + 388.818 = 408.82 over 240 frames.
dinhky-phase13-5 sa5u 
LOG (lattice-best-path[5.4.10~1-f629b]:main():lattice-best-path.cc:99) For utterance dinhky-phase13-6, best cost 18.2154 + 412.916 = 431.132 over 275 frames.
dinhky-phase13-6 hai 
LOG (lattice-best-path[5.4.10~1-f629b]:main():lattice-best-path.cc:99) For utterance dinhky-phase13-7, best cost 18.7094 + 439.875 = 458.585 over 261 frames.
dinhky-phase13-7 ba4y 
LOG (lattice-best-path[5.4.10~1-f629b]:main():lattice-best-path.cc:99) For utterance dinhky-phase13-8, best cost 16.2439 + 475.903 = 492.147 over 319 frames.
dinhky-phase13-8 chi5n 
LOG (lattice-best-path[5.4.10~1-f629b]:main():lattice-best-path.cc:99) For utterance dinhky-phase13-9, best cost 14.4504 + 382.947 = 397.397 over 268 frames.
dinhky-phase13-9 bo85n 
LOG (lattice-best-path[5.4.10~1-f629b]:main():lattice-best-path.cc:99) For utterance dinhky-phase14-1, best cost 18.5142 + 390.649 = 409.163 over 266 frames.
dinhky-phase14-1 chi5n 
LOG (lattice-best-path[5.4.10~1-f629b]:main():lattice-best-path.cc:99) For utterance dinhky-phase14-2, best cost 17.7228 + 387.563 = 405.286 over 254 frames.
dinhky-phase14-2 ta5m 
LOG (lattice-best-path[5.4.10~1-f629b]:main():lattice-best-path.cc:99) For utterance dinhky-phase14-3, best cost 15.7241 + 385.493 = 401.217 over 268 frames.
dinhky-phase14-3 ba4y 
LOG (lattice-best-path[5.4.10~1-f629b]:main():lattice-best-path.cc:99) For utterance dinhky-phase14-4, best cost 16.1499 + 396.848 = 412.998 over 257 frames.
dinhky-phase14-4 sa5u 
LOG (lattice-best-path[5.4.10~1-f629b]:main():lattice-best-path.cc:99) For utterance dinhky-phase14-5, best cost 20.7004 + 508.032 = 528.732 over 349 frames.
dinhky-phase14-5 hai 
LOG (lattice-best-path[5.4.10~1-f629b]:main():lattice-best-path.cc:99) For utterance dinhky-phase14-6, best cost 21.4417 + 436.611 = 458.053 over 271 frames.
dinhky-phase14-6 ba mo86t 
LOG (lattice-best-path[5.4.10~1-f629b]:main():lattice-best-path.cc:99) For utterance dinhky-phase14-7, best cost 18.4417 + 508.376 = 526.818 over 315 frames.
dinhky-phase14-7 mo86t 
LOG (lattice-best-path[5.4.10~1-f629b]:main():lattice-best-path.cc:99) For utterance dinhky-phase14-8, best cost 28.3491 + 527.691 = 556.04 over 296 frames.
dinhky-phase14-8 chi5n na7m chi5n 
LOG (lattice-best-path[5.4.10~1-f629b]:main():lattice-best-path.cc:99) For utterance dinhky-phase14-9, best cost 15.8242 + 446.223 = 462.047 over 280 frames.
dinhky-phase14-9 bo85n 
LOG (lattice-best-path[5.4.10~1-f629b]:main():lattice-best-path.cc:99) For utterance dinhky-phase15-1, best cost 21.6386 + 483.691 = 505.329 over 324 frames.
dinhky-phase15-1 na7m ta5m 
LOG (lattice-best-path[5.4.10~1-f629b]:main():lattice-best-path.cc:99) For utterance dinhky-phase15-2, best cost 18.4177 + 444.49 = 462.908 over 275 frames.
dinhky-phase15-2 chi5n 
LOG (lattice-best-path[5.4.10~1-f629b]:main():lattice-best-path.cc:99) For utterance dinhky-phase15-3, best cost 17.7367 + 428.341 = 446.077 over 280 frames.
dinhky-phase15-3 hai 
LOG (lattice-best-path[5.4.10~1-f629b]:main():lattice-best-path.cc:99) For utterance dinhky-phase15-4, best cost 22.2784 + 505.344 = 527.622 over 308 frames.
dinhky-phase15-4 ba 
LOG (lattice-best-path[5.4.10~1-f629b]:main():lattice-best-path.cc:99) For utterance dinhky-phase15-5, best cost 15.2351 + 432.893 = 448.128 over 264 frames.
dinhky-phase15-5 na7m 
LOG (lattice-best-path[5.4.10~1-f629b]:main():lattice-best-path.cc:99) For utterance dinhky-phase15-6, best cost 22.2669 + 456.334 = 478.601 over 250 frames.
dinhky-phase15-6 ba4y 
LOG (lattice-best-path[5.4.10~1-f629b]:main():lattice-best-path.cc:99) For utterance dinhky-phase15-7, best cost 15.0766 + 378.227 = 393.304 over 247 frames.
dinhky-phase15-7 sa5u 
LOG (lattice-best-path[5.4.10~1-f629b]:main():lattice-best-path.cc:99) For utterance dinhky-phase15-8, best cost 18.5123 + 432.354 = 450.866 over 280 frames.
dinhky-phase15-8 bo85n 
LOG (lattice-best-path[5.4.10~1-f629b]:main():lattice-best-path.cc:99) For utterance dinhky-phase15-9, best cost 19.0372 + 473.722 = 492.759 over 291 frames.
dinhky-phase15-9 mo86t 
LOG (lattice-best-path[5.4.10~1-f629b]:main():lattice-best-path.cc:99) For utterance dinhky-phase2-1, best cost 14.3645 + 345.471 = 359.836 over 233 frames.
dinhky-phase2-1 ba 
LOG (lattice-best-path[5.4.10~1-f629b]:main():lattice-best-path.cc:99) For utterance dinhky-phase2-2, best cost 14.833 + 322.231 = 337.064 over 215 frames.
dinhky-phase2-2 hai 
LOG (lattice-best-path[5.4.10~1-f629b]:main():lattice-best-path.cc:99) For utterance dinhky-phase2-3, best cost 17.5366 + 389.896 = 407.432 over 219 frames.
dinhky-phase2-3 mo86t 
LOG (lattice-best-path[5.4.10~1-f629b]:main():lattice-best-path.cc:99) For utterance dinhky-phase2-4, best cost 15.4464 + 390.975 = 406.421 over 224 frames.
dinhky-phase2-4 mo86t 
LOG (lattice-best-path[5.4.10~1-f629b]:main():lattice-best-path.cc:99) For utterance dinhky-phase2-5, best cost 19.8778 + 366.726 = 386.604 over 247 frames.
dinhky-phase2-5 ba 
LOG (lattice-best-path[5.4.10~1-f629b]:main():lattice-best-path.cc:99) For utterance dinhky-phase2-6, best cost 14.7768 + 315.37 = 330.147 over 212 frames.
dinhky-phase2-6 hai 
LOG (lattice-best-path[5.4.10~1-f629b]:main():lattice-best-path.cc:99) For utterance dinhky-phase2-7, best cost 19.779 + 358.863 = 378.642 over 229 frames.
dinhky-phase2-7 ba 
LOG (lattice-best-path[5.4.10~1-f629b]:main():lattice-best-path.cc:99) For utterance dinhky-phase2-8, best cost 14.6733 + 368.325 = 382.998 over 236 frames.
dinhky-phase2-8 mo86t 
LOG (lattice-best-path[5.4.10~1-f629b]:main():lattice-best-path.cc:99) For utterance dinhky-phase2-9, best cost 17.8418 + 403.31 = 421.152 over 266 frames.
dinhky-phase2-9 hai 
LOG (lattice-best-path[5.4.10~1-f629b]:main():lattice-best-path.cc:99) For utterance dinhky-phase3-1, best cost 16.9513 + 369.242 = 386.193 over 231 frames.
dinhky-phase3-1 hai 
LOG (lattice-best-path[5.4.10~1-f629b]:main():lattice-best-path.cc:99) For utterance dinhky-phase3-2, best cost 16.0019 + 438.995 = 454.996 over 245 frames.
dinhky-phase3-2 mo86t 
LOG (lattice-best-path[5.4.10~1-f629b]:main():lattice-best-path.cc:99) For utterance dinhky-phase3-3, best cost 15.1986 + 351.532 = 366.731 over 238 frames.
dinhky-phase3-3 ba 
LOG (lattice-best-path[5.4.10~1-f629b]:main():lattice-best-path.cc:99) For utterance dinhky-phase3-4, best cost 16.7152 + 364.557 = 381.272 over 250 frames.
dinhky-phase3-4 ba 
LOG (lattice-best-path[5.4.10~1-f629b]:main():lattice-best-path.cc:99) For utterance dinhky-phase3-5, best cost 21.4737 + 421.88 = 443.354 over 229 frames.
dinhky-phase3-5 mo86t ta5m 
LOG (lattice-best-path[5.4.10~1-f629b]:main():lattice-best-path.cc:99) For utterance dinhky-phase3-6, best cost 17.0675 + 390.532 = 407.599 over 240 frames.
dinhky-phase3-6 hai 
LOG (lattice-best-path[5.4.10~1-f629b]:main():lattice-best-path.cc:99) For utterance dinhky-phase3-7, best cost 17.7716 + 386.898 = 404.67 over 247 frames.
dinhky-phase3-7 mo86t 
LOG (lattice-best-path[5.4.10~1-f629b]:main():lattice-best-path.cc:99) For utterance dinhky-phase3-8, best cost 17.4462 + 334.223 = 351.669 over 233 frames.
dinhky-phase3-8 ba 
LOG (lattice-best-path[5.4.10~1-f629b]:main():lattice-best-path.cc:99) For utterance dinhky-phase3-9, best cost 17.4237 + 344.045 = 361.468 over 222 frames.
dinhky-phase3-9 mo86t 
LOG (lattice-best-path[5.4.10~1-f629b]:main():lattice-best-path.cc:99) For utterance dinhky-phase4-1, best cost 23.0674 + 418.754 = 441.822 over 240 frames.
dinhky-phase4-1 bo85n 
LOG (lattice-best-path[5.4.10~1-f629b]:main():lattice-best-path.cc:99) For utterance dinhky-phase4-2, best cost 15.5541 + 383.798 = 399.352 over 233 frames.
dinhky-phase4-2 hai 
LOG (lattice-best-path[5.4.10~1-f629b]:main():lattice-best-path.cc:99) For utterance dinhky-phase4-3, best cost 15.093 + 326.527 = 341.62 over 217 frames.
dinhky-phase4-3 ba 
LOG (lattice-best-path[5.4.10~1-f629b]:main():lattice-best-path.cc:99) For utterance dinhky-phase4-4, best cost 22.7336 + 381.192 = 403.926 over 233 frames.
dinhky-phase4-4 ba4y 
LOG (lattice-best-path[5.4.10~1-f629b]:main():lattice-best-path.cc:99) For utterance dinhky-phase4-5, best cost 15.9994 + 346.659 = 362.659 over 236 frames.
dinhky-phase4-5 chi5n 
LOG (lattice-best-path[5.4.10~1-f629b]:main():lattice-best-path.cc:99) For utterance dinhky-phase4-6, best cost 17.672 + 402.198 = 419.87 over 271 frames.
dinhky-phase4-6 ta5m 
LOG (lattice-best-path[5.4.10~1-f629b]:main():lattice-best-path.cc:99) For utterance dinhky-phase4-7, best cost 21.0428 + 441.9 = 462.942 over 282 frames.
dinhky-phase4-7 sa5u 
LOG (lattice-best-path[5.4.10~1-f629b]:main():lattice-best-path.cc:99) For utterance dinhky-phase4-8, best cost 16.4326 + 345.663 = 362.096 over 236 frames.
dinhky-phase4-8 ba4y 
LOG (lattice-best-path[5.4.10~1-f629b]:main():lattice-best-path.cc:99) For utterance dinhky-phase4-9, best cost 16.0833 + 360.51 = 376.593 over 240 frames.
dinhky-phase4-9 hai 
LOG (lattice-best-path[5.4.10~1-f629b]:main():lattice-best-path.cc:99) For utterance dinhky-phase5-1, best cost 25.0608 + 446.582 = 471.643 over 275 frames.
dinhky-phase5-1 ta5m 
LOG (lattice-best-path[5.4.10~1-f629b]:main():lattice-best-path.cc:99) For utterance dinhky-phase5-2, best cost 21.82 + 382.708 = 404.528 over 240 frames.
dinhky-phase5-2 chi5n chi5n 
LOG (lattice-best-path[5.4.10~1-f629b]:main():lattice-best-path.cc:99) For utterance dinhky-phase5-3, best cost 27.2742 + 406.317 = 433.591 over 233 frames.
dinhky-phase5-3 na7m chi5n 
LOG (lattice-best-path[5.4.10~1-f629b]:main():lattice-best-path.cc:99) For utterance dinhky-phase5-4, best cost 23.0204 + 360.451 = 383.471 over 236 frames.
dinhky-phase5-4 bo85n 
LOG (lattice-best-path[5.4.10~1-f629b]:main():lattice-best-path.cc:99) For utterance dinhky-phase5-5, best cost 21.3164 + 437.576 = 458.893 over 271 frames.
dinhky-phase5-5 ba4y 
LOG (lattice-best-path[5.4.10~1-f629b]:main():lattice-best-path.cc:99) For utterance dinhky-phase5-6, best cost 16.3114 + 410.507 = 426.818 over 275 frames.
dinhky-phase5-6 na7m 
LOG (lattice-best-path[5.4.10~1-f629b]:main():lattice-best-path.cc:99) For utterance dinhky-phase5-7, best cost 18.4089 + 432.545 = 450.953 over 284 frames.
dinhky-phase5-7 ta5m 
LOG (lattice-best-path[5.4.10~1-f629b]:main():lattice-best-path.cc:99) For utterance dinhky-phase5-8, best cost 22.9557 + 469.864 = 492.819 over 264 frames.
dinhky-phase5-8 sa5u 
LOG (lattice-scale[5.4.10~1-f629b]:main():lattice-scale.cc:90) Done 135 lattices.
LOG (lattice-best-path[5.4.10~1-f629b]:main():lattice-best-path.cc:99) For utterance dinhky-phase5-9, best cost 19.0812 + 423.715 = 442.796 over 280 frames.
dinhky-phase5-9 bo85n 
LOG (lattice-best-path[5.4.10~1-f629b]:main():lattice-best-path.cc:99) For utterance dinhky-phase6-1, best cost 21.043 + 377.822 = 398.865 over 245 frames.
dinhky-phase6-1 bo85n 
LOG (lattice-best-path[5.4.10~1-f629b]:main():lattice-best-path.cc:99) For utterance dinhky-phase6-2, best cost 17.7151 + 373.783 = 391.498 over 261 frames.
dinhky-phase6-2 na7m 
LOG (lattice-best-path[5.4.10~1-f629b]:main():lattice-best-path.cc:99) For utterance dinhky-phase6-3, best cost 20.3382 + 440.943 = 461.282 over 289 frames.
dinhky-phase6-3 chi5n 
LOG (lattice-best-path[5.4.10~1-f629b]:main():lattice-best-path.cc:99) For utterance dinhky-phase6-4, best cost 17.5741 + 380.566 = 398.14 over 259 frames.
dinhky-phase6-4 bo85n 
LOG (lattice-best-path[5.4.10~1-f629b]:main():lattice-best-path.cc:99) For utterance dinhky-phase6-5, best cost 18.1124 + 391.727 = 409.84 over 247 frames.
dinhky-phase6-5 bo85n 
LOG (lattice-best-path[5.4.10~1-f629b]:main():lattice-best-path.cc:99) For utterance dinhky-phase6-6, best cost 18.0996 + 399.751 = 417.851 over 257 frames.
dinhky-phase6-6 na7m 
LOG (lattice-best-path[5.4.10~1-f629b]:main():lattice-best-path.cc:99) For utterance dinhky-phase6-7, best cost 18.9217 + 404.405 = 423.327 over 247 frames.
dinhky-phase6-7 ta5m 
LOG (lattice-best-path[5.4.10~1-f629b]:main():lattice-best-path.cc:99) For utterance dinhky-phase6-8, best cost 18.7375 + 397.107 = 415.845 over 240 frames.
dinhky-phase6-8 sa5u 
LOG (lattice-best-path[5.4.10~1-f629b]:main():lattice-best-path.cc:99) For utterance dinhky-phase6-9, best cost 23.1751 + 424.354 = 447.529 over 273 frames.
dinhky-phase6-9 ba4y 
LOG (lattice-best-path[5.4.10~1-f629b]:main():lattice-best-path.cc:99) For utterance dinhky-phase7-1, best cost 15.9196 + 328.162 = 344.082 over 217 frames.
dinhky-phase7-1 sa5u 
LOG (lattice-best-path[5.4.10~1-f629b]:main():lattice-best-path.cc:99) For utterance dinhky-phase7-2, best cost 20.5208 + 432.32 = 452.841 over 259 frames.
dinhky-phase7-2 chi5n 
LOG (lattice-best-path[5.4.10~1-f629b]:main():lattice-best-path.cc:99) For utterance dinhky-phase7-3, best cost 19.8783 + 413.655 = 433.533 over 261 frames.
dinhky-phase7-3 ta5m 
LOG (lattice-best-path[5.4.10~1-f629b]:main():lattice-best-path.cc:99) For utterance dinhky-phase7-4, best cost 26.6298 + 533.442 = 560.071 over 259 frames.
dinhky-phase7-4 na7m chi5n 
LOG (lattice-best-path[5.4.10~1-f629b]:main():lattice-best-path.cc:99) For utterance dinhky-phase7-5, best cost 16.7472 + 393.591 = 410.338 over 247 frames.
dinhky-phase7-5 sa5u 
LOG (lattice-best-path[5.4.10~1-f629b]:main():lattice-best-path.cc:99) For utterance dinhky-phase7-6, best cost 18.5689 + 388.629 = 407.198 over 247 frames.
dinhky-phase7-6 ta5m 
LOG (lattice-best-path[5.4.10~1-f629b]:main():lattice-best-path.cc:99) For utterance dinhky-phase7-7, best cost 20.701 + 434.018 = 454.719 over 226 frames.
dinhky-phase7-7 sa5u 
LOG (lattice-best-path[5.4.10~1-f629b]:main():lattice-best-path.cc:99) For utterance dinhky-phase7-8, best cost 19.0059 + 374.017 = 393.023 over 236 frames.
dinhky-phase7-8 bo85n 
LOG (lattice-best-path[5.4.10~1-f629b]:main():lattice-best-path.cc:99) For utterance dinhky-phase7-9, best cost 22.5379 + 403.856 = 426.394 over 275 frames.
dinhky-phase7-9 ba4y 
LOG (lattice-best-path[5.4.10~1-f629b]:main():lattice-best-path.cc:99) For utterance dinhky-phase8-1, best cost 21.2778 + 348.915 = 370.193 over 236 frames.
dinhky-phase8-1 na7m 
LOG (lattice-add-penalty[5.4.10~1-f629b]:main():lattice-add-penalty.cc:62) Done adding word insertion penalty to 135 lattices.
LOG (lattice-best-path[5.4.10~1-f629b]:main():lattice-best-path.cc:99) For utterance dinhky-phase8-2, best cost 18.2306 + 442.223 = 460.454 over 298 frames.
dinhky-phase8-2 chi5n 
LOG (lattice-best-path[5.4.10~1-f629b]:main():lattice-best-path.cc:99) For utterance dinhky-phase8-3, best cost 20.4596 + 399.661 = 420.121 over 264 frames.
dinhky-phase8-3 bo85n 
LOG (lattice-best-path[5.4.10~1-f629b]:main():lattice-best-path.cc:99) For utterance dinhky-phase8-4, best cost 22.4863 + 507.8 = 530.286 over 264 frames.
dinhky-phase8-4 na7m 
LOG (lattice-best-path[5.4.10~1-f629b]:main():lattice-best-path.cc:99) For utterance dinhky-phase8-5, best cost 18.2496 + 396.046 = 414.295 over 264 frames.
dinhky-phase8-5 chi5n 
LOG (lattice-best-path[5.4.10~1-f629b]:main():lattice-best-path.cc:99) For utterance dinhky-phase8-6, best cost 22.1432 + 386.445 = 408.589 over 259 frames.
dinhky-phase8-6 ba4y 
LOG (lattice-best-path[5.4.10~1-f629b]:main():lattice-best-path.cc:99) For utterance dinhky-phase8-7, best cost 16.5006 + 365.05 = 381.55 over 231 frames.
dinhky-phase8-7 sa5u 
LOG (lattice-best-path[5.4.10~1-f629b]:main():lattice-best-path.cc:99) For utterance dinhky-phase8-8, best cost 18.2037 + 408.048 = 426.252 over 273 frames.
dinhky-phase8-8 ta5m 
LOG (lattice-best-path[5.4.10~1-f629b]:main():lattice-best-path.cc:99) For utterance dinhky-phase8-9, best cost 24.1368 + 422.71 = 446.846 over 252 frames.
dinhky-phase8-9 ba4y 
LOG (lattice-best-path[5.4.10~1-f629b]:main():lattice-best-path.cc:99) For utterance dinhky-phase9-1, best cost 18.1416 + 391.594 = 409.736 over 257 frames.
dinhky-phase9-1 ta5m 
LOG (lattice-best-path[5.4.10~1-f629b]:main():lattice-best-path.cc:99) For utterance dinhky-phase9-2, best cost 21.879 + 398.285 = 420.164 over 238 frames.
dinhky-phase9-2 bo85n 
LOG (lattice-best-path[5.4.10~1-f629b]:main():lattice-best-path.cc:99) For utterance dinhky-phase9-3, best cost 18.4437 + 353.366 = 371.81 over 240 frames.
dinhky-phase9-3 ba4y 
LOG (lattice-best-path[5.4.10~1-f629b]:main():lattice-best-path.cc:99) For utterance dinhky-phase9-4, best cost 23.2823 + 515.641 = 538.924 over 282 frames.
dinhky-phase9-4 na7m 
LOG (lattice-best-path[5.4.10~1-f629b]:main():lattice-best-path.cc:99) For utterance dinhky-phase9-5, best cost 22.4662 + 412.041 = 434.507 over 250 frames.
dinhky-phase9-5 chi5n 
LOG (lattice-best-path[5.4.10~1-f629b]:main():lattice-best-path.cc:99) For utterance dinhky-phase9-6, best cost 21.3729 + 451.345 = 472.718 over 261 frames.
dinhky-phase9-6 bo85n 
LOG (lattice-best-path[5.4.10~1-f629b]:main():lattice-best-path.cc:99) For utterance dinhky-phase9-7, best cost 20.1997 + 416.686 = 436.886 over 275 frames.
dinhky-phase9-7 ta5m 
LOG (lattice-best-path[5.4.10~1-f629b]:main():lattice-best-path.cc:99) For utterance dinhky-phase9-8, best cost 18.7355 + 385.342 = 404.078 over 236 frames.
dinhky-phase9-8 sa5u 
LOG (lattice-best-path[5.4.10~1-f629b]:main():lattice-best-path.cc:99) For utterance dinhky-phase9-9, best cost 21.1118 + 383.002 = 404.114 over 238 frames.
dinhky-phase9-9 ta5m 
LOG (lattice-best-path[5.4.10~1-f629b]:main():lattice-best-path.cc:124) Overall cost per frame is 1.65756 = 0.0732685 [graph] + 1.58429 [acoustic] over 34862 frames.
LOG (lattice-best-path[5.4.10~1-f629b]:main():lattice-best-path.cc:128) Done 135 lattices, failed for 0
# Accounting: time=1 threads=1
# Ended (code 0) at Sun Apr 29 13:55:43 +07 2018, elapsed time 1 seconds
