# lattice-scale --inv-acoustic-scale=10 "ark:gunzip -c exp/tri1/decode/lat.*.gz|" ark:- | lattice-add-penalty --word-ins-penalty=1.0 ark:- ark:- | lattice-best-path --word-symbol-table=exp/tri1/graph/words.txt ark:- ark,t:- | utils/int2sym.pl -f 2- exp/tri1/graph/words.txt | local/wer_hyp_filter > exp/tri1/decode/scoring_kaldi/penalty_1.0/10.txt 
# Started at Wed Apr 11 11:30:39 +07 2018
#
lattice-add-penalty --word-ins-penalty=1.0 ark:- ark:- 
lattice-scale --inv-acoustic-scale=10 'ark:gunzip -c exp/tri1/decode/lat.*.gz|' ark:- 
lattice-best-path --word-symbol-table=exp/tri1/graph/words.txt ark:- ark,t:- 
LOG (lattice-best-path[5.4.10~1-f629b]:main():lattice-best-path.cc:99) For utterance phase1-Ky-1, best cost 19.8709 + 638.175 = 658.046 over 251 frames.
phase1-Ky-1 mo86t 
LOG (lattice-best-path[5.4.10~1-f629b]:main():lattice-best-path.cc:99) For utterance phase1-Ky-2, best cost 23.5452 + 631.032 = 654.577 over 254 frames.
phase1-Ky-2 hai <UNK> 
LOG (lattice-best-path[5.4.10~1-f629b]:main():lattice-best-path.cc:99) For utterance phase1-Ky-3, best cost 17.0545 + 497.591 = 514.645 over 224 frames.
phase1-Ky-3 ba 
LOG (lattice-best-path[5.4.10~1-f629b]:main():lattice-best-path.cc:99) For utterance phase1-Ky-4, best cost 17.9695 + 638.998 = 656.967 over 261 frames.
phase1-Ky-4 mo86t 
LOG (lattice-best-path[5.4.10~1-f629b]:main():lattice-best-path.cc:99) For utterance phase1-Ky-5, best cost 24.5223 + 556.297 = 580.82 over 231 frames.
phase1-Ky-5 ba <UNK> 
LOG (lattice-best-path[5.4.10~1-f629b]:main():lattice-best-path.cc:99) For utterance phase1-Ky-6, best cost 22.3854 + 581.459 = 603.845 over 203 frames.
phase1-Ky-6 hai chi5n 
LOG (lattice-best-path[5.4.10~1-f629b]:main():lattice-best-path.cc:99) For utterance phase1-Ky-7, best cost 15.1057 + 594.301 = 609.407 over 235 frames.
phase1-Ky-7 hai 
LOG (lattice-best-path[5.4.10~1-f629b]:main():lattice-best-path.cc:99) For utterance phase1-Ky-8, best cost 18.7623 + 615.252 = 634.015 over 251 frames.
phase1-Ky-8 mo86t 
LOG (lattice-best-path[5.4.10~1-f629b]:main():lattice-best-path.cc:99) For utterance phase1-Ky-9, best cost 18.333 + 611.174 = 629.507 over 258 frames.
phase1-Ky-9 ba 
LOG (lattice-best-path[5.4.10~1-f629b]:main():lattice-best-path.cc:99) For utterance phase10-Ky-1, best cost 15.8556 + 592.929 = 608.785 over 251 frames.
phase10-Ky-1 sa5u 
LOG (lattice-best-path[5.4.10~1-f629b]:main():lattice-best-path.cc:99) For utterance phase10-Ky-2, best cost 21.6738 + 585.748 = 607.422 over 238 frames.
phase10-Ky-2 ba4y 
LOG (lattice-best-path[5.4.10~1-f629b]:main():lattice-best-path.cc:99) For utterance phase10-Ky-3, best cost 15.5995 + 659.523 = 675.123 over 275 frames.
phase10-Ky-3 chi5n 
LOG (lattice-best-path[5.4.10~1-f629b]:main():lattice-best-path.cc:99) For utterance phase10-Ky-4, best cost 15.1665 + 589.674 = 604.841 over 251 frames.
phase10-Ky-4 na7m 
LOG (lattice-best-path[5.4.10~1-f629b]:main():lattice-best-path.cc:99) For utterance phase10-Ky-5, best cost 20.3956 + 515.455 = 535.851 over 221 frames.
phase10-Ky-5 chi5n 
LOG (lattice-best-path[5.4.10~1-f629b]:main():lattice-best-path.cc:99) For utterance phase10-Ky-6, best cost 19.0591 + 628.622 = 647.681 over 238 frames.
phase10-Ky-6 na7m 
LOG (lattice-best-path[5.4.10~1-f629b]:main():lattice-best-path.cc:99) For utterance phase10-Ky-7, best cost 20.6759 + 594.659 = 615.335 over 261 frames.
phase10-Ky-7 chi5n 
LOG (lattice-best-path[5.4.10~1-f629b]:main():lattice-best-path.cc:99) For utterance phase10-Ky-8, best cost 16.3724 + 764.716 = 781.088 over 275 frames.
phase10-Ky-8 sa5u 
LOG (lattice-best-path[5.4.10~1-f629b]:main():lattice-best-path.cc:99) For utterance phase10-Ky-9, best cost 24.1425 + 608.997 = 633.139 over 254 frames.
phase10-Ky-9 ba4y <UNK> 
LOG (lattice-best-path[5.4.10~1-f629b]:main():lattice-best-path.cc:99) For utterance phase11-Ky-1, best cost 25.5274 + 861.053 = 886.581 over 280 frames.
phase11-Ky-1 <UNK> mo86t <UNK> 
LOG (lattice-best-path[5.4.10~1-f629b]:main():lattice-best-path.cc:99) For utterance phase11-Ky-2, best cost 26.7956 + 1075.2 = 1101.99 over 348 frames.
phase11-Ky-2 <UNK> hai <UNK> 
LOG (lattice-best-path[5.4.10~1-f629b]:main():lattice-best-path.cc:99) For utterance phase11-Ky-3, best cost 25.6895 + 986.337 = 1012.03 over 314 frames.
phase11-Ky-3 <UNK> ba <UNK> 
LOG (lattice-best-path[5.4.10~1-f629b]:main():lattice-best-path.cc:99) For utterance phase11-Ky-4, best cost 25.0125 + 930.155 = 955.167 over 284 frames.
phase11-Ky-4 <UNK> bo85n <UNK> 
LOG (lattice-best-path[5.4.10~1-f629b]:main():lattice-best-path.cc:99) For utterance phase11-Ky-5, best cost 28.387 + 948.065 = 976.452 over 301 frames.
phase11-Ky-5 <UNK> na7m <UNK> 
LOG (lattice-best-path[5.4.10~1-f629b]:main():lattice-best-path.cc:99) For utterance phase11-Ky-6, best cost 26.4984 + 784.932 = 811.43 over 237 frames.
phase11-Ky-6 <UNK> sa5u <UNK> 
LOG (lattice-best-path[5.4.10~1-f629b]:main():lattice-best-path.cc:99) For utterance phase11-Ky-7, best cost 26.1933 + 1023.83 = 1050.02 over 297 frames.
phase11-Ky-7 <UNK> na7m <UNK> 
LOG (lattice-best-path[5.4.10~1-f629b]:main():lattice-best-path.cc:99) For utterance phase11-Ky-8, best cost 25.507 + 934.336 = 959.843 over 289 frames.
phase11-Ky-8 <UNK> ta5m <UNK> 
LOG (lattice-best-path[5.4.10~1-f629b]:main():lattice-best-path.cc:99) For utterance phase11-Ky-9, best cost 23.1423 + 731.601 = 754.744 over 220 frames.
phase11-Ky-9 <UNK> chi5n <UNK> 
LOG (lattice-best-path[5.4.10~1-f629b]:main():lattice-best-path.cc:99) For utterance phase2-Ky-1, best cost 14.7805 + 565.74 = 580.521 over 233 frames.
phase2-Ky-1 ba 
LOG (lattice-best-path[5.4.10~1-f629b]:main():lattice-best-path.cc:99) For utterance phase2-Ky-2, best cost 14.7776 + 503.139 = 517.916 over 214 frames.
phase2-Ky-2 hai 
LOG (lattice-best-path[5.4.10~1-f629b]:main():lattice-best-path.cc:99) For utterance phase2-Ky-3, best cost 16.8161 + 644.895 = 661.711 over 219 frames.
phase2-Ky-3 mo86t 
LOG (lattice-best-path[5.4.10~1-f629b]:main():lattice-best-path.cc:99) For utterance phase2-Ky-4, best cost 25.0891 + 627.616 = 652.705 over 224 frames.
phase2-Ky-4 <UNK> mo86t <UNK> 
LOG (lattice-best-path[5.4.10~1-f629b]:main():lattice-best-path.cc:99) For utterance phase2-Ky-5, best cost 15.8911 + 597.96 = 613.851 over 247 frames.
phase2-Ky-5 ba 
LOG (lattice-best-path[5.4.10~1-f629b]:main():lattice-best-path.cc:99) For utterance phase2-Ky-6, best cost 14.6672 + 501.371 = 516.039 over 212 frames.
phase2-Ky-6 hai 
LOG (lattice-best-path[5.4.10~1-f629b]:main():lattice-best-path.cc:99) For utterance phase2-Ky-7, best cost 16.8979 + 562.277 = 579.174 over 228 frames.
phase2-Ky-7 ba 
LOG (lattice-best-path[5.4.10~1-f629b]:main():lattice-best-path.cc:99) For utterance phase2-Ky-8, best cost 22.035 + 612.629 = 634.664 over 235 frames.
phase2-Ky-8 mo86t mo86t 
LOG (lattice-best-path[5.4.10~1-f629b]:main():lattice-best-path.cc:99) For utterance phase2-Ky-9, best cost 15.482 + 635.996 = 651.478 over 265 frames.
phase2-Ky-9 hai 
LOG (lattice-best-path[5.4.10~1-f629b]:main():lattice-best-path.cc:99) For utterance phase3-Ky-1, best cost 15.039 + 559.632 = 574.671 over 231 frames.
phase3-Ky-1 hai 
LOG (lattice-best-path[5.4.10~1-f629b]:main():lattice-best-path.cc:99) For utterance phase3-Ky-2, best cost 26.2806 + 714.897 = 741.178 over 244 frames.
phase3-Ky-2 mo86t ba4y 
LOG (lattice-best-path[5.4.10~1-f629b]:main():lattice-best-path.cc:99) For utterance phase3-Ky-3, best cost 16.2786 + 568.953 = 585.232 over 238 frames.
phase3-Ky-3 ba 
LOG (lattice-best-path[5.4.10~1-f629b]:main():lattice-best-path.cc:99) For utterance phase3-Ky-4, best cost 18.4646 + 576.849 = 595.314 over 249 frames.
phase3-Ky-4 ba 
LOG (lattice-best-path[5.4.10~1-f629b]:main():lattice-best-path.cc:99) For utterance phase3-Ky-5, best cost 19.4424 + 710.449 = 729.891 over 228 frames.
phase3-Ky-5 mo86t <UNK> 
LOG (lattice-best-path[5.4.10~1-f629b]:main():lattice-best-path.cc:99) For utterance phase3-Ky-6, best cost 15.47 + 630.464 = 645.934 over 240 frames.
phase3-Ky-6 hai 
LOG (lattice-best-path[5.4.10~1-f629b]:main():lattice-best-path.cc:99) For utterance phase3-Ky-7, best cost 18.2323 + 662.777 = 681.009 over 247 frames.
phase3-Ky-7 mo86t 
LOG (lattice-best-path[5.4.10~1-f629b]:main():lattice-best-path.cc:99) For utterance phase3-Ky-8, best cost 17.0543 + 529.916 = 546.97 over 233 frames.
phase3-Ky-8 ba 
LOG (lattice-best-path[5.4.10~1-f629b]:main():lattice-best-path.cc:99) For utterance phase3-Ky-9, best cost 18.0327 + 594.892 = 612.925 over 221 frames.
phase3-Ky-9 mo86t 
LOG (lattice-best-path[5.4.10~1-f629b]:main():lattice-best-path.cc:99) For utterance phase4-Ky-1, best cost 22.2331 + 666.948 = 689.181 over 240 frames.
phase4-Ky-1 bo85n 
LOG (lattice-best-path[5.4.10~1-f629b]:main():lattice-best-path.cc:99) For utterance phase4-Ky-2, best cost 24.6603 + 622.952 = 647.613 over 233 frames.
phase4-Ky-2 hai chi5n 
LOG (lattice-best-path[5.4.10~1-f629b]:main():lattice-best-path.cc:99) For utterance phase4-Ky-3, best cost 15.7803 + 520.746 = 536.526 over 217 frames.
phase4-Ky-3 ba 
LOG (lattice-best-path[5.4.10~1-f629b]:main():lattice-best-path.cc:99) For utterance phase4-Ky-4, best cost 21.4972 + 639.836 = 661.333 over 233 frames.
phase4-Ky-4 ba4y 
LOG (lattice-best-path[5.4.10~1-f629b]:main():lattice-best-path.cc:99) For utterance phase4-Ky-5, best cost 16.0966 + 542.885 = 558.981 over 235 frames.
phase4-Ky-5 chi5n 
LOG (lattice-best-path[5.4.10~1-f629b]:main():lattice-best-path.cc:99) For utterance phase4-Ky-6, best cost 20.0399 + 629.253 = 649.293 over 270 frames.
phase4-Ky-6 ta5m 
LOG (lattice-best-path[5.4.10~1-f629b]:main():lattice-best-path.cc:99) For utterance phase4-Ky-7, best cost 20.3906 + 716.484 = 736.875 over 282 frames.
phase4-Ky-7 sa5u 
LOG (lattice-best-path[5.4.10~1-f629b]:main():lattice-best-path.cc:99) For utterance phase4-Ky-8, best cost 15.2748 + 558.693 = 573.968 over 235 frames.
phase4-Ky-8 ba4y 
LOG (lattice-best-path[5.4.10~1-f629b]:main():lattice-best-path.cc:99) For utterance phase4-Ky-9, best cost 15.7367 + 572.109 = 587.846 over 240 frames.
phase4-Ky-9 hai 
LOG (lattice-best-path[5.4.10~1-f629b]:main():lattice-best-path.cc:99) For utterance phase5-Ky-1, best cost 24.8879 + 698.232 = 723.12 over 275 frames.
phase5-Ky-1 ta5m 
LOG (lattice-best-path[5.4.10~1-f629b]:main():lattice-best-path.cc:99) For utterance phase5-Ky-2, best cost 29.7667 + 613.337 = 643.104 over 240 frames.
phase5-Ky-2 chi5n chi5n 
LOG (lattice-best-path[5.4.10~1-f629b]:main():lattice-best-path.cc:99) For utterance phase5-Ky-3, best cost 28.4059 + 659.164 = 687.57 over 233 frames.
phase5-Ky-3 na7m <UNK> 
LOG (lattice-best-path[5.4.10~1-f629b]:main():lattice-best-path.cc:99) For utterance phase5-Ky-4, best cost 19.2702 + 550.832 = 570.103 over 235 frames.
phase5-Ky-4 bo85n 
LOG (lattice-scale[5.4.10~1-f629b]:main():lattice-scale.cc:90) Done 99 lattices.
LOG (lattice-best-path[5.4.10~1-f629b]:main():lattice-best-path.cc:99) For utterance phase5-Ky-5, best cost 18.2166 + 690.087 = 708.304 over 270 frames.
phase5-Ky-5 ba4y 
LOG (lattice-best-path[5.4.10~1-f629b]:main():lattice-best-path.cc:99) For utterance phase5-Ky-6, best cost 19.1131 + 667.31 = 686.423 over 275 frames.
phase5-Ky-6 na7m 
LOG (lattice-best-path[5.4.10~1-f629b]:main():lattice-best-path.cc:99) For utterance phase5-Ky-7, best cost 18.975 + 684.921 = 703.896 over 284 frames.
phase5-Ky-7 ta5m 
LOG (lattice-best-path[5.4.10~1-f629b]:main():lattice-best-path.cc:99) For utterance phase5-Ky-8, best cost 23.4134 + 767.942 = 791.355 over 263 frames.
phase5-Ky-8 sa5u 
LOG (lattice-best-path[5.4.10~1-f629b]:main():lattice-best-path.cc:99) For utterance phase5-Ky-9, best cost 15.5728 + 671.304 = 686.877 over 279 frames.
phase5-Ky-9 bo85n 
LOG (lattice-best-path[5.4.10~1-f629b]:main():lattice-best-path.cc:99) For utterance phase6-Ky-1, best cost 20.822 + 589.672 = 610.494 over 244 frames.
phase6-Ky-1 bo85n 
LOG (lattice-best-path[5.4.10~1-f629b]:main():lattice-best-path.cc:99) For utterance phase6-Ky-2, best cost 17.2973 + 591.985 = 609.283 over 261 frames.
phase6-Ky-2 na7m 
LOG (lattice-best-path[5.4.10~1-f629b]:main():lattice-best-path.cc:99) For utterance phase6-Ky-3, best cost 21.995 + 687.22 = 709.215 over 289 frames.
phase6-Ky-3 chi5n 
LOG (lattice-best-path[5.4.10~1-f629b]:main():lattice-best-path.cc:99) For utterance phase6-Ky-4, best cost 15.3058 + 607.972 = 623.278 over 258 frames.
phase6-Ky-4 bo85n 
LOG (lattice-best-path[5.4.10~1-f629b]:main():lattice-best-path.cc:99) For utterance phase6-Ky-5, best cost 23.2557 + 615.861 = 639.117 over 247 frames.
phase6-Ky-5 bo85n 
LOG (lattice-best-path[5.4.10~1-f629b]:main():lattice-best-path.cc:99) For utterance phase6-Ky-6, best cost 18.6843 + 624.961 = 643.646 over 256 frames.
phase6-Ky-6 na7m 
LOG (lattice-best-path[5.4.10~1-f629b]:main():lattice-best-path.cc:99) For utterance phase6-Ky-7, best cost 17.9798 + 596.483 = 614.462 over 247 frames.
phase6-Ky-7 ta5m 
LOG (lattice-best-path[5.4.10~1-f629b]:main():lattice-best-path.cc:99) For utterance phase6-Ky-8, best cost 18.022 + 634.811 = 652.833 over 240 frames.
phase6-Ky-8 sa5u 
LOG (lattice-best-path[5.4.10~1-f629b]:main():lattice-best-path.cc:99) For utterance phase6-Ky-9, best cost 24.0965 + 693.766 = 717.863 over 272 frames.
phase6-Ky-9 ba4y 
LOG (lattice-best-path[5.4.10~1-f629b]:main():lattice-best-path.cc:99) For utterance phase7-Ky-1, best cost 17.3834 + 519.155 = 536.538 over 217 frames.
phase7-Ky-1 sa5u 
LOG (lattice-best-path[5.4.10~1-f629b]:main():lattice-best-path.cc:99) For utterance phase7-Ky-2, best cost 22.0236 + 671.781 = 693.805 over 258 frames.
phase7-Ky-2 chi5n 
LOG (lattice-best-path[5.4.10~1-f629b]:main():lattice-best-path.cc:99) For utterance phase7-Ky-3, best cost 20.09 + 650.562 = 670.652 over 261 frames.
phase7-Ky-3 ta5m 
LOG (lattice-best-path[5.4.10~1-f629b]:main():lattice-best-path.cc:99) For utterance phase7-Ky-4, best cost 26.5378 + 845.144 = 871.682 over 258 frames.
phase7-Ky-4 na7m chi5n 
LOG (lattice-best-path[5.4.10~1-f629b]:main():lattice-best-path.cc:99) For utterance phase7-Ky-5, best cost 15.8065 + 623.816 = 639.623 over 247 frames.
phase7-Ky-5 sa5u 
LOG (lattice-best-path[5.4.10~1-f629b]:main():lattice-best-path.cc:99) For utterance phase7-Ky-6, best cost 19.2207 + 589.566 = 608.787 over 247 frames.
phase7-Ky-6 ta5m 
LOG (lattice-add-penalty[5.4.10~1-f629b]:main():lattice-add-penalty.cc:62) Done adding word insertion penalty to 99 lattices.
LOG (lattice-best-path[5.4.10~1-f629b]:main():lattice-best-path.cc:99) For utterance phase7-Ky-7, best cost 19.2626 + 698.881 = 718.144 over 226 frames.
phase7-Ky-7 sa5u 
LOG (lattice-best-path[5.4.10~1-f629b]:main():lattice-best-path.cc:99) For utterance phase7-Ky-8, best cost 18.3423 + 587.615 = 605.957 over 235 frames.
phase7-Ky-8 bo85n 
LOG (lattice-best-path[5.4.10~1-f629b]:main():lattice-best-path.cc:99) For utterance phase7-Ky-9, best cost 23.3654 + 678.009 = 701.374 over 275 frames.
phase7-Ky-9 ba4y 
LOG (lattice-best-path[5.4.10~1-f629b]:main():lattice-best-path.cc:99) For utterance phase8-Ky-1, best cost 20.1671 + 584.41 = 604.578 over 235 frames.
phase8-Ky-1 na7m 
LOG (lattice-best-path[5.4.10~1-f629b]:main():lattice-best-path.cc:99) For utterance phase8-Ky-2, best cost 21.3066 + 699.677 = 720.984 over 298 frames.
phase8-Ky-2 chi5n 
LOG (lattice-best-path[5.4.10~1-f629b]:main():lattice-best-path.cc:99) For utterance phase8-Ky-3, best cost 20.052 + 618.592 = 638.644 over 263 frames.
phase8-Ky-3 bo85n 
LOG (lattice-best-path[5.4.10~1-f629b]:main():lattice-best-path.cc:99) For utterance phase8-Ky-4, best cost 22.139 + 776.535 = 798.674 over 263 frames.
phase8-Ky-4 na7m 
LOG (lattice-best-path[5.4.10~1-f629b]:main():lattice-best-path.cc:99) For utterance phase8-Ky-5, best cost 17.2433 + 628.662 = 645.905 over 263 frames.
phase8-Ky-5 chi5n 
LOG (lattice-best-path[5.4.10~1-f629b]:main():lattice-best-path.cc:99) For utterance phase8-Ky-6, best cost 19.3104 + 622.106 = 641.416 over 258 frames.
phase8-Ky-6 ba4y 
LOG (lattice-best-path[5.4.10~1-f629b]:main():lattice-best-path.cc:99) For utterance phase8-Ky-7, best cost 15.7725 + 565.36 = 581.133 over 231 frames.
phase8-Ky-7 sa5u 
LOG (lattice-best-path[5.4.10~1-f629b]:main():lattice-best-path.cc:99) For utterance phase8-Ky-8, best cost 19.7308 + 634.885 = 654.615 over 272 frames.
phase8-Ky-8 ta5m 
LOG (lattice-best-path[5.4.10~1-f629b]:main():lattice-best-path.cc:99) For utterance phase8-Ky-9, best cost 26.594 + 704.313 = 730.907 over 251 frames.
phase8-Ky-9 ba4y chi5n 
LOG (lattice-best-path[5.4.10~1-f629b]:main():lattice-best-path.cc:99) For utterance phase9-Ky-1, best cost 18.0749 + 598.043 = 616.118 over 256 frames.
phase9-Ky-1 ta5m 
LOG (lattice-best-path[5.4.10~1-f629b]:main():lattice-best-path.cc:99) For utterance phase9-Ky-2, best cost 25.6216 + 634.717 = 660.339 over 238 frames.
phase9-Ky-2 bo85n <UNK> 
LOG (lattice-best-path[5.4.10~1-f629b]:main():lattice-best-path.cc:99) For utterance phase9-Ky-3, best cost 17.2405 + 584.808 = 602.049 over 240 frames.
phase9-Ky-3 ba4y 
LOG (lattice-best-path[5.4.10~1-f629b]:main():lattice-best-path.cc:99) For utterance phase9-Ky-4, best cost 29.0855 + 813.585 = 842.67 over 282 frames.
phase9-Ky-4 na7m <UNK> 
LOG (lattice-best-path[5.4.10~1-f629b]:main():lattice-best-path.cc:99) For utterance phase9-Ky-5, best cost 22.1072 + 636.005 = 658.113 over 249 frames.
phase9-Ky-5 chi5n 
LOG (lattice-best-path[5.4.10~1-f629b]:main():lattice-best-path.cc:99) For utterance phase9-Ky-6, best cost 19.2201 + 720.218 = 739.438 over 261 frames.
phase9-Ky-6 bo85n 
LOG (lattice-best-path[5.4.10~1-f629b]:main():lattice-best-path.cc:99) For utterance phase9-Ky-7, best cost 20.034 + 652.436 = 672.47 over 275 frames.
phase9-Ky-7 ta5m 
LOG (lattice-best-path[5.4.10~1-f629b]:main():lattice-best-path.cc:99) For utterance phase9-Ky-8, best cost 16.017 + 624.693 = 640.71 over 235 frames.
phase9-Ky-8 sa5u 
LOG (lattice-best-path[5.4.10~1-f629b]:main():lattice-best-path.cc:99) For utterance phase9-Ky-9, best cost 20.8203 + 583.559 = 604.379 over 238 frames.
phase9-Ky-9 ta5m 
LOG (lattice-best-path[5.4.10~1-f629b]:main():lattice-best-path.cc:124) Overall cost per frame is 2.67695 = 0.0803106 [graph] + 2.59664 [acoustic] over 24895 frames.
LOG (lattice-best-path[5.4.10~1-f629b]:main():lattice-best-path.cc:128) Done 99 lattices, failed for 0
# Accounting: time=1 threads=1
# Ended (code 0) at Wed Apr 11 11:30:40 +07 2018, elapsed time 1 seconds
