# lattice-scale --inv-acoustic-scale=13 "ark:gunzip -c exp/tri1/decode/lat.*.gz|" ark:- | lattice-add-penalty --word-ins-penalty=1.0 ark:- ark:- | lattice-best-path --word-symbol-table=exp/tri1/graph/words.txt ark:- ark,t:- | utils/int2sym.pl -f 2- exp/tri1/graph/words.txt | local/wer_hyp_filter > exp/tri1/decode/scoring_kaldi/penalty_1.0/13.txt 
# Started at Sun Apr 29 13:55:42 +07 2018
#
lattice-best-path --word-symbol-table=exp/tri1/graph/words.txt ark:- ark,t:- 
lattice-add-penalty --word-ins-penalty=1.0 ark:- ark:- 
lattice-scale --inv-acoustic-scale=13 'ark:gunzip -c exp/tri1/decode/lat.*.gz|' ark:- 
LOG (lattice-best-path[5.4.10~1-f629b]:main():lattice-best-path.cc:99) For utterance dinhky-phase1-1, best cost 19.7906 + 367.103 = 386.894 over 252 frames.
dinhky-phase1-1 mo86t 
LOG (lattice-best-path[5.4.10~1-f629b]:main():lattice-best-path.cc:99) For utterance dinhky-phase1-2, best cost 14.3422 + 367.746 = 382.088 over 254 frames.
dinhky-phase1-2 hai 
LOG (lattice-best-path[5.4.10~1-f629b]:main():lattice-best-path.cc:99) For utterance dinhky-phase1-3, best cost 16.6328 + 288.509 = 305.142 over 224 frames.
dinhky-phase1-3 ba 
LOG (lattice-best-path[5.4.10~1-f629b]:main():lattice-best-path.cc:99) For utterance dinhky-phase1-4, best cost 15.4293 + 367.115 = 382.544 over 261 frames.
dinhky-phase1-4 mo86t 
LOG (lattice-best-path[5.4.10~1-f629b]:main():lattice-best-path.cc:99) For utterance dinhky-phase1-5, best cost 19.1788 + 328.25 = 347.429 over 231 frames.
dinhky-phase1-5 ba 
LOG (lattice-best-path[5.4.10~1-f629b]:main():lattice-best-path.cc:99) For utterance dinhky-phase1-6, best cost 15.37 + 338.579 = 353.949 over 203 frames.
dinhky-phase1-6 hai 
LOG (lattice-best-path[5.4.10~1-f629b]:main():lattice-best-path.cc:99) For utterance dinhky-phase1-7, best cost 15.4015 + 360.543 = 375.944 over 236 frames.
dinhky-phase1-7 hai 
LOG (lattice-best-path[5.4.10~1-f629b]:main():lattice-best-path.cc:99) For utterance dinhky-phase1-8, best cost 19.3084 + 348.233 = 367.542 over 252 frames.
dinhky-phase1-8 mo86t 
LOG (lattice-best-path[5.4.10~1-f629b]:main():lattice-best-path.cc:99) For utterance dinhky-phase1-9, best cost 18.4924 + 361.426 = 379.919 over 259 frames.
dinhky-phase1-9 ba 
LOG (lattice-best-path[5.4.10~1-f629b]:main():lattice-best-path.cc:99) For utterance dinhky-phase10-1, best cost 16.5985 + 343.154 = 359.753 over 252 frames.
dinhky-phase10-1 sa5u 
LOG (lattice-best-path[5.4.10~1-f629b]:main():lattice-best-path.cc:99) For utterance dinhky-phase10-2, best cost 18.4379 + 330.828 = 349.266 over 238 frames.
dinhky-phase10-2 ba4y 
LOG (lattice-best-path[5.4.10~1-f629b]:main():lattice-best-path.cc:99) For utterance dinhky-phase10-3, best cost 16.1748 + 381.955 = 398.13 over 275 frames.
dinhky-phase10-3 chi5n 
LOG (lattice-best-path[5.4.10~1-f629b]:main():lattice-best-path.cc:99) For utterance dinhky-phase10-4, best cost 17.7875 + 335.56 = 353.348 over 252 frames.
dinhky-phase10-4 na7m 
LOG (lattice-best-path[5.4.10~1-f629b]:main():lattice-best-path.cc:99) For utterance dinhky-phase10-5, best cost 19.5334 + 300.128 = 319.661 over 222 frames.
dinhky-phase10-5 chi5n 
LOG (lattice-best-path[5.4.10~1-f629b]:main():lattice-best-path.cc:99) For utterance dinhky-phase10-6, best cost 18.0346 + 355.539 = 373.573 over 238 frames.
dinhky-phase10-6 na7m 
LOG (lattice-best-path[5.4.10~1-f629b]:main():lattice-best-path.cc:99) For utterance dinhky-phase10-7, best cost 17.5869 + 352.712 = 370.299 over 261 frames.
dinhky-phase10-7 chi5n 
LOG (lattice-best-path[5.4.10~1-f629b]:main():lattice-best-path.cc:99) For utterance dinhky-phase10-8, best cost 17.113 + 443.141 = 460.254 over 275 frames.
dinhky-phase10-8 sa5u 
LOG (lattice-best-path[5.4.10~1-f629b]:main():lattice-best-path.cc:99) For utterance dinhky-phase10-9, best cost 19.9013 + 344.032 = 363.933 over 254 frames.
dinhky-phase10-9 ba4y 
LOG (lattice-best-path[5.4.10~1-f629b]:main():lattice-best-path.cc:99) For utterance dinhky-phase11-1, best cost 21.7069 + 389.291 = 410.998 over 247 frames.
dinhky-phase11-1 na7m ba4y 
LOG (lattice-best-path[5.4.10~1-f629b]:main():lattice-best-path.cc:99) For utterance dinhky-phase11-2, best cost 16.5218 + 393.958 = 410.48 over 280 frames.
dinhky-phase11-2 mo86t 
LOG (lattice-best-path[5.4.10~1-f629b]:main():lattice-best-path.cc:99) For utterance dinhky-phase11-3, best cost 16.7844 + 404.348 = 421.133 over 264 frames.
dinhky-phase11-3 na7m 
LOG (lattice-best-path[5.4.10~1-f629b]:main():lattice-best-path.cc:99) For utterance dinhky-phase11-4, best cost 19.8303 + 331.735 = 351.565 over 226 frames.
dinhky-phase11-4 ba4y 
LOG (lattice-best-path[5.4.10~1-f629b]:main():lattice-best-path.cc:99) For utterance dinhky-phase11-5, best cost 15.3831 + 369.899 = 385.283 over 259 frames.
dinhky-phase11-5 chi5n 
LOG (lattice-best-path[5.4.10~1-f629b]:main():lattice-best-path.cc:99) For utterance dinhky-phase11-6, best cost 25.0258 + 559.644 = 584.67 over 356 frames.
dinhky-phase11-6 sa5u <UNK> 
LOG (lattice-best-path[5.4.10~1-f629b]:main():lattice-best-path.cc:99) For utterance dinhky-phase11-7, best cost 18.1046 + 378.822 = 396.927 over 271 frames.
dinhky-phase11-7 hai 
LOG (lattice-best-path[5.4.10~1-f629b]:main():lattice-best-path.cc:99) For utterance dinhky-phase11-8, best cost 18.6738 + 468.428 = 487.102 over 301 frames.
dinhky-phase11-8 bo85n 
LOG (lattice-best-path[5.4.10~1-f629b]:main():lattice-best-path.cc:99) For utterance dinhky-phase11-9, best cost 15.5229 + 329.947 = 345.47 over 240 frames.
dinhky-phase11-9 ta5m 
LOG (lattice-best-path[5.4.10~1-f629b]:main():lattice-best-path.cc:99) For utterance dinhky-phase12-1, best cost 18.5204 + 400.332 = 418.853 over 282 frames.
dinhky-phase12-1 hai 
LOG (lattice-best-path[5.4.10~1-f629b]:main():lattice-best-path.cc:99) For utterance dinhky-phase12-2, best cost 29.6927 + 507.042 = 536.734 over 287 frames.
dinhky-phase12-2 na7m ba <UNK> 
LOG (lattice-best-path[5.4.10~1-f629b]:main():lattice-best-path.cc:99) For utterance dinhky-phase12-3, best cost 15.8177 + 383.227 = 399.045 over 282 frames.
dinhky-phase12-3 chi5n 
LOG (lattice-best-path[5.4.10~1-f629b]:main():lattice-best-path.cc:99) For utterance dinhky-phase12-4, best cost 17.95 + 376.737 = 394.687 over 250 frames.
dinhky-phase12-4 sa5u 
LOG (lattice-best-path[5.4.10~1-f629b]:main():lattice-best-path.cc:99) For utterance dinhky-phase12-5, best cost 19.9142 + 379.702 = 399.617 over 261 frames.
dinhky-phase12-5 hai 
LOG (lattice-best-path[5.4.10~1-f629b]:main():lattice-best-path.cc:99) For utterance dinhky-phase12-6, best cost 15.8469 + 370.47 = 386.317 over 275 frames.
dinhky-phase12-6 ta5m 
LOG (lattice-best-path[5.4.10~1-f629b]:main():lattice-best-path.cc:99) For utterance dinhky-phase12-7, best cost 18.4472 + 410.99 = 429.437 over 294 frames.
dinhky-phase12-7 bo85n 
LOG (lattice-best-path[5.4.10~1-f629b]:main():lattice-best-path.cc:99) For utterance dinhky-phase12-8, best cost 20.5598 + 428.168 = 448.728 over 305 frames.
dinhky-phase12-8 mo86t 
LOG (lattice-best-path[5.4.10~1-f629b]:main():lattice-best-path.cc:99) For utterance dinhky-phase12-9, best cost 12.6175 + 356.971 = 369.588 over 240 frames.
dinhky-phase12-9 na7m 
LOG (lattice-best-path[5.4.10~1-f629b]:main():lattice-best-path.cc:99) For utterance dinhky-phase13-1, best cost 28.4864 + 432.203 = 460.689 over 217 frames.
dinhky-phase13-1 na7m chi5n ta5m 
LOG (lattice-best-path[5.4.10~1-f629b]:main():lattice-best-path.cc:99) For utterance dinhky-phase13-2, best cost 17.8168 + 403.731 = 421.548 over 282 frames.
dinhky-phase13-2 hai 
LOG (lattice-best-path[5.4.10~1-f629b]:main():lattice-best-path.cc:99) For utterance dinhky-phase13-3, best cost 24.6149 + 528.458 = 553.073 over 343 frames.
dinhky-phase13-3 mo86t 
LOG (lattice-best-path[5.4.10~1-f629b]:main():lattice-best-path.cc:99) For utterance dinhky-phase13-4, best cost 14.994 + 396.326 = 411.32 over 298 frames.
dinhky-phase13-4 ta5m 
LOG (lattice-best-path[5.4.10~1-f629b]:main():lattice-best-path.cc:99) For utterance dinhky-phase13-5, best cost 20.0026 + 358.909 = 378.911 over 240 frames.
dinhky-phase13-5 sa5u 
LOG (lattice-best-path[5.4.10~1-f629b]:main():lattice-best-path.cc:99) For utterance dinhky-phase13-6, best cost 18.2154 + 381.154 = 399.369 over 275 frames.
dinhky-phase13-6 hai 
LOG (lattice-best-path[5.4.10~1-f629b]:main():lattice-best-path.cc:99) For utterance dinhky-phase13-7, best cost 18.7094 + 406.039 = 424.748 over 261 frames.
dinhky-phase13-7 ba4y 
LOG (lattice-best-path[5.4.10~1-f629b]:main():lattice-best-path.cc:99) For utterance dinhky-phase13-8, best cost 16.2439 + 439.295 = 455.539 over 319 frames.
dinhky-phase13-8 chi5n 
LOG (lattice-best-path[5.4.10~1-f629b]:main():lattice-best-path.cc:99) For utterance dinhky-phase13-9, best cost 14.4504 + 353.489 = 367.94 over 268 frames.
dinhky-phase13-9 bo85n 
LOG (lattice-best-path[5.4.10~1-f629b]:main():lattice-best-path.cc:99) For utterance dinhky-phase14-1, best cost 18.5142 + 360.599 = 379.113 over 266 frames.
dinhky-phase14-1 chi5n 
LOG (lattice-best-path[5.4.10~1-f629b]:main():lattice-best-path.cc:99) For utterance dinhky-phase14-2, best cost 17.7228 + 357.75 = 375.473 over 254 frames.
dinhky-phase14-2 ta5m 
LOG (lattice-best-path[5.4.10~1-f629b]:main():lattice-best-path.cc:99) For utterance dinhky-phase14-3, best cost 15.7241 + 355.84 = 371.564 over 268 frames.
dinhky-phase14-3 ba4y 
LOG (lattice-best-path[5.4.10~1-f629b]:main():lattice-best-path.cc:99) For utterance dinhky-phase14-4, best cost 16.1499 + 366.321 = 382.471 over 257 frames.
dinhky-phase14-4 sa5u 
LOG (lattice-best-path[5.4.10~1-f629b]:main():lattice-best-path.cc:99) For utterance dinhky-phase14-5, best cost 20.7004 + 468.952 = 489.653 over 349 frames.
dinhky-phase14-5 hai 
LOG (lattice-best-path[5.4.10~1-f629b]:main():lattice-best-path.cc:99) For utterance dinhky-phase14-6, best cost 14.7246 + 409.518 = 424.243 over 271 frames.
dinhky-phase14-6 ba 
LOG (lattice-best-path[5.4.10~1-f629b]:main():lattice-best-path.cc:99) For utterance dinhky-phase14-7, best cost 18.4417 + 469.27 = 487.712 over 315 frames.
dinhky-phase14-7 mo86t 
LOG (lattice-best-path[5.4.10~1-f629b]:main():lattice-best-path.cc:99) For utterance dinhky-phase14-8, best cost 25.9941 + 489.278 = 515.272 over 296 frames.
dinhky-phase14-8 chi5n ta5m chi5n 
LOG (lattice-best-path[5.4.10~1-f629b]:main():lattice-best-path.cc:99) For utterance dinhky-phase14-9, best cost 15.8242 + 411.898 = 427.722 over 280 frames.
dinhky-phase14-9 bo85n 
LOG (lattice-best-path[5.4.10~1-f629b]:main():lattice-best-path.cc:99) For utterance dinhky-phase15-1, best cost 21.6386 + 446.484 = 468.122 over 324 frames.
dinhky-phase15-1 na7m ta5m 
LOG (lattice-best-path[5.4.10~1-f629b]:main():lattice-best-path.cc:99) For utterance dinhky-phase15-2, best cost 18.4177 + 410.298 = 428.716 over 275 frames.
dinhky-phase15-2 chi5n 
LOG (lattice-best-path[5.4.10~1-f629b]:main():lattice-best-path.cc:99) For utterance dinhky-phase15-3, best cost 17.7367 + 395.391 = 413.128 over 280 frames.
dinhky-phase15-3 hai 
LOG (lattice-best-path[5.4.10~1-f629b]:main():lattice-best-path.cc:99) For utterance dinhky-phase15-4, best cost 22.2784 + 466.471 = 488.749 over 308 frames.
dinhky-phase15-4 ba 
LOG (lattice-best-path[5.4.10~1-f629b]:main():lattice-best-path.cc:99) For utterance dinhky-phase15-5, best cost 15.2351 + 399.594 = 414.829 over 264 frames.
dinhky-phase15-5 na7m 
LOG (lattice-best-path[5.4.10~1-f629b]:main():lattice-best-path.cc:99) For utterance dinhky-phase15-6, best cost 22.2669 + 421.232 = 443.499 over 250 frames.
dinhky-phase15-6 ba4y 
LOG (lattice-best-path[5.4.10~1-f629b]:main():lattice-best-path.cc:99) For utterance dinhky-phase15-7, best cost 15.0766 + 349.133 = 364.21 over 247 frames.
dinhky-phase15-7 sa5u 
LOG (lattice-best-path[5.4.10~1-f629b]:main():lattice-best-path.cc:99) For utterance dinhky-phase15-8, best cost 18.5123 + 399.096 = 417.608 over 280 frames.
dinhky-phase15-8 bo85n 
LOG (lattice-best-path[5.4.10~1-f629b]:main():lattice-best-path.cc:99) For utterance dinhky-phase15-9, best cost 19.0372 + 437.282 = 456.319 over 291 frames.
dinhky-phase15-9 mo86t 
LOG (lattice-best-path[5.4.10~1-f629b]:main():lattice-best-path.cc:99) For utterance dinhky-phase2-1, best cost 14.3645 + 318.896 = 333.261 over 233 frames.
dinhky-phase2-1 ba 
LOG (lattice-best-path[5.4.10~1-f629b]:main():lattice-best-path.cc:99) For utterance dinhky-phase2-2, best cost 14.833 + 297.444 = 312.277 over 215 frames.
dinhky-phase2-2 hai 
LOG (lattice-best-path[5.4.10~1-f629b]:main():lattice-best-path.cc:99) For utterance dinhky-phase2-3, best cost 17.5366 + 359.904 = 377.441 over 219 frames.
dinhky-phase2-3 mo86t 
LOG (lattice-best-path[5.4.10~1-f629b]:main():lattice-best-path.cc:99) For utterance dinhky-phase2-4, best cost 15.4464 + 360.9 = 376.346 over 224 frames.
dinhky-phase2-4 mo86t 
LOG (lattice-best-path[5.4.10~1-f629b]:main():lattice-best-path.cc:99) For utterance dinhky-phase2-5, best cost 19.8778 + 338.516 = 358.394 over 247 frames.
dinhky-phase2-5 ba 
LOG (lattice-best-path[5.4.10~1-f629b]:main():lattice-best-path.cc:99) For utterance dinhky-phase2-6, best cost 14.7768 + 291.111 = 305.888 over 212 frames.
dinhky-phase2-6 hai 
LOG (lattice-best-path[5.4.10~1-f629b]:main():lattice-best-path.cc:99) For utterance dinhky-phase2-7, best cost 19.779 + 331.258 = 351.037 over 229 frames.
dinhky-phase2-7 ba 
LOG (lattice-best-path[5.4.10~1-f629b]:main():lattice-best-path.cc:99) For utterance dinhky-phase2-8, best cost 14.6733 + 339.992 = 354.666 over 236 frames.
dinhky-phase2-8 mo86t 
LOG (lattice-best-path[5.4.10~1-f629b]:main():lattice-best-path.cc:99) For utterance dinhky-phase2-9, best cost 17.8418 + 372.286 = 390.128 over 266 frames.
dinhky-phase2-9 hai 
LOG (lattice-best-path[5.4.10~1-f629b]:main():lattice-best-path.cc:99) For utterance dinhky-phase3-1, best cost 16.9513 + 340.839 = 357.79 over 231 frames.
dinhky-phase3-1 hai 
LOG (lattice-best-path[5.4.10~1-f629b]:main():lattice-best-path.cc:99) For utterance dinhky-phase3-2, best cost 16.0019 + 405.226 = 421.228 over 245 frames.
dinhky-phase3-2 mo86t 
LOG (lattice-best-path[5.4.10~1-f629b]:main():lattice-best-path.cc:99) For utterance dinhky-phase3-3, best cost 15.1986 + 324.491 = 339.69 over 238 frames.
dinhky-phase3-3 ba 
LOG (lattice-best-path[5.4.10~1-f629b]:main():lattice-best-path.cc:99) For utterance dinhky-phase3-4, best cost 16.7152 + 336.514 = 353.229 over 250 frames.
dinhky-phase3-4 ba 
LOG (lattice-best-path[5.4.10~1-f629b]:main():lattice-best-path.cc:99) For utterance dinhky-phase3-5, best cost 21.4737 + 389.428 = 410.901 over 229 frames.
dinhky-phase3-5 mo86t ta5m 
LOG (lattice-best-path[5.4.10~1-f629b]:main():lattice-best-path.cc:99) For utterance dinhky-phase3-6, best cost 17.0675 + 360.491 = 377.558 over 240 frames.
dinhky-phase3-6 hai 
LOG (lattice-best-path[5.4.10~1-f629b]:main():lattice-best-path.cc:99) For utterance dinhky-phase3-7, best cost 17.7716 + 357.137 = 374.908 over 247 frames.
dinhky-phase3-7 mo86t 
LOG (lattice-best-path[5.4.10~1-f629b]:main():lattice-best-path.cc:99) For utterance dinhky-phase3-8, best cost 17.4462 + 308.513 = 325.959 over 233 frames.
dinhky-phase3-8 ba 
LOG (lattice-best-path[5.4.10~1-f629b]:main():lattice-best-path.cc:99) For utterance dinhky-phase3-9, best cost 17.4237 + 317.58 = 335.003 over 222 frames.
dinhky-phase3-9 mo86t 
LOG (lattice-best-path[5.4.10~1-f629b]:main():lattice-best-path.cc:99) For utterance dinhky-phase4-1, best cost 23.0674 + 386.542 = 409.61 over 240 frames.
dinhky-phase4-1 bo85n 
LOG (lattice-best-path[5.4.10~1-f629b]:main():lattice-best-path.cc:99) For utterance dinhky-phase4-2, best cost 15.5541 + 354.275 = 369.829 over 233 frames.
dinhky-phase4-2 hai 
LOG (lattice-best-path[5.4.10~1-f629b]:main():lattice-best-path.cc:99) For utterance dinhky-phase4-3, best cost 15.093 + 301.41 = 316.503 over 217 frames.
dinhky-phase4-3 ba 
LOG (lattice-best-path[5.4.10~1-f629b]:main():lattice-best-path.cc:99) For utterance dinhky-phase4-4, best cost 22.7336 + 351.87 = 374.603 over 233 frames.
dinhky-phase4-4 ba4y 
LOG (lattice-best-path[5.4.10~1-f629b]:main():lattice-best-path.cc:99) For utterance dinhky-phase4-5, best cost 15.9994 + 319.993 = 335.993 over 236 frames.
dinhky-phase4-5 chi5n 
LOG (lattice-best-path[5.4.10~1-f629b]:main():lattice-best-path.cc:99) For utterance dinhky-phase4-6, best cost 17.672 + 371.26 = 388.932 over 271 frames.
dinhky-phase4-6 ta5m 
LOG (lattice-best-path[5.4.10~1-f629b]:main():lattice-best-path.cc:99) For utterance dinhky-phase4-7, best cost 21.0428 + 407.907 = 428.95 over 282 frames.
dinhky-phase4-7 sa5u 
LOG (lattice-best-path[5.4.10~1-f629b]:main():lattice-best-path.cc:99) For utterance dinhky-phase4-8, best cost 16.4326 + 319.074 = 335.507 over 236 frames.
dinhky-phase4-8 ba4y 
LOG (lattice-best-path[5.4.10~1-f629b]:main():lattice-best-path.cc:99) For utterance dinhky-phase4-9, best cost 16.0833 + 332.779 = 348.862 over 240 frames.
dinhky-phase4-9 hai 
LOG (lattice-best-path[5.4.10~1-f629b]:main():lattice-best-path.cc:99) For utterance dinhky-phase5-1, best cost 25.0608 + 412.23 = 437.29 over 275 frames.
dinhky-phase5-1 ta5m 
LOG (lattice-best-path[5.4.10~1-f629b]:main():lattice-best-path.cc:99) For utterance dinhky-phase5-2, best cost 13.0808 + 361.9 = 374.981 over 240 frames.
dinhky-phase5-2 chi5n 
LOG (lattice-best-path[5.4.10~1-f629b]:main():lattice-best-path.cc:99) For utterance dinhky-phase5-3, best cost 27.2742 + 375.062 = 402.336 over 233 frames.
dinhky-phase5-3 na7m chi5n 
LOG (lattice-best-path[5.4.10~1-f629b]:main():lattice-best-path.cc:99) For utterance dinhky-phase5-4, best cost 23.0204 + 332.724 = 355.744 over 236 frames.
dinhky-phase5-4 bo85n 
LOG (lattice-best-path[5.4.10~1-f629b]:main():lattice-best-path.cc:99) For utterance dinhky-phase5-5, best cost 21.3164 + 403.917 = 425.233 over 271 frames.
dinhky-phase5-5 ba4y 
LOG (lattice-best-path[5.4.10~1-f629b]:main():lattice-best-path.cc:99) For utterance dinhky-phase5-6, best cost 16.3114 + 378.929 = 395.241 over 275 frames.
dinhky-phase5-6 na7m 
LOG (lattice-best-path[5.4.10~1-f629b]:main():lattice-best-path.cc:99) For utterance dinhky-phase5-7, best cost 18.4089 + 399.272 = 417.681 over 284 frames.
dinhky-phase5-7 ta5m 
LOG (lattice-best-path[5.4.10~1-f629b]:main():lattice-best-path.cc:99) For utterance dinhky-phase5-8, best cost 22.9557 + 433.72 = 456.676 over 264 frames.
dinhky-phase5-8 sa5u 
LOG (lattice-best-path[5.4.10~1-f629b]:main():lattice-best-path.cc:99) For utterance dinhky-phase5-9, best cost 19.0812 + 391.121 = 410.202 over 280 frames.
dinhky-phase5-9 bo85n 
LOG (lattice-scale[5.4.10~1-f629b]:main():lattice-scale.cc:90) Done 135 lattices.
LOG (lattice-best-path[5.4.10~1-f629b]:main():lattice-best-path.cc:99) For utterance dinhky-phase6-1, best cost 21.043 + 348.758 = 369.801 over 245 frames.
dinhky-phase6-1 bo85n 
LOG (lattice-best-path[5.4.10~1-f629b]:main():lattice-best-path.cc:99) For utterance dinhky-phase6-2, best cost 17.7151 + 345.03 = 362.745 over 261 frames.
dinhky-phase6-2 na7m 
LOG (lattice-best-path[5.4.10~1-f629b]:main():lattice-best-path.cc:99) For utterance dinhky-phase6-3, best cost 20.3382 + 407.025 = 427.363 over 289 frames.
dinhky-phase6-3 chi5n 
LOG (lattice-best-path[5.4.10~1-f629b]:main():lattice-best-path.cc:99) For utterance dinhky-phase6-4, best cost 17.5741 + 351.292 = 368.866 over 259 frames.
dinhky-phase6-4 bo85n 
LOG (lattice-best-path[5.4.10~1-f629b]:main():lattice-best-path.cc:99) For utterance dinhky-phase6-5, best cost 18.1124 + 361.594 = 379.707 over 247 frames.
dinhky-phase6-5 bo85n 
LOG (lattice-best-path[5.4.10~1-f629b]:main():lattice-best-path.cc:99) For utterance dinhky-phase6-6, best cost 18.0996 + 369.001 = 387.101 over 257 frames.
dinhky-phase6-6 na7m 
LOG (lattice-best-path[5.4.10~1-f629b]:main():lattice-best-path.cc:99) For utterance dinhky-phase6-7, best cost 18.9217 + 373.297 = 392.219 over 247 frames.
dinhky-phase6-7 ta5m 
LOG (lattice-best-path[5.4.10~1-f629b]:main():lattice-best-path.cc:99) For utterance dinhky-phase6-8, best cost 18.7375 + 366.561 = 385.298 over 240 frames.
dinhky-phase6-8 sa5u 
LOG (lattice-best-path[5.4.10~1-f629b]:main():lattice-best-path.cc:99) For utterance dinhky-phase6-9, best cost 23.1751 + 391.712 = 414.887 over 273 frames.
dinhky-phase6-9 ba4y 
LOG (lattice-best-path[5.4.10~1-f629b]:main():lattice-best-path.cc:99) For utterance dinhky-phase7-1, best cost 15.9196 + 302.919 = 318.839 over 217 frames.
dinhky-phase7-1 sa5u 
LOG (lattice-best-path[5.4.10~1-f629b]:main():lattice-best-path.cc:99) For utterance dinhky-phase7-2, best cost 20.5208 + 399.065 = 419.586 over 259 frames.
dinhky-phase7-2 chi5n 
LOG (lattice-best-path[5.4.10~1-f629b]:main():lattice-best-path.cc:99) For utterance dinhky-phase7-3, best cost 19.8783 + 381.836 = 401.714 over 261 frames.
dinhky-phase7-3 ta5m 
LOG (lattice-best-path[5.4.10~1-f629b]:main():lattice-best-path.cc:99) For utterance dinhky-phase7-4, best cost 26.6298 + 492.408 = 519.037 over 259 frames.
dinhky-phase7-4 na7m chi5n 
LOG (lattice-best-path[5.4.10~1-f629b]:main():lattice-best-path.cc:99) For utterance dinhky-phase7-5, best cost 16.7472 + 363.315 = 380.062 over 247 frames.
dinhky-phase7-5 sa5u 
LOG (lattice-best-path[5.4.10~1-f629b]:main():lattice-best-path.cc:99) For utterance dinhky-phase7-6, best cost 18.5689 + 358.735 = 377.304 over 247 frames.
dinhky-phase7-6 ta5m 
LOG (lattice-best-path[5.4.10~1-f629b]:main():lattice-best-path.cc:99) For utterance dinhky-phase7-7, best cost 20.701 + 400.632 = 421.333 over 226 frames.
dinhky-phase7-7 sa5u 
LOG (lattice-best-path[5.4.10~1-f629b]:main():lattice-best-path.cc:99) For utterance dinhky-phase7-8, best cost 19.0059 + 345.246 = 364.252 over 236 frames.
dinhky-phase7-8 bo85n 
LOG (lattice-best-path[5.4.10~1-f629b]:main():lattice-best-path.cc:99) For utterance dinhky-phase7-9, best cost 22.5379 + 372.79 = 395.328 over 275 frames.
dinhky-phase7-9 ba4y 
LOG (lattice-best-path[5.4.10~1-f629b]:main():lattice-best-path.cc:99) For utterance dinhky-phase8-1, best cost 21.2778 + 322.076 = 343.353 over 236 frames.
dinhky-phase8-1 na7m 
LOG (lattice-add-penalty[5.4.10~1-f629b]:main():lattice-add-penalty.cc:62) Done adding word insertion penalty to 135 lattices.
LOG (lattice-best-path[5.4.10~1-f629b]:main():lattice-best-path.cc:99) For utterance dinhky-phase8-2, best cost 18.2306 + 408.206 = 426.437 over 298 frames.
dinhky-phase8-2 chi5n 
LOG (lattice-best-path[5.4.10~1-f629b]:main():lattice-best-path.cc:99) For utterance dinhky-phase8-3, best cost 20.4596 + 368.918 = 389.377 over 264 frames.
dinhky-phase8-3 bo85n 
LOG (lattice-best-path[5.4.10~1-f629b]:main():lattice-best-path.cc:99) For utterance dinhky-phase8-4, best cost 22.4863 + 468.738 = 491.225 over 264 frames.
dinhky-phase8-4 na7m 
LOG (lattice-best-path[5.4.10~1-f629b]:main():lattice-best-path.cc:99) For utterance dinhky-phase8-5, best cost 18.2496 + 365.581 = 383.83 over 264 frames.
dinhky-phase8-5 chi5n 
LOG (lattice-best-path[5.4.10~1-f629b]:main():lattice-best-path.cc:99) For utterance dinhky-phase8-6, best cost 22.1432 + 356.719 = 378.862 over 259 frames.
dinhky-phase8-6 ba4y 
LOG (lattice-best-path[5.4.10~1-f629b]:main():lattice-best-path.cc:99) For utterance dinhky-phase8-7, best cost 16.5006 + 336.969 = 353.469 over 231 frames.
dinhky-phase8-7 sa5u 
LOG (lattice-best-path[5.4.10~1-f629b]:main():lattice-best-path.cc:99) For utterance dinhky-phase8-8, best cost 18.2037 + 376.66 = 394.864 over 273 frames.
dinhky-phase8-8 ta5m 
LOG (lattice-best-path[5.4.10~1-f629b]:main():lattice-best-path.cc:99) For utterance dinhky-phase8-9, best cost 24.1368 + 390.193 = 414.33 over 252 frames.
dinhky-phase8-9 ba4y 
LOG (lattice-best-path[5.4.10~1-f629b]:main():lattice-best-path.cc:99) For utterance dinhky-phase9-1, best cost 18.1416 + 361.472 = 379.613 over 257 frames.
dinhky-phase9-1 ta5m 
LOG (lattice-best-path[5.4.10~1-f629b]:main():lattice-best-path.cc:99) For utterance dinhky-phase9-2, best cost 21.879 + 367.648 = 389.527 over 238 frames.
dinhky-phase9-2 bo85n 
LOG (lattice-best-path[5.4.10~1-f629b]:main():lattice-best-path.cc:99) For utterance dinhky-phase9-3, best cost 18.4437 + 326.184 = 344.628 over 240 frames.
dinhky-phase9-3 ba4y 
LOG (lattice-best-path[5.4.10~1-f629b]:main():lattice-best-path.cc:99) For utterance dinhky-phase9-4, best cost 23.2823 + 475.977 = 499.259 over 282 frames.
dinhky-phase9-4 na7m 
LOG (lattice-best-path[5.4.10~1-f629b]:main():lattice-best-path.cc:99) For utterance dinhky-phase9-5, best cost 22.4662 + 380.346 = 402.812 over 250 frames.
dinhky-phase9-5 chi5n 
LOG (lattice-best-path[5.4.10~1-f629b]:main():lattice-best-path.cc:99) For utterance dinhky-phase9-6, best cost 21.3729 + 416.626 = 437.999 over 261 frames.
dinhky-phase9-6 bo85n 
LOG (lattice-best-path[5.4.10~1-f629b]:main():lattice-best-path.cc:99) For utterance dinhky-phase9-7, best cost 20.1997 + 384.633 = 404.833 over 275 frames.
dinhky-phase9-7 ta5m 
LOG (lattice-best-path[5.4.10~1-f629b]:main():lattice-best-path.cc:99) For utterance dinhky-phase9-8, best cost 18.7355 + 355.7 = 374.436 over 236 frames.
dinhky-phase9-8 sa5u 
LOG (lattice-best-path[5.4.10~1-f629b]:main():lattice-best-path.cc:99) For utterance dinhky-phase9-9, best cost 21.1118 + 353.54 = 374.652 over 238 frames.
dinhky-phase9-9 ta5m 
LOG (lattice-best-path[5.4.10~1-f629b]:main():lattice-best-path.cc:124) Overall cost per frame is 1.53567 = 0.0727576 [graph] + 1.46292 [acoustic] over 34862 frames.
LOG (lattice-best-path[5.4.10~1-f629b]:main():lattice-best-path.cc:128) Done 135 lattices, failed for 0
# Accounting: time=1 threads=1
# Ended (code 0) at Sun Apr 29 13:55:43 +07 2018, elapsed time 1 seconds
