# gmm-latgen-faster --beam=13.0 --lattice-beam=7.0 --acoustic-scale=0.1 --max-mem=20000000 --max-active=5000 --word-symbol-table=data/lang/words.txt exp/tri2b/final.mdl exp/tri2b_denlats/dengraph/HCLG.fst "ark,s,cs:apply-cmvn  --utt2spk=ark:data/train/split1/1/utt2spk scp:data/train/split1/1/cmvn.scp scp:data/train/split1/1/feats.scp ark:- | splice-feats  ark:- ark:- | transform-feats exp/tri2b/final.mat ark:- ark:- |" "ark:|gzip -c >exp/tri2b_denlats/lat.1.gz" 
# Started at Tue Mar 20 10:28:54 +07 2018
#
gmm-latgen-faster --beam=13.0 --lattice-beam=7.0 --acoustic-scale=0.1 --max-mem=20000000 --max-active=5000 --word-symbol-table=data/lang/words.txt exp/tri2b/final.mdl exp/tri2b_denlats/dengraph/HCLG.fst 'ark,s,cs:apply-cmvn  --utt2spk=ark:data/train/split1/1/utt2spk scp:data/train/split1/1/cmvn.scp scp:data/train/split1/1/feats.scp ark:- | splice-feats  ark:- ark:- | transform-feats exp/tri2b/final.mat ark:- ark:- |' 'ark:|gzip -c >exp/tri2b_denlats/lat.1.gz' 
transform-feats exp/tri2b/final.mat ark:- ark:- 
apply-cmvn --utt2spk=ark:data/train/split1/1/utt2spk scp:data/train/split1/1/cmvn.scp scp:data/train/split1/1/feats.scp ark:- 
splice-feats ark:- ark:- 
dinhky_Ky1 mo86t 
LOG (gmm-latgen-faster[5.4.10~1-f629b]:DecodeUtteranceLatticeFaster():decoder-wrappers.cc:286) Log-like per frame for utterance dinhky_Ky1 is -6.24907 over 221 frames.
dinhky_Ky2 hai 
LOG (gmm-latgen-faster[5.4.10~1-f629b]:DecodeUtteranceLatticeFaster():decoder-wrappers.cc:286) Log-like per frame for utterance dinhky_Ky2 is -6.66519 over 205 frames.
dinhky_Ky3 ba 
LOG (gmm-latgen-faster[5.4.10~1-f629b]:DecodeUtteranceLatticeFaster():decoder-wrappers.cc:286) Log-like per frame for utterance dinhky_Ky3 is -6.409 over 235 frames.
dinhky_Ky4 bo85n 
LOG (gmm-latgen-faster[5.4.10~1-f629b]:DecodeUtteranceLatticeFaster():decoder-wrappers.cc:286) Log-like per frame for utterance dinhky_Ky4 is -6.44642 over 216 frames.
dinhky_Ky5 na7m 
LOG (gmm-latgen-faster[5.4.10~1-f629b]:DecodeUtteranceLatticeFaster():decoder-wrappers.cc:286) Log-like per frame for utterance dinhky_Ky5 is -6.35848 over 239 frames.
dinhky_Ky6 sa5u 
LOG (gmm-latgen-faster[5.4.10~1-f629b]:DecodeUtteranceLatticeFaster():decoder-wrappers.cc:286) Log-like per frame for utterance dinhky_Ky6 is -6.56304 over 256 frames.
dinhky_Ky7 ba4y 
LOG (gmm-latgen-faster[5.4.10~1-f629b]:DecodeUtteranceLatticeFaster():decoder-wrappers.cc:286) Log-like per frame for utterance dinhky_Ky7 is -6.40933 over 230 frames.
dinhky_Ky8 ta5m 
LOG (gmm-latgen-faster[5.4.10~1-f629b]:DecodeUtteranceLatticeFaster():decoder-wrappers.cc:286) Log-like per frame for utterance dinhky_Ky8 is -6.37434 over 218 frames.
dinhky_Ky9 chi5n 
LOG (gmm-latgen-faster[5.4.10~1-f629b]:DecodeUtteranceLatticeFaster():decoder-wrappers.cc:286) Log-like per frame for utterance dinhky_Ky9 is -6.45321 over 205 frames.
dinhky_v1_Ky1 mo86t 
LOG (gmm-latgen-faster[5.4.10~1-f629b]:DecodeUtteranceLatticeFaster():decoder-wrappers.cc:286) Log-like per frame for utterance dinhky_v1_Ky1 is -5.30137 over 235 frames.
dinhky_v1_Ky2 hai 
LOG (gmm-latgen-faster[5.4.10~1-f629b]:DecodeUtteranceLatticeFaster():decoder-wrappers.cc:286) Log-like per frame for utterance dinhky_v1_Ky2 is -5.52259 over 270 frames.
dinhky_v1_Ky3 ba 
LOG (gmm-latgen-faster[5.4.10~1-f629b]:DecodeUtteranceLatticeFaster():decoder-wrappers.cc:286) Log-like per frame for utterance dinhky_v1_Ky3 is -5.5596 over 211 frames.
dinhky_v1_Ky4 bo85n 
LOG (gmm-latgen-faster[5.4.10~1-f629b]:DecodeUtteranceLatticeFaster():decoder-wrappers.cc:286) Log-like per frame for utterance dinhky_v1_Ky4 is -5.38968 over 321 frames.
dinhky_v1_Ky5 na7m 
LOG (gmm-latgen-faster[5.4.10~1-f629b]:DecodeUtteranceLatticeFaster():decoder-wrappers.cc:286) Log-like per frame for utterance dinhky_v1_Ky5 is -5.40862 over 239 frames.
dinhky_v1_Ky6 sa5u 
LOG (gmm-latgen-faster[5.4.10~1-f629b]:DecodeUtteranceLatticeFaster():decoder-wrappers.cc:286) Log-like per frame for utterance dinhky_v1_Ky6 is -5.42014 over 221 frames.
dinhky_v1_Ky7 ba4y 
LOG (gmm-latgen-faster[5.4.10~1-f629b]:DecodeUtteranceLatticeFaster():decoder-wrappers.cc:286) Log-like per frame for utterance dinhky_v1_Ky7 is -5.38919 over 256 frames.
dinhky_v1_Ky8 ta5m 
LOG (gmm-latgen-faster[5.4.10~1-f629b]:DecodeUtteranceLatticeFaster():decoder-wrappers.cc:286) Log-like per frame for utterance dinhky_v1_Ky8 is -5.52985 over 214 frames.
dinhky_v1_Ky9 chi5n 
LOG (gmm-latgen-faster[5.4.10~1-f629b]:DecodeUtteranceLatticeFaster():decoder-wrappers.cc:286) Log-like per frame for utterance dinhky_v1_Ky9 is -5.57156 over 228 frames.
dinhky_v2_Ky1 mo86t 
LOG (gmm-latgen-faster[5.4.10~1-f629b]:DecodeUtteranceLatticeFaster():decoder-wrappers.cc:286) Log-like per frame for utterance dinhky_v2_Ky1 is -5.28013 over 235 frames.
dinhky_v2_Ky2 hai 
LOG (gmm-latgen-faster[5.4.10~1-f629b]:DecodeUtteranceLatticeFaster():decoder-wrappers.cc:286) Log-like per frame for utterance dinhky_v2_Ky2 is -5.53512 over 270 frames.
dinhky_v2_Ky3 ba 
LOG (gmm-latgen-faster[5.4.10~1-f629b]:DecodeUtteranceLatticeFaster():decoder-wrappers.cc:286) Log-like per frame for utterance dinhky_v2_Ky3 is -5.54892 over 211 frames.
dinhky_v2_Ky4 bo85n 
LOG (gmm-latgen-faster[5.4.10~1-f629b]:DecodeUtteranceLatticeFaster():decoder-wrappers.cc:286) Log-like per frame for utterance dinhky_v2_Ky4 is -5.39943 over 321 frames.
dinhky_v2_Ky5 na7m 
LOG (gmm-latgen-faster[5.4.10~1-f629b]:DecodeUtteranceLatticeFaster():decoder-wrappers.cc:286) Log-like per frame for utterance dinhky_v2_Ky5 is -5.38118 over 239 frames.
dinhky_v2_Ky6 sa5u 
LOG (gmm-latgen-faster[5.4.10~1-f629b]:DecodeUtteranceLatticeFaster():decoder-wrappers.cc:286) Log-like per frame for utterance dinhky_v2_Ky6 is -5.42235 over 221 frames.
dinhky_v2_Ky7 ba4y 
LOG (gmm-latgen-faster[5.4.10~1-f629b]:DecodeUtteranceLatticeFaster():decoder-wrappers.cc:286) Log-like per frame for utterance dinhky_v2_Ky7 is -5.36935 over 256 frames.
dinhky_v2_Ky8 ta5m 
LOG (gmm-latgen-faster[5.4.10~1-f629b]:DecodeUtteranceLatticeFaster():decoder-wrappers.cc:286) Log-like per frame for utterance dinhky_v2_Ky8 is -5.49531 over 214 frames.
dinhky_v2_Ky9 chi5n 
LOG (gmm-latgen-faster[5.4.10~1-f629b]:DecodeUtteranceLatticeFaster():decoder-wrappers.cc:286) Log-like per frame for utterance dinhky_v2_Ky9 is -5.56439 over 228 frames.
LOG (apply-cmvn[5.4.10~1-f629b]:main():apply-cmvn.cc:162) Applied cepstral mean normalization to 36 utterances, errors on 0
dinhky_v3_Ky1 mo86t 
LOG (gmm-latgen-faster[5.4.10~1-f629b]:DecodeUtteranceLatticeFaster():decoder-wrappers.cc:286) Log-like per frame for utterance dinhky_v3_Ky1 is -5.27338 over 235 frames.
dinhky_v3_Ky2 hai 
LOG (gmm-latgen-faster[5.4.10~1-f629b]:DecodeUtteranceLatticeFaster():decoder-wrappers.cc:286) Log-like per frame for utterance dinhky_v3_Ky2 is -5.52718 over 270 frames.
dinhky_v3_Ky3 ba 
LOG (gmm-latgen-faster[5.4.10~1-f629b]:DecodeUtteranceLatticeFaster():decoder-wrappers.cc:286) Log-like per frame for utterance dinhky_v3_Ky3 is -5.5601 over 211 frames.
dinhky_v3_Ky4 bo85n 
LOG (gmm-latgen-faster[5.4.10~1-f629b]:DecodeUtteranceLatticeFaster():decoder-wrappers.cc:286) Log-like per frame for utterance dinhky_v3_Ky4 is -5.40156 over 321 frames.
dinhky_v3_Ky5 na7m 
LOG (gmm-latgen-faster[5.4.10~1-f629b]:DecodeUtteranceLatticeFaster():decoder-wrappers.cc:286) Log-like per frame for utterance dinhky_v3_Ky5 is -5.35855 over 239 frames.
dinhky_v3_Ky6 sa5u 
LOG (gmm-latgen-faster[5.4.10~1-f629b]:DecodeUtteranceLatticeFaster():decoder-wrappers.cc:286) Log-like per frame for utterance dinhky_v3_Ky6 is -5.39165 over 221 frames.
dinhky_v3_Ky7 ba4y 
LOG (gmm-latgen-faster[5.4.10~1-f629b]:DecodeUtteranceLatticeFaster():decoder-wrappers.cc:286) Log-like per frame for utterance dinhky_v3_Ky7 is -5.352 over 256 frames.
LOG (transform-feats[5.4.10~1-f629b]:main():transform-feats.cc:158) Overall average [pseudo-]logdet is -48.2993 over 8610 frames.
LOG (transform-feats[5.4.10~1-f629b]:main():transform-feats.cc:161) Applied transform to 36 utterances; 0 had errors.
dinhky_v3_Ky8 ta5m 
LOG (gmm-latgen-faster[5.4.10~1-f629b]:DecodeUtteranceLatticeFaster():decoder-wrappers.cc:286) Log-like per frame for utterance dinhky_v3_Ky8 is -5.50874 over 214 frames.
dinhky_v3_Ky9 chi5n 
LOG (gmm-latgen-faster[5.4.10~1-f629b]:DecodeUtteranceLatticeFaster():decoder-wrappers.cc:286) Log-like per frame for utterance dinhky_v3_Ky9 is -5.57301 over 228 frames.
LOG (gmm-latgen-faster[5.4.10~1-f629b]:main():gmm-latgen-faster.cc:176) Time taken 7.13619s: real-time factor assuming 100 frames/sec is 0.0828826
LOG (gmm-latgen-faster[5.4.10~1-f629b]:main():gmm-latgen-faster.cc:179) Done 36 utterances, failed for 0
LOG (gmm-latgen-faster[5.4.10~1-f629b]:main():gmm-latgen-faster.cc:181) Overall log-likelihood per frame is -5.67595 over 8610 frames.
# Accounting: time=7 threads=1
# Ended (code 0) at Tue Mar 20 10:29:01 +07 2018, elapsed time 7 seconds
