# gmm-gselect --n=50 "fgmm-global-to-gmm exp/ubm4/0.ubm - |" "ark,s,cs:apply-cmvn  --utt2spk=ark:data/train/split1/1/utt2spk scp:data/train/split1/1/cmvn.scp scp:data/train/split1/1/feats.scp ark:- | splice-feats  ark:- ark:- | transform-feats exp/tri3b_ali/final.mat ark:- ark:- | transform-feats --utt2spk=ark:data/train/split1/1/utt2spk ark,s,cs:exp/tri3b_ali/trans.1 ark:- ark:- |" "ark:|gzip -c >exp/ubm4/gselect.1.gz" 
# Started at Tue Mar 20 10:29:59 +07 2018
#
gmm-gselect --n=50 'fgmm-global-to-gmm exp/ubm4/0.ubm - |' 'ark,s,cs:apply-cmvn  --utt2spk=ark:data/train/split1/1/utt2spk scp:data/train/split1/1/cmvn.scp scp:data/train/split1/1/feats.scp ark:- | splice-feats  ark:- ark:- | transform-feats exp/tri3b_ali/final.mat ark:- ark:- | transform-feats --utt2spk=ark:data/train/split1/1/utt2spk ark,s,cs:exp/tri3b_ali/trans.1 ark:- ark:- |' 'ark:|gzip -c >exp/ubm4/gselect.1.gz' 
fgmm-global-to-gmm exp/ubm4/0.ubm - 
LOG (fgmm-global-to-gmm[5.4.10~1-f629b]:main():fgmm-global-to-gmm.cc:58) Written diagonal GMM to -
splice-feats ark:- ark:- 
transform-feats exp/tri3b_ali/final.mat ark:- ark:- 
transform-feats --utt2spk=ark:data/train/split1/1/utt2spk ark,s,cs:exp/tri3b_ali/trans.1 ark:- ark:- 
apply-cmvn --utt2spk=ark:data/train/split1/1/utt2spk scp:data/train/split1/1/cmvn.scp scp:data/train/split1/1/feats.scp ark:- 
LOG (gmm-gselect[5.4.10~1-f629b]:main():gmm-gselect.cc:114) For 0'th file, average UBM likelihood over 221 frames is -66.9517
LOG (gmm-gselect[5.4.10~1-f629b]:main():gmm-gselect.cc:114) For 10'th file, average UBM likelihood over 270 frames is -63.5547
LOG (gmm-gselect[5.4.10~1-f629b]:main():gmm-gselect.cc:114) For 20'th file, average UBM likelihood over 211 frames is -63.3176
LOG (apply-cmvn[5.4.10~1-f629b]:main():apply-cmvn.cc:162) Applied cepstral mean normalization to 36 utterances, errors on 0
LOG (gmm-gselect[5.4.10~1-f629b]:main():gmm-gselect.cc:114) For 30'th file, average UBM likelihood over 321 frames is -61.8637
LOG (transform-feats[5.4.10~1-f629b]:main():transform-feats.cc:158) Overall average [pseudo-]logdet is -48.2993 over 8610 frames.
LOG (transform-feats[5.4.10~1-f629b]:main():transform-feats.cc:161) Applied transform to 36 utterances; 0 had errors.
LOG (transform-feats[5.4.10~1-f629b]:main():transform-feats.cc:158) Overall average logdet is 2.06531 over 8610 frames.
LOG (transform-feats[5.4.10~1-f629b]:main():transform-feats.cc:161) Applied transform to 36 utterances; 0 had errors.
LOG (gmm-gselect[5.4.10~1-f629b]:main():gmm-gselect.cc:125) Done 36 files, 0 with errors, average UBM log-likelihood is -63.6479 over 8610 frames.
# Accounting: time=1 threads=1
# Ended (code 0) at Tue Mar 20 10:30:00 +07 2018, elapsed time 1 seconds
