# fgmm-global-est --remove-low-count-gaussians=false --verbose=2 exp/ubm4/1.ubm "fgmm-global-sum-accs - exp/ubm4/1.*.acc |" exp/ubm4/2.ubm 
# Started at Wed Mar 14 09:18:37 +07 2018
#
fgmm-global-est --remove-low-count-gaussians=false --verbose=2 exp/ubm4/1.ubm 'fgmm-global-sum-accs - exp/ubm4/1.*.acc |' exp/ubm4/2.ubm 
fgmm-global-sum-accs - exp/ubm4/1.1.acc exp/ubm4/1.2.acc exp/ubm4/1.3.acc exp/ubm4/1.4.acc 
LOG (fgmm-global-sum-accs[5.4.10~1-f629b]:main():fgmm-global-sum-accs.cc:59) Written stats to -
WARNING (fgmm-global-est[5.4.10~1-f629b]:MleFullGmmUpdate():mle-full-gmm.cc:371) Gaussian has too little data but not removing it because remove-low-count-gaussians == false: i = 0, occ = 28.0397, weight = 0.00462702
WARNING (fgmm-global-est[5.4.10~1-f629b]:MleFullGmmUpdate():mle-full-gmm.cc:371) Gaussian has too little data but not removing it because remove-low-count-gaussians == false: i = 1, occ = 30.3978, weight = 0.00501614
WARNING (fgmm-global-est[5.4.10~1-f629b]:MleFullGmmUpdate():mle-full-gmm.cc:371) Gaussian has too little data but not removing it because remove-low-count-gaussians == false: i = 2, occ = 16, weight = 0.00264026
WARNING (fgmm-global-est[5.4.10~1-f629b]:MleFullGmmUpdate():mle-full-gmm.cc:371) Gaussian has too little data but not removing it because remove-low-count-gaussians == false: i = 3, occ = 16, weight = 0.00264026
WARNING (fgmm-global-est[5.4.10~1-f629b]:MleFullGmmUpdate():mle-full-gmm.cc:371) Gaussian has too little data but not removing it because remove-low-count-gaussians == false: i = 4, occ = 22, weight = 0.00363036
WARNING (fgmm-global-est[5.4.10~1-f629b]:MleFullGmmUpdate():mle-full-gmm.cc:371) Gaussian has too little data but not removing it because remove-low-count-gaussians == false: i = 5, occ = 13.0807, weight = 0.00215854
WARNING (fgmm-global-est[5.4.10~1-f629b]:MleFullGmmUpdate():mle-full-gmm.cc:371) Gaussian has too little data but not removing it because remove-low-count-gaussians == false: i = 6, occ = 26.0573, weight = 0.00429988
WARNING (fgmm-global-est[5.4.10~1-f629b]:MleFullGmmUpdate():mle-full-gmm.cc:371) Gaussian has too little data but not removing it because remove-low-count-gaussians == false: i = 7, occ = 20.9446, weight = 0.0034562
WARNING (fgmm-global-est[5.4.10~1-f629b]:MleFullGmmUpdate():mle-full-gmm.cc:371) Gaussian has too little data but not removing it because remove-low-count-gaussians == false: i = 8, occ = 22.9963, weight = 0.00379476
WARNING (fgmm-global-est[5.4.10~1-f629b]:MleFullGmmUpdate():mle-full-gmm.cc:371) Gaussian has too little data but not removing it because remove-low-count-gaussians == false: i = 9, occ = 19.0341, weight = 0.00314094
WARNING (fgmm-global-est[5.4.10~1-f629b]:MleFullGmmUpdate():mle-full-gmm.cc:371) Gaussian has too little data but not removing it because remove-low-count-gaussians == false: i = 10, occ = 35.771, weight = 0.00590281
WARNING (fgmm-global-est[5.4.10~1-f629b]:MleFullGmmUpdate():mle-full-gmm.cc:371) Gaussian has too little data but not removing it because remove-low-count-gaussians == false: i = 11, occ = 14.9151, weight = 0.00246123
WARNING (fgmm-global-est[5.4.10~1-f629b]:MleFullGmmUpdate():mle-full-gmm.cc:371) Gaussian has too little data but not removing it because remove-low-count-gaussians == false: i = 12, occ = 18, weight = 0.0029703
WARNING (fgmm-global-est[5.4.10~1-f629b]:MleFullGmmUpdate():mle-full-gmm.cc:371) Gaussian has too little data but not removing it because remove-low-count-gaussians == false: i = 13, occ = 22.9899, weight = 0.00379371
WARNING (fgmm-global-est[5.4.10~1-f629b]:MleFullGmmUpdate():mle-full-gmm.cc:371) Gaussian has too little data but not removing it because remove-low-count-gaussians == false: i = 14, occ = 18.9748, weight = 0.00313115
WARNING (fgmm-global-est[5.4.10~1-f629b]:MleFullGmmUpdate():mle-full-gmm.cc:371) Gaussian has too little data but not removing it because remove-low-count-gaussians == false: i = 15, occ = 19.1241, weight = 0.00315579
WARNING (fgmm-global-est[5.4.10~1-f629b]:MleFullGmmUpdate():mle-full-gmm.cc:371) Gaussian has too little data but not removing it because remove-low-count-gaussians == false: i = 16, occ = 23.0261, weight = 0.00379968
WARNING (fgmm-global-est[5.4.10~1-f629b]:MleFullGmmUpdate():mle-full-gmm.cc:371) Gaussian has too little data but not removing it because remove-low-count-gaussians == false: i = 17, occ = 38.6374, weight = 0.00637581
WARNING (fgmm-global-est[5.4.10~1-f629b]:MleFullGmmUpdate():mle-full-gmm.cc:371) Gaussian has too little data but not removing it because remove-low-count-gaussians == false: i = 18, occ = 38.2662, weight = 0.00631455
WARNING (fgmm-global-est[5.4.10~1-f629b]:MleFullGmmUpdate():mle-full-gmm.cc:371) Gaussian has too little data but not removing it because remove-low-count-gaussians == false: i = 19, occ = 31.7814, weight = 0.00524445
WARNING (fgmm-global-est[5.4.10~1-f629b]:MleFullGmmUpdate():mle-full-gmm.cc:371) Gaussian has too little data but not removing it because remove-low-count-gaussians == false: i = 20, occ = 14.0001, weight = 0.00231026
WARNING (fgmm-global-est[5.4.10~1-f629b]:MleFullGmmUpdate():mle-full-gmm.cc:371) Gaussian has too little data but not removing it because remove-low-count-gaussians == false: i = 21, occ = 25.636, weight = 0.00423036
WARNING (fgmm-global-est[5.4.10~1-f629b]:MleFullGmmUpdate():mle-full-gmm.cc:371) Gaussian has too little data but not removing it because remove-low-count-gaussians == false: i = 22, occ = 32.5313, weight = 0.00536821
WARNING (fgmm-global-est[5.4.10~1-f629b]:MleFullGmmUpdate():mle-full-gmm.cc:371) Gaussian has too little data but not removing it because remove-low-count-gaussians == false: i = 23, occ = 21.9981, weight = 0.00363004
WARNING (fgmm-global-est[5.4.10~1-f629b]:MleFullGmmUpdate():mle-full-gmm.cc:371) Gaussian has too little data but not removing it because remove-low-count-gaussians == false: i = 24, occ = 14.0056, weight = 0.00231115
WARNING (fgmm-global-est[5.4.10~1-f629b]:MleFullGmmUpdate():mle-full-gmm.cc:371) Gaussian has too little data but not removing it because remove-low-count-gaussians == false: i = 25, occ = 11.2106, weight = 0.00184994
WARNING (fgmm-global-est[5.4.10~1-f629b]:MleFullGmmUpdate():mle-full-gmm.cc:371) Gaussian has too little data but not removing it because remove-low-count-gaussians == false: i = 26, occ = 29.7782, weight = 0.00491389
WARNING (fgmm-global-est[5.4.10~1-f629b]:MleFullGmmUpdate():mle-full-gmm.cc:371) Gaussian has too little data but not removing it because remove-low-count-gaussians == false: i = 27, occ = 26.8409, weight = 0.00442919
WARNING (fgmm-global-est[5.4.10~1-f629b]:MleFullGmmUpdate():mle-full-gmm.cc:371) Gaussian has too little data but not removing it because remove-low-count-gaussians == false: i = 28, occ = 27.1385, weight = 0.00447831
WARNING (fgmm-global-est[5.4.10~1-f629b]:MleFullGmmUpdate():mle-full-gmm.cc:371) Gaussian has too little data but not removing it because remove-low-count-gaussians == false: i = 29, occ = 23.8008, weight = 0.00392752
WARNING (fgmm-global-est[5.4.10~1-f629b]:MleFullGmmUpdate():mle-full-gmm.cc:371) Gaussian has too little data but not removing it because remove-low-count-gaussians == false: i = 30, occ = 30.8972, weight = 0.00509855
WARNING (fgmm-global-est[5.4.10~1-f629b]:MleFullGmmUpdate():mle-full-gmm.cc:371) Gaussian has too little data but not removing it because remove-low-count-gaussians == false: i = 31, occ = 10.3929, weight = 0.00171501
WARNING (fgmm-global-est[5.4.10~1-f629b]:MleFullGmmUpdate():mle-full-gmm.cc:371) Gaussian has too little data but not removing it because remove-low-count-gaussians == false: i = 32, occ = 17.004, weight = 0.00280594
WARNING (fgmm-global-est[5.4.10~1-f629b]:MleFullGmmUpdate():mle-full-gmm.cc:371) Gaussian has too little data but not removing it because remove-low-count-gaussians == false: i = 33, occ = 16.9814, weight = 0.00280221
WARNING (fgmm-global-est[5.4.10~1-f629b]:MleFullGmmUpdate():mle-full-gmm.cc:371) Gaussian has too little data but not removing it because remove-low-count-gaussians == false: i = 34, occ = 12.3057, weight = 0.00203065
WARNING (fgmm-global-est[5.4.10~1-f629b]:MleFullGmmUpdate():mle-full-gmm.cc:371) Gaussian has too little data but not removing it because remove-low-count-gaussians == false: i = 35, occ = 23.0062, weight = 0.00379639
WARNING (fgmm-global-est[5.4.10~1-f629b]:MleFullGmmUpdate():mle-full-gmm.cc:371) Gaussian has too little data but not removing it because remove-low-count-gaussians == false: i = 36, occ = 11, weight = 0.00181518
WARNING (fgmm-global-est[5.4.10~1-f629b]:MleFullGmmUpdate():mle-full-gmm.cc:371) Gaussian has too little data but not removing it because remove-low-count-gaussians == false: i = 37, occ = 29.0154, weight = 0.00478802
WARNING (fgmm-global-est[5.4.10~1-f629b]:MleFullGmmUpdate():mle-full-gmm.cc:371) Gaussian has too little data but not removing it because remove-low-count-gaussians == false: i = 38, occ = 24.0466, weight = 0.00396809
WARNING (fgmm-global-est[5.4.10~1-f629b]:MleFullGmmUpdate():mle-full-gmm.cc:371) Gaussian has too little data but not removing it because remove-low-count-gaussians == false: i = 39, occ = 25.7195, weight = 0.00424413
WARNING (fgmm-global-est[5.4.10~1-f629b]:MleFullGmmUpdate():mle-full-gmm.cc:371) Gaussian has too little data but not removing it because remove-low-count-gaussians == false: i = 40, occ = 31.1083, weight = 0.00513338
WARNING (fgmm-global-est[5.4.10~1-f629b]:MleFullGmmUpdate():mle-full-gmm.cc:371) Gaussian has too little data but not removing it because remove-low-count-gaussians == false: i = 41, occ = 20.307, weight = 0.00335099
WARNING (fgmm-global-est[5.4.10~1-f629b]:MleFullGmmUpdate():mle-full-gmm.cc:371) Gaussian has too little data but not removing it because remove-low-count-gaussians == false: i = 42, occ = 14.017, weight = 0.00231303
WARNING (fgmm-global-est[5.4.10~1-f629b]:MleFullGmmUpdate():mle-full-gmm.cc:371) Gaussian has too little data but not removing it because remove-low-count-gaussians == false: i = 43, occ = 24.259, weight = 0.00400314
WARNING (fgmm-global-est[5.4.10~1-f629b]:MleFullGmmUpdate():mle-full-gmm.cc:371) Gaussian has too little data but not removing it because remove-low-count-gaussians == false: i = 44, occ = 12.7552, weight = 0.00210481
WARNING (fgmm-global-est[5.4.10~1-f629b]:MleFullGmmUpdate():mle-full-gmm.cc:371) Gaussian has too little data but not removing it because remove-low-count-gaussians == false: i = 45, occ = 19.8313, weight = 0.00327249
WARNING (fgmm-global-est[5.4.10~1-f629b]:MleFullGmmUpdate():mle-full-gmm.cc:371) Gaussian has too little data but not removing it because remove-low-count-gaussians == false: i = 46, occ = 58.6189, weight = 0.00967309
WARNING (fgmm-global-est[5.4.10~1-f629b]:MleFullGmmUpdate():mle-full-gmm.cc:371) Gaussian has too little data but not removing it because remove-low-count-gaussians == false: i = 47, occ = 13.3746, weight = 0.00220704
WARNING (fgmm-global-est[5.4.10~1-f629b]:MleFullGmmUpdate():mle-full-gmm.cc:371) Gaussian has too little data but not removing it because remove-low-count-gaussians == false: i = 48, occ = 33.9361, weight = 0.00560002
WARNING (fgmm-global-est[5.4.10~1-f629b]:MleFullGmmUpdate():mle-full-gmm.cc:371) Gaussian has too little data but not removing it because remove-low-count-gaussians == false: i = 49, occ = 20.9259, weight = 0.00345312
WARNING (fgmm-global-est[5.4.10~1-f629b]:MleFullGmmUpdate():mle-full-gmm.cc:371) Gaussian has too little data but not removing it because remove-low-count-gaussians == false: i = 50, occ = 65.1733, weight = 0.0107547
WARNING (fgmm-global-est[5.4.10~1-f629b]:MleFullGmmUpdate():mle-full-gmm.cc:371) Gaussian has too little data but not removing it because remove-low-count-gaussians == false: i = 51, occ = 28.1173, weight = 0.00463982
WARNING (fgmm-global-est[5.4.10~1-f629b]:MleFullGmmUpdate():mle-full-gmm.cc:371) Gaussian has too little data but not removing it because remove-low-count-gaussians == false: i = 52, occ = 30.032, weight = 0.00495577
WARNING (fgmm-global-est[5.4.10~1-f629b]:MleFullGmmUpdate():mle-full-gmm.cc:371) Gaussian has too little data but not removing it because remove-low-count-gaussians == false: i = 53, occ = 20.0464, weight = 0.00330799
WARNING (fgmm-global-est[5.4.10~1-f629b]:MleFullGmmUpdate():mle-full-gmm.cc:371) Gaussian has too little data but not removing it because remove-low-count-gaussians == false: i = 54, occ = 34.6906, weight = 0.00572452
WARNING (fgmm-global-est[5.4.10~1-f629b]:MleFullGmmUpdate():mle-full-gmm.cc:371) Gaussian has too little data but not removing it because remove-low-count-gaussians == false: i = 55, occ = 38.9986, weight = 0.00643541
WARNING (fgmm-global-est[5.4.10~1-f629b]:MleFullGmmUpdate():mle-full-gmm.cc:371) Gaussian has too little data but not removing it because remove-low-count-gaussians == false: i = 56, occ = 45.577, weight = 0.00752095
WARNING (fgmm-global-est[5.4.10~1-f629b]:MleFullGmmUpdate():mle-full-gmm.cc:371) Gaussian has too little data but not removing it because remove-low-count-gaussians == false: i = 57, occ = 32.5182, weight = 0.00536604
WARNING (fgmm-global-est[5.4.10~1-f629b]:MleFullGmmUpdate():mle-full-gmm.cc:371) Gaussian has too little data but not removing it because remove-low-count-gaussians == false: i = 58, occ = 40.6719, weight = 0.00671153
WARNING (fgmm-global-est[5.4.10~1-f629b]:MleFullGmmUpdate():mle-full-gmm.cc:371) Gaussian has too little data but not removing it because remove-low-count-gaussians == false: i = 59, occ = 45.8206, weight = 0.00756116
WARNING (fgmm-global-est[5.4.10~1-f629b]:MleFullGmmUpdate():mle-full-gmm.cc:371) Gaussian has too little data but not removing it because remove-low-count-gaussians == false: i = 60, occ = 21.6943, weight = 0.00357992
WARNING (fgmm-global-est[5.4.10~1-f629b]:MleFullGmmUpdate():mle-full-gmm.cc:371) Gaussian has too little data but not removing it because remove-low-count-gaussians == false: i = 61, occ = 22.1846, weight = 0.00366082
WARNING (fgmm-global-est[5.4.10~1-f629b]:MleFullGmmUpdate():mle-full-gmm.cc:371) Gaussian has too little data but not removing it because remove-low-count-gaussians == false: i = 62, occ = 25.6714, weight = 0.0042362
WARNING (fgmm-global-est[5.4.10~1-f629b]:MleFullGmmUpdate():mle-full-gmm.cc:371) Gaussian has too little data but not removing it because remove-low-count-gaussians == false: i = 63, occ = 23.0877, weight = 0.00380985
WARNING (fgmm-global-est[5.4.10~1-f629b]:MleFullGmmUpdate():mle-full-gmm.cc:371) Gaussian has too little data but not removing it because remove-low-count-gaussians == false: i = 64, occ = 48.9676, weight = 0.00808046
WARNING (fgmm-global-est[5.4.10~1-f629b]:MleFullGmmUpdate():mle-full-gmm.cc:371) Gaussian has too little data but not removing it because remove-low-count-gaussians == false: i = 65, occ = 30.115, weight = 0.00496947
WARNING (fgmm-global-est[5.4.10~1-f629b]:MleFullGmmUpdate():mle-full-gmm.cc:371) Gaussian has too little data but not removing it because remove-low-count-gaussians == false: i = 66, occ = 28.5793, weight = 0.00471606
WARNING (fgmm-global-est[5.4.10~1-f629b]:MleFullGmmUpdate():mle-full-gmm.cc:371) Gaussian has too little data but not removing it because remove-low-count-gaussians == false: i = 67, occ = 27.5303, weight = 0.00454296
WARNING (fgmm-global-est[5.4.10~1-f629b]:MleFullGmmUpdate():mle-full-gmm.cc:371) Gaussian has too little data but not removing it because remove-low-count-gaussians == false: i = 68, occ = 39.7922, weight = 0.00656636
WARNING (fgmm-global-est[5.4.10~1-f629b]:MleFullGmmUpdate():mle-full-gmm.cc:371) Gaussian has too little data but not removing it because remove-low-count-gaussians == false: i = 69, occ = 32.2997, weight = 0.00532998
WARNING (fgmm-global-est[5.4.10~1-f629b]:MleFullGmmUpdate():mle-full-gmm.cc:371) Gaussian has too little data but not removing it because remove-low-count-gaussians == false: i = 70, occ = 22.2986, weight = 0.00367963
WARNING (fgmm-global-est[5.4.10~1-f629b]:MleFullGmmUpdate():mle-full-gmm.cc:371) Gaussian has too little data but not removing it because remove-low-count-gaussians == false: i = 71, occ = 31.5422, weight = 0.00520498
WARNING (fgmm-global-est[5.4.10~1-f629b]:MleFullGmmUpdate():mle-full-gmm.cc:371) Gaussian has too little data but not removing it because remove-low-count-gaussians == false: i = 72, occ = 31.2907, weight = 0.00516347
WARNING (fgmm-global-est[5.4.10~1-f629b]:MleFullGmmUpdate():mle-full-gmm.cc:371) Gaussian has too little data but not removing it because remove-low-count-gaussians == false: i = 73, occ = 42.7019, weight = 0.00704652
WARNING (fgmm-global-est[5.4.10~1-f629b]:MleFullGmmUpdate():mle-full-gmm.cc:371) Gaussian has too little data but not removing it because remove-low-count-gaussians == false: i = 74, occ = 29.0843, weight = 0.00479938
WARNING (fgmm-global-est[5.4.10~1-f629b]:MleFullGmmUpdate():mle-full-gmm.cc:371) Gaussian has too little data but not removing it because remove-low-count-gaussians == false: i = 75, occ = 32.9708, weight = 0.00544072
WARNING (fgmm-global-est[5.4.10~1-f629b]:MleFullGmmUpdate():mle-full-gmm.cc:371) Gaussian has too little data but not removing it because remove-low-count-gaussians == false: i = 76, occ = 43.3587, weight = 0.00715491
WARNING (fgmm-global-est[5.4.10~1-f629b]:MleFullGmmUpdate():mle-full-gmm.cc:371) Gaussian has too little data but not removing it because remove-low-count-gaussians == false: i = 77, occ = 22.9925, weight = 0.00379414
WARNING (fgmm-global-est[5.4.10~1-f629b]:MleFullGmmUpdate():mle-full-gmm.cc:371) Gaussian has too little data but not removing it because remove-low-count-gaussians == false: i = 78, occ = 17.7165, weight = 0.00292352
WARNING (fgmm-global-est[5.4.10~1-f629b]:MleFullGmmUpdate():mle-full-gmm.cc:371) Gaussian has too little data but not removing it because remove-low-count-gaussians == false: i = 79, occ = 26.4111, weight = 0.00435826
WARNING (fgmm-global-est[5.4.10~1-f629b]:MleFullGmmUpdate():mle-full-gmm.cc:371) Gaussian has too little data but not removing it because remove-low-count-gaussians == false: i = 80, occ = 18.4157, weight = 0.0030389
WARNING (fgmm-global-est[5.4.10~1-f629b]:MleFullGmmUpdate():mle-full-gmm.cc:371) Gaussian has too little data but not removing it because remove-low-count-gaussians == false: i = 81, occ = 46.0678, weight = 0.00760195
WARNING (fgmm-global-est[5.4.10~1-f629b]:MleFullGmmUpdate():mle-full-gmm.cc:371) Gaussian has too little data but not removing it because remove-low-count-gaussians == false: i = 82, occ = 24.0481, weight = 0.00396833
WARNING (fgmm-global-est[5.4.10~1-f629b]:MleFullGmmUpdate():mle-full-gmm.cc:371) Gaussian has too little data but not removing it because remove-low-count-gaussians == false: i = 83, occ = 29.9739, weight = 0.00494618
WARNING (fgmm-global-est[5.4.10~1-f629b]:MleFullGmmUpdate():mle-full-gmm.cc:371) Gaussian has too little data but not removing it because remove-low-count-gaussians == false: i = 84, occ = 26.0274, weight = 0.00429494
WARNING (fgmm-global-est[5.4.10~1-f629b]:MleFullGmmUpdate():mle-full-gmm.cc:371) Gaussian has too little data but not removing it because remove-low-count-gaussians == false: i = 85, occ = 50.2389, weight = 0.00829025
WARNING (fgmm-global-est[5.4.10~1-f629b]:MleFullGmmUpdate():mle-full-gmm.cc:371) Gaussian has too little data but not removing it because remove-low-count-gaussians == false: i = 86, occ = 23.3658, weight = 0.00385575
WARNING (fgmm-global-est[5.4.10~1-f629b]:MleFullGmmUpdate():mle-full-gmm.cc:371) Gaussian has too little data but not removing it because remove-low-count-gaussians == false: i = 87, occ = 23.3463, weight = 0.00385253
WARNING (fgmm-global-est[5.4.10~1-f629b]:MleFullGmmUpdate():mle-full-gmm.cc:371) Gaussian has too little data but not removing it because remove-low-count-gaussians == false: i = 88, occ = 45.9375, weight = 0.00758044
WARNING (fgmm-global-est[5.4.10~1-f629b]:MleFullGmmUpdate():mle-full-gmm.cc:371) Gaussian has too little data but not removing it because remove-low-count-gaussians == false: i = 89, occ = 27.2389, weight = 0.00449487
WARNING (fgmm-global-est[5.4.10~1-f629b]:MleFullGmmUpdate():mle-full-gmm.cc:371) Gaussian has too little data but not removing it because remove-low-count-gaussians == false: i = 90, occ = 40.7254, weight = 0.00672036
WARNING (fgmm-global-est[5.4.10~1-f629b]:MleFullGmmUpdate():mle-full-gmm.cc:371) Gaussian has too little data but not removing it because remove-low-count-gaussians == false: i = 91, occ = 56.6833, weight = 0.00935368
WARNING (fgmm-global-est[5.4.10~1-f629b]:MleFullGmmUpdate():mle-full-gmm.cc:371) Gaussian has too little data but not removing it because remove-low-count-gaussians == false: i = 92, occ = 36.4341, weight = 0.00601222
WARNING (fgmm-global-est[5.4.10~1-f629b]:MleFullGmmUpdate():mle-full-gmm.cc:371) Gaussian has too little data but not removing it because remove-low-count-gaussians == false: i = 93, occ = 31.2321, weight = 0.00515381
WARNING (fgmm-global-est[5.4.10~1-f629b]:MleFullGmmUpdate():mle-full-gmm.cc:371) Gaussian has too little data but not removing it because remove-low-count-gaussians == false: i = 94, occ = 26.4886, weight = 0.00437105
WARNING (fgmm-global-est[5.4.10~1-f629b]:MleFullGmmUpdate():mle-full-gmm.cc:371) Gaussian has too little data but not removing it because remove-low-count-gaussians == false: i = 95, occ = 24.6778, weight = 0.00407224
WARNING (fgmm-global-est[5.4.10~1-f629b]:MleFullGmmUpdate():mle-full-gmm.cc:371) Gaussian has too little data but not removing it because remove-low-count-gaussians == false: i = 96, occ = 28.1432, weight = 0.00464409
WARNING (fgmm-global-est[5.4.10~1-f629b]:MleFullGmmUpdate():mle-full-gmm.cc:371) Gaussian has too little data but not removing it because remove-low-count-gaussians == false: i = 97, occ = 19.5629, weight = 0.00322819
WARNING (fgmm-global-est[5.4.10~1-f629b]:MleFullGmmUpdate():mle-full-gmm.cc:371) Gaussian has too little data but not removing it because remove-low-count-gaussians == false: i = 98, occ = 20.7891, weight = 0.00343054
WARNING (fgmm-global-est[5.4.10~1-f629b]:MleFullGmmUpdate():mle-full-gmm.cc:371) Gaussian has too little data but not removing it because remove-low-count-gaussians == false: i = 99, occ = 29.1535, weight = 0.0048108
WARNING (fgmm-global-est[5.4.10~1-f629b]:MleFullGmmUpdate():mle-full-gmm.cc:371) Gaussian has too little data but not removing it because remove-low-count-gaussians == false: i = 100, occ = 32.8289, weight = 0.00541731
WARNING (fgmm-global-est[5.4.10~1-f629b]:MleFullGmmUpdate():mle-full-gmm.cc:371) Gaussian has too little data but not removing it because remove-low-count-gaussians == false: i = 101, occ = 35.1984, weight = 0.00580831
WARNING (fgmm-global-est[5.4.10~1-f629b]:MleFullGmmUpdate():mle-full-gmm.cc:371) Gaussian has too little data but not removing it because remove-low-count-gaussians == false: i = 102, occ = 41.1779, weight = 0.00679503
WARNING (fgmm-global-est[5.4.10~1-f629b]:MleFullGmmUpdate():mle-full-gmm.cc:371) Gaussian has too little data but not removing it because remove-low-count-gaussians == false: i = 103, occ = 86.0616, weight = 0.0142016
WARNING (fgmm-global-est[5.4.10~1-f629b]:MleFullGmmUpdate():mle-full-gmm.cc:371) Gaussian has too little data but not removing it because remove-low-count-gaussians == false: i = 104, occ = 75.5083, weight = 0.0124601
WARNING (fgmm-global-est[5.4.10~1-f629b]:MleFullGmmUpdate():mle-full-gmm.cc:371) Gaussian has too little data but not removing it because remove-low-count-gaussians == false: i = 105, occ = 35.099, weight = 0.00579192
WARNING (fgmm-global-est[5.4.10~1-f629b]:MleFullGmmUpdate():mle-full-gmm.cc:371) Gaussian has too little data but not removing it because remove-low-count-gaussians == false: i = 106, occ = 55.3826, weight = 0.00913904
WARNING (fgmm-global-est[5.4.10~1-f629b]:MleFullGmmUpdate():mle-full-gmm.cc:371) Gaussian has too little data but not removing it because remove-low-count-gaussians == false: i = 107, occ = 27.7105, weight = 0.00457269
WARNING (fgmm-global-est[5.4.10~1-f629b]:MleFullGmmUpdate():mle-full-gmm.cc:371) Gaussian has too little data but not removing it because remove-low-count-gaussians == false: i = 108, occ = 43.0242, weight = 0.0070997
WARNING (fgmm-global-est[5.4.10~1-f629b]:MleFullGmmUpdate():mle-full-gmm.cc:371) Gaussian has too little data but not removing it because remove-low-count-gaussians == false: i = 109, occ = 34.3267, weight = 0.00566448
WARNING (fgmm-global-est[5.4.10~1-f629b]:MleFullGmmUpdate():mle-full-gmm.cc:371) Gaussian has too little data but not removing it because remove-low-count-gaussians == false: i = 110, occ = 42.462, weight = 0.00700692
WARNING (fgmm-global-est[5.4.10~1-f629b]:MleFullGmmUpdate():mle-full-gmm.cc:371) Gaussian has too little data but not removing it because remove-low-count-gaussians == false: i = 111, occ = 80.5102, weight = 0.0132855
WARNING (fgmm-global-est[5.4.10~1-f629b]:MleFullGmmUpdate():mle-full-gmm.cc:371) Gaussian has too little data but not removing it because remove-low-count-gaussians == false: i = 112, occ = 25.3052, weight = 0.00417577
WARNING (fgmm-global-est[5.4.10~1-f629b]:MleFullGmmUpdate():mle-full-gmm.cc:371) Gaussian has too little data but not removing it because remove-low-count-gaussians == false: i = 113, occ = 41.0782, weight = 0.00677858
WARNING (fgmm-global-est[5.4.10~1-f629b]:MleFullGmmUpdate():mle-full-gmm.cc:371) Gaussian has too little data but not removing it because remove-low-count-gaussians == false: i = 114, occ = 23.6481, weight = 0.00390233
WARNING (fgmm-global-est[5.4.10~1-f629b]:MleFullGmmUpdate():mle-full-gmm.cc:371) Gaussian has too little data but not removing it because remove-low-count-gaussians == false: i = 115, occ = 32.1449, weight = 0.00530444
WARNING (fgmm-global-est[5.4.10~1-f629b]:MleFullGmmUpdate():mle-full-gmm.cc:371) Gaussian has too little data but not removing it because remove-low-count-gaussians == false: i = 116, occ = 55.7671, weight = 0.00920248
WARNING (fgmm-global-est[5.4.10~1-f629b]:MleFullGmmUpdate():mle-full-gmm.cc:371) Gaussian has too little data but not removing it because remove-low-count-gaussians == false: i = 117, occ = 44.4996, weight = 0.00734317
WARNING (fgmm-global-est[5.4.10~1-f629b]:MleFullGmmUpdate():mle-full-gmm.cc:371) Gaussian has too little data but not removing it because remove-low-count-gaussians == false: i = 118, occ = 39.7182, weight = 0.00655415
WARNING (fgmm-global-est[5.4.10~1-f629b]:MleFullGmmUpdate():mle-full-gmm.cc:371) Gaussian has too little data but not removing it because remove-low-count-gaussians == false: i = 119, occ = 27.2742, weight = 0.00450069
WARNING (fgmm-global-est[5.4.10~1-f629b]:MleFullGmmUpdate():mle-full-gmm.cc:371) Gaussian has too little data but not removing it because remove-low-count-gaussians == false: i = 120, occ = 57.0036, weight = 0.00940653
WARNING (fgmm-global-est[5.4.10~1-f629b]:MleFullGmmUpdate():mle-full-gmm.cc:371) Gaussian has too little data but not removing it because remove-low-count-gaussians == false: i = 121, occ = 55.4711, weight = 0.00915364
WARNING (fgmm-global-est[5.4.10~1-f629b]:MleFullGmmUpdate():mle-full-gmm.cc:371) Gaussian has too little data but not removing it because remove-low-count-gaussians == false: i = 122, occ = 66.8577, weight = 0.0110326
WARNING (fgmm-global-est[5.4.10~1-f629b]:MleFullGmmUpdate():mle-full-gmm.cc:371) Gaussian has too little data but not removing it because remove-low-count-gaussians == false: i = 123, occ = 59.03, weight = 0.00974092
WARNING (fgmm-global-est[5.4.10~1-f629b]:MleFullGmmUpdate():mle-full-gmm.cc:371) Gaussian has too little data but not removing it because remove-low-count-gaussians == false: i = 124, occ = 25.196, weight = 0.00415775
WARNING (fgmm-global-est[5.4.10~1-f629b]:MleFullGmmUpdate():mle-full-gmm.cc:371) Gaussian has too little data but not removing it because remove-low-count-gaussians == false: i = 125, occ = 32.4921, weight = 0.00536173
WARNING (fgmm-global-est[5.4.10~1-f629b]:MleFullGmmUpdate():mle-full-gmm.cc:371) Gaussian has too little data but not removing it because remove-low-count-gaussians == false: i = 126, occ = 84.5765, weight = 0.0139565
WARNING (fgmm-global-est[5.4.10~1-f629b]:MleFullGmmUpdate():mle-full-gmm.cc:371) Gaussian has too little data but not removing it because remove-low-count-gaussians == false: i = 127, occ = 47.8397, weight = 0.00789433
WARNING (fgmm-global-est[5.4.10~1-f629b]:MleFullGmmUpdate():mle-full-gmm.cc:371) Gaussian has too little data but not removing it because remove-low-count-gaussians == false: i = 128, occ = 34.5655, weight = 0.00570388
WARNING (fgmm-global-est[5.4.10~1-f629b]:MleFullGmmUpdate():mle-full-gmm.cc:371) Gaussian has too little data but not removing it because remove-low-count-gaussians == false: i = 129, occ = 31.9289, weight = 0.00526879
WARNING (fgmm-global-est[5.4.10~1-f629b]:MleFullGmmUpdate():mle-full-gmm.cc:371) Gaussian has too little data but not removing it because remove-low-count-gaussians == false: i = 130, occ = 21.6225, weight = 0.00356807
WARNING (fgmm-global-est[5.4.10~1-f629b]:MleFullGmmUpdate():mle-full-gmm.cc:371) Gaussian has too little data but not removing it because remove-low-count-gaussians == false: i = 131, occ = 15.9997, weight = 0.00264021
WARNING (fgmm-global-est[5.4.10~1-f629b]:MleFullGmmUpdate():mle-full-gmm.cc:371) Gaussian has too little data but not removing it because remove-low-count-gaussians == false: i = 132, occ = 26.6806, weight = 0.00440274
WARNING (fgmm-global-est[5.4.10~1-f629b]:MleFullGmmUpdate():mle-full-gmm.cc:371) Gaussian has too little data but not removing it because remove-low-count-gaussians == false: i = 133, occ = 24.0711, weight = 0.00397212
WARNING (fgmm-global-est[5.4.10~1-f629b]:MleFullGmmUpdate():mle-full-gmm.cc:371) Gaussian has too little data but not removing it because remove-low-count-gaussians == false: i = 134, occ = 32.4464, weight = 0.0053542
WARNING (fgmm-global-est[5.4.10~1-f629b]:MleFullGmmUpdate():mle-full-gmm.cc:371) Gaussian has too little data but not removing it because remove-low-count-gaussians == false: i = 135, occ = 26.1447, weight = 0.0043143
WARNING (fgmm-global-est[5.4.10~1-f629b]:MleFullGmmUpdate():mle-full-gmm.cc:371) Gaussian has too little data but not removing it because remove-low-count-gaussians == false: i = 136, occ = 18.3164, weight = 0.0030225
WARNING (fgmm-global-est[5.4.10~1-f629b]:MleFullGmmUpdate():mle-full-gmm.cc:371) Gaussian has too little data but not removing it because remove-low-count-gaussians == false: i = 137, occ = 35.821, weight = 0.00591106
WARNING (fgmm-global-est[5.4.10~1-f629b]:MleFullGmmUpdate():mle-full-gmm.cc:371) Gaussian has too little data but not removing it because remove-low-count-gaussians == false: i = 138, occ = 21.9866, weight = 0.00362815
WARNING (fgmm-global-est[5.4.10~1-f629b]:MleFullGmmUpdate():mle-full-gmm.cc:371) Gaussian has too little data but not removing it because remove-low-count-gaussians == false: i = 139, occ = 16.0164, weight = 0.00264296
WARNING (fgmm-global-est[5.4.10~1-f629b]:MleFullGmmUpdate():mle-full-gmm.cc:371) Gaussian has too little data but not removing it because remove-low-count-gaussians == false: i = 140, occ = 14.0015, weight = 0.00231048
WARNING (fgmm-global-est[5.4.10~1-f629b]:MleFullGmmUpdate():mle-full-gmm.cc:371) Gaussian has too little data but not removing it because remove-low-count-gaussians == false: i = 141, occ = 20.7136, weight = 0.00341809
WARNING (fgmm-global-est[5.4.10~1-f629b]:MleFullGmmUpdate():mle-full-gmm.cc:371) Gaussian has too little data but not removing it because remove-low-count-gaussians == false: i = 142, occ = 19.3368, weight = 0.00319089
WARNING (fgmm-global-est[5.4.10~1-f629b]:MleFullGmmUpdate():mle-full-gmm.cc:371) Gaussian has too little data but not removing it because remove-low-count-gaussians == false: i = 143, occ = 35.5182, weight = 0.00586109
WARNING (fgmm-global-est[5.4.10~1-f629b]:MleFullGmmUpdate():mle-full-gmm.cc:371) Gaussian has too little data but not removing it because remove-low-count-gaussians == false: i = 144, occ = 23.9914, weight = 0.00395898
WARNING (fgmm-global-est[5.4.10~1-f629b]:MleFullGmmUpdate():mle-full-gmm.cc:371) Gaussian has too little data but not removing it because remove-low-count-gaussians == false: i = 145, occ = 21.1769, weight = 0.00349454
WARNING (fgmm-global-est[5.4.10~1-f629b]:MleFullGmmUpdate():mle-full-gmm.cc:371) Gaussian has too little data but not removing it because remove-low-count-gaussians == false: i = 146, occ = 19.1598, weight = 0.00316169
WARNING (fgmm-global-est[5.4.10~1-f629b]:MleFullGmmUpdate():mle-full-gmm.cc:371) Gaussian has too little data but not removing it because remove-low-count-gaussians == false: i = 147, occ = 20.5438, weight = 0.00339006
WARNING (fgmm-global-est[5.4.10~1-f629b]:MleFullGmmUpdate():mle-full-gmm.cc:371) Gaussian has too little data but not removing it because remove-low-count-gaussians == false: i = 148, occ = 16.3802, weight = 0.002703
WARNING (fgmm-global-est[5.4.10~1-f629b]:MleFullGmmUpdate():mle-full-gmm.cc:371) Gaussian has too little data but not removing it because remove-low-count-gaussians == false: i = 149, occ = 24.1785, weight = 0.00398985
WARNING (fgmm-global-est[5.4.10~1-f629b]:MleFullGmmUpdate():mle-full-gmm.cc:371) Gaussian has too little data but not removing it because remove-low-count-gaussians == false: i = 150, occ = 32.1185, weight = 0.00530008
WARNING (fgmm-global-est[5.4.10~1-f629b]:MleFullGmmUpdate():mle-full-gmm.cc:371) Gaussian has too little data but not removing it because remove-low-count-gaussians == false: i = 151, occ = 24.1584, weight = 0.00398654
WARNING (fgmm-global-est[5.4.10~1-f629b]:MleFullGmmUpdate():mle-full-gmm.cc:371) Gaussian has too little data but not removing it because remove-low-count-gaussians == false: i = 152, occ = 12.0284, weight = 0.00198489
WARNING (fgmm-global-est[5.4.10~1-f629b]:MleFullGmmUpdate():mle-full-gmm.cc:371) Gaussian has too little data but not removing it because remove-low-count-gaussians == false: i = 153, occ = 12.0929, weight = 0.00199552
WARNING (fgmm-global-est[5.4.10~1-f629b]:MleFullGmmUpdate():mle-full-gmm.cc:371) Gaussian has too little data but not removing it because remove-low-count-gaussians == false: i = 154, occ = 22.878, weight = 0.00377525
WARNING (fgmm-global-est[5.4.10~1-f629b]:MleFullGmmUpdate():mle-full-gmm.cc:371) Gaussian has too little data but not removing it because remove-low-count-gaussians == false: i = 155, occ = 37.4991, weight = 0.00618798
WARNING (fgmm-global-est[5.4.10~1-f629b]:MleFullGmmUpdate():mle-full-gmm.cc:371) Gaussian has too little data but not removing it because remove-low-count-gaussians == false: i = 156, occ = 60.3358, weight = 0.00995641
WARNING (fgmm-global-est[5.4.10~1-f629b]:MleFullGmmUpdate():mle-full-gmm.cc:371) Gaussian has too little data but not removing it because remove-low-count-gaussians == false: i = 157, occ = 10.8228, weight = 0.00178595
WARNING (fgmm-global-est[5.4.10~1-f629b]:MleFullGmmUpdate():mle-full-gmm.cc:371) Gaussian has too little data but not removing it because remove-low-count-gaussians == false: i = 158, occ = 63.3532, weight = 0.0104543
WARNING (fgmm-global-est[5.4.10~1-f629b]:MleFullGmmUpdate():mle-full-gmm.cc:371) Gaussian has too little data but not removing it because remove-low-count-gaussians == false: i = 159, occ = 29.5688, weight = 0.00487935
WARNING (fgmm-global-est[5.4.10~1-f629b]:MleFullGmmUpdate():mle-full-gmm.cc:371) Gaussian has too little data but not removing it because remove-low-count-gaussians == false: i = 161, occ = 13.902, weight = 0.00229407
WARNING (fgmm-global-est[5.4.10~1-f629b]:MleFullGmmUpdate():mle-full-gmm.cc:371) Gaussian has too little data but not removing it because remove-low-count-gaussians == false: i = 162, occ = 27.2437, weight = 0.00449567
WARNING (fgmm-global-est[5.4.10~1-f629b]:MleFullGmmUpdate():mle-full-gmm.cc:371) Gaussian has too little data but not removing it because remove-low-count-gaussians == false: i = 163, occ = 39.9677, weight = 0.00659533
WARNING (fgmm-global-est[5.4.10~1-f629b]:MleFullGmmUpdate():mle-full-gmm.cc:371) Gaussian has too little data but not removing it because remove-low-count-gaussians == false: i = 164, occ = 13.507, weight = 0.00222888
WARNING (fgmm-global-est[5.4.10~1-f629b]:MleFullGmmUpdate():mle-full-gmm.cc:371) Gaussian has too little data but not removing it because remove-low-count-gaussians == false: i = 165, occ = 26.3195, weight = 0.00434315
WARNING (fgmm-global-est[5.4.10~1-f629b]:MleFullGmmUpdate():mle-full-gmm.cc:371) Gaussian has too little data but not removing it because remove-low-count-gaussians == false: i = 166, occ = 12.0153, weight = 0.00198272
WARNING (fgmm-global-est[5.4.10~1-f629b]:MleFullGmmUpdate():mle-full-gmm.cc:371) Gaussian has too little data but not removing it because remove-low-count-gaussians == false: i = 167, occ = 22.1232, weight = 0.0036507
WARNING (fgmm-global-est[5.4.10~1-f629b]:MleFullGmmUpdate():mle-full-gmm.cc:371) Gaussian has too little data but not removing it because remove-low-count-gaussians == false: i = 168, occ = 93.0996, weight = 0.015363
WARNING (fgmm-global-est[5.4.10~1-f629b]:MleFullGmmUpdate():mle-full-gmm.cc:371) Gaussian has too little data but not removing it because remove-low-count-gaussians == false: i = 169, occ = 65.2736, weight = 0.0107712
WARNING (fgmm-global-est[5.4.10~1-f629b]:MleFullGmmUpdate():mle-full-gmm.cc:371) Gaussian has too little data but not removing it because remove-low-count-gaussians == false: i = 170, occ = 17.5091, weight = 0.00288929
WARNING (fgmm-global-est[5.4.10~1-f629b]:MleFullGmmUpdate():mle-full-gmm.cc:371) Gaussian has too little data but not removing it because remove-low-count-gaussians == false: i = 171, occ = 29.0244, weight = 0.00478951
WARNING (fgmm-global-est[5.4.10~1-f629b]:MleFullGmmUpdate():mle-full-gmm.cc:371) Gaussian has too little data but not removing it because remove-low-count-gaussians == false: i = 172, occ = 37.5437, weight = 0.00619533
WARNING (fgmm-global-est[5.4.10~1-f629b]:MleFullGmmUpdate():mle-full-gmm.cc:371) Gaussian has too little data but not removing it because remove-low-count-gaussians == false: i = 173, occ = 14.2758, weight = 0.00235574
WARNING (fgmm-global-est[5.4.10~1-f629b]:MleFullGmmUpdate():mle-full-gmm.cc:371) Gaussian has too little data but not removing it because remove-low-count-gaussians == false: i = 174, occ = 11.9819, weight = 0.00197721
WARNING (fgmm-global-est[5.4.10~1-f629b]:MleFullGmmUpdate():mle-full-gmm.cc:371) Gaussian has too little data but not removing it because remove-low-count-gaussians == false: i = 175, occ = 32.9319, weight = 0.0054343
WARNING (fgmm-global-est[5.4.10~1-f629b]:MleFullGmmUpdate():mle-full-gmm.cc:371) Gaussian has too little data but not removing it because remove-low-count-gaussians == false: i = 176, occ = 18.9412, weight = 0.00312561
WARNING (fgmm-global-est[5.4.10~1-f629b]:MleFullGmmUpdate():mle-full-gmm.cc:371) Gaussian has too little data but not removing it because remove-low-count-gaussians == false: i = 177, occ = 24.3028, weight = 0.00401037
WARNING (fgmm-global-est[5.4.10~1-f629b]:MleFullGmmUpdate():mle-full-gmm.cc:371) Gaussian has too little data but not removing it because remove-low-count-gaussians == false: i = 178, occ = 21.8751, weight = 0.00360976
WARNING (fgmm-global-est[5.4.10~1-f629b]:MleFullGmmUpdate():mle-full-gmm.cc:371) Gaussian has too little data but not removing it because remove-low-count-gaussians == false: i = 179, occ = 18.0041, weight = 0.00297097
WARNING (fgmm-global-est[5.4.10~1-f629b]:MleFullGmmUpdate():mle-full-gmm.cc:371) Gaussian has too little data but not removing it because remove-low-count-gaussians == false: i = 180, occ = 24.8358, weight = 0.00409831
WARNING (fgmm-global-est[5.4.10~1-f629b]:MleFullGmmUpdate():mle-full-gmm.cc:371) Gaussian has too little data but not removing it because remove-low-count-gaussians == false: i = 181, occ = 34.0046, weight = 0.00561132
WARNING (fgmm-global-est[5.4.10~1-f629b]:MleFullGmmUpdate():mle-full-gmm.cc:371) Gaussian has too little data but not removing it because remove-low-count-gaussians == false: i = 182, occ = 27.8834, weight = 0.00460122
WARNING (fgmm-global-est[5.4.10~1-f629b]:MleFullGmmUpdate():mle-full-gmm.cc:371) Gaussian has too little data but not removing it because remove-low-count-gaussians == false: i = 183, occ = 26.1945, weight = 0.00432253
WARNING (fgmm-global-est[5.4.10~1-f629b]:MleFullGmmUpdate():mle-full-gmm.cc:371) Gaussian has too little data but not removing it because remove-low-count-gaussians == false: i = 184, occ = 33.5831, weight = 0.00554177
WARNING (fgmm-global-est[5.4.10~1-f629b]:MleFullGmmUpdate():mle-full-gmm.cc:371) Gaussian has too little data but not removing it because remove-low-count-gaussians == false: i = 185, occ = 15.8986, weight = 0.00262353
WARNING (fgmm-global-est[5.4.10~1-f629b]:MleFullGmmUpdate():mle-full-gmm.cc:371) Gaussian has too little data but not removing it because remove-low-count-gaussians == false: i = 186, occ = 29.9994, weight = 0.0049504
WARNING (fgmm-global-est[5.4.10~1-f629b]:MleFullGmmUpdate():mle-full-gmm.cc:371) Gaussian has too little data but not removing it because remove-low-count-gaussians == false: i = 187, occ = 28.6444, weight = 0.00472679
WARNING (fgmm-global-est[5.4.10~1-f629b]:MleFullGmmUpdate():mle-full-gmm.cc:371) Gaussian has too little data but not removing it because remove-low-count-gaussians == false: i = 188, occ = 31.2845, weight = 0.00516246
WARNING (fgmm-global-est[5.4.10~1-f629b]:MleFullGmmUpdate():mle-full-gmm.cc:371) Gaussian has too little data but not removing it because remove-low-count-gaussians == false: i = 189, occ = 32.232, weight = 0.00531882
WARNING (fgmm-global-est[5.4.10~1-f629b]:MleFullGmmUpdate():mle-full-gmm.cc:371) Gaussian has too little data but not removing it because remove-low-count-gaussians == false: i = 190, occ = 28.0979, weight = 0.00463662
WARNING (fgmm-global-est[5.4.10~1-f629b]:MleFullGmmUpdate():mle-full-gmm.cc:371) Gaussian has too little data but not removing it because remove-low-count-gaussians == false: i = 191, occ = 16.118, weight = 0.00265974
WARNING (fgmm-global-est[5.4.10~1-f629b]:MleFullGmmUpdate():mle-full-gmm.cc:371) Gaussian has too little data but not removing it because remove-low-count-gaussians == false: i = 192, occ = 26.4239, weight = 0.00436038
WARNING (fgmm-global-est[5.4.10~1-f629b]:MleFullGmmUpdate():mle-full-gmm.cc:371) Gaussian has too little data but not removing it because remove-low-count-gaussians == false: i = 193, occ = 15.9997, weight = 0.00264022
WARNING (fgmm-global-est[5.4.10~1-f629b]:MleFullGmmUpdate():mle-full-gmm.cc:371) Gaussian has too little data but not removing it because remove-low-count-gaussians == false: i = 194, occ = 29, weight = 0.00478547
WARNING (fgmm-global-est[5.4.10~1-f629b]:MleFullGmmUpdate():mle-full-gmm.cc:371) Gaussian has too little data but not removing it because remove-low-count-gaussians == false: i = 195, occ = 15.0061, weight = 0.00247626
WARNING (fgmm-global-est[5.4.10~1-f629b]:MleFullGmmUpdate():mle-full-gmm.cc:371) Gaussian has too little data but not removing it because remove-low-count-gaussians == false: i = 196, occ = 12, weight = 0.0019802
WARNING (fgmm-global-est[5.4.10~1-f629b]:MleFullGmmUpdate():mle-full-gmm.cc:371) Gaussian has too little data but not removing it because remove-low-count-gaussians == false: i = 197, occ = 34.9999, weight = 0.00577556
WARNING (fgmm-global-est[5.4.10~1-f629b]:MleFullGmmUpdate():mle-full-gmm.cc:371) Gaussian has too little data but not removing it because remove-low-count-gaussians == false: i = 198, occ = 31.8871, weight = 0.0052619
WARNING (fgmm-global-est[5.4.10~1-f629b]:MleFullGmmUpdate():mle-full-gmm.cc:371) Gaussian has too little data but not removing it because remove-low-count-gaussians == false: i = 199, occ = 29.0002, weight = 0.00478551
LOG (fgmm-global-est[5.4.10~1-f629b]:main():fgmm-global-est.cc:78) Overall objective function improvement is 0.0429868 per frame over 6060 frames.
LOG (fgmm-global-est[5.4.10~1-f629b]:main():fgmm-global-est.cc:88) Written model to exp/ubm4/2.ubm
# Accounting: time=0 threads=1
# Ended (code 0) at Wed Mar 14 09:18:37 +07 2018, elapsed time 0 seconds
