# fgmm-global-est --verbose=2 exp/ubm4/2.ubm "fgmm-global-sum-accs - exp/ubm4/2.*.acc |" exp/ubm4/3.ubm 
# Started at Tue Mar 20 10:30:06 +07 2018
#
fgmm-global-est --verbose=2 exp/ubm4/2.ubm 'fgmm-global-sum-accs - exp/ubm4/2.*.acc |' exp/ubm4/3.ubm 
fgmm-global-sum-accs - exp/ubm4/2.1.acc 
LOG (fgmm-global-sum-accs[5.4.10~1-f629b]:main():fgmm-global-sum-accs.cc:59) Written stats to -
WARNING (fgmm-global-est[5.4.10~1-f629b]:MleFullGmmUpdate():mle-full-gmm.cc:365) Too little data - removing Gaussian (weight 0.001858, occupation count 16.000000, vector size 40)
WARNING (fgmm-global-est[5.4.10~1-f629b]:MleFullGmmUpdate():mle-full-gmm.cc:365) Too little data - removing Gaussian (weight 0.003486, occupation count 30.013052, vector size 40)
WARNING (fgmm-global-est[5.4.10~1-f629b]:MleFullGmmUpdate():mle-full-gmm.cc:365) Too little data - removing Gaussian (weight 0.003368, occupation count 28.999998, vector size 40)
WARNING (fgmm-global-est[5.4.10~1-f629b]:MleFullGmmUpdate():mle-full-gmm.cc:365) Too little data - removing Gaussian (weight 0.003833, occupation count 32.999969, vector size 40)
WARNING (fgmm-global-est[5.4.10~1-f629b]:MleFullGmmUpdate():mle-full-gmm.cc:365) Too little data - removing Gaussian (weight 0.002790, occupation count 24.019865, vector size 40)
WARNING (fgmm-global-est[5.4.10~1-f629b]:MleFullGmmUpdate():mle-full-gmm.cc:365) Too little data - removing Gaussian (weight 0.006354, occupation count 54.704590, vector size 40)
WARNING (fgmm-global-est[5.4.10~1-f629b]:MleFullGmmUpdate():mle-full-gmm.cc:365) Too little data - removing Gaussian (weight 0.003136, occupation count 27.002035, vector size 40)
WARNING (fgmm-global-est[5.4.10~1-f629b]:MleFullGmmUpdate():mle-full-gmm.cc:365) Too little data - removing Gaussian (weight 0.002615, occupation count 22.515261, vector size 40)
WARNING (fgmm-global-est[5.4.10~1-f629b]:MleFullGmmUpdate():mle-full-gmm.cc:365) Too little data - removing Gaussian (weight 0.004775, occupation count 41.111504, vector size 40)
WARNING (fgmm-global-est[5.4.10~1-f629b]:MleFullGmmUpdate():mle-full-gmm.cc:365) Too little data - removing Gaussian (weight 0.002800, occupation count 24.104856, vector size 40)
WARNING (fgmm-global-est[5.4.10~1-f629b]:MleFullGmmUpdate():mle-full-gmm.cc:365) Too little data - removing Gaussian (weight 0.002515, occupation count 21.652540, vector size 40)
WARNING (fgmm-global-est[5.4.10~1-f629b]:MleFullGmmUpdate():mle-full-gmm.cc:365) Too little data - removing Gaussian (weight 0.004698, occupation count 40.452671, vector size 40)
WARNING (fgmm-global-est[5.4.10~1-f629b]:MleFullGmmUpdate():mle-full-gmm.cc:365) Too little data - removing Gaussian (weight 0.003666, occupation count 31.566389, vector size 40)
WARNING (fgmm-global-est[5.4.10~1-f629b]:MleFullGmmUpdate():mle-full-gmm.cc:365) Too little data - removing Gaussian (weight 0.004775, occupation count 41.114399, vector size 40)
WARNING (fgmm-global-est[5.4.10~1-f629b]:MleFullGmmUpdate():mle-full-gmm.cc:365) Too little data - removing Gaussian (weight 0.001922, occupation count 16.544376, vector size 40)
WARNING (fgmm-global-est[5.4.10~1-f629b]:MleFullGmmUpdate():mle-full-gmm.cc:365) Too little data - removing Gaussian (weight 0.002178, occupation count 18.756229, vector size 40)
WARNING (fgmm-global-est[5.4.10~1-f629b]:MleFullGmmUpdate():mle-full-gmm.cc:365) Too little data - removing Gaussian (weight 0.003393, occupation count 29.217308, vector size 40)
WARNING (fgmm-global-est[5.4.10~1-f629b]:MleFullGmmUpdate():mle-full-gmm.cc:365) Too little data - removing Gaussian (weight 0.003218, occupation count 27.706514, vector size 40)
WARNING (fgmm-global-est[5.4.10~1-f629b]:MleFullGmmUpdate():mle-full-gmm.cc:365) Too little data - removing Gaussian (weight 0.004861, occupation count 41.856697, vector size 40)
WARNING (fgmm-global-est[5.4.10~1-f629b]:MleFullGmmUpdate():mle-full-gmm.cc:365) Too little data - removing Gaussian (weight 0.003123, occupation count 26.889591, vector size 40)
WARNING (fgmm-global-est[5.4.10~1-f629b]:MleFullGmmUpdate():mle-full-gmm.cc:365) Too little data - removing Gaussian (weight 0.006406, occupation count 55.152504, vector size 40)
WARNING (fgmm-global-est[5.4.10~1-f629b]:MleFullGmmUpdate():mle-full-gmm.cc:365) Too little data - removing Gaussian (weight 0.002669, occupation count 22.978294, vector size 40)
WARNING (fgmm-global-est[5.4.10~1-f629b]:MleFullGmmUpdate():mle-full-gmm.cc:365) Too little data - removing Gaussian (weight 0.003186, occupation count 27.431238, vector size 40)
WARNING (fgmm-global-est[5.4.10~1-f629b]:MleFullGmmUpdate():mle-full-gmm.cc:365) Too little data - removing Gaussian (weight 0.004450, occupation count 38.318264, vector size 40)
WARNING (fgmm-global-est[5.4.10~1-f629b]:MleFullGmmUpdate():mle-full-gmm.cc:365) Too little data - removing Gaussian (weight 0.003042, occupation count 26.190056, vector size 40)
WARNING (fgmm-global-est[5.4.10~1-f629b]:MleFullGmmUpdate():mle-full-gmm.cc:365) Too little data - removing Gaussian (weight 0.003634, occupation count 31.291948, vector size 40)
WARNING (fgmm-global-est[5.4.10~1-f629b]:MleFullGmmUpdate():mle-full-gmm.cc:365) Too little data - removing Gaussian (weight 0.002838, occupation count 24.437731, vector size 40)
WARNING (fgmm-global-est[5.4.10~1-f629b]:MleFullGmmUpdate():mle-full-gmm.cc:365) Too little data - removing Gaussian (weight 0.001742, occupation count 14.999956, vector size 40)
WARNING (fgmm-global-est[5.4.10~1-f629b]:MleFullGmmUpdate():mle-full-gmm.cc:365) Too little data - removing Gaussian (weight 0.004279, occupation count 36.843334, vector size 40)
WARNING (fgmm-global-est[5.4.10~1-f629b]:MleFullGmmUpdate():mle-full-gmm.cc:365) Too little data - removing Gaussian (weight 0.007601, occupation count 65.440956, vector size 40)
WARNING (fgmm-global-est[5.4.10~1-f629b]:MleFullGmmUpdate():mle-full-gmm.cc:365) Too little data - removing Gaussian (weight 0.003099, occupation count 26.678936, vector size 40)
WARNING (fgmm-global-est[5.4.10~1-f629b]:MleFullGmmUpdate():mle-full-gmm.cc:365) Too little data - removing Gaussian (weight 0.006402, occupation count 55.118782, vector size 40)
WARNING (fgmm-global-est[5.4.10~1-f629b]:MleFullGmmUpdate():mle-full-gmm.cc:365) Too little data - removing Gaussian (weight 0.007350, occupation count 63.279434, vector size 40)
WARNING (fgmm-global-est[5.4.10~1-f629b]:MleFullGmmUpdate():mle-full-gmm.cc:365) Too little data - removing Gaussian (weight 0.002088, occupation count 17.977875, vector size 40)
WARNING (fgmm-global-est[5.4.10~1-f629b]:MleFullGmmUpdate():mle-full-gmm.cc:365) Too little data - removing Gaussian (weight 0.004481, occupation count 38.583328, vector size 40)
WARNING (fgmm-global-est[5.4.10~1-f629b]:MleFullGmmUpdate():mle-full-gmm.cc:365) Too little data - removing Gaussian (weight 0.005298, occupation count 45.618961, vector size 40)
WARNING (fgmm-global-est[5.4.10~1-f629b]:MleFullGmmUpdate():mle-full-gmm.cc:365) Too little data - removing Gaussian (weight 0.006413, occupation count 55.219151, vector size 40)
WARNING (fgmm-global-est[5.4.10~1-f629b]:MleFullGmmUpdate():mle-full-gmm.cc:365) Too little data - removing Gaussian (weight 0.003828, occupation count 32.962273, vector size 40)
WARNING (fgmm-global-est[5.4.10~1-f629b]:MleFullGmmUpdate():mle-full-gmm.cc:365) Too little data - removing Gaussian (weight 0.005872, occupation count 50.560379, vector size 40)
WARNING (fgmm-global-est[5.4.10~1-f629b]:MleFullGmmUpdate():mle-full-gmm.cc:365) Too little data - removing Gaussian (weight 0.003452, occupation count 29.720661, vector size 40)
WARNING (fgmm-global-est[5.4.10~1-f629b]:MleFullGmmUpdate():mle-full-gmm.cc:365) Too little data - removing Gaussian (weight 0.002839, occupation count 24.446939, vector size 40)
WARNING (fgmm-global-est[5.4.10~1-f629b]:MleFullGmmUpdate():mle-full-gmm.cc:365) Too little data - removing Gaussian (weight 0.004247, occupation count 36.563004, vector size 40)
WARNING (fgmm-global-est[5.4.10~1-f629b]:MleFullGmmUpdate():mle-full-gmm.cc:365) Too little data - removing Gaussian (weight 0.003127, occupation count 26.924692, vector size 40)
WARNING (fgmm-global-est[5.4.10~1-f629b]:MleFullGmmUpdate():mle-full-gmm.cc:365) Too little data - removing Gaussian (weight 0.007061, occupation count 60.795704, vector size 40)
WARNING (fgmm-global-est[5.4.10~1-f629b]:MleFullGmmUpdate():mle-full-gmm.cc:365) Too little data - removing Gaussian (weight 0.003792, occupation count 32.648651, vector size 40)
WARNING (fgmm-global-est[5.4.10~1-f629b]:MleFullGmmUpdate():mle-full-gmm.cc:365) Too little data - removing Gaussian (weight 0.004391, occupation count 37.806694, vector size 40)
WARNING (fgmm-global-est[5.4.10~1-f629b]:MleFullGmmUpdate():mle-full-gmm.cc:365) Too little data - removing Gaussian (weight 0.005661, occupation count 48.737297, vector size 40)
WARNING (fgmm-global-est[5.4.10~1-f629b]:MleFullGmmUpdate():mle-full-gmm.cc:365) Too little data - removing Gaussian (weight 0.007004, occupation count 60.301384, vector size 40)
WARNING (fgmm-global-est[5.4.10~1-f629b]:MleFullGmmUpdate():mle-full-gmm.cc:365) Too little data - removing Gaussian (weight 0.004630, occupation count 39.866566, vector size 40)
WARNING (fgmm-global-est[5.4.10~1-f629b]:MleFullGmmUpdate():mle-full-gmm.cc:365) Too little data - removing Gaussian (weight 0.010056, occupation count 86.586166, vector size 40)
WARNING (fgmm-global-est[5.4.10~1-f629b]:MleFullGmmUpdate():mle-full-gmm.cc:365) Too little data - removing Gaussian (weight 0.002900, occupation count 24.971046, vector size 40)
WARNING (fgmm-global-est[5.4.10~1-f629b]:MleFullGmmUpdate():mle-full-gmm.cc:365) Too little data - removing Gaussian (weight 0.002524, occupation count 21.731468, vector size 40)
WARNING (fgmm-global-est[5.4.10~1-f629b]:MleFullGmmUpdate():mle-full-gmm.cc:365) Too little data - removing Gaussian (weight 0.003738, occupation count 32.187424, vector size 40)
WARNING (fgmm-global-est[5.4.10~1-f629b]:MleFullGmmUpdate():mle-full-gmm.cc:365) Too little data - removing Gaussian (weight 0.005142, occupation count 44.275265, vector size 40)
WARNING (fgmm-global-est[5.4.10~1-f629b]:MleFullGmmUpdate():mle-full-gmm.cc:365) Too little data - removing Gaussian (weight 0.003186, occupation count 27.435354, vector size 40)
WARNING (fgmm-global-est[5.4.10~1-f629b]:MleFullGmmUpdate():mle-full-gmm.cc:365) Too little data - removing Gaussian (weight 0.006305, occupation count 54.286228, vector size 40)
WARNING (fgmm-global-est[5.4.10~1-f629b]:MleFullGmmUpdate():mle-full-gmm.cc:365) Too little data - removing Gaussian (weight 0.002995, occupation count 25.791115, vector size 40)
WARNING (fgmm-global-est[5.4.10~1-f629b]:MleFullGmmUpdate():mle-full-gmm.cc:365) Too little data - removing Gaussian (weight 0.003265, occupation count 28.113651, vector size 40)
WARNING (fgmm-global-est[5.4.10~1-f629b]:MleFullGmmUpdate():mle-full-gmm.cc:365) Too little data - removing Gaussian (weight 0.009396, occupation count 80.898781, vector size 40)
WARNING (fgmm-global-est[5.4.10~1-f629b]:MleFullGmmUpdate():mle-full-gmm.cc:365) Too little data - removing Gaussian (weight 0.006641, occupation count 57.179771, vector size 40)
WARNING (fgmm-global-est[5.4.10~1-f629b]:MleFullGmmUpdate():mle-full-gmm.cc:365) Too little data - removing Gaussian (weight 0.004527, occupation count 38.973976, vector size 40)
WARNING (fgmm-global-est[5.4.10~1-f629b]:MleFullGmmUpdate():mle-full-gmm.cc:365) Too little data - removing Gaussian (weight 0.003876, occupation count 33.368362, vector size 40)
WARNING (fgmm-global-est[5.4.10~1-f629b]:MleFullGmmUpdate():mle-full-gmm.cc:365) Too little data - removing Gaussian (weight 0.005498, occupation count 47.337650, vector size 40)
WARNING (fgmm-global-est[5.4.10~1-f629b]:MleFullGmmUpdate():mle-full-gmm.cc:365) Too little data - removing Gaussian (weight 0.003594, occupation count 30.948486, vector size 40)
WARNING (fgmm-global-est[5.4.10~1-f629b]:MleFullGmmUpdate():mle-full-gmm.cc:365) Too little data - removing Gaussian (weight 0.004400, occupation count 37.883965, vector size 40)
WARNING (fgmm-global-est[5.4.10~1-f629b]:MleFullGmmUpdate():mle-full-gmm.cc:365) Too little data - removing Gaussian (weight 0.005996, occupation count 51.627537, vector size 40)
WARNING (fgmm-global-est[5.4.10~1-f629b]:MleFullGmmUpdate():mle-full-gmm.cc:365) Too little data - removing Gaussian (weight 0.005230, occupation count 45.030167, vector size 40)
WARNING (fgmm-global-est[5.4.10~1-f629b]:MleFullGmmUpdate():mle-full-gmm.cc:365) Too little data - removing Gaussian (weight 0.005416, occupation count 46.631092, vector size 40)
WARNING (fgmm-global-est[5.4.10~1-f629b]:MleFullGmmUpdate():mle-full-gmm.cc:365) Too little data - removing Gaussian (weight 0.003125, occupation count 26.906780, vector size 40)
WARNING (fgmm-global-est[5.4.10~1-f629b]:MleFullGmmUpdate():mle-full-gmm.cc:365) Too little data - removing Gaussian (weight 0.003695, occupation count 31.813082, vector size 40)
WARNING (fgmm-global-est[5.4.10~1-f629b]:MleFullGmmUpdate():mle-full-gmm.cc:365) Too little data - removing Gaussian (weight 0.009443, occupation count 81.300369, vector size 40)
WARNING (fgmm-global-est[5.4.10~1-f629b]:MleFullGmmUpdate():mle-full-gmm.cc:365) Too little data - removing Gaussian (weight 0.006033, occupation count 51.941578, vector size 40)
WARNING (fgmm-global-est[5.4.10~1-f629b]:MleFullGmmUpdate():mle-full-gmm.cc:365) Too little data - removing Gaussian (weight 0.005968, occupation count 51.384384, vector size 40)
WARNING (fgmm-global-est[5.4.10~1-f629b]:MleFullGmmUpdate():mle-full-gmm.cc:365) Too little data - removing Gaussian (weight 0.001742, occupation count 15.000000, vector size 40)
WARNING (fgmm-global-est[5.4.10~1-f629b]:MleFullGmmUpdate():mle-full-gmm.cc:365) Too little data - removing Gaussian (weight 0.002787, occupation count 24.000000, vector size 40)
WARNING (fgmm-global-est[5.4.10~1-f629b]:MleFullGmmUpdate():mle-full-gmm.cc:365) Too little data - removing Gaussian (weight 0.001394, occupation count 12.000000, vector size 40)
WARNING (fgmm-global-est[5.4.10~1-f629b]:MleFullGmmUpdate():mle-full-gmm.cc:365) Too little data - removing Gaussian (weight 0.001742, occupation count 15.000001, vector size 40)
WARNING (fgmm-global-est[5.4.10~1-f629b]:MleFullGmmUpdate():mle-full-gmm.cc:365) Too little data - removing Gaussian (weight 0.006600, occupation count 56.826569, vector size 40)
WARNING (fgmm-global-est[5.4.10~1-f629b]:MleFullGmmUpdate():mle-full-gmm.cc:365) Too little data - removing Gaussian (weight 0.004529, occupation count 38.998333, vector size 40)
WARNING (fgmm-global-est[5.4.10~1-f629b]:MleFullGmmUpdate():mle-full-gmm.cc:365) Too little data - removing Gaussian (weight 0.002439, occupation count 21.000000, vector size 40)
WARNING (fgmm-global-est[5.4.10~1-f629b]:MleFullGmmUpdate():mle-full-gmm.cc:365) Too little data - removing Gaussian (weight 0.002439, occupation count 21.001671, vector size 40)
WARNING (fgmm-global-est[5.4.10~1-f629b]:MleFullGmmUpdate():mle-full-gmm.cc:365) Too little data - removing Gaussian (weight 0.001742, occupation count 15.000019, vector size 40)
WARNING (fgmm-global-est[5.4.10~1-f629b]:MleFullGmmUpdate():mle-full-gmm.cc:365) Too little data - removing Gaussian (weight 0.002786, occupation count 23.987478, vector size 40)
WARNING (fgmm-global-est[5.4.10~1-f629b]:MleFullGmmUpdate():mle-full-gmm.cc:365) Too little data - removing Gaussian (weight 0.003137, occupation count 27.012522, vector size 40)
WARNING (fgmm-global-est[5.4.10~1-f629b]:MleFullGmmUpdate():mle-full-gmm.cc:365) Too little data - removing Gaussian (weight 0.004181, occupation count 35.999939, vector size 40)
WARNING (fgmm-global-est[5.4.10~1-f629b]:MleFullGmmUpdate():mle-full-gmm.cc:365) Too little data - removing Gaussian (weight 0.001742, occupation count 15.000000, vector size 40)
WARNING (fgmm-global-est[5.4.10~1-f629b]:MleFullGmmUpdate():mle-full-gmm.cc:365) Too little data - removing Gaussian (weight 0.001742, occupation count 15.000000, vector size 40)
WARNING (fgmm-global-est[5.4.10~1-f629b]:MleFullGmmUpdate():mle-full-gmm.cc:365) Too little data - removing Gaussian (weight 0.003136, occupation count 27.000061, vector size 40)
WARNING (fgmm-global-est[5.4.10~1-f629b]:MleFullGmmUpdate():mle-full-gmm.cc:365) Too little data - removing Gaussian (weight 0.001742, occupation count 15.000000, vector size 40)
WARNING (fgmm-global-est[5.4.10~1-f629b]:MleFullGmmUpdate():mle-full-gmm.cc:365) Too little data - removing Gaussian (weight 0.001742, occupation count 14.999998, vector size 40)
WARNING (fgmm-global-est[5.4.10~1-f629b]:MleFullGmmUpdate():mle-full-gmm.cc:365) Too little data - removing Gaussian (weight 0.004530, occupation count 38.999981, vector size 40)
WARNING (fgmm-global-est[5.4.10~1-f629b]:MleFullGmmUpdate():mle-full-gmm.cc:365) Too little data - removing Gaussian (weight 0.003252, occupation count 27.998785, vector size 40)
WARNING (fgmm-global-est[5.4.10~1-f629b]:MleFullGmmUpdate():mle-full-gmm.cc:365) Too little data - removing Gaussian (weight 0.001394, occupation count 12.000000, vector size 40)
WARNING (fgmm-global-est[5.4.10~1-f629b]:MleFullGmmUpdate():mle-full-gmm.cc:365) Too little data - removing Gaussian (weight 0.003251, occupation count 27.988672, vector size 40)
WARNING (fgmm-global-est[5.4.10~1-f629b]:MleFullGmmUpdate():mle-full-gmm.cc:365) Too little data - removing Gaussian (weight 0.003700, occupation count 31.854301, vector size 40)
WARNING (fgmm-global-est[5.4.10~1-f629b]:MleFullGmmUpdate():mle-full-gmm.cc:365) Too little data - removing Gaussian (weight 0.002293, occupation count 19.741386, vector size 40)
WARNING (fgmm-global-est[5.4.10~1-f629b]:MleFullGmmUpdate():mle-full-gmm.cc:365) Too little data - removing Gaussian (weight 0.002951, occupation count 25.407242, vector size 40)
WARNING (fgmm-global-est[5.4.10~1-f629b]:MleFullGmmUpdate():mle-full-gmm.cc:365) Too little data - removing Gaussian (weight 0.004876, occupation count 41.983536, vector size 40)
WARNING (fgmm-global-est[5.4.10~1-f629b]:MleFullGmmUpdate():mle-full-gmm.cc:365) Too little data - removing Gaussian (weight 0.001394, occupation count 12.000000, vector size 40)
WARNING (fgmm-global-est[5.4.10~1-f629b]:MleFullGmmUpdate():mle-full-gmm.cc:365) Too little data - removing Gaussian (weight 0.002091, occupation count 18.000000, vector size 40)
WARNING (fgmm-global-est[5.4.10~1-f629b]:MleFullGmmUpdate():mle-full-gmm.cc:365) Too little data - removing Gaussian (weight 0.003833, occupation count 32.999611, vector size 40)
WARNING (fgmm-global-est[5.4.10~1-f629b]:MleFullGmmUpdate():mle-full-gmm.cc:365) Too little data - removing Gaussian (weight 0.003144, occupation count 27.068335, vector size 40)
WARNING (fgmm-global-est[5.4.10~1-f629b]:MleFullGmmUpdate():mle-full-gmm.cc:365) Too little data - removing Gaussian (weight 0.003407, occupation count 29.334896, vector size 40)
WARNING (fgmm-global-est[5.4.10~1-f629b]:MleFullGmmUpdate():mle-full-gmm.cc:365) Too little data - removing Gaussian (weight 0.002091, occupation count 18.000874, vector size 40)
WARNING (fgmm-global-est[5.4.10~1-f629b]:MleFullGmmUpdate():mle-full-gmm.cc:365) Too little data - removing Gaussian (weight 0.003833, occupation count 33.000000, vector size 40)
WARNING (fgmm-global-est[5.4.10~1-f629b]:MleFullGmmUpdate():mle-full-gmm.cc:365) Too little data - removing Gaussian (weight 0.003486, occupation count 30.016224, vector size 40)
WARNING (fgmm-global-est[5.4.10~1-f629b]:MleFullGmmUpdate():mle-full-gmm.cc:365) Too little data - removing Gaussian (weight 0.002789, occupation count 24.009108, vector size 40)
WARNING (fgmm-global-est[5.4.10~1-f629b]:MleFullGmmUpdate():mle-full-gmm.cc:365) Too little data - removing Gaussian (weight 0.004233, occupation count 36.443516, vector size 40)
WARNING (fgmm-global-est[5.4.10~1-f629b]:MleFullGmmUpdate():mle-full-gmm.cc:365) Too little data - removing Gaussian (weight 0.001626, occupation count 13.996845, vector size 40)
WARNING (fgmm-global-est[5.4.10~1-f629b]:MleFullGmmUpdate():mle-full-gmm.cc:365) Too little data - removing Gaussian (weight 0.003484, occupation count 30.000000, vector size 40)
WARNING (fgmm-global-est[5.4.10~1-f629b]:MleFullGmmUpdate():mle-full-gmm.cc:365) Too little data - removing Gaussian (weight 0.001533, occupation count 13.199418, vector size 40)
WARNING (fgmm-global-est[5.4.10~1-f629b]:MleFullGmmUpdate():mle-full-gmm.cc:365) Too little data - removing Gaussian (weight 0.003260, occupation count 28.068947, vector size 40)
WARNING (fgmm-global-est[5.4.10~1-f629b]:MleFullGmmUpdate():mle-full-gmm.cc:365) Too little data - removing Gaussian (weight 0.002323, occupation count 19.998751, vector size 40)
WARNING (fgmm-global-est[5.4.10~1-f629b]:MleFullGmmUpdate():mle-full-gmm.cc:365) Too little data - removing Gaussian (weight 0.003414, occupation count 29.398350, vector size 40)
WARNING (fgmm-global-est[5.4.10~1-f629b]:MleFullGmmUpdate():mle-full-gmm.cc:365) Too little data - removing Gaussian (weight 0.003255, occupation count 28.027140, vector size 40)
WARNING (fgmm-global-est[5.4.10~1-f629b]:MleFullGmmUpdate():mle-full-gmm.cc:365) Too little data - removing Gaussian (weight 0.003474, occupation count 29.910360, vector size 40)
WARNING (fgmm-global-est[5.4.10~1-f629b]:MleFullGmmUpdate():mle-full-gmm.cc:365) Too little data - removing Gaussian (weight 0.001819, occupation count 15.662414, vector size 40)
WARNING (fgmm-global-est[5.4.10~1-f629b]:MleFullGmmUpdate():mle-full-gmm.cc:365) Too little data - removing Gaussian (weight 0.004444, occupation count 38.265953, vector size 40)
WARNING (fgmm-global-est[5.4.10~1-f629b]:MleFullGmmUpdate():mle-full-gmm.cc:365) Too little data - removing Gaussian (weight 0.008202, occupation count 70.621368, vector size 40)
WARNING (fgmm-global-est[5.4.10~1-f629b]:MleFullGmmUpdate():mle-full-gmm.cc:365) Too little data - removing Gaussian (weight 0.002569, occupation count 22.122475, vector size 40)
WARNING (fgmm-global-est[5.4.10~1-f629b]:MleFullGmmUpdate():mle-full-gmm.cc:365) Too little data - removing Gaussian (weight 0.006403, occupation count 55.130180, vector size 40)
WARNING (fgmm-global-est[5.4.10~1-f629b]:MleFullGmmUpdate():mle-full-gmm.cc:365) Too little data - removing Gaussian (weight 0.006253, occupation count 53.840256, vector size 40)
WARNING (fgmm-global-est[5.4.10~1-f629b]:MleFullGmmUpdate():mle-full-gmm.cc:365) Too little data - removing Gaussian (weight 0.007953, occupation count 68.476761, vector size 40)
WARNING (fgmm-global-est[5.4.10~1-f629b]:MleFullGmmUpdate():mle-full-gmm.cc:365) Too little data - removing Gaussian (weight 0.002455, occupation count 21.135141, vector size 40)
WARNING (fgmm-global-est[5.4.10~1-f629b]:MleFullGmmUpdate():mle-full-gmm.cc:365) Too little data - removing Gaussian (weight 0.002777, occupation count 23.907887, vector size 40)
WARNING (fgmm-global-est[5.4.10~1-f629b]:MleFullGmmUpdate():mle-full-gmm.cc:365) Too little data - removing Gaussian (weight 0.001394, occupation count 12.000000, vector size 40)
WARNING (fgmm-global-est[5.4.10~1-f629b]:MleFullGmmUpdate():mle-full-gmm.cc:365) Too little data - removing Gaussian (weight 0.004199, occupation count 36.157452, vector size 40)
WARNING (fgmm-global-est[5.4.10~1-f629b]:MleFullGmmUpdate():mle-full-gmm.cc:365) Too little data - removing Gaussian (weight 0.004568, occupation count 39.327095, vector size 40)
WARNING (fgmm-global-est[5.4.10~1-f629b]:MleFullGmmUpdate():mle-full-gmm.cc:365) Too little data - removing Gaussian (weight 0.003072, occupation count 26.445620, vector size 40)
WARNING (fgmm-global-est[5.4.10~1-f629b]:MleFullGmmUpdate():mle-full-gmm.cc:365) Too little data - removing Gaussian (weight 0.009846, occupation count 84.773781, vector size 40)
WARNING (fgmm-global-est[5.4.10~1-f629b]:MleFullGmmUpdate():mle-full-gmm.cc:365) Too little data - removing Gaussian (weight 0.004743, occupation count 40.836956, vector size 40)
WARNING (fgmm-global-est[5.4.10~1-f629b]:MleFullGmmUpdate():mle-full-gmm.cc:365) Too little data - removing Gaussian (weight 0.008381, occupation count 72.158409, vector size 40)
WARNING (fgmm-global-est[5.4.10~1-f629b]:MleFullGmmUpdate():mle-full-gmm.cc:365) Too little data - removing Gaussian (weight 0.004288, occupation count 36.922890, vector size 40)
WARNING (fgmm-global-est[5.4.10~1-f629b]:MleFullGmmUpdate():mle-full-gmm.cc:365) Too little data - removing Gaussian (weight 0.002439, occupation count 21.000082, vector size 40)
WARNING (fgmm-global-est[5.4.10~1-f629b]:MleFullGmmUpdate():mle-full-gmm.cc:365) Too little data - removing Gaussian (weight 0.006939, occupation count 59.744934, vector size 40)
WARNING (fgmm-global-est[5.4.10~1-f629b]:MleFullGmmUpdate():mle-full-gmm.cc:365) Too little data - removing Gaussian (weight 0.005057, occupation count 43.536694, vector size 40)
WARNING (fgmm-global-est[5.4.10~1-f629b]:MleFullGmmUpdate():mle-full-gmm.cc:365) Too little data - removing Gaussian (weight 0.010638, occupation count 91.590118, vector size 40)
WARNING (fgmm-global-est[5.4.10~1-f629b]:MleFullGmmUpdate():mle-full-gmm.cc:365) Too little data - removing Gaussian (weight 0.009675, occupation count 83.305130, vector size 40)
WARNING (fgmm-global-est[5.4.10~1-f629b]:MleFullGmmUpdate():mle-full-gmm.cc:365) Too little data - removing Gaussian (weight 0.004933, occupation count 42.472912, vector size 40)
WARNING (fgmm-global-est[5.4.10~1-f629b]:MleFullGmmUpdate():mle-full-gmm.cc:365) Too little data - removing Gaussian (weight 0.002092, occupation count 18.009209, vector size 40)
WARNING (fgmm-global-est[5.4.10~1-f629b]:MleFullGmmUpdate():mle-full-gmm.cc:365) Too little data - removing Gaussian (weight 0.001741, occupation count 14.990284, vector size 40)
WARNING (fgmm-global-est[5.4.10~1-f629b]:MleFullGmmUpdate():mle-full-gmm.cc:365) Too little data - removing Gaussian (weight 0.007846, occupation count 67.554497, vector size 40)
WARNING (fgmm-global-est[5.4.10~1-f629b]:MleFullGmmUpdate():mle-full-gmm.cc:365) Too little data - removing Gaussian (weight 0.007221, occupation count 62.170277, vector size 40)
WARNING (fgmm-global-est[5.4.10~1-f629b]:MleFullGmmUpdate():mle-full-gmm.cc:365) Too little data - removing Gaussian (weight 0.001742, occupation count 15.001600, vector size 40)
WARNING (fgmm-global-est[5.4.10~1-f629b]:MleFullGmmUpdate():mle-full-gmm.cc:365) Too little data - removing Gaussian (weight 0.008624, occupation count 74.251587, vector size 40)
WARNING (fgmm-global-est[5.4.10~1-f629b]:MleFullGmmUpdate():mle-full-gmm.cc:365) Too little data - removing Gaussian (weight 0.001394, occupation count 12.000000, vector size 40)
WARNING (fgmm-global-est[5.4.10~1-f629b]:MleFullGmmUpdate():mle-full-gmm.cc:365) Too little data - removing Gaussian (weight 0.006526, occupation count 56.189400, vector size 40)
WARNING (fgmm-global-est[5.4.10~1-f629b]:MleFullGmmUpdate():mle-full-gmm.cc:365) Too little data - removing Gaussian (weight 0.003136, occupation count 27.000143, vector size 40)
WARNING (fgmm-global-est[5.4.10~1-f629b]:MleFullGmmUpdate():mle-full-gmm.cc:365) Too little data - removing Gaussian (weight 0.007873, occupation count 67.788681, vector size 40)
WARNING (fgmm-global-est[5.4.10~1-f629b]:MleFullGmmUpdate():mle-full-gmm.cc:365) Too little data - removing Gaussian (weight 0.007731, occupation count 66.564201, vector size 40)
WARNING (fgmm-global-est[5.4.10~1-f629b]:MleFullGmmUpdate():mle-full-gmm.cc:365) Too little data - removing Gaussian (weight 0.005980, occupation count 51.485138, vector size 40)
WARNING (fgmm-global-est[5.4.10~1-f629b]:MleFullGmmUpdate():mle-full-gmm.cc:365) Too little data - removing Gaussian (weight 0.009715, occupation count 83.644089, vector size 40)
WARNING (fgmm-global-est[5.4.10~1-f629b]:MleFullGmmUpdate():mle-full-gmm.cc:365) Too little data - removing Gaussian (weight 0.004441, occupation count 38.236858, vector size 40)
WARNING (fgmm-global-est[5.4.10~1-f629b]:MleFullGmmUpdate():mle-full-gmm.cc:365) Too little data - removing Gaussian (weight 0.003493, occupation count 30.070486, vector size 40)
WARNING (fgmm-global-est[5.4.10~1-f629b]:MleFullGmmUpdate():mle-full-gmm.cc:365) Too little data - removing Gaussian (weight 0.004786, occupation count 41.207764, vector size 40)
WARNING (fgmm-global-est[5.4.10~1-f629b]:MleFullGmmUpdate():mle-full-gmm.cc:365) Too little data - removing Gaussian (weight 0.002479, occupation count 21.342855, vector size 40)
WARNING (fgmm-global-est[5.4.10~1-f629b]:MleFullGmmUpdate():mle-full-gmm.cc:365) Too little data - removing Gaussian (weight 0.005409, occupation count 46.568356, vector size 40)
WARNING (fgmm-global-est[5.4.10~1-f629b]:MleFullGmmUpdate():mle-full-gmm.cc:365) Too little data - removing Gaussian (weight 0.007447, occupation count 64.122879, vector size 40)
WARNING (fgmm-global-est[5.4.10~1-f629b]:MleFullGmmUpdate():mle-full-gmm.cc:365) Too little data - removing Gaussian (weight 0.007701, occupation count 66.301674, vector size 40)
WARNING (fgmm-global-est[5.4.10~1-f629b]:MleFullGmmUpdate():mle-full-gmm.cc:365) Too little data - removing Gaussian (weight 0.008481, occupation count 73.018562, vector size 40)
WARNING (fgmm-global-est[5.4.10~1-f629b]:MleFullGmmUpdate():mle-full-gmm.cc:365) Too little data - removing Gaussian (weight 0.001741, occupation count 14.990277, vector size 40)
WARNING (fgmm-global-est[5.4.10~1-f629b]:MleFullGmmUpdate():mle-full-gmm.cc:365) Too little data - removing Gaussian (weight 0.005050, occupation count 43.480988, vector size 40)
WARNING (fgmm-global-est[5.4.10~1-f629b]:MleFullGmmUpdate():mle-full-gmm.cc:365) Too little data - removing Gaussian (weight 0.001394, occupation count 11.999782, vector size 40)
WARNING (fgmm-global-est[5.4.10~1-f629b]:MleFullGmmUpdate():mle-full-gmm.cc:365) Too little data - removing Gaussian (weight 0.003726, occupation count 32.081657, vector size 40)
WARNING (fgmm-global-est[5.4.10~1-f629b]:MleFullGmmUpdate():mle-full-gmm.cc:365) Too little data - removing Gaussian (weight 0.001742, occupation count 15.002728, vector size 40)
WARNING (fgmm-global-est[5.4.10~1-f629b]:MleFullGmmUpdate():mle-full-gmm.cc:365) Too little data - removing Gaussian (weight 0.005071, occupation count 43.659260, vector size 40)
WARNING (fgmm-global-est[5.4.10~1-f629b]:MleFullGmmUpdate():mle-full-gmm.cc:365) Too little data - removing Gaussian (weight 0.003202, occupation count 27.572571, vector size 40)
WARNING (fgmm-global-est[5.4.10~1-f629b]:MleFullGmmUpdate():mle-full-gmm.cc:365) Too little data - removing Gaussian (weight 0.004984, occupation count 42.910187, vector size 40)
WARNING (fgmm-global-est[5.4.10~1-f629b]:MleFullGmmUpdate():mle-full-gmm.cc:365) Too little data - removing Gaussian (weight 0.002537, occupation count 21.843122, vector size 40)
WARNING (fgmm-global-est[5.4.10~1-f629b]:MleFullGmmUpdate():mle-full-gmm.cc:365) Too little data - removing Gaussian (weight 0.008539, occupation count 73.521774, vector size 40)
WARNING (fgmm-global-est[5.4.10~1-f629b]:MleFullGmmUpdate():mle-full-gmm.cc:365) Too little data - removing Gaussian (weight 0.005841, occupation count 50.286827, vector size 40)
WARNING (fgmm-global-est[5.4.10~1-f629b]:MleFullGmmUpdate():mle-full-gmm.cc:365) Too little data - removing Gaussian (weight 0.008586, occupation count 73.925179, vector size 40)
WARNING (fgmm-global-est[5.4.10~1-f629b]:MleFullGmmUpdate():mle-full-gmm.cc:365) Too little data - removing Gaussian (weight 0.003414, occupation count 29.392862, vector size 40)
WARNING (fgmm-global-est[5.4.10~1-f629b]:MleFullGmmUpdate():mle-full-gmm.cc:365) Too little data - removing Gaussian (weight 0.010401, occupation count 89.553925, vector size 40)
WARNING (fgmm-global-est[5.4.10~1-f629b]:MleFullGmmUpdate():mle-full-gmm.cc:365) Too little data - removing Gaussian (weight 0.004724, occupation count 40.674789, vector size 40)
WARNING (fgmm-global-est[5.4.10~1-f629b]:MleFullGmmUpdate():mle-full-gmm.cc:365) Too little data - removing Gaussian (weight 0.006456, occupation count 55.588806, vector size 40)
WARNING (fgmm-global-est[5.4.10~1-f629b]:MleFullGmmUpdate():mle-full-gmm.cc:365) Too little data - removing Gaussian (weight 0.001742, occupation count 15.000000, vector size 40)
WARNING (fgmm-global-est[5.4.10~1-f629b]:MleFullGmmUpdate():mle-full-gmm.cc:365) Too little data - removing Gaussian (weight 0.002558, occupation count 22.023109, vector size 40)
WARNING (fgmm-global-est[5.4.10~1-f629b]:MleFullGmmUpdate():mle-full-gmm.cc:365) Too little data - removing Gaussian (weight 0.004358, occupation count 37.522812, vector size 40)
WARNING (fgmm-global-est[5.4.10~1-f629b]:MleFullGmmUpdate():mle-full-gmm.cc:365) Too little data - removing Gaussian (weight 0.004111, occupation count 35.395077, vector size 40)
WARNING (fgmm-global-est[5.4.10~1-f629b]:MleFullGmmUpdate():mle-full-gmm.cc:365) Too little data - removing Gaussian (weight 0.002448, occupation count 21.078726, vector size 40)
WARNING (fgmm-global-est[5.4.10~1-f629b]:MleFullGmmUpdate():mle-full-gmm.cc:365) Too little data - removing Gaussian (weight 0.005743, occupation count 49.448151, vector size 40)
WARNING (fgmm-global-est[5.4.10~1-f629b]:MleFullGmmUpdate():mle-full-gmm.cc:365) Too little data - removing Gaussian (weight 0.006150, occupation count 52.949303, vector size 40)
WARNING (fgmm-global-est[5.4.10~1-f629b]:MleFullGmmUpdate():mle-full-gmm.cc:365) Too little data - removing Gaussian (weight 0.001394, occupation count 11.999999, vector size 40)
WARNING (fgmm-global-est[5.4.10~1-f629b]:MleFullGmmUpdate():mle-full-gmm.cc:365) Too little data - removing Gaussian (weight 0.004267, occupation count 36.737038, vector size 40)
WARNING (fgmm-global-est[5.4.10~1-f629b]:MleFullGmmUpdate():mle-full-gmm.cc:365) Too little data - removing Gaussian (weight 0.003517, occupation count 30.280762, vector size 40)
WARNING (fgmm-global-est[5.4.10~1-f629b]:MleFullGmmUpdate():mle-full-gmm.cc:365) Too little data - removing Gaussian (weight 0.002902, occupation count 24.989067, vector size 40)
WARNING (fgmm-global-est[5.4.10~1-f629b]:MleFullGmmUpdate():mle-full-gmm.cc:365) Too little data - removing Gaussian (weight 0.004154, occupation count 35.765385, vector size 40)
WARNING (fgmm-global-est[5.4.10~1-f629b]:MleFullGmmUpdate():mle-full-gmm.cc:365) Too little data - removing Gaussian (weight 0.004399, occupation count 37.873333, vector size 40)
WARNING (fgmm-global-est[5.4.10~1-f629b]:MleFullGmmUpdate():mle-full-gmm.cc:365) Too little data - removing Gaussian (weight 0.004518, occupation count 38.898506, vector size 40)
LOG (fgmm-global-est[5.4.10~1-f629b]:main():fgmm-global-est.cc:78) Overall objective function improvement is 0.12034 per frame over 8610 frames.
LOG (fgmm-global-est[5.4.10~1-f629b]:main():fgmm-global-est.cc:88) Written model to exp/ubm4/3.ubm
# Accounting: time=0 threads=1
# Ended (code 0) at Tue Mar 20 10:30:06 +07 2018, elapsed time 0 seconds
