# sgmm2-acc-stats --spk-vecs=ark:exp/sgmm2/vecs.4 --utt2spk=ark:data/train/split4/4/utt2spk --update-flags=vNwSctu "--gselect=ark,s,cs:gunzip -c exp/sgmm2/gselect.4.gz|" --rand-prune=0.1 exp/sgmm2/7.mdl "ark,s,cs:apply-cmvn  --utt2spk=ark:data/train/split4/4/utt2spk scp:data/train/split4/4/cmvn.scp scp:data/train/split4/4/feats.scp ark:- | splice-feats  ark:- ark:- | transform-feats exp/tri3b_ali/final.mat ark:- ark:- | transform-feats --utt2spk=ark:data/train/split4/4/utt2spk ark,s,cs:exp/tri3b_ali/trans.4 ark:- ark:- |" "ark,s,cs:gunzip -c exp/sgmm2/ali.4.gz | ali-to-post ark:- ark:-|" exp/sgmm2/7.4.acc 
# Started at Wed Mar 14 09:18:47 +07 2018
#
sgmm2-acc-stats --spk-vecs=ark:exp/sgmm2/vecs.4 --utt2spk=ark:data/train/split4/4/utt2spk --update-flags=vNwSctu '--gselect=ark,s,cs:gunzip -c exp/sgmm2/gselect.4.gz|' --rand-prune=0.1 exp/sgmm2/7.mdl 'ark,s,cs:apply-cmvn  --utt2spk=ark:data/train/split4/4/utt2spk scp:data/train/split4/4/cmvn.scp scp:data/train/split4/4/feats.scp ark:- | splice-feats  ark:- ark:- | transform-feats exp/tri3b_ali/final.mat ark:- ark:- | transform-feats --utt2spk=ark:data/train/split4/4/utt2spk ark,s,cs:exp/tri3b_ali/trans.4 ark:- ark:- |' 'ark,s,cs:gunzip -c exp/sgmm2/ali.4.gz | ali-to-post ark:- ark:-|' exp/sgmm2/7.4.acc 
transform-feats --utt2spk=ark:data/train/split4/4/utt2spk ark,s,cs:exp/tri3b_ali/trans.4 ark:- ark:- 
apply-cmvn --utt2spk=ark:data/train/split4/4/utt2spk scp:data/train/split4/4/cmvn.scp scp:data/train/split4/4/feats.scp ark:- 
LOG (apply-cmvn[5.4.10~1-f629b]:main():apply-cmvn.cc:162) Applied cepstral mean normalization to 9 utterances, errors on 0
splice-feats ark:- ark:- 
transform-feats exp/tri3b_ali/final.mat ark:- ark:- 
LOG (transform-feats[5.4.10~1-f629b]:main():transform-feats.cc:158) Overall average [pseudo-]logdet is -46.188 over 920 frames.
LOG (transform-feats[5.4.10~1-f629b]:main():transform-feats.cc:161) Applied transform to 9 utterances; 0 had errors.
ali-to-post ark:- ark:- 
LOG (ali-to-post[5.4.10~1-f629b]:main():ali-to-post.cc:73) Converted 9 alignments.
LOG (transform-feats[5.4.10~1-f629b]:main():transform-feats.cc:158) Overall average logdet is 5.0698 over 920 frames.
LOG (transform-feats[5.4.10~1-f629b]:main():transform-feats.cc:161) Applied transform to 9 utterances; 0 had errors.
LOG (sgmm2-acc-stats[5.4.10~1-f629b]:main():sgmm2-acc-stats.cc:203) Overall like per frame (Gaussian only) = -71.5478 over 920 frames.
LOG (sgmm2-acc-stats[5.4.10~1-f629b]:main():sgmm2-acc-stats.cc:206) Done 9 files, 0 with errors.
LOG (sgmm2-acc-stats[5.4.10~1-f629b]:main():sgmm2-acc-stats.cc:215) Written accs.
# Accounting: time=1 threads=1
# Ended (code 0) at Wed Mar 14 09:18:48 +07 2018, elapsed time 1 seconds
