# sgmm2-acc-stats --spk-vecs=ark:exp/sgmm2/vecs.1 --utt2spk=ark:data/train/split1/1/utt2spk --update-flags=vMwSctu "--gselect=ark,s,cs:gunzip -c exp/sgmm2/gselect.1.gz|" --rand-prune=0.1 exp/sgmm2/24.mdl "ark,s,cs:apply-cmvn  --utt2spk=ark:data/train/split1/1/utt2spk scp:data/train/split1/1/cmvn.scp scp:data/train/split1/1/feats.scp ark:- | splice-feats  ark:- ark:- | transform-feats exp/tri3b_ali/final.mat ark:- ark:- | transform-feats --utt2spk=ark:data/train/split1/1/utt2spk ark,s,cs:exp/tri3b_ali/trans.1 ark:- ark:- |" "ark,s,cs:gunzip -c exp/sgmm2/ali.1.gz | ali-to-post ark:- ark:-|" exp/sgmm2/24.1.acc 
# Started at Tue Mar 20 10:32:07 +07 2018
#
sgmm2-acc-stats --spk-vecs=ark:exp/sgmm2/vecs.1 --utt2spk=ark:data/train/split1/1/utt2spk --update-flags=vMwSctu '--gselect=ark,s,cs:gunzip -c exp/sgmm2/gselect.1.gz|' --rand-prune=0.1 exp/sgmm2/24.mdl 'ark,s,cs:apply-cmvn  --utt2spk=ark:data/train/split1/1/utt2spk scp:data/train/split1/1/cmvn.scp scp:data/train/split1/1/feats.scp ark:- | splice-feats  ark:- ark:- | transform-feats exp/tri3b_ali/final.mat ark:- ark:- | transform-feats --utt2spk=ark:data/train/split1/1/utt2spk ark,s,cs:exp/tri3b_ali/trans.1 ark:- ark:- |' 'ark,s,cs:gunzip -c exp/sgmm2/ali.1.gz | ali-to-post ark:- ark:-|' exp/sgmm2/24.1.acc 
transform-feats exp/tri3b_ali/final.mat ark:- ark:- 
splice-feats ark:- ark:- 
transform-feats --utt2spk=ark:data/train/split1/1/utt2spk ark,s,cs:exp/tri3b_ali/trans.1 ark:- ark:- 
apply-cmvn --utt2spk=ark:data/train/split1/1/utt2spk scp:data/train/split1/1/cmvn.scp scp:data/train/split1/1/feats.scp ark:- 
ali-to-post ark:- ark:- 
LOG (ali-to-post[5.4.10~1-f629b]:main():ali-to-post.cc:73) Converted 36 alignments.
LOG (apply-cmvn[5.4.10~1-f629b]:main():apply-cmvn.cc:162) Applied cepstral mean normalization to 36 utterances, errors on 0
LOG (transform-feats[5.4.10~1-f629b]:main():transform-feats.cc:158) Overall average [pseudo-]logdet is -48.2993 over 8610 frames.
LOG (transform-feats[5.4.10~1-f629b]:main():transform-feats.cc:161) Applied transform to 36 utterances; 0 had errors.
LOG (transform-feats[5.4.10~1-f629b]:main():transform-feats.cc:158) Overall average logdet is 2.06531 over 8610 frames.
LOG (transform-feats[5.4.10~1-f629b]:main():transform-feats.cc:161) Applied transform to 36 utterances; 0 had errors.
LOG (sgmm2-acc-stats[5.4.10~1-f629b]:main():sgmm2-acc-stats.cc:203) Overall like per frame (Gaussian only) = -56.0351 over 8610 frames.
LOG (sgmm2-acc-stats[5.4.10~1-f629b]:main():sgmm2-acc-stats.cc:206) Done 36 files, 0 with errors.
LOG (sgmm2-acc-stats[5.4.10~1-f629b]:main():sgmm2-acc-stats.cc:215) Written accs.
# Accounting: time=3 threads=1
# Ended (code 0) at Tue Mar 20 10:32:10 +07 2018, elapsed time 3 seconds
