# ali-to-post "ark:gunzip -c exp/sgmm2/ali.1.gz|" ark:- | sgmm2-post-to-gpost --spk-vecs=ark:exp/sgmm2/vecs.1 "--gselect=ark,s,cs:gunzip -c exp/sgmm2/gselect.1.gz|" --utt2spk=ark:data/train/split4/1/utt2spk exp/sgmm2/25.mdl "ark,s,cs:apply-cmvn  --utt2spk=ark:data/train/split4/1/utt2spk scp:data/train/split4/1/cmvn.scp scp:data/train/split4/1/feats.scp ark:- | splice-feats  ark:- ark:- | transform-feats exp/tri3b_ali/final.mat ark:- ark:- | transform-feats --utt2spk=ark:data/train/split4/1/utt2spk ark,s,cs:exp/tri3b_ali/trans.1 ark:- ark:- |" ark,s,cs:- ark:- | sgmm2-acc-stats-gpost --rand-prune=0.1 --update-flags=MwcS exp/sgmm2/25.mdl "ark,s,cs:apply-cmvn  --utt2spk=ark:data/train/split4/1/utt2spk scp:data/train/split4/1/cmvn.scp scp:data/train/split4/1/feats.scp ark:- | splice-feats  ark:- ark:- | transform-feats exp/tri3b_ali/final.mat ark:- ark:- | transform-feats --utt2spk=ark:data/train/split4/1/utt2spk ark,s,cs:exp/tri3b_ali/trans.1 ark:- ark:- |" ark,s,cs:- exp/sgmm2/25.1.aliacc 
# Started at Wed Mar 14 09:19:03 +07 2018
#
sgmm2-acc-stats-gpost --rand-prune=0.1 --update-flags=MwcS exp/sgmm2/25.mdl 'ark,s,cs:apply-cmvn  --utt2spk=ark:data/train/split4/1/utt2spk scp:data/train/split4/1/cmvn.scp scp:data/train/split4/1/feats.scp ark:- | splice-feats  ark:- ark:- | transform-feats exp/tri3b_ali/final.mat ark:- ark:- | transform-feats --utt2spk=ark:data/train/split4/1/utt2spk ark,s,cs:exp/tri3b_ali/trans.1 ark:- ark:- |' ark,s,cs:- exp/sgmm2/25.1.aliacc 
ali-to-post 'ark:gunzip -c exp/sgmm2/ali.1.gz|' ark:- 
sgmm2-post-to-gpost --spk-vecs=ark:exp/sgmm2/vecs.1 '--gselect=ark,s,cs:gunzip -c exp/sgmm2/gselect.1.gz|' --utt2spk=ark:data/train/split4/1/utt2spk exp/sgmm2/25.mdl 'ark,s,cs:apply-cmvn  --utt2spk=ark:data/train/split4/1/utt2spk scp:data/train/split4/1/cmvn.scp scp:data/train/split4/1/feats.scp ark:- | splice-feats  ark:- ark:- | transform-feats exp/tri3b_ali/final.mat ark:- ark:- | transform-feats --utt2spk=ark:data/train/split4/1/utt2spk ark,s,cs:exp/tri3b_ali/trans.1 ark:- ark:- |' ark,s,cs:- ark:- 
LOG (ali-to-post[5.4.10~1-f629b]:main():ali-to-post.cc:73) Converted 9 alignments.
transform-feats --utt2spk=ark:data/train/split4/1/utt2spk ark,s,cs:exp/tri3b_ali/trans.1 ark:- ark:- 
splice-feats ark:- ark:- 
apply-cmvn --utt2spk=ark:data/train/split4/1/utt2spk scp:data/train/split4/1/cmvn.scp scp:data/train/split4/1/feats.scp ark:- 
transform-feats exp/tri3b_ali/final.mat ark:- ark:- 
transform-feats exp/tri3b_ali/final.mat ark:- ark:- 
splice-feats ark:- ark:- 
apply-cmvn --utt2spk=ark:data/train/split4/1/utt2spk scp:data/train/split4/1/cmvn.scp scp:data/train/split4/1/feats.scp ark:- 
transform-feats --utt2spk=ark:data/train/split4/1/utt2spk ark,s,cs:exp/tri3b_ali/trans.1 ark:- ark:- 
LOG (apply-cmvn[5.4.10~1-f629b]:main():apply-cmvn.cc:162) Applied cepstral mean normalization to 9 utterances, errors on 0
LOG (apply-cmvn[5.4.10~1-f629b]:main():apply-cmvn.cc:162) Applied cepstral mean normalization to 9 utterances, errors on 0
LOG (transform-feats[5.4.10~1-f629b]:main():transform-feats.cc:158) Overall average [pseudo-]logdet is -46.188 over 2025 frames.
LOG (transform-feats[5.4.10~1-f629b]:main():transform-feats.cc:161) Applied transform to 9 utterances; 0 had errors.
LOG (transform-feats[5.4.10~1-f629b]:main():transform-feats.cc:158) Overall average [pseudo-]logdet is -46.188 over 2025 frames.
LOG (transform-feats[5.4.10~1-f629b]:main():transform-feats.cc:161) Applied transform to 9 utterances; 0 had errors.
LOG (transform-feats[5.4.10~1-f629b]:main():transform-feats.cc:158) Overall average logdet is 1.50491 over 2025 frames.
LOG (transform-feats[5.4.10~1-f629b]:main():transform-feats.cc:161) Applied transform to 9 utterances; 0 had errors.
LOG (transform-feats[5.4.10~1-f629b]:main():transform-feats.cc:158) Overall average logdet is 1.50491 over 2025 frames.
LOG (transform-feats[5.4.10~1-f629b]:main():transform-feats.cc:161) Applied transform to 9 utterances; 0 had errors.
LOG (sgmm2-post-to-gpost[5.4.10~1-f629b]:main():sgmm2-post-to-gpost.cc:173) Overall like per frame (Gaussian only) = -68.2504 over 2025 frames.
LOG (sgmm2-post-to-gpost[5.4.10~1-f629b]:main():sgmm2-post-to-gpost.cc:176) Done 9 files, 0 with errors.
LOG (sgmm2-acc-stats-gpost[5.4.10~1-f629b]:main():sgmm2-acc-stats-gpost.cc:164) Overall number of frames is 2025
LOG (sgmm2-acc-stats-gpost[5.4.10~1-f629b]:main():sgmm2-acc-stats-gpost.cc:165) Done 9 files, 0 with errors.
LOG (sgmm2-acc-stats-gpost[5.4.10~1-f629b]:main():sgmm2-acc-stats-gpost.cc:173) Written accs.
# Accounting: time=0 threads=1
# Ended (code 0) at Wed Mar 14 09:19:03 +07 2018, elapsed time 0 seconds
