# ali-to-post "ark:gunzip -c exp/sgmm2/ali.1.gz|" ark:- | sgmm2-post-to-gpost --spk-vecs=ark:exp/sgmm2/vecs.1 "--gselect=ark,s,cs:gunzip -c exp/sgmm2/gselect.1.gz|" --utt2spk=ark:data/train/split1/1/utt2spk exp/sgmm2/25.mdl "ark,s,cs:apply-cmvn  --utt2spk=ark:data/train/split1/1/utt2spk scp:data/train/split1/1/cmvn.scp scp:data/train/split1/1/feats.scp ark:- | splice-feats  ark:- ark:- | transform-feats exp/tri3b_ali/final.mat ark:- ark:- | transform-feats --utt2spk=ark:data/train/split1/1/utt2spk ark,s,cs:exp/tri3b_ali/trans.1 ark:- ark:- |" ark,s,cs:- ark:- | sgmm2-acc-stats-gpost --rand-prune=0.1 --update-flags=vMwcS exp/sgmm2/27.alimdl "ark,s,cs:apply-cmvn  --utt2spk=ark:data/train/split1/1/utt2spk scp:data/train/split1/1/cmvn.scp scp:data/train/split1/1/feats.scp ark:- | splice-feats  ark:- ark:- | transform-feats exp/tri3b_ali/final.mat ark:- ark:- | transform-feats --utt2spk=ark:data/train/split1/1/utt2spk ark,s,cs:exp/tri3b_ali/trans.1 ark:- ark:- |" ark,s,cs:- exp/sgmm2/27.1.aliacc 
# Started at Tue Mar 20 10:32:17 +07 2018
#
ali-to-post 'ark:gunzip -c exp/sgmm2/ali.1.gz|' ark:- 
sgmm2-post-to-gpost --spk-vecs=ark:exp/sgmm2/vecs.1 '--gselect=ark,s,cs:gunzip -c exp/sgmm2/gselect.1.gz|' --utt2spk=ark:data/train/split1/1/utt2spk exp/sgmm2/25.mdl 'ark,s,cs:apply-cmvn  --utt2spk=ark:data/train/split1/1/utt2spk scp:data/train/split1/1/cmvn.scp scp:data/train/split1/1/feats.scp ark:- | splice-feats  ark:- ark:- | transform-feats exp/tri3b_ali/final.mat ark:- ark:- | transform-feats --utt2spk=ark:data/train/split1/1/utt2spk ark,s,cs:exp/tri3b_ali/trans.1 ark:- ark:- |' ark,s,cs:- ark:- 
sgmm2-acc-stats-gpost --rand-prune=0.1 --update-flags=vMwcS exp/sgmm2/27.alimdl 'ark,s,cs:apply-cmvn  --utt2spk=ark:data/train/split1/1/utt2spk scp:data/train/split1/1/cmvn.scp scp:data/train/split1/1/feats.scp ark:- | splice-feats  ark:- ark:- | transform-feats exp/tri3b_ali/final.mat ark:- ark:- | transform-feats --utt2spk=ark:data/train/split1/1/utt2spk ark,s,cs:exp/tri3b_ali/trans.1 ark:- ark:- |' ark,s,cs:- exp/sgmm2/27.1.aliacc 
transform-feats exp/tri3b_ali/final.mat ark:- ark:- 
apply-cmvn --utt2spk=ark:data/train/split1/1/utt2spk scp:data/train/split1/1/cmvn.scp scp:data/train/split1/1/feats.scp ark:- 
splice-feats ark:- ark:- 
transform-feats --utt2spk=ark:data/train/split1/1/utt2spk ark,s,cs:exp/tri3b_ali/trans.1 ark:- ark:- 
transform-feats exp/tri3b_ali/final.mat ark:- ark:- 
transform-feats --utt2spk=ark:data/train/split1/1/utt2spk ark,s,cs:exp/tri3b_ali/trans.1 ark:- ark:- 
splice-feats ark:- ark:- 
apply-cmvn --utt2spk=ark:data/train/split1/1/utt2spk scp:data/train/split1/1/cmvn.scp scp:data/train/split1/1/feats.scp ark:- 
LOG (sgmm2-post-to-gpost[5.4.10~1-f629b]:main():sgmm2-post-to-gpost.cc:168) Avg like per frame so far is -64.7528
LOG (ali-to-post[5.4.10~1-f629b]:main():ali-to-post.cc:73) Converted 36 alignments.
LOG (sgmm2-post-to-gpost[5.4.10~1-f629b]:main():sgmm2-post-to-gpost.cc:168) Avg like per frame so far is -58.7947
LOG (apply-cmvn[5.4.10~1-f629b]:main():apply-cmvn.cc:162) Applied cepstral mean normalization to 36 utterances, errors on 0
LOG (apply-cmvn[5.4.10~1-f629b]:main():apply-cmvn.cc:162) Applied cepstral mean normalization to 36 utterances, errors on 0
LOG (sgmm2-post-to-gpost[5.4.10~1-f629b]:main():sgmm2-post-to-gpost.cc:168) Avg like per frame so far is -56.7459
LOG (transform-feats[5.4.10~1-f629b]:main():transform-feats.cc:158) Overall average [pseudo-]logdet is -48.2993 over 8610 frames.
LOG (transform-feats[5.4.10~1-f629b]:main():transform-feats.cc:161) Applied transform to 36 utterances; 0 had errors.
LOG (transform-feats[5.4.10~1-f629b]:main():transform-feats.cc:158) Overall average [pseudo-]logdet is -48.2993 over 8610 frames.
LOG (transform-feats[5.4.10~1-f629b]:main():transform-feats.cc:161) Applied transform to 36 utterances; 0 had errors.
LOG (transform-feats[5.4.10~1-f629b]:main():transform-feats.cc:158) Overall average logdet is 2.06531 over 8610 frames.
LOG (transform-feats[5.4.10~1-f629b]:main():transform-feats.cc:161) Applied transform to 36 utterances; 0 had errors.
LOG (transform-feats[5.4.10~1-f629b]:main():transform-feats.cc:158) Overall average logdet is 2.06531 over 8610 frames.
LOG (transform-feats[5.4.10~1-f629b]:main():transform-feats.cc:161) Applied transform to 36 utterances; 0 had errors.
LOG (sgmm2-post-to-gpost[5.4.10~1-f629b]:main():sgmm2-post-to-gpost.cc:173) Overall like per frame (Gaussian only) = -55.9903 over 8610 frames.
LOG (sgmm2-post-to-gpost[5.4.10~1-f629b]:main():sgmm2-post-to-gpost.cc:176) Done 36 files, 0 with errors.
LOG (sgmm2-acc-stats-gpost[5.4.10~1-f629b]:main():sgmm2-acc-stats-gpost.cc:164) Overall number of frames is 8610
LOG (sgmm2-acc-stats-gpost[5.4.10~1-f629b]:main():sgmm2-acc-stats-gpost.cc:165) Done 36 files, 0 with errors.
LOG (sgmm2-acc-stats-gpost[5.4.10~1-f629b]:main():sgmm2-acc-stats-gpost.cc:173) Written accs.
# Accounting: time=3 threads=1
# Ended (code 0) at Tue Mar 20 10:32:20 +07 2018, elapsed time 3 seconds
