# build-tree-two-level --binary=false --verbose=1 --max-leaves-first=1400 --max-leaves-second=7000 exp/sgmm2/treeacc data/lang/phones/roots.int exp/sgmm2/questions.qst data/lang/topo exp/sgmm2/tree exp/sgmm2/pdf2group.map 
# Started at Wed Mar 14 09:18:41 +07 2018
#
build-tree-two-level --binary=false --verbose=1 --max-leaves-first=1400 --max-leaves-second=7000 exp/sgmm2/treeacc data/lang/phones/roots.int exp/sgmm2/questions.qst data/lang/topo exp/sgmm2/tree exp/sgmm2/pdf2group.map 
Number of separate statistics is 110
LOG (build-tree-two-level[5.4.10~1-f629b]:BuildTreeTwoLevel():build-tree.cc:399) ****BuildTreeTwoLevel: building first level tree
LOG (build-tree-two-level[5.4.10~1-f629b]:BuildTree():build-tree.cc:161) BuildTree: before building trees, map has 19 leaves.
LOG (build-tree-two-level[5.4.10~1-f629b]:SplitDecisionTree():build-tree-utils.cc:577) DoDecisionTreeSplit: split 92 times, #leaves now 111
VLOG[1] (build-tree-two-level[5.4.10~1-f629b]:BuildTree():build-tree.cc:196) After decision tree split, num-leaves = 111, like-impr = 4.90963 per frame over 6060 frames.
VLOG[1] (build-tree-two-level[5.4.10~1-f629b]:BuildTree():build-tree.cc:200) Including just phones that were split, improvement is 4.90963 per frame over 6060 frames.
VLOG[1] (build-tree-two-level[5.4.10~1-f629b]:ClusterEventMapToNClustersRestrictedByMap():build-tree-utils.cc:916) Number of non-empty clusters in map = 18
VLOG[1] (build-tree-two-level[5.4.10~1-f629b]:ClusterEventMapToNClustersRestrictedByMap():build-tree-utils.cc:917) Number of non-empty clusters = 110
LOG (build-tree-two-level[5.4.10~1-f629b]:BuildTree():build-tree.cc:284) BuildTree: Rounded num leaves to multiple of 8 by removing 7 leaves.
VLOG[1] (build-tree-two-level[5.4.10~1-f629b]:BuildTree():build-tree.cc:294) Objf change due to clustering -0.0764594 per frame.
VLOG[1] (build-tree-two-level[5.4.10~1-f629b]:BuildTree():build-tree.cc:297) Normalizing over only split phones, this is: -0.0764594 per frame.
VLOG[1] (build-tree-two-level[5.4.10~1-f629b]:BuildTree():build-tree.cc:300) Num-leaves is now 104
LOG (build-tree-two-level[5.4.10~1-f629b]:BuildTreeTwoLevel():build-tree.cc:405) ****BuildTreeTwoLevel: done building first level tree
LOG (build-tree-two-level[5.4.10~1-f629b]:SplitDecisionTree():build-tree-utils.cc:577) DoDecisionTreeSplit: split 7 times, #leaves now 111
LOG (build-tree-two-level[5.4.10~1-f629b]:BuildTreeTwoLevel():build-tree.cc:431) Building second-level tree: increased #leaves from 104 to 111, smallest split was 58.8129
LOG (build-tree-two-level[5.4.10~1-f629b]:BuildTreeTwoLevel():build-tree.cc:438) After second decision tree split, num-leaves = 111, like-impr = 0.0764585 per frame over 6060 frames.
LOG (build-tree-two-level[5.4.10~1-f629b]:BuildTreeTwoLevel():build-tree.cc:443) Clustering leaves of larger tree.
LOG (build-tree-two-level[5.4.10~1-f629b]:BuildTreeTwoLevel():build-tree.cc:453) BuildTreeTwoLevel: removed 1 leaves.
LOG (build-tree-two-level[5.4.10~1-f629b]:BuildTreeTwoLevel():build-tree.cc:460) Objf change due to clustering -0.00970503 per frame.
LOG (build-tree-two-level[5.4.10~1-f629b]:BuildTreeTwoLevel():build-tree.cc:463) Num-leaves now 110
WARNING (build-tree-two-level[5.4.10~1-f629b]:ComputeTreeMapping():build-tree.cc:342) No stats mapping to 1 in small tree. Continuing but this is a serious error.
WARNING (build-tree-two-level[5.4.10~1-f629b]:ComputeTreeMapping():build-tree.cc:367) In ComputeTreeMapping, could not get mapping from leaf 1
WARNING (build-tree-two-level[5.4.10~1-f629b]:ComputeTreeMapping():build-tree.cc:371) Assigning it to unseen small-tree leaf 1
WARNING (build-tree-two-level[5.4.10~1-f629b]:main():build-tree-two-level.cc:202) Saw no stats for following phones: 2 3 4 5 6 7 8 9 10 11 14 15 16 18 19 20 22 23 24 26 28 29 30 32 33 34 36 37 38 39 41 42 43 44 46 49 50 53 54 55 56 58 59 60 62 64 65 66 69 70 71 73 74 75 77 78 
Wrote tree and mapping
# Accounting: time=0 threads=1
# Ended (code 0) at Wed Mar 14 09:18:41 +07 2018, elapsed time 0 seconds
