# sgmm2-gselect exp/sgmm2/0.mdl "ark,s,cs:apply-cmvn  --utt2spk=ark:data/train/split1/1/utt2spk scp:data/train/split1/1/cmvn.scp scp:data/train/split1/1/feats.scp ark:- | splice-feats  ark:- ark:- | transform-feats exp/tri3b_ali/final.mat ark:- ark:- | transform-feats --utt2spk=ark:data/train/split1/1/utt2spk ark,s,cs:exp/tri3b_ali/trans.1 ark:- ark:- |" "ark,t:|gzip -c >exp/sgmm2/gselect.1.gz" 
# Started at Tue Mar 20 10:30:13 +07 2018
#
sgmm2-gselect exp/sgmm2/0.mdl 'ark,s,cs:apply-cmvn  --utt2spk=ark:data/train/split1/1/utt2spk scp:data/train/split1/1/cmvn.scp scp:data/train/split1/1/feats.scp ark:- | splice-feats  ark:- ark:- | transform-feats exp/tri3b_ali/final.mat ark:- ark:- | transform-feats --utt2spk=ark:data/train/split1/1/utt2spk ark,s,cs:exp/tri3b_ali/trans.1 ark:- ark:- |' 'ark,t:|gzip -c >exp/sgmm2/gselect.1.gz' 
transform-feats exp/tri3b_ali/final.mat ark:- ark:- 
transform-feats --utt2spk=ark:data/train/split1/1/utt2spk ark,s,cs:exp/tri3b_ali/trans.1 ark:- ark:- 
apply-cmvn --utt2spk=ark:data/train/split1/1/utt2spk scp:data/train/split1/1/cmvn.scp scp:data/train/split1/1/feats.scp ark:- 
splice-feats ark:- ark:- 
LOG (sgmm2-gselect[5.4.10~1-f629b]:main():sgmm2-gselect.cc:86) For 0'th file, average UBM likelihood over 221 frames is -88.8456
LOG (sgmm2-gselect[5.4.10~1-f629b]:main():sgmm2-gselect.cc:86) For 10'th file, average UBM likelihood over 270 frames is -112.477
LOG (sgmm2-gselect[5.4.10~1-f629b]:main():sgmm2-gselect.cc:86) For 20'th file, average UBM likelihood over 211 frames is -101.441
LOG (apply-cmvn[5.4.10~1-f629b]:main():apply-cmvn.cc:162) Applied cepstral mean normalization to 36 utterances, errors on 0
LOG (sgmm2-gselect[5.4.10~1-f629b]:main():sgmm2-gselect.cc:86) For 30'th file, average UBM likelihood over 321 frames is -86.8125
LOG (transform-feats[5.4.10~1-f629b]:main():transform-feats.cc:158) Overall average [pseudo-]logdet is -48.2993 over 8610 frames.
LOG (transform-feats[5.4.10~1-f629b]:main():transform-feats.cc:161) Applied transform to 36 utterances; 0 had errors.
LOG (transform-feats[5.4.10~1-f629b]:main():transform-feats.cc:158) Overall average logdet is 2.06531 over 8610 frames.
LOG (transform-feats[5.4.10~1-f629b]:main():transform-feats.cc:161) Applied transform to 36 utterances; 0 had errors.
LOG (sgmm2-gselect[5.4.10~1-f629b]:main():sgmm2-gselect.cc:97) Done 36 files, 0 with errors, average UBM log-likelihood is -104.484 over 8610 frames.
# Accounting: time=0 threads=1
# Ended (code 0) at Tue Mar 20 10:30:13 +07 2018, elapsed time 0 seconds
