# ali-to-post "ark:gunzip -c exp/sgmm2/ali.1.gz|" ark:- | weight-silence-post 0.01 1:2:3:4:5:6:7:8:9:10 exp/sgmm2/17.mdl ark:- ark:- | sgmm2-est-spkvecs --rand-prune=0.1 --spk2utt=ark:data/train/split1/1/spk2utt --spk-vecs=ark:exp/sgmm2/vecs.1 "--gselect=ark,s,cs:gunzip -c exp/sgmm2/gselect.1.gz|" exp/sgmm2/17.mdl "ark,s,cs:apply-cmvn  --utt2spk=ark:data/train/split1/1/utt2spk scp:data/train/split1/1/cmvn.scp scp:data/train/split1/1/feats.scp ark:- | splice-feats  ark:- ark:- | transform-feats exp/tri3b_ali/final.mat ark:- ark:- | transform-feats --utt2spk=ark:data/train/split1/1/utt2spk ark,s,cs:exp/tri3b_ali/trans.1 ark:- ark:- |" ark,s,cs:- ark:exp/sgmm2/tmp_vecs.1 && mv exp/sgmm2/tmp_vecs.1 exp/sgmm2/vecs.1 
# Started at Tue Mar 20 10:31:38 +07 2018
#
weight-silence-post 0.01 1:2:3:4:5:6:7:8:9:10 exp/sgmm2/17.mdl ark:- ark:- 
ali-to-post 'ark:gunzip -c exp/sgmm2/ali.1.gz|' ark:- 
sgmm2-est-spkvecs --rand-prune=0.1 --spk2utt=ark:data/train/split1/1/spk2utt --spk-vecs=ark:exp/sgmm2/vecs.1 '--gselect=ark,s,cs:gunzip -c exp/sgmm2/gselect.1.gz|' exp/sgmm2/17.mdl 'ark,s,cs:apply-cmvn  --utt2spk=ark:data/train/split1/1/utt2spk scp:data/train/split1/1/cmvn.scp scp:data/train/split1/1/feats.scp ark:- | splice-feats  ark:- ark:- | transform-feats exp/tri3b_ali/final.mat ark:- ark:- | transform-feats --utt2spk=ark:data/train/split1/1/utt2spk ark,s,cs:exp/tri3b_ali/trans.1 ark:- ark:- |' ark,s,cs:- ark:exp/sgmm2/tmp_vecs.1 
transform-feats --utt2spk=ark:data/train/split1/1/utt2spk ark,s,cs:exp/tri3b_ali/trans.1 ark:- ark:- 
apply-cmvn --utt2spk=ark:data/train/split1/1/utt2spk scp:data/train/split1/1/cmvn.scp scp:data/train/split1/1/feats.scp ark:- 
splice-feats ark:- ark:- 
transform-feats exp/tri3b_ali/final.mat ark:- ark:- 
LOG (ali-to-post[5.4.10~1-f629b]:main():ali-to-post.cc:73) Converted 36 alignments.
LOG (weight-silence-post[5.4.10~1-f629b]:main():weight-silence-post.cc:95) Done 36 posteriors.
LOG (apply-cmvn[5.4.10~1-f629b]:main():apply-cmvn.cc:162) Applied cepstral mean normalization to 36 utterances, errors on 0
LOG (transform-feats[5.4.10~1-f629b]:main():transform-feats.cc:158) Overall average [pseudo-]logdet is -48.2993 over 8610 frames.
LOG (transform-feats[5.4.10~1-f629b]:main():transform-feats.cc:161) Applied transform to 36 utterances; 0 had errors.
LOG (transform-feats[5.4.10~1-f629b]:main():transform-feats.cc:158) Overall average logdet is 2.06531 over 8610 frames.
LOG (transform-feats[5.4.10~1-f629b]:main():transform-feats.cc:161) Applied transform to 36 utterances; 0 had errors.
LOG (sgmm2-est-spkvecs[5.4.10~1-f629b]:UpdateWithU():estimate-am-sgmm2.cc:1937) *Objf impr for speaker vector is 0.00482505 per frame, over 3156.42 frames.
LOG (sgmm2-est-spkvecs[5.4.10~1-f629b]:main():sgmm2-est-spkvecs.cc:186) For speaker dinhky, auxf-impr from speaker vector is 0.00482505, over 3156.42 frames.
LOG (sgmm2-est-spkvecs[5.4.10~1-f629b]:main():sgmm2-est-spkvecs.cc:250) Overall auxf impr per frame is 0.00482505 over 3156.42 frames.
LOG (sgmm2-est-spkvecs[5.4.10~1-f629b]:main():sgmm2-est-spkvecs.cc:252) Done 36 files, 0 with errors.
# Accounting: time=3 threads=1
# Ended (code 0) at Tue Mar 20 10:31:41 +07 2018, elapsed time 3 seconds
