# sgmm2-est --update-flags=vMwSctu --split-substates=7798 --power=0.25 --write-occs=exp/sgmm2/7.occs exp/sgmm2/6.mdl "sgmm2-sum-accs - exp/sgmm2/6.*.acc|" exp/sgmm2/7.mdl 
# Started at Wed Mar 14 09:18:47 +07 2018
#
sgmm2-est --update-flags=vMwSctu --split-substates=7798 --power=0.25 --write-occs=exp/sgmm2/7.occs exp/sgmm2/6.mdl 'sgmm2-sum-accs - exp/sgmm2/6.*.acc|' exp/sgmm2/7.mdl 
sgmm2-sum-accs - exp/sgmm2/6.1.acc exp/sgmm2/6.2.acc exp/sgmm2/6.3.acc exp/sgmm2/6.4.acc 
LOG (sgmm2-sum-accs[5.4.10~1-f629b]:main():sgmm2-sum-accs.cc:84) Written stats to -
LOG (sgmm2-est[5.4.10~1-f629b]:MleUpdate():transition-model.cc:517) TransitionModel::Update, objf change is 0 per frame over 6060 frames. 
LOG (sgmm2-est[5.4.10~1-f629b]:MleUpdate():transition-model.cc:520) 10 probabilities floored, 399 out of 470 transition-states skipped due to insuffient data (it is normal to have some skipped.)
LOG (sgmm2-est[5.4.10~1-f629b]:main():sgmm2-est.cc:109) Transition model update: Overall 0 log-like improvement per frame over 6060 frames.
LOG (sgmm2-est[5.4.10~1-f629b]:Check():estimate-am-sgmm2.cc:216) Sgmm2PdfModel: J1 = 104, J2 = 110, D = 40, S = 41, T = 40, I = 1
LOG (sgmm2-est[5.4.10~1-f629b]:Check():estimate-am-sgmm2.cc:362) Subspace GMM model properties: Y: yes, nonzero. Z, R: no.  S: yes, nonzero. y: yes, nonzero. a: yes.  a: yes, nonzero. gamma: yes.  gamma: yes, nonzero. gamma_c: yes, nonzero. t: yes, zero. t: yes, nonzero. 
WARNING (sgmm2-est[5.4.10~1-f629b]:ComputeLogA():estimate-am-sgmm2.cc:834) 1 sub-states with zero "a" (and presumably gamma) stats.
LOG (sgmm2-est[5.4.10~1-f629b]:UpdatePhoneVectors():estimate-am-sgmm2.cc:788) Updating phone vectors
LOG (sgmm2-est[5.4.10~1-f629b]:SolveQuadraticProblem<double>():sp-matrix.cc:686) Solving quadratic problem for v: floored 1 eigenvalues. 
LOG (sgmm2-est[5.4.10~1-f629b]:UpdatePhoneVectorsInternal():estimate-am-sgmm2.cc:934) Auxf impr for j = 0 m = 0 is 0.0498107 per frame over 34.4 frames.
LOG (sgmm2-est[5.4.10~1-f629b]:SolveQuadraticProblem<double>():sp-matrix.cc:686) Solving quadratic problem for v: floored 1 eigenvalues. 
LOG (sgmm2-est[5.4.10~1-f629b]:SolveQuadraticProblem<double>():sp-matrix.cc:686) Solving quadratic problem for v: floored 1 eigenvalues. 
LOG (sgmm2-est[5.4.10~1-f629b]:SolveQuadraticProblem<double>():sp-matrix.cc:686) Solving quadratic problem for v: floored 1 eigenvalues. 
LOG (sgmm2-est[5.4.10~1-f629b]:SolveQuadraticProblem<double>():sp-matrix.cc:686) Solving quadratic problem for v: floored 1 eigenvalues. 
LOG (sgmm2-est[5.4.10~1-f629b]:SolveQuadraticProblem<double>():sp-matrix.cc:686) Solving quadratic problem for v: floored 1 eigenvalues. 
LOG (sgmm2-est[5.4.10~1-f629b]:SolveQuadraticProblem<double>():sp-matrix.cc:686) Solving quadratic problem for v: floored 1 eigenvalues. 
LOG (sgmm2-est[5.4.10~1-f629b]:SolveQuadraticProblem<double>():sp-matrix.cc:686) Solving quadratic problem for v: floored 1 eigenvalues. 
LOG (sgmm2-est[5.4.10~1-f629b]:SolveQuadraticProblem<double>():sp-matrix.cc:686) Solving quadratic problem for v: floored 1 eigenvalues. 
LOG (sgmm2-est[5.4.10~1-f629b]:UpdatePhoneVectorsInternal():estimate-am-sgmm2.cc:934) Auxf impr for j = 0 m = 1 is 0.0325688 per frame over 48 frames.
LOG (sgmm2-est[5.4.10~1-f629b]:SolveQuadraticProblem<double>():sp-matrix.cc:686) Solving quadratic problem for v: floored 1 eigenvalues. 
LOG (sgmm2-est[5.4.10~1-f629b]:SolveQuadraticProblem<double>():sp-matrix.cc:686) Solving quadratic problem for v: floored 1 eigenvalues. 
LOG (sgmm2-est[5.4.10~1-f629b]:SolveQuadraticProblem<double>():sp-matrix.cc:686) Solving quadratic problem for v: floored 1 eigenvalues. 
LOG (sgmm2-est[5.4.10~1-f629b]:SolveQuadraticProblem<double>():sp-matrix.cc:686) Solving quadratic problem for v: floored 1 eigenvalues. 
LOG (sgmm2-est[5.4.10~1-f629b]:SolveQuadraticProblem<double>():sp-matrix.cc:686) Solving quadratic problem for v: floored 1 eigenvalues. 
LOG (sgmm2-est[5.4.10~1-f629b]:SolveQuadraticProblem<double>():sp-matrix.cc:686) Solving quadratic problem for v: floored 1 eigenvalues. 
LOG (sgmm2-est[5.4.10~1-f629b]:SolveQuadraticProblem<double>():sp-matrix.cc:686) Solving quadratic problem for v: floored 1 eigenvalues. 
LOG (sgmm2-est[5.4.10~1-f629b]:SolveQuadraticProblem<double>():sp-matrix.cc:686) Solving quadratic problem for v: floored 1 eigenvalues. 
LOG (sgmm2-est[5.4.10~1-f629b]:UpdatePhoneVectorsInternal():estimate-am-sgmm2.cc:934) Auxf impr for j = 0 m = 2 is 0.07263 per frame over 40.2 frames.
LOG (sgmm2-est[5.4.10~1-f629b]:SolveQuadraticProblem<double>():sp-matrix.cc:686) Solving quadratic problem for v: floored 1 eigenvalues. 
LOG (sgmm2-est[5.4.10~1-f629b]:SolveQuadraticProblem<double>():sp-matrix.cc:686) Solving quadratic problem for v: floored 1 eigenvalues. 
LOG (sgmm2-est[5.4.10~1-f629b]:SolveQuadraticProblem<double>():sp-matrix.cc:686) Solving quadratic problem for v: floored 1 eigenvalues. 
LOG (sgmm2-est[5.4.10~1-f629b]:SolveQuadraticProblem<double>():sp-matrix.cc:686) Solving quadratic problem for v: floored 1 eigenvalues. 
LOG (sgmm2-est[5.4.10~1-f629b]:SolveQuadraticProblem<double>():sp-matrix.cc:686) Solving quadratic problem for v: floored 1 eigenvalues. 
LOG (sgmm2-est[5.4.10~1-f629b]:SolveQuadraticProblem<double>():sp-matrix.cc:686) Solving quadratic problem for v: floored 1 eigenvalues. 
LOG (sgmm2-est[5.4.10~1-f629b]:SolveQuadraticProblem<double>():sp-matrix.cc:686) Solving quadratic problem for v: floored 1 eigenvalues. 
LOG (sgmm2-est[5.4.10~1-f629b]:SolveQuadraticProblem<double>():sp-matrix.cc:686) Solving quadratic problem for v: floored 1 eigenvalues. 
LOG (sgmm2-est[5.4.10~1-f629b]:SolveQuadraticProblem<double>():sp-matrix.cc:686) Solving quadratic problem for v: floored 1 eigenvalues. 
LOG (sgmm2-est[5.4.10~1-f629b]:SolveQuadraticProblem<double>():sp-matrix.cc:686) Solving quadratic problem for v: floored 1 eigenvalues. 
LOG (sgmm2-est[5.4.10~1-f629b]:SolveQuadraticProblem<double>():sp-matrix.cc:686) Solving quadratic problem for v: floored 1 eigenvalues. 
LOG (sgmm2-est[5.4.10~1-f629b]:SolveQuadraticProblem<double>():sp-matrix.cc:686) Solving quadratic problem for v: floored 1 eigenvalues. 
LOG (sgmm2-est[5.4.10~1-f629b]:SolveQuadraticProblem<double>():sp-matrix.cc:686) Solving quadratic problem for v: floored 1 eigenvalues. 
LOG (sgmm2-est[5.4.10~1-f629b]:SolveQuadraticProblem<double>():sp-matrix.cc:686) Solving quadratic problem for v: floored 1 eigenvalues. 
LOG (sgmm2-est[5.4.10~1-f629b]:SolveQuadraticProblem<double>():sp-matrix.cc:686) Solving quadratic problem for v: floored 1 eigenvalues. 
LOG (sgmm2-est[5.4.10~1-f629b]:SolveQuadraticProblem<double>():sp-matrix.cc:686) Solving quadratic problem for v: floored 1 eigenvalues. 
LOG (sgmm2-est[5.4.10~1-f629b]:SolveQuadraticProblem<double>():sp-matrix.cc:686) Solving quadratic problem for v: floored 1 eigenvalues. 
LOG (sgmm2-est[5.4.10~1-f629b]:SolveQuadraticProblem<double>():sp-matrix.cc:686) Solving quadratic problem for v: floored 1 eigenvalues. 
LOG (sgmm2-est[5.4.10~1-f629b]:SolveQuadraticProblem<double>():sp-matrix.cc:686) Solving quadratic problem for v: floored 1 eigenvalues. 
LOG (sgmm2-est[5.4.10~1-f629b]:SolveQuadraticProblem<double>():sp-matrix.cc:686) Solving quadratic problem for v: floored 1 eigenvalues. 
LOG (sgmm2-est[5.4.10~1-f629b]:SolveQuadraticProblem<double>():sp-matrix.cc:686) Solving quadratic problem for v: floored 1 eigenvalues. 
LOG (sgmm2-est[5.4.10~1-f629b]:SolveQuadraticProblem<double>():sp-matrix.cc:686) Solving quadratic problem for v: floored 1 eigenvalues. 
LOG (sgmm2-est[5.4.10~1-f629b]:SolveQuadraticProblem<double>():sp-matrix.cc:686) Solving quadratic problem for v: floored 1 eigenvalues. 
LOG (sgmm2-est[5.4.10~1-f629b]:SolveQuadraticProblem<double>():sp-matrix.cc:686) Solving quadratic problem for v: floored 1 eigenvalues. 
LOG (sgmm2-est[5.4.10~1-f629b]:SolveQuadraticProblem<double>():sp-matrix.cc:686) Solving quadratic problem for v: floored 1 eigenvalues. 
LOG (sgmm2-est[5.4.10~1-f629b]:SolveQuadraticProblem<double>():sp-matrix.cc:686) Solving quadratic problem for v: floored 1 eigenvalues. 
LOG (sgmm2-est[5.4.10~1-f629b]:SolveQuadraticProblem<double>():sp-matrix.cc:686) Solving quadratic problem for v: floored 1 eigenvalues. 
LOG (sgmm2-est[5.4.10~1-f629b]:SolveQuadraticProblem<double>():sp-matrix.cc:686) Solving quadratic problem for v: floored 1 eigenvalues. 
LOG (sgmm2-est[5.4.10~1-f629b]:SolveQuadraticProblem<double>():sp-matrix.cc:686) Solving quadratic problem for v: floored 1 eigenvalues. 
LOG (sgmm2-est[5.4.10~1-f629b]:SolveQuadraticProblem<double>():sp-matrix.cc:686) Solving quadratic problem for v: floored 1 eigenvalues. 
LOG (sgmm2-est[5.4.10~1-f629b]:SolveQuadraticProblem<double>():sp-matrix.cc:686) Solving quadratic problem for v: floored 1 eigenvalues. 
LOG (sgmm2-est[5.4.10~1-f629b]:SolveQuadraticProblem<double>():sp-matrix.cc:686) Solving quadratic problem for v: floored 1 eigenvalues. 
LOG (sgmm2-est[5.4.10~1-f629b]:SolveQuadraticProblem<double>():sp-matrix.cc:686) Solving quadratic problem for v: floored 1 eigenvalues. 
LOG (sgmm2-est[5.4.10~1-f629b]:SolveQuadraticProblem<double>():sp-matrix.cc:686) Solving quadratic problem for v: floored 1 eigenvalues. 
LOG (sgmm2-est[5.4.10~1-f629b]:SolveQuadraticProblem<double>():sp-matrix.cc:686) Solving quadratic problem for v: floored 1 eigenvalues. 
LOG (sgmm2-est[5.4.10~1-f629b]:SolveQuadraticProblem<double>():sp-matrix.cc:686) Solving quadratic problem for v: floored 1 eigenvalues. 
LOG (sgmm2-est[5.4.10~1-f629b]:SolveQuadraticProblem<double>():sp-matrix.cc:686) Solving quadratic problem for v: floored 1 eigenvalues. 
LOG (sgmm2-est[5.4.10~1-f629b]:SolveQuadraticProblem<double>():sp-matrix.cc:686) Solving quadratic problem for v: floored 1 eigenvalues. 
LOG (sgmm2-est[5.4.10~1-f629b]:SolveQuadraticProblem<double>():sp-matrix.cc:686) Solving quadratic problem for v: floored 1 eigenvalues. 
LOG (sgmm2-est[5.4.10~1-f629b]:SolveQuadraticProblem<double>():sp-matrix.cc:686) Solving quadratic problem for v: floored 1 eigenvalues. 
LOG (sgmm2-est[5.4.10~1-f629b]:SolveQuadraticProblem<double>():sp-matrix.cc:686) Solving quadratic problem for v: floored 1 eigenvalues. 
LOG (sgmm2-est[5.4.10~1-f629b]:SolveQuadraticProblem<double>():sp-matrix.cc:686) Solving quadratic problem for v: floored 1 eigenvalues. 
LOG (sgmm2-est[5.4.10~1-f629b]:SolveQuadraticProblem<double>():sp-matrix.cc:686) Solving quadratic problem for v: floored 1 eigenvalues. 
LOG (sgmm2-est[5.4.10~1-f629b]:SolveQuadraticProblem<double>():sp-matrix.cc:686) Solving quadratic problem for v: floored 1 eigenvalues. 
LOG (sgmm2-est[5.4.10~1-f629b]:SolveQuadraticProblem<double>():sp-matrix.cc:686) Solving quadratic problem for v: floored 1 eigenvalues. 
LOG (sgmm2-est[5.4.10~1-f629b]:SolveQuadraticProblem<double>():sp-matrix.cc:686) Solving quadratic problem for v: floored 1 eigenvalues. 
LOG (sgmm2-est[5.4.10~1-f629b]:SolveQuadraticProblem<double>():sp-matrix.cc:686) Solving quadratic problem for v: floored 1 eigenvalues. 
LOG (sgmm2-est[5.4.10~1-f629b]:SolveQuadraticProblem<double>():sp-matrix.cc:686) Solving quadratic problem for v: floored 1 eigenvalues. 
LOG (sgmm2-est[5.4.10~1-f629b]:SolveQuadraticProblem<double>():sp-matrix.cc:686) Solving quadratic problem for v: floored 1 eigenvalues. 
LOG (sgmm2-est[5.4.10~1-f629b]:SolveQuadraticProblem<double>():sp-matrix.cc:686) Solving quadratic problem for v: floored 1 eigenvalues. 
LOG (sgmm2-est[5.4.10~1-f629b]:SolveQuadraticProblem<double>():sp-matrix.cc:686) Solving quadratic problem for v: floored 1 eigenvalues. 
LOG (sgmm2-est[5.4.10~1-f629b]:SolveQuadraticProblem<double>():sp-matrix.cc:686) Solving quadratic problem for v: floored 1 eigenvalues. 
LOG (sgmm2-est[5.4.10~1-f629b]:SolveQuadraticProblem<double>():sp-matrix.cc:686) Solving quadratic problem for v: floored 1 eigenvalues. 
LOG (sgmm2-est[5.4.10~1-f629b]:SolveQuadraticProblem<double>():sp-matrix.cc:686) Solving quadratic problem for v: floored 1 eigenvalues. 
LOG (sgmm2-est[5.4.10~1-f629b]:SolveQuadraticProblem<double>():sp-matrix.cc:686) Solving quadratic problem for v: floored 1 eigenvalues. 
LOG (sgmm2-est[5.4.10~1-f629b]:SolveQuadraticProblem<double>():sp-matrix.cc:686) Solving quadratic problem for v: floored 1 eigenvalues. 
LOG (sgmm2-est[5.4.10~1-f629b]:SolveQuadraticProblem<double>():sp-matrix.cc:686) Solving quadratic problem for v: floored 1 eigenvalues. 
LOG (sgmm2-est[5.4.10~1-f629b]:SolveQuadraticProblem<double>():sp-matrix.cc:686) Solving quadratic problem for v: floored 1 eigenvalues. 
LOG (sgmm2-est[5.4.10~1-f629b]:SolveQuadraticProblem<double>():sp-matrix.cc:686) Solving quadratic problem for v: floored 1 eigenvalues. 
LOG (sgmm2-est[5.4.10~1-f629b]:SolveQuadraticProblem<double>():sp-matrix.cc:686) Solving quadratic problem for v: floored 1 eigenvalues. 
LOG (sgmm2-est[5.4.10~1-f629b]:SolveQuadraticProblem<double>():sp-matrix.cc:686) Solving quadratic problem for v: floored 1 eigenvalues. 
LOG (sgmm2-est[5.4.10~1-f629b]:SolveQuadraticProblem<double>():sp-matrix.cc:686) Solving quadratic problem for v: floored 1 eigenvalues. 
LOG (sgmm2-est[5.4.10~1-f629b]:SolveQuadraticProblem<double>():sp-matrix.cc:686) Solving quadratic problem for v: floored 1 eigenvalues. 
LOG (sgmm2-est[5.4.10~1-f629b]:SolveQuadraticProblem<double>():sp-matrix.cc:686) Solving quadratic problem for v: floored 1 eigenvalues. 
LOG (sgmm2-est[5.4.10~1-f629b]:SolveQuadraticProblem<double>():sp-matrix.cc:686) Solving quadratic problem for v: floored 1 eigenvalues. 
LOG (sgmm2-est[5.4.10~1-f629b]:SolveQuadraticProblem<double>():sp-matrix.cc:686) Solving quadratic problem for v: floored 1 eigenvalues. 
LOG (sgmm2-est[5.4.10~1-f629b]:SolveQuadraticProblem<double>():sp-matrix.cc:686) Solving quadratic problem for v: floored 1 eigenvalues. 
LOG (sgmm2-est[5.4.10~1-f629b]:SolveQuadraticProblem<double>():sp-matrix.cc:686) Solving quadratic problem for v: floored 1 eigenvalues. 
LOG (sgmm2-est[5.4.10~1-f629b]:SolveQuadraticProblem<double>():sp-matrix.cc:686) Solving quadratic problem for v: floored 1 eigenvalues. 
LOG (sgmm2-est[5.4.10~1-f629b]:SolveQuadraticProblem<double>():sp-matrix.cc:686) Solving quadratic problem for v: floored 1 eigenvalues. 
LOG (sgmm2-est[5.4.10~1-f629b]:SolveQuadraticProblem<double>():sp-matrix.cc:686) Solving quadratic problem for v: floored 1 eigenvalues. 
LOG (sgmm2-est[5.4.10~1-f629b]:SolveQuadraticProblem<double>():sp-matrix.cc:686) Solving quadratic problem for v: floored 1 eigenvalues. 
LOG (sgmm2-est[5.4.10~1-f629b]:SolveQuadraticProblem<double>():sp-matrix.cc:686) Solving quadratic problem for v: floored 1 eigenvalues. 
LOG (sgmm2-est[5.4.10~1-f629b]:SolveQuadraticProblem<double>():sp-matrix.cc:686) Solving quadratic problem for v: floored 1 eigenvalues. 
LOG (sgmm2-est[5.4.10~1-f629b]:SolveQuadraticProblem<double>():sp-matrix.cc:686) Solving quadratic problem for v: floored 1 eigenvalues. 
LOG (sgmm2-est[5.4.10~1-f629b]:SolveQuadraticProblem<double>():sp-matrix.cc:686) Solving quadratic problem for v: floored 1 eigenvalues. 
LOG (sgmm2-est[5.4.10~1-f629b]:SolveQuadraticProblem<double>():sp-matrix.cc:686) Solving quadratic problem for v: floored 1 eigenvalues. 
LOG (sgmm2-est[5.4.10~1-f629b]:SolveQuadraticProblem<double>():sp-matrix.cc:686) Solving quadratic problem for v: floored 1 eigenvalues. 
LOG (sgmm2-est[5.4.10~1-f629b]:SolveQuadraticProblem<double>():sp-matrix.cc:686) Solving quadratic problem for v: floored 1 eigenvalues. 
LOG (sgmm2-est[5.4.10~1-f629b]:SolveQuadraticProblem<double>():sp-matrix.cc:686) Solving quadratic problem for v: floored 1 eigenvalues. 
LOG (sgmm2-est[5.4.10~1-f629b]:SolveQuadraticProblem<double>():sp-matrix.cc:686) Solving quadratic problem for v: floored 1 eigenvalues. 
LOG (sgmm2-est[5.4.10~1-f629b]:SolveQuadraticProblem<double>():sp-matrix.cc:686) Solving quadratic problem for v: floored 1 eigenvalues. 
LOG (sgmm2-est[5.4.10~1-f629b]:SolveQuadraticProblem<double>():sp-matrix.cc:686) Solving quadratic problem for v: floored 1 eigenvalues. 
LOG (sgmm2-est[5.4.10~1-f629b]:SolveQuadraticProblem<double>():sp-matrix.cc:686) Solving quadratic problem for v: floored 1 eigenvalues. 
LOG (sgmm2-est[5.4.10~1-f629b]:SolveQuadraticProblem<double>():sp-matrix.cc:686) Solving quadratic problem for v: floored 1 eigenvalues. 
LOG (sgmm2-est[5.4.10~1-f629b]:SolveQuadraticProblem<double>():sp-matrix.cc:686) Solving quadratic problem for v: floored 1 eigenvalues. 
LOG (sgmm2-est[5.4.10~1-f629b]:SolveQuadraticProblem<double>():sp-matrix.cc:686) Solving quadratic problem for v: floored 1 eigenvalues. 
LOG (sgmm2-est[5.4.10~1-f629b]:SolveQuadraticProblem<double>():sp-matrix.cc:686) Solving quadratic problem for v: floored 1 eigenvalues. 
LOG (sgmm2-est[5.4.10~1-f629b]:SolveQuadraticProblem<double>():sp-matrix.cc:686) Solving quadratic problem for v: floored 1 eigenvalues. 
LOG (sgmm2-est[5.4.10~1-f629b]:SolveQuadraticProblem<double>():sp-matrix.cc:686) Solving quadratic problem for v: floored 1 eigenvalues. 
LOG (sgmm2-est[5.4.10~1-f629b]:SolveQuadraticProblem<double>():sp-matrix.cc:686) Solving quadratic problem for v: floored 1 eigenvalues. 
LOG (sgmm2-est[5.4.10~1-f629b]:SolveQuadraticProblem<double>():sp-matrix.cc:686) Solving quadratic problem for v: floored 1 eigenvalues. 
LOG (sgmm2-est[5.4.10~1-f629b]:SolveQuadraticProblem<double>():sp-matrix.cc:686) Solving quadratic problem for v: floored 1 eigenvalues. 
LOG (sgmm2-est[5.4.10~1-f629b]:SolveQuadraticProblem<double>():sp-matrix.cc:686) Solving quadratic problem for v: floored 1 eigenvalues. 
LOG (sgmm2-est[5.4.10~1-f629b]:SolveQuadraticProblem<double>():sp-matrix.cc:686) Solving quadratic problem for v: floored 1 eigenvalues. 
LOG (sgmm2-est[5.4.10~1-f629b]:SolveQuadraticProblem<double>():sp-matrix.cc:686) Solving quadratic problem for v: floored 1 eigenvalues. 
LOG (sgmm2-est[5.4.10~1-f629b]:SolveQuadraticProblem<double>():sp-matrix.cc:686) Solving quadratic problem for v: floored 1 eigenvalues. 
LOG (sgmm2-est[5.4.10~1-f629b]:SolveQuadraticProblem<double>():sp-matrix.cc:686) Solving quadratic problem for v: floored 1 eigenvalues. 
LOG (sgmm2-est[5.4.10~1-f629b]:SolveQuadraticProblem<double>():sp-matrix.cc:686) Solving quadratic problem for v: floored 1 eigenvalues. 
LOG (sgmm2-est[5.4.10~1-f629b]:SolveQuadraticProblem<double>():sp-matrix.cc:686) Solving quadratic problem for v: floored 1 eigenvalues. 
LOG (sgmm2-est[5.4.10~1-f629b]:SolveQuadraticProblem<double>():sp-matrix.cc:686) Solving quadratic problem for v: floored 1 eigenvalues. 
LOG (sgmm2-est[5.4.10~1-f629b]:SolveQuadraticProblem<double>():sp-matrix.cc:686) Solving quadratic problem for v: floored 1 eigenvalues. 
LOG (sgmm2-est[5.4.10~1-f629b]:SolveQuadraticProblem<double>():sp-matrix.cc:686) Solving quadratic problem for v: floored 1 eigenvalues. 
LOG (sgmm2-est[5.4.10~1-f629b]:SolveQuadraticProblem<double>():sp-matrix.cc:686) Solving quadratic problem for v: floored 1 eigenvalues. 
LOG (sgmm2-est[5.4.10~1-f629b]:SolveQuadraticProblem<double>():sp-matrix.cc:686) Solving quadratic problem for v: floored 1 eigenvalues. 
LOG (sgmm2-est[5.4.10~1-f629b]:SolveQuadraticProblem<double>():sp-matrix.cc:686) Solving quadratic problem for v: floored 1 eigenvalues. 
LOG (sgmm2-est[5.4.10~1-f629b]:SolveQuadraticProblem<double>():sp-matrix.cc:686) Solving quadratic problem for v: floored 1 eigenvalues. 
LOG (sgmm2-est[5.4.10~1-f629b]:SolveQuadraticProblem<double>():sp-matrix.cc:686) Solving quadratic problem for v: floored 1 eigenvalues. 
LOG (sgmm2-est[5.4.10~1-f629b]:SolveQuadraticProblem<double>():sp-matrix.cc:686) Solving quadratic problem for v: floored 1 eigenvalues. 
LOG (sgmm2-est[5.4.10~1-f629b]:SolveQuadraticProblem<double>():sp-matrix.cc:686) Solving quadratic problem for v: floored 1 eigenvalues. 
LOG (sgmm2-est[5.4.10~1-f629b]:SolveQuadraticProblem<double>():sp-matrix.cc:686) Solving quadratic problem for v: floored 1 eigenvalues. 
LOG (sgmm2-est[5.4.10~1-f629b]:SolveQuadraticProblem<double>():sp-matrix.cc:686) Solving quadratic problem for v: floored 1 eigenvalues. 
LOG (sgmm2-est[5.4.10~1-f629b]:SolveQuadraticProblem<double>():sp-matrix.cc:686) Solving quadratic problem for v: floored 1 eigenvalues. 
LOG (sgmm2-est[5.4.10~1-f629b]:SolveQuadraticProblem<double>():sp-matrix.cc:686) Solving quadratic problem for v: floored 1 eigenvalues. 
LOG (sgmm2-est[5.4.10~1-f629b]:SolveQuadraticProblem<double>():sp-matrix.cc:686) Solving quadratic problem for v: floored 1 eigenvalues. 
LOG (sgmm2-est[5.4.10~1-f629b]:SolveQuadraticProblem<double>():sp-matrix.cc:686) Solving quadratic problem for v: floored 1 eigenvalues. 
LOG (sgmm2-est[5.4.10~1-f629b]:SolveQuadraticProblem<double>():sp-matrix.cc:686) Solving quadratic problem for v: floored 1 eigenvalues. 
LOG (sgmm2-est[5.4.10~1-f629b]:SolveQuadraticProblem<double>():sp-matrix.cc:686) Solving quadratic problem for v: floored 1 eigenvalues. 
LOG (sgmm2-est[5.4.10~1-f629b]:SolveQuadraticProblem<double>():sp-matrix.cc:686) Solving quadratic problem for v: floored 1 eigenvalues. 
LOG (sgmm2-est[5.4.10~1-f629b]:SolveQuadraticProblem<double>():sp-matrix.cc:686) Solving quadratic problem for v: floored 1 eigenvalues. 
LOG (sgmm2-est[5.4.10~1-f629b]:SolveQuadraticProblem<double>():sp-matrix.cc:686) Solving quadratic problem for v: floored 1 eigenvalues. 
LOG (sgmm2-est[5.4.10~1-f629b]:SolveQuadraticProblem<double>():sp-matrix.cc:686) Solving quadratic problem for v: floored 1 eigenvalues. 
LOG (sgmm2-est[5.4.10~1-f629b]:SolveQuadraticProblem<double>():sp-matrix.cc:686) Solving quadratic problem for v: floored 1 eigenvalues. 
LOG (sgmm2-est[5.4.10~1-f629b]:SolveQuadraticProblem<double>():sp-matrix.cc:686) Solving quadratic problem for v: floored 1 eigenvalues. 
LOG (sgmm2-est[5.4.10~1-f629b]:SolveQuadraticProblem<double>():sp-matrix.cc:686) Solving quadratic problem for v: floored 1 eigenvalues. 
LOG (sgmm2-est[5.4.10~1-f629b]:SolveQuadraticProblem<double>():sp-matrix.cc:686) Solving quadratic problem for v: floored 1 eigenvalues. 
LOG (sgmm2-est[5.4.10~1-f629b]:SolveQuadraticProblem<double>():sp-matrix.cc:686) Solving quadratic problem for v: floored 1 eigenvalues. 
LOG (sgmm2-est[5.4.10~1-f629b]:SolveQuadraticProblem<double>():sp-matrix.cc:686) Solving quadratic problem for v: floored 1 eigenvalues. 
LOG (sgmm2-est[5.4.10~1-f629b]:SolveQuadraticProblem<double>():sp-matrix.cc:686) Solving quadratic problem for v: floored 1 eigenvalues. 
LOG (sgmm2-est[5.4.10~1-f629b]:SolveQuadraticProblem<double>():sp-matrix.cc:686) Solving quadratic problem for v: floored 1 eigenvalues. 
LOG (sgmm2-est[5.4.10~1-f629b]:SolveQuadraticProblem<double>():sp-matrix.cc:686) Solving quadratic problem for v: floored 1 eigenvalues. 
LOG (sgmm2-est[5.4.10~1-f629b]:SolveQuadraticProblem<double>():sp-matrix.cc:686) Solving quadratic problem for v: floored 1 eigenvalues. 
LOG (sgmm2-est[5.4.10~1-f629b]:SolveQuadraticProblem<double>():sp-matrix.cc:686) Solving quadratic problem for v: floored 1 eigenvalues. 
LOG (sgmm2-est[5.4.10~1-f629b]:SolveQuadraticProblem<double>():sp-matrix.cc:686) Solving quadratic problem for v: floored 1 eigenvalues. 
LOG (sgmm2-est[5.4.10~1-f629b]:SolveQuadraticProblem<double>():sp-matrix.cc:686) Solving quadratic problem for v: floored 1 eigenvalues. 
LOG (sgmm2-est[5.4.10~1-f629b]:SolveQuadraticProblem<double>():sp-matrix.cc:686) Solving quadratic problem for v: floored 1 eigenvalues. 
LOG (sgmm2-est[5.4.10~1-f629b]:SolveQuadraticProblem<double>():sp-matrix.cc:686) Solving quadratic problem for v: floored 1 eigenvalues. 
LOG (sgmm2-est[5.4.10~1-f629b]:SolveQuadraticProblem<double>():sp-matrix.cc:686) Solving quadratic problem for v: floored 1 eigenvalues. 
LOG (sgmm2-est[5.4.10~1-f629b]:SolveQuadraticProblem<double>():sp-matrix.cc:686) Solving quadratic problem for v: floored 1 eigenvalues. 
LOG (sgmm2-est[5.4.10~1-f629b]:SolveQuadraticProblem<double>():sp-matrix.cc:686) Solving quadratic problem for v: floored 1 eigenvalues. 
LOG (sgmm2-est[5.4.10~1-f629b]:SolveQuadraticProblem<double>():sp-matrix.cc:686) Solving quadratic problem for v: floored 1 eigenvalues. 
LOG (sgmm2-est[5.4.10~1-f629b]:SolveQuadraticProblem<double>():sp-matrix.cc:686) Solving quadratic problem for v: floored 1 eigenvalues. 
LOG (sgmm2-est[5.4.10~1-f629b]:SolveQuadraticProblem<double>():sp-matrix.cc:686) Solving quadratic problem for v: floored 1 eigenvalues. 
LOG (sgmm2-est[5.4.10~1-f629b]:SolveQuadraticProblem<double>():sp-matrix.cc:686) Solving quadratic problem for v: floored 1 eigenvalues. 
LOG (sgmm2-est[5.4.10~1-f629b]:SolveQuadraticProblem<double>():sp-matrix.cc:686) Solving quadratic problem for v: floored 1 eigenvalues. 
LOG (sgmm2-est[5.4.10~1-f629b]:SolveQuadraticProblem<double>():sp-matrix.cc:686) Solving quadratic problem for v: floored 1 eigenvalues. 
LOG (sgmm2-est[5.4.10~1-f629b]:SolveQuadraticProblem<double>():sp-matrix.cc:686) Solving quadratic problem for v: floored 1 eigenvalues. 
LOG (sgmm2-est[5.4.10~1-f629b]:SolveQuadraticProblem<double>():sp-matrix.cc:686) Solving quadratic problem for v: floored 1 eigenvalues. 
LOG (sgmm2-est[5.4.10~1-f629b]:SolveQuadraticProblem<double>():sp-matrix.cc:686) Solving quadratic problem for v: floored 1 eigenvalues. 
LOG (sgmm2-est[5.4.10~1-f629b]:SolveQuadraticProblem<double>():sp-matrix.cc:686) Solving quadratic problem for v: floored 1 eigenvalues. 
LOG (sgmm2-est[5.4.10~1-f629b]:SolveQuadraticProblem<double>():sp-matrix.cc:686) Solving quadratic problem for v: floored 1 eigenvalues. 
LOG (sgmm2-est[5.4.10~1-f629b]:SolveQuadraticProblem<double>():sp-matrix.cc:686) Solving quadratic problem for v: floored 1 eigenvalues. 
LOG (sgmm2-est[5.4.10~1-f629b]:SolveQuadraticProblem<double>():sp-matrix.cc:686) Solving quadratic problem for v: floored 1 eigenvalues. 
LOG (sgmm2-est[5.4.10~1-f629b]:SolveQuadraticProblem<double>():sp-matrix.cc:686) Solving quadratic problem for v: floored 1 eigenvalues. 
LOG (sgmm2-est[5.4.10~1-f629b]:SolveQuadraticProblem<double>():sp-matrix.cc:686) Solving quadratic problem for v: floored 1 eigenvalues. 
LOG (sgmm2-est[5.4.10~1-f629b]:SolveQuadraticProblem<double>():sp-matrix.cc:686) Solving quadratic problem for v: floored 1 eigenvalues. 
LOG (sgmm2-est[5.4.10~1-f629b]:SolveQuadraticProblem<double>():sp-matrix.cc:686) Solving quadratic problem for v: floored 1 eigenvalues. 
LOG (sgmm2-est[5.4.10~1-f629b]:SolveQuadraticProblem<double>():sp-matrix.cc:686) Solving quadratic problem for v: floored 1 eigenvalues. 
LOG (sgmm2-est[5.4.10~1-f629b]:SolveQuadraticProblem<double>():sp-matrix.cc:686) Solving quadratic problem for v: floored 1 eigenvalues. 
LOG (sgmm2-est[5.4.10~1-f629b]:SolveQuadraticProblem<double>():sp-matrix.cc:686) Solving quadratic problem for v: floored 1 eigenvalues. 
LOG (sgmm2-est[5.4.10~1-f629b]:SolveQuadraticProblem<double>():sp-matrix.cc:686) Solving quadratic problem for v: floored 1 eigenvalues. 
LOG (sgmm2-est[5.4.10~1-f629b]:SolveQuadraticProblem<double>():sp-matrix.cc:686) Solving quadratic problem for v: floored 1 eigenvalues. 
LOG (sgmm2-est[5.4.10~1-f629b]:SolveQuadraticProblem<double>():sp-matrix.cc:686) Solving quadratic problem for v: floored 1 eigenvalues. 
LOG (sgmm2-est[5.4.10~1-f629b]:SolveQuadraticProblem<double>():sp-matrix.cc:686) Solving quadratic problem for v: floored 1 eigenvalues. 
LOG (sgmm2-est[5.4.10~1-f629b]:SolveQuadraticProblem<double>():sp-matrix.cc:686) Solving quadratic problem for v: floored 1 eigenvalues. 
LOG (sgmm2-est[5.4.10~1-f629b]:SolveQuadraticProblem<double>():sp-matrix.cc:686) Solving quadratic problem for v: floored 1 eigenvalues. 
LOG (sgmm2-est[5.4.10~1-f629b]:SolveQuadraticProblem<double>():sp-matrix.cc:686) Solving quadratic problem for v: floored 1 eigenvalues. 
LOG (sgmm2-est[5.4.10~1-f629b]:SolveQuadraticProblem<double>():sp-matrix.cc:686) Solving quadratic problem for v: floored 1 eigenvalues. 
LOG (sgmm2-est[5.4.10~1-f629b]:SolveQuadraticProblem<double>():sp-matrix.cc:686) Solving quadratic problem for v: floored 1 eigenvalues. 
LOG (sgmm2-est[5.4.10~1-f629b]:SolveQuadraticProblem<double>():sp-matrix.cc:686) Solving quadratic problem for v: floored 1 eigenvalues. 
LOG (sgmm2-est[5.4.10~1-f629b]:SolveQuadraticProblem<double>():sp-matrix.cc:686) Solving quadratic problem for v: floored 1 eigenvalues. 
LOG (sgmm2-est[5.4.10~1-f629b]:SolveQuadraticProblem<double>():sp-matrix.cc:686) Solving quadratic problem for v: floored 1 eigenvalues. 
LOG (sgmm2-est[5.4.10~1-f629b]:SolveQuadraticProblem<double>():sp-matrix.cc:686) Solving quadratic problem for v: floored 1 eigenvalues. 
LOG (sgmm2-est[5.4.10~1-f629b]:SolveQuadraticProblem<double>():sp-matrix.cc:686) Solving quadratic problem for v: floored 1 eigenvalues. 
WARNING (sgmm2-est[5.4.10~1-f629b]:SolveQuadraticProblem<double>():sp-matrix.cc:643) Zero quadratic term in quadratic vector problem for v: leaving it unchanged.
LOG (sgmm2-est[5.4.10~1-f629b]:UpdatePhoneVectorsInternal():estimate-am-sgmm2.cc:934) Auxf impr for j = 1 m = 0 is -nan per frame over 0 frames.
LOG (sgmm2-est[5.4.10~1-f629b]:SolveQuadraticProblem<double>():sp-matrix.cc:686) Solving quadratic problem for v: floored 1 eigenvalues. 
LOG (sgmm2-est[5.4.10~1-f629b]:UpdatePhoneVectorsInternal():estimate-am-sgmm2.cc:934) Auxf impr for j = 2 m = 0 is 0.00355109 per frame over 8 frames.
LOG (sgmm2-est[5.4.10~1-f629b]:SolveQuadraticProblem<double>():sp-matrix.cc:686) Solving quadratic problem for v: floored 1 eigenvalues. 
LOG (sgmm2-est[5.4.10~1-f629b]:SolveQuadraticProblem<double>():sp-matrix.cc:686) Solving quadratic problem for v: floored 1 eigenvalues. 
LOG (sgmm2-est[5.4.10~1-f629b]:SolveQuadraticProblem<double>():sp-matrix.cc:686) Solving quadratic problem for v: floored 1 eigenvalues. 
LOG (sgmm2-est[5.4.10~1-f629b]:SolveQuadraticProblem<double>():sp-matrix.cc:686) Solving quadratic problem for v: floored 1 eigenvalues. 
LOG (sgmm2-est[5.4.10~1-f629b]:SolveQuadraticProblem<double>():sp-matrix.cc:686) Solving quadratic problem for v: floored 1 eigenvalues. 
LOG (sgmm2-est[5.4.10~1-f629b]:SolveQuadraticProblem<double>():sp-matrix.cc:686) Solving quadratic problem for v: floored 1 eigenvalues. 
LOG (sgmm2-est[5.4.10~1-f629b]:SolveQuadraticProblem<double>():sp-matrix.cc:686) Solving quadratic problem for v: floored 1 eigenvalues. 
LOG (sgmm2-est[5.4.10~1-f629b]:SolveQuadraticProblem<double>():sp-matrix.cc:686) Solving quadratic problem for v: floored 1 eigenvalues. 
LOG (sgmm2-est[5.4.10~1-f629b]:SolveQuadraticProblem<double>():sp-matrix.cc:686) Solving quadratic problem for v: floored 1 eigenvalues. 
LOG (sgmm2-est[5.4.10~1-f629b]:SolveQuadraticProblem<double>():sp-matrix.cc:686) Solving quadratic problem for v: floored 1 eigenvalues. 
LOG (sgmm2-est[5.4.10~1-f629b]:SolveQuadraticProblem<double>():sp-matrix.cc:686) Solving quadratic problem for v: floored 1 eigenvalues. 
LOG (sgmm2-est[5.4.10~1-f629b]:UpdatePhoneVectors():estimate-am-sgmm2.cc:800) **Overall auxf impr for v is 0.0577813 over 6055.62 frames
LOG (sgmm2-est[5.4.10~1-f629b]:UpdateM():estimate-am-sgmm2.cc:1074) Overall objective function improvement for model projections M is 0.0158875 over 6055.62 frames
LOG (sgmm2-est[5.4.10~1-f629b]:UpdateW():estimate-am-sgmm2.cc:1325) Updating weight projections
LOG (sgmm2-est[5.4.10~1-f629b]:UpdateW():estimate-am-sgmm2.cc:1379) Predicted objf impr for w, iter = 0, i = 0 is 3.82061e-16 per frame over 6055.62 frames.
LOG (sgmm2-est[5.4.10~1-f629b]:UpdateW():estimate-am-sgmm2.cc:1379) Predicted objf impr for w, iter = 1, i = 0 is 6.04244e-17 per frame over 6055.62 frames.
LOG (sgmm2-est[5.4.10~1-f629b]:UpdateW():estimate-am-sgmm2.cc:1379) Predicted objf impr for w, iter = 2, i = 0 is 2.01823e-17 per frame over 6055.62 frames.
LOG (sgmm2-est[5.4.10~1-f629b]:UpdateW():estimate-am-sgmm2.cc:1433) **Overall objf impr for w is 4.62638e-16, actual 7.02026e-09, over 6055.62 frames
LOG (sgmm2-est[5.4.10~1-f629b]:UpdateVars():estimate-am-sgmm2.cc:1675) **Overall objf impr for variance update = 0.0261073 over 6055.62 frames
LOG (sgmm2-est[5.4.10~1-f629b]:UpdateSubstateWeights():estimate-am-sgmm2.cc:1684) Updating substate mixture weights
LOG (sgmm2-est[5.4.10~1-f629b]:UpdateSubstateWeights():estimate-am-sgmm2.cc:1707) **Overall objf impr for c is 0.00122975, over 6055.62 frames.
LOG (sgmm2-est[5.4.10~1-f629b]:SolveQuadraticProblem<double>():sp-matrix.cc:686) Solving quadratic problem for u: floored 36 eigenvalues. 
LOG (sgmm2-est[5.4.10~1-f629b]:UpdateU():estimate-am-sgmm2.cc:1473) Objf impr for spk weight-projection u for i = 0, is 0 over 6055.62 frames
LOG (sgmm2-est[5.4.10~1-f629b]:UpdateU():estimate-am-sgmm2.cc:1481) **Overall objf impr for u is 0, over 6055.62 frames
LOG (sgmm2-est[5.4.10~1-f629b]:RenormalizeV():estimate-am-sgmm2.cc:969) Scatter of vectors v is : 
LOG (sgmm2-est[5.4.10~1-f629b]:PrintEigs():matrix/sp-matrix.h:207) PrintEigs: Sigma:  [ 2.03969 1.23639 1.15709 0.823281 1.08982 1.06752 1.06298 0.904339 1.04604 0.91741 1.03493 1.0278 1.02932 0.924649 1.01154 1.00854 1.00461 1.00044 0.998563 0.953607 0.957903 0.962059 0.990974 0.98871 0.98559 0.983832 0.982898 0.981898 0.966117 0.968132 0.979632 0.978688 0.977636 0.976771 0.975767 0.975348 0.974227 0.973862 0.973331 0.971805 0.970761 ]
LOG (sgmm2-est[5.4.10~1-f629b]:RenormalizeV():estimate-am-sgmm2.cc:991) Note on the next diagnostic: the first number is generally not that meaningful as it relates to the static offset
LOG (sgmm2-est[5.4.10~1-f629b]:PrintEigs():matrix/sp-matrix.h:207) PrintEigs: H_sm_proj (Significance of dims in vector space.. note):  [ 8.21038 4.8163 3.28929 2.60314 2.05699 1.67842 1.58035 1.29338 1.25608 1.07816 1.00787 0.873013 0.722433 0.696851 0.622427 0.530769 0.514496 0.463233 0.421734 0.398516 0.352595 0.302266 0.283493 0 0.249431 0.238045 0.216874 0.0507467 0.061929 0.05896 0.0688861 0.0779302 0.0903927 0.104097 0.106802 0.114503 0.181837 0.172641 0.165606 0.132422 0.152339 ]
LOG (sgmm2-est[5.4.10~1-f629b]:RenormalizeV():estimate-am-sgmm2.cc:1037) Renormalized subspace.
LOG (sgmm2-est[5.4.10~1-f629b]:Update():estimate-am-sgmm2.cc:673) *Overall auxf improvement, combining all parameters, is 0.101006
LOG (sgmm2-est[5.4.10~1-f629b]:Update():estimate-am-sgmm2.cc:676) ***Overall data likelihood is -69.386 over 6055.62 frames.
WARNING (sgmm2-est[5.4.10~1-f629b]:GetSplitTargets():model-common.cc:134) Could not split up to 7798 due to min-count = 40 (or no counts at all)
WARNING (sgmm2-est[5.4.10~1-f629b]:ComputeHsmFromModel():am-sgmm2.cc:1289) Limited 6 eigenvalues of H_sm
LOG (sgmm2-est[5.4.10~1-f629b]:ComputeHsmFromModel():am-sgmm2.cc:1294) total count is 6055.62
LOG (sgmm2-est[5.4.10~1-f629b]:SplitSubstates():am-sgmm2.cc:688) Not splitting substates; current #substates is 204 and target is 7798
LOG (sgmm2-est[5.4.10~1-f629b]:ComputeNormalizers():am-sgmm2.cc:858) Computing normalizers
LOG (sgmm2-est[5.4.10~1-f629b]:ComputeNormalizers():am-sgmm2.cc:865) Entropy of weights in substates is 0 over 204 substates, equivalent to perplexity of 1
LOG (sgmm2-est[5.4.10~1-f629b]:ComputeNormalizers():am-sgmm2.cc:869) Done computing normalizers
LOG (sgmm2-est[5.4.10~1-f629b]:main():sgmm2-est.cc:158) Written model to exp/sgmm2/7.mdl
# Accounting: time=0 threads=1
# Ended (code 0) at Wed Mar 14 09:18:47 +07 2018, elapsed time 0 seconds
