# sgmm2-est --update-flags=vNwSctu --split-substates=8995 --power=0.25 --write-occs=exp/sgmm2/24.occs exp/sgmm2/23.mdl "sgmm2-sum-accs - exp/sgmm2/23.*.acc|" exp/sgmm2/24.mdl 
# Started at Tue Mar 20 10:32:06 +07 2018
#
sgmm2-est --update-flags=vNwSctu --split-substates=8995 --power=0.25 --write-occs=exp/sgmm2/24.occs exp/sgmm2/23.mdl 'sgmm2-sum-accs - exp/sgmm2/23.*.acc|' exp/sgmm2/24.mdl 
sgmm2-sum-accs - exp/sgmm2/23.1.acc 
LOG (sgmm2-sum-accs[5.4.10~1-f629b]:main():sgmm2-sum-accs.cc:84) Written stats to -
LOG (sgmm2-est[5.4.10~1-f629b]:MleUpdate():transition-model.cc:517) TransitionModel::Update, objf change is 0 per frame over 8610 frames. 
LOG (sgmm2-est[5.4.10~1-f629b]:MleUpdate():transition-model.cc:520) 8 probabilities floored, 315 out of 370 transition-states skipped due to insuffient data (it is normal to have some skipped.)
LOG (sgmm2-est[5.4.10~1-f629b]:main():sgmm2-est.cc:109) Transition model update: Overall 0 log-like improvement per frame over 8610 frames.
LOG (sgmm2-est[5.4.10~1-f629b]:Check():estimate-am-sgmm2.cc:216) Sgmm2PdfModel: J1 = 80, J2 = 86, D = 40, S = 41, T = 40, I = 10
LOG (sgmm2-est[5.4.10~1-f629b]:Check():estimate-am-sgmm2.cc:362) Subspace GMM model properties: Y: yes, nonzero. Z: yes, nonzero. R: yes, nonzero. gamma_s: yes, zero. S: yes, nonzero. y: yes, nonzero. a: yes.  a: yes, nonzero. gamma: yes.  gamma: yes, nonzero. gamma_c: yes, nonzero. t: yes, nonzero. t: yes, nonzero. 
WARNING (sgmm2-est[5.4.10~1-f629b]:ComputeLogA():estimate-am-sgmm2.cc:834) 1 sub-states with zero "a" (and presumably gamma) stats.
LOG (sgmm2-est[5.4.10~1-f629b]:UpdatePhoneVectors():estimate-am-sgmm2.cc:788) Updating phone vectors
LOG (sgmm2-est[5.4.10~1-f629b]:UpdatePhoneVectorsInternal():estimate-am-sgmm2.cc:934) Auxf impr for j = 0 m = 0 is 0.0627201 per frame over 20.9868 frames.
LOG (sgmm2-est[5.4.10~1-f629b]:UpdatePhoneVectorsInternal():estimate-am-sgmm2.cc:934) Auxf impr for j = 0 m = 1 is 0.0125956 per frame over 42.8657 frames.
LOG (sgmm2-est[5.4.10~1-f629b]:UpdatePhoneVectorsInternal():estimate-am-sgmm2.cc:934) Auxf impr for j = 0 m = 2 is 0.0445101 per frame over 25.4592 frames.
LOG (sgmm2-est[5.4.10~1-f629b]:SolveQuadraticProblem<double>():sp-matrix.cc:686) Solving quadratic problem for v: floored 1 eigenvalues. 
LOG (sgmm2-est[5.4.10~1-f629b]:SolveQuadraticProblem<double>():sp-matrix.cc:686) Solving quadratic problem for v: floored 8 eigenvalues. 
LOG (sgmm2-est[5.4.10~1-f629b]:SolveQuadraticProblem<double>():sp-matrix.cc:686) Solving quadratic problem for v: floored 7 eigenvalues. 
LOG (sgmm2-est[5.4.10~1-f629b]:SolveQuadraticProblem<double>():sp-matrix.cc:686) Solving quadratic problem for v: floored 2 eigenvalues. 
LOG (sgmm2-est[5.4.10~1-f629b]:SolveQuadraticProblem<double>():sp-matrix.cc:686) Solving quadratic problem for v: floored 1 eigenvalues. 
LOG (sgmm2-est[5.4.10~1-f629b]:SolveQuadraticProblem<double>():sp-matrix.cc:686) Solving quadratic problem for v: floored 4 eigenvalues. 
LOG (sgmm2-est[5.4.10~1-f629b]:SolveQuadraticProblem<double>():sp-matrix.cc:686) Solving quadratic problem for v: floored 9 eigenvalues. 
LOG (sgmm2-est[5.4.10~1-f629b]:SolveQuadraticProblem<double>():sp-matrix.cc:686) Solving quadratic problem for v: floored 5 eigenvalues. 
LOG (sgmm2-est[5.4.10~1-f629b]:SolveQuadraticProblem<double>():sp-matrix.cc:686) Solving quadratic problem for v: floored 1 eigenvalues. 
LOG (sgmm2-est[5.4.10~1-f629b]:SolveQuadraticProblem<double>():sp-matrix.cc:686) Solving quadratic problem for v: floored 8 eigenvalues. 
LOG (sgmm2-est[5.4.10~1-f629b]:SolveQuadraticProblem<double>():sp-matrix.cc:686) Solving quadratic problem for v: floored 2 eigenvalues. 
LOG (sgmm2-est[5.4.10~1-f629b]:SolveQuadraticProblem<double>():sp-matrix.cc:686) Solving quadratic problem for v: floored 1 eigenvalues. 
LOG (sgmm2-est[5.4.10~1-f629b]:SolveQuadraticProblem<double>():sp-matrix.cc:686) Solving quadratic problem for v: floored 2 eigenvalues. 
WARNING (sgmm2-est[5.4.10~1-f629b]:SolveQuadraticProblem<double>():sp-matrix.cc:643) Zero quadratic term in quadratic vector problem for v: leaving it unchanged.
LOG (sgmm2-est[5.4.10~1-f629b]:UpdatePhoneVectorsInternal():estimate-am-sgmm2.cc:934) Auxf impr for j = 1 m = 0 is -nan per frame over 0 frames.
LOG (sgmm2-est[5.4.10~1-f629b]:UpdatePhoneVectorsInternal():estimate-am-sgmm2.cc:934) Auxf impr for j = 2 m = 0 is 0.0259199 per frame over 13 frames.
LOG (sgmm2-est[5.4.10~1-f629b]:SolveQuadraticProblem<double>():sp-matrix.cc:686) Solving quadratic problem for v: floored 4 eigenvalues. 
LOG (sgmm2-est[5.4.10~1-f629b]:SolveQuadraticProblem<double>():sp-matrix.cc:686) Solving quadratic problem for v: floored 5 eigenvalues. 
LOG (sgmm2-est[5.4.10~1-f629b]:SolveQuadraticProblem<double>():sp-matrix.cc:686) Solving quadratic problem for v: floored 8 eigenvalues. 
LOG (sgmm2-est[5.4.10~1-f629b]:SolveQuadraticProblem<double>():sp-matrix.cc:686) Solving quadratic problem for v: floored 8 eigenvalues. 
LOG (sgmm2-est[5.4.10~1-f629b]:SolveQuadraticProblem<double>():sp-matrix.cc:686) Solving quadratic problem for v: floored 7 eigenvalues. 
LOG (sgmm2-est[5.4.10~1-f629b]:SolveQuadraticProblem<double>():sp-matrix.cc:686) Solving quadratic problem for v: floored 9 eigenvalues. 
LOG (sgmm2-est[5.4.10~1-f629b]:SolveQuadraticProblem<double>():sp-matrix.cc:686) Solving quadratic problem for v: floored 2 eigenvalues. 
LOG (sgmm2-est[5.4.10~1-f629b]:SolveQuadraticProblem<double>():sp-matrix.cc:686) Solving quadratic problem for v: floored 1 eigenvalues. 
LOG (sgmm2-est[5.4.10~1-f629b]:SolveQuadraticProblem<double>():sp-matrix.cc:686) Solving quadratic problem for v: floored 5 eigenvalues. 
LOG (sgmm2-est[5.4.10~1-f629b]:SolveQuadraticProblem<double>():sp-matrix.cc:686) Solving quadratic problem for v: floored 4 eigenvalues. 
LOG (sgmm2-est[5.4.10~1-f629b]:SolveQuadraticProblem<double>():sp-matrix.cc:686) Solving quadratic problem for v: floored 1 eigenvalues. 
LOG (sgmm2-est[5.4.10~1-f629b]:SolveQuadraticProblem<double>():sp-matrix.cc:686) Solving quadratic problem for v: floored 6 eigenvalues. 
LOG (sgmm2-est[5.4.10~1-f629b]:UpdatePhoneVectors():estimate-am-sgmm2.cc:800) **Overall auxf impr for v is 0.029324 over 8603.78 frames
LOG (sgmm2-est[5.4.10~1-f629b]:UpdateW():estimate-am-sgmm2.cc:1325) Updating weight projections
LOG (sgmm2-est[5.4.10~1-f629b]:UpdateW():estimate-am-sgmm2.cc:1379) Predicted objf impr for w, iter = 0, i = 0 is 0.00256449 per frame over 118 frames.
LOG (sgmm2-est[5.4.10~1-f629b]:UpdateW():estimate-am-sgmm2.cc:1379) Predicted objf impr for w, iter = 0, i = 1 is 0.000432901 per frame over 320.997 frames.
LOG (sgmm2-est[5.4.10~1-f629b]:UpdateW():estimate-am-sgmm2.cc:1379) Predicted objf impr for w, iter = 0, i = 2 is 0.000856789 per frame over 140 frames.
LOG (sgmm2-est[5.4.10~1-f629b]:UpdateW():estimate-am-sgmm2.cc:1379) Predicted objf impr for w, iter = 0, i = 3 is 0.000206973 per frame over 898.42 frames.
LOG (sgmm2-est[5.4.10~1-f629b]:UpdateW():estimate-am-sgmm2.cc:1379) Predicted objf impr for w, iter = 0, i = 4 is 0.00086819 per frame over 139 frames.
LOG (sgmm2-est[5.4.10~1-f629b]:UpdateW():estimate-am-sgmm2.cc:1379) Predicted objf impr for w, iter = 0, i = 5 is 0.000239048 per frame over 1438.97 frames.
LOG (sgmm2-est[5.4.10~1-f629b]:UpdateW():estimate-am-sgmm2.cc:1379) Predicted objf impr for w, iter = 0, i = 6 is 0.000752179 per frame over 204 frames.
LOG (sgmm2-est[5.4.10~1-f629b]:UpdateW():estimate-am-sgmm2.cc:1379) Predicted objf impr for w, iter = 0, i = 7 is 8.13736e-05 per frame over 3460.95 frames.
LOG (sgmm2-est[5.4.10~1-f629b]:SolveQuadraticProblem<double>():sp-matrix.cc:686) Solving quadratic problem for w: floored 1 eigenvalues. 
LOG (sgmm2-est[5.4.10~1-f629b]:UpdateW():estimate-am-sgmm2.cc:1379) Predicted objf impr for w, iter = 0, i = 8 is 0.00275182 per frame over 110 frames.
LOG (sgmm2-est[5.4.10~1-f629b]:UpdateW():estimate-am-sgmm2.cc:1379) Predicted objf impr for w, iter = 0, i = 9 is 0.0001039 per frame over 1773.45 frames.
LOG (sgmm2-est[5.4.10~1-f629b]:UpdateW():estimate-am-sgmm2.cc:1379) Predicted objf impr for w, iter = 1, i = 0 is 0.000369019 per frame over 118 frames.
LOG (sgmm2-est[5.4.10~1-f629b]:UpdateW():estimate-am-sgmm2.cc:1379) Predicted objf impr for w, iter = 1, i = 1 is 6.1548e-05 per frame over 320.997 frames.
LOG (sgmm2-est[5.4.10~1-f629b]:UpdateW():estimate-am-sgmm2.cc:1379) Predicted objf impr for w, iter = 1, i = 2 is 0.000188276 per frame over 140 frames.
LOG (sgmm2-est[5.4.10~1-f629b]:UpdateW():estimate-am-sgmm2.cc:1379) Predicted objf impr for w, iter = 1, i = 3 is 2.79258e-05 per frame over 898.42 frames.
LOG (sgmm2-est[5.4.10~1-f629b]:UpdateW():estimate-am-sgmm2.cc:1379) Predicted objf impr for w, iter = 1, i = 4 is 0.000100402 per frame over 139 frames.
LOG (sgmm2-est[5.4.10~1-f629b]:UpdateW():estimate-am-sgmm2.cc:1379) Predicted objf impr for w, iter = 1, i = 5 is 2.66357e-05 per frame over 1438.97 frames.
LOG (sgmm2-est[5.4.10~1-f629b]:UpdateW():estimate-am-sgmm2.cc:1379) Predicted objf impr for w, iter = 1, i = 6 is 3.90166e-05 per frame over 204 frames.
LOG (sgmm2-est[5.4.10~1-f629b]:UpdateW():estimate-am-sgmm2.cc:1379) Predicted objf impr for w, iter = 1, i = 7 is 1.36691e-05 per frame over 3460.95 frames.
LOG (sgmm2-est[5.4.10~1-f629b]:SolveQuadraticProblem<double>():sp-matrix.cc:686) Solving quadratic problem for w: floored 1 eigenvalues. 
LOG (sgmm2-est[5.4.10~1-f629b]:UpdateW():estimate-am-sgmm2.cc:1379) Predicted objf impr for w, iter = 1, i = 8 is 0.000574037 per frame over 110 frames.
LOG (sgmm2-est[5.4.10~1-f629b]:UpdateW():estimate-am-sgmm2.cc:1379) Predicted objf impr for w, iter = 1, i = 9 is 2.51356e-05 per frame over 1773.45 frames.
LOG (sgmm2-est[5.4.10~1-f629b]:UpdateW():estimate-am-sgmm2.cc:1379) Predicted objf impr for w, iter = 2, i = 0 is 9.91281e-05 per frame over 118 frames.
LOG (sgmm2-est[5.4.10~1-f629b]:UpdateW():estimate-am-sgmm2.cc:1379) Predicted objf impr for w, iter = 2, i = 1 is 2.57055e-05 per frame over 320.997 frames.
LOG (sgmm2-est[5.4.10~1-f629b]:UpdateW():estimate-am-sgmm2.cc:1379) Predicted objf impr for w, iter = 2, i = 2 is 0.000132349 per frame over 140 frames.
LOG (sgmm2-est[5.4.10~1-f629b]:UpdateW():estimate-am-sgmm2.cc:1379) Predicted objf impr for w, iter = 2, i = 3 is 1.28062e-05 per frame over 898.42 frames.
LOG (sgmm2-est[5.4.10~1-f629b]:UpdateW():estimate-am-sgmm2.cc:1379) Predicted objf impr for w, iter = 2, i = 4 is 3.51267e-05 per frame over 139 frames.
LOG (sgmm2-est[5.4.10~1-f629b]:UpdateW():estimate-am-sgmm2.cc:1379) Predicted objf impr for w, iter = 2, i = 5 is 1.03011e-05 per frame over 1438.97 frames.
LOG (sgmm2-est[5.4.10~1-f629b]:UpdateW():estimate-am-sgmm2.cc:1379) Predicted objf impr for w, iter = 2, i = 6 is 1.45134e-05 per frame over 204 frames.
LOG (sgmm2-est[5.4.10~1-f629b]:UpdateW():estimate-am-sgmm2.cc:1379) Predicted objf impr for w, iter = 2, i = 7 is 7.39468e-06 per frame over 3460.95 frames.
LOG (sgmm2-est[5.4.10~1-f629b]:SolveQuadraticProblem<double>():sp-matrix.cc:686) Solving quadratic problem for w: floored 1 eigenvalues. 
LOG (sgmm2-est[5.4.10~1-f629b]:UpdateW():estimate-am-sgmm2.cc:1379) Predicted objf impr for w, iter = 2, i = 8 is 0.000445054 per frame over 110 frames.
LOG (sgmm2-est[5.4.10~1-f629b]:UpdateW():estimate-am-sgmm2.cc:1379) Predicted objf impr for w, iter = 2, i = 9 is 1.44244e-05 per frame over 1773.45 frames.
LOG (sgmm2-est[5.4.10~1-f629b]:UpdateW():estimate-am-sgmm2.cc:1433) **Overall objf impr for w is 0.000306489, actual 0.000392884, over 8603.78 frames
WARNING (sgmm2-est[5.4.10~1-f629b]:UpdateVars():estimate-am-sgmm2.cc:1649) For Gaussian component 0: Floored 31 covariance eigenvalues.
WARNING (sgmm2-est[5.4.10~1-f629b]:UpdateVars():estimate-am-sgmm2.cc:1649) For Gaussian component 1: Floored 12 covariance eigenvalues.
WARNING (sgmm2-est[5.4.10~1-f629b]:UpdateVars():estimate-am-sgmm2.cc:1649) For Gaussian component 2: Floored 28 covariance eigenvalues.
WARNING (sgmm2-est[5.4.10~1-f629b]:UpdateVars():estimate-am-sgmm2.cc:1649) For Gaussian component 4: Floored 24 covariance eigenvalues.
WARNING (sgmm2-est[5.4.10~1-f629b]:UpdateVars():estimate-am-sgmm2.cc:1649) For Gaussian component 6: Floored 19 covariance eigenvalues.
WARNING (sgmm2-est[5.4.10~1-f629b]:UpdateVars():estimate-am-sgmm2.cc:1649) For Gaussian component 8: Floored 31 covariance eigenvalues.
LOG (sgmm2-est[5.4.10~1-f629b]:UpdateVars():estimate-am-sgmm2.cc:1675) **Overall objf impr for variance update = 0.00493504 over 8603.78 frames
LOG (sgmm2-est[5.4.10~1-f629b]:UpdateSubstateWeights():estimate-am-sgmm2.cc:1684) Updating substate mixture weights
LOG (sgmm2-est[5.4.10~1-f629b]:UpdateSubstateWeights():estimate-am-sgmm2.cc:1707) **Overall objf impr for c is 0.000255258, over 8603.78 frames.
LOG (sgmm2-est[5.4.10~1-f629b]:SolveQuadraticMatrixProblem():sp-matrix.cc:786) Solving matrix problem for N: floored 39 eigenvalues. 
LOG (sgmm2-est[5.4.10~1-f629b]:UpdateN():estimate-am-sgmm2.cc:1512) Objf impr for spk projection N for i = 0, is 0.0061577 over 118 frames
LOG (sgmm2-est[5.4.10~1-f629b]:SolveQuadraticMatrixProblem():sp-matrix.cc:786) Solving matrix problem for N: floored 39 eigenvalues. 
LOG (sgmm2-est[5.4.10~1-f629b]:UpdateN():estimate-am-sgmm2.cc:1512) Objf impr for spk projection N for i = 1, is 0.00531224 over 320.997 frames
LOG (sgmm2-est[5.4.10~1-f629b]:SolveQuadraticMatrixProblem():sp-matrix.cc:786) Solving matrix problem for N: floored 39 eigenvalues. 
LOG (sgmm2-est[5.4.10~1-f629b]:UpdateN():estimate-am-sgmm2.cc:1512) Objf impr for spk projection N for i = 2, is 0.004548 over 140 frames
LOG (sgmm2-est[5.4.10~1-f629b]:SolveQuadraticMatrixProblem():sp-matrix.cc:786) Solving matrix problem for N: floored 39 eigenvalues. 
LOG (sgmm2-est[5.4.10~1-f629b]:UpdateN():estimate-am-sgmm2.cc:1512) Objf impr for spk projection N for i = 3, is 0.00133762 over 898.42 frames
LOG (sgmm2-est[5.4.10~1-f629b]:SolveQuadraticMatrixProblem():sp-matrix.cc:786) Solving matrix problem for N: floored 39 eigenvalues. 
LOG (sgmm2-est[5.4.10~1-f629b]:UpdateN():estimate-am-sgmm2.cc:1512) Objf impr for spk projection N for i = 4, is 0.00758816 over 139 frames
LOG (sgmm2-est[5.4.10~1-f629b]:SolveQuadraticMatrixProblem():sp-matrix.cc:786) Solving matrix problem for N: floored 39 eigenvalues. 
LOG (sgmm2-est[5.4.10~1-f629b]:UpdateN():estimate-am-sgmm2.cc:1512) Objf impr for spk projection N for i = 5, is 0.00132768 over 1438.97 frames
LOG (sgmm2-est[5.4.10~1-f629b]:SolveQuadraticMatrixProblem():sp-matrix.cc:786) Solving matrix problem for N: floored 39 eigenvalues. 
LOG (sgmm2-est[5.4.10~1-f629b]:UpdateN():estimate-am-sgmm2.cc:1512) Objf impr for spk projection N for i = 6, is 0.00313025 over 204 frames
LOG (sgmm2-est[5.4.10~1-f629b]:SolveQuadraticMatrixProblem():sp-matrix.cc:786) Solving matrix problem for N: floored 39 eigenvalues. 
LOG (sgmm2-est[5.4.10~1-f629b]:UpdateN():estimate-am-sgmm2.cc:1512) Objf impr for spk projection N for i = 7, is 0.000533118 over 3460.95 frames
LOG (sgmm2-est[5.4.10~1-f629b]:SolveQuadraticMatrixProblem():sp-matrix.cc:786) Solving matrix problem for N: floored 39 eigenvalues. 
LOG (sgmm2-est[5.4.10~1-f629b]:UpdateN():estimate-am-sgmm2.cc:1512) Objf impr for spk projection N for i = 8, is 0.0143359 over 110 frames
LOG (sgmm2-est[5.4.10~1-f629b]:SolveQuadraticMatrixProblem():sp-matrix.cc:786) Solving matrix problem for N: floored 39 eigenvalues. 
LOG (sgmm2-est[5.4.10~1-f629b]:UpdateN():estimate-am-sgmm2.cc:1512) Objf impr for spk projection N for i = 9, is 0.00283527 over 1773.45 frames
LOG (sgmm2-est[5.4.10~1-f629b]:UpdateN():estimate-am-sgmm2.cc:1520) **Overall objf impr for N is 0.00189735 over 8603.78 frames
LOG (sgmm2-est[5.4.10~1-f629b]:UpdateU():estimate-am-sgmm2.cc:1450) Count is small 118 for gaussian 0, not updating u_i.
LOG (sgmm2-est[5.4.10~1-f629b]:SolveQuadraticProblem<double>():sp-matrix.cc:686) Solving quadratic problem for u: floored 39 eigenvalues. 
LOG (sgmm2-est[5.4.10~1-f629b]:UpdateU():estimate-am-sgmm2.cc:1473) Objf impr for spk weight-projection u for i = 1, is 3.40788e-05 over 320.997 frames
LOG (sgmm2-est[5.4.10~1-f629b]:UpdateU():estimate-am-sgmm2.cc:1450) Count is small 140 for gaussian 2, not updating u_i.
LOG (sgmm2-est[5.4.10~1-f629b]:SolveQuadraticProblem<double>():sp-matrix.cc:686) Solving quadratic problem for u: floored 39 eigenvalues. 
LOG (sgmm2-est[5.4.10~1-f629b]:UpdateU():estimate-am-sgmm2.cc:1473) Objf impr for spk weight-projection u for i = 3, is 4.38669e-05 over 898.42 frames
LOG (sgmm2-est[5.4.10~1-f629b]:UpdateU():estimate-am-sgmm2.cc:1450) Count is small 139 for gaussian 4, not updating u_i.
LOG (sgmm2-est[5.4.10~1-f629b]:SolveQuadraticProblem<double>():sp-matrix.cc:686) Solving quadratic problem for u: floored 39 eigenvalues. 
LOG (sgmm2-est[5.4.10~1-f629b]:UpdateU():estimate-am-sgmm2.cc:1473) Objf impr for spk weight-projection u for i = 5, is 3.94163e-06 over 1438.97 frames
LOG (sgmm2-est[5.4.10~1-f629b]:SolveQuadraticProblem<double>():sp-matrix.cc:686) Solving quadratic problem for u: floored 39 eigenvalues. 
LOG (sgmm2-est[5.4.10~1-f629b]:UpdateU():estimate-am-sgmm2.cc:1473) Objf impr for spk weight-projection u for i = 6, is 1.58764e-06 over 204 frames
LOG (sgmm2-est[5.4.10~1-f629b]:SolveQuadraticProblem<double>():sp-matrix.cc:686) Solving quadratic problem for u: floored 39 eigenvalues. 
LOG (sgmm2-est[5.4.10~1-f629b]:UpdateU():estimate-am-sgmm2.cc:1473) Objf impr for spk weight-projection u for i = 7, is 4.64018e-07 over 3460.95 frames
LOG (sgmm2-est[5.4.10~1-f629b]:UpdateU():estimate-am-sgmm2.cc:1450) Count is small 110 for gaussian 8, not updating u_i.
LOG (sgmm2-est[5.4.10~1-f629b]:SolveQuadraticProblem<double>():sp-matrix.cc:686) Solving quadratic problem for u: floored 39 eigenvalues. 
LOG (sgmm2-est[5.4.10~1-f629b]:UpdateU():estimate-am-sgmm2.cc:1473) Objf impr for spk weight-projection u for i = 9, is 1.40696e-06 over 1773.45 frames
LOG (sgmm2-est[5.4.10~1-f629b]:UpdateU():estimate-am-sgmm2.cc:1481) **Overall objf impr for u is 7.02564e-06, over 8603.78 frames
LOG (sgmm2-est[5.4.10~1-f629b]:RenormalizeV():estimate-am-sgmm2.cc:969) Scatter of vectors v is : 
LOG (sgmm2-est[5.4.10~1-f629b]:PrintEigs():matrix/sp-matrix.h:207) PrintEigs: Sigma:  [ 1.63551 1.16966 1.14033 1.12825 1.12319 0.877884 0.890212 1.08176 1.08031 0.914211 1.06055 1.05313 0.929246 1.04269 0.932173 0.939958 0.942211 1.03064 1.02723 1.02207 0.960902 1.01689 0.964622 0.966954 0.970747 0.972845 1.01307 1.00893 1.00756 1.00631 0.977969 1.00144 0.999396 0.997808 0.980397 0.983192 0.994925 0.993035 0.98995 0.990681 0.985921 ]
LOG (sgmm2-est[5.4.10~1-f629b]:RenormalizeV():estimate-am-sgmm2.cc:991) Note on the next diagnostic: the first number is generally not that meaningful as it relates to the static offset
LOG (sgmm2-est[5.4.10~1-f629b]:PrintEigs():matrix/sp-matrix.h:207) PrintEigs: H_sm_proj (Significance of dims in vector space.. note):  [ 23117.7 5089.73 3278.91 2226.19 1825.28 1651.41 1436.75 1226.33 810.131 711.963 615.558 541.437 514.716 414.549 331.237 263.043 234.385 209.743 177.175 163.825 148.32 119.197 108.094 96.5152 82.9425 78.7614 60.9422 58.2991 47.1234 40.6834 33.681 9.54052 10.7881 13.4892 15.0121 16.9779 18.4388 21.5561 25.4531 28.6684 27.1457 ]
LOG (sgmm2-est[5.4.10~1-f629b]:RenormalizeV():estimate-am-sgmm2.cc:1037) Renormalized subspace.
LOG (sgmm2-est[5.4.10~1-f629b]:Update():estimate-am-sgmm2.cc:673) *Overall auxf improvement, combining all parameters, is 0.0368115
LOG (sgmm2-est[5.4.10~1-f629b]:Update():estimate-am-sgmm2.cc:676) ***Overall data likelihood is -56.0713 over 8603.78 frames.
WARNING (sgmm2-est[5.4.10~1-f629b]:GetSplitTargets():model-common.cc:134) Could not split up to 8995 due to min-count = 40 (or no counts at all)
WARNING (sgmm2-est[5.4.10~1-f629b]:ComputeHsmFromModel():am-sgmm2.cc:1289) Limited 24 eigenvalues of H_sm
LOG (sgmm2-est[5.4.10~1-f629b]:ComputeHsmFromModel():am-sgmm2.cc:1294) total count is 8603.78
LOG (sgmm2-est[5.4.10~1-f629b]:SplitSubstates():am-sgmm2.cc:688) Not splitting substates; current #substates is 251 and target is 8995
LOG (sgmm2-est[5.4.10~1-f629b]:ComputeNormalizers():am-sgmm2.cc:858) Computing normalizers
LOG (sgmm2-est[5.4.10~1-f629b]:ComputeNormalizers():am-sgmm2.cc:865) Entropy of weights in substates is 1.03889 over 251 substates, equivalent to perplexity of 2.82609
LOG (sgmm2-est[5.4.10~1-f629b]:ComputeNormalizers():am-sgmm2.cc:869) Done computing normalizers
LOG (sgmm2-est[5.4.10~1-f629b]:main():sgmm2-est.cc:158) Written model to exp/sgmm2/24.mdl
# Accounting: time=1 threads=1
# Ended (code 0) at Tue Mar 20 10:32:07 +07 2018, elapsed time 1 seconds
