# sgmm2-est --update-flags=vMwSctu --split-substates=8995 --power=0.25 --write-occs=exp/sgmm2/23.occs exp/sgmm2/22.mdl "sgmm2-sum-accs - exp/sgmm2/22.*.acc|" exp/sgmm2/23.mdl 
# Started at Tue Mar 20 10:32:02 +07 2018
#
sgmm2-est --update-flags=vMwSctu --split-substates=8995 --power=0.25 --write-occs=exp/sgmm2/23.occs exp/sgmm2/22.mdl 'sgmm2-sum-accs - exp/sgmm2/22.*.acc|' exp/sgmm2/23.mdl 
sgmm2-sum-accs - exp/sgmm2/22.1.acc 
LOG (sgmm2-sum-accs[5.4.10~1-f629b]:main():sgmm2-sum-accs.cc:84) Written stats to -
LOG (sgmm2-est[5.4.10~1-f629b]:MleUpdate():transition-model.cc:517) TransitionModel::Update, objf change is 0 per frame over 8610 frames. 
LOG (sgmm2-est[5.4.10~1-f629b]:MleUpdate():transition-model.cc:520) 8 probabilities floored, 315 out of 370 transition-states skipped due to insuffient data (it is normal to have some skipped.)
LOG (sgmm2-est[5.4.10~1-f629b]:main():sgmm2-est.cc:109) Transition model update: Overall 0 log-like improvement per frame over 8610 frames.
LOG (sgmm2-est[5.4.10~1-f629b]:Check():estimate-am-sgmm2.cc:216) Sgmm2PdfModel: J1 = 80, J2 = 86, D = 40, S = 41, T = 40, I = 10
LOG (sgmm2-est[5.4.10~1-f629b]:Check():estimate-am-sgmm2.cc:362) Subspace GMM model properties: Y: yes, nonzero. Z, R: no.  S: yes, nonzero. y: yes, nonzero. a: yes.  a: yes, nonzero. gamma: yes.  gamma: yes, nonzero. gamma_c: yes, nonzero. t: yes, nonzero. t: yes, nonzero. 
WARNING (sgmm2-est[5.4.10~1-f629b]:ComputeLogA():estimate-am-sgmm2.cc:834) 1 sub-states with zero "a" (and presumably gamma) stats.
LOG (sgmm2-est[5.4.10~1-f629b]:UpdatePhoneVectors():estimate-am-sgmm2.cc:788) Updating phone vectors
LOG (sgmm2-est[5.4.10~1-f629b]:UpdatePhoneVectorsInternal():estimate-am-sgmm2.cc:934) Auxf impr for j = 0 m = 0 is 0.00275578 per frame over 20.7291 frames.
LOG (sgmm2-est[5.4.10~1-f629b]:SolveQuadraticProblem<double>():sp-matrix.cc:686) Solving quadratic problem for v: floored 7 eigenvalues. 
LOG (sgmm2-est[5.4.10~1-f629b]:UpdatePhoneVectorsInternal():estimate-am-sgmm2.cc:934) Auxf impr for j = 0 m = 1 is 0.00388903 per frame over 42.3204 frames.
LOG (sgmm2-est[5.4.10~1-f629b]:UpdatePhoneVectorsInternal():estimate-am-sgmm2.cc:934) Auxf impr for j = 0 m = 2 is 0.0138117 per frame over 25.0239 frames.
LOG (sgmm2-est[5.4.10~1-f629b]:SolveQuadraticProblem<double>():sp-matrix.cc:686) Solving quadratic problem for v: floored 9 eigenvalues. 
LOG (sgmm2-est[5.4.10~1-f629b]:SolveQuadraticProblem<double>():sp-matrix.cc:686) Solving quadratic problem for v: floored 8 eigenvalues. 
LOG (sgmm2-est[5.4.10~1-f629b]:SolveQuadraticProblem<double>():sp-matrix.cc:686) Solving quadratic problem for v: floored 1 eigenvalues. 
LOG (sgmm2-est[5.4.10~1-f629b]:SolveQuadraticProblem<double>():sp-matrix.cc:686) Solving quadratic problem for v: floored 4 eigenvalues. 
LOG (sgmm2-est[5.4.10~1-f629b]:SolveQuadraticProblem<double>():sp-matrix.cc:686) Solving quadratic problem for v: floored 8 eigenvalues. 
LOG (sgmm2-est[5.4.10~1-f629b]:SolveQuadraticProblem<double>():sp-matrix.cc:686) Solving quadratic problem for v: floored 8 eigenvalues. 
LOG (sgmm2-est[5.4.10~1-f629b]:SolveQuadraticProblem<double>():sp-matrix.cc:686) Solving quadratic problem for v: floored 5 eigenvalues. 
LOG (sgmm2-est[5.4.10~1-f629b]:SolveQuadraticProblem<double>():sp-matrix.cc:686) Solving quadratic problem for v: floored 1 eigenvalues. 
LOG (sgmm2-est[5.4.10~1-f629b]:SolveQuadraticProblem<double>():sp-matrix.cc:686) Solving quadratic problem for v: floored 2 eigenvalues. 
LOG (sgmm2-est[5.4.10~1-f629b]:SolveQuadraticProblem<double>():sp-matrix.cc:686) Solving quadratic problem for v: floored 5 eigenvalues. 
LOG (sgmm2-est[5.4.10~1-f629b]:SolveQuadraticProblem<double>():sp-matrix.cc:686) Solving quadratic problem for v: floored 2 eigenvalues. 
LOG (sgmm2-est[5.4.10~1-f629b]:SolveQuadraticProblem<double>():sp-matrix.cc:686) Solving quadratic problem for v: floored 5 eigenvalues. 
LOG (sgmm2-est[5.4.10~1-f629b]:SolveQuadraticProblem<double>():sp-matrix.cc:686) Solving quadratic problem for v: floored 1 eigenvalues. 
LOG (sgmm2-est[5.4.10~1-f629b]:SolveQuadraticProblem<double>():sp-matrix.cc:686) Solving quadratic problem for v: floored 4 eigenvalues. 
LOG (sgmm2-est[5.4.10~1-f629b]:SolveQuadraticProblem<double>():sp-matrix.cc:686) Solving quadratic problem for v: floored 1 eigenvalues. 
LOG (sgmm2-est[5.4.10~1-f629b]:SolveQuadraticProblem<double>():sp-matrix.cc:686) Solving quadratic problem for v: floored 1 eigenvalues. 
LOG (sgmm2-est[5.4.10~1-f629b]:SolveQuadraticProblem<double>():sp-matrix.cc:686) Solving quadratic problem for v: floored 9 eigenvalues. 
LOG (sgmm2-est[5.4.10~1-f629b]:SolveQuadraticProblem<double>():sp-matrix.cc:686) Solving quadratic problem for v: floored 2 eigenvalues. 
LOG (sgmm2-est[5.4.10~1-f629b]:SolveQuadraticProblem<double>():sp-matrix.cc:686) Solving quadratic problem for v: floored 2 eigenvalues. 
WARNING (sgmm2-est[5.4.10~1-f629b]:SolveQuadraticProblem<double>():sp-matrix.cc:643) Zero quadratic term in quadratic vector problem for v: leaving it unchanged.
LOG (sgmm2-est[5.4.10~1-f629b]:UpdatePhoneVectorsInternal():estimate-am-sgmm2.cc:934) Auxf impr for j = 1 m = 0 is -nan per frame over 0 frames.
LOG (sgmm2-est[5.4.10~1-f629b]:UpdatePhoneVectorsInternal():estimate-am-sgmm2.cc:934) Auxf impr for j = 2 m = 0 is 0.00317002 per frame over 13 frames.
LOG (sgmm2-est[5.4.10~1-f629b]:SolveQuadraticProblem<double>():sp-matrix.cc:686) Solving quadratic problem for v: floored 4 eigenvalues. 
LOG (sgmm2-est[5.4.10~1-f629b]:SolveQuadraticProblem<double>():sp-matrix.cc:686) Solving quadratic problem for v: floored 8 eigenvalues. 
LOG (sgmm2-est[5.4.10~1-f629b]:SolveQuadraticProblem<double>():sp-matrix.cc:686) Solving quadratic problem for v: floored 7 eigenvalues. 
LOG (sgmm2-est[5.4.10~1-f629b]:SolveQuadraticProblem<double>():sp-matrix.cc:686) Solving quadratic problem for v: floored 6 eigenvalues. 
LOG (sgmm2-est[5.4.10~1-f629b]:UpdatePhoneVectors():estimate-am-sgmm2.cc:800) **Overall auxf impr for v is 0.00403782 over 8604.77 frames
LOG (sgmm2-est[5.4.10~1-f629b]:SolveQuadraticMatrixProblem():sp-matrix.cc:786) Solving matrix problem for M: floored 3 eigenvalues. 
LOG (sgmm2-est[5.4.10~1-f629b]:SolveQuadraticMatrixProblem():sp-matrix.cc:786) Solving matrix problem for M: floored 4 eigenvalues. 
LOG (sgmm2-est[5.4.10~1-f629b]:UpdateM():estimate-am-sgmm2.cc:1074) Overall objective function improvement for model projections M is 0.0351863 over 8604.77 frames
LOG (sgmm2-est[5.4.10~1-f629b]:UpdateW():estimate-am-sgmm2.cc:1325) Updating weight projections
LOG (sgmm2-est[5.4.10~1-f629b]:UpdateW():estimate-am-sgmm2.cc:1379) Predicted objf impr for w, iter = 0, i = 0 is 0.00205198 per frame over 118 frames.
LOG (sgmm2-est[5.4.10~1-f629b]:UpdateW():estimate-am-sgmm2.cc:1379) Predicted objf impr for w, iter = 0, i = 1 is 0.000195294 per frame over 320.997 frames.
LOG (sgmm2-est[5.4.10~1-f629b]:UpdateW():estimate-am-sgmm2.cc:1379) Predicted objf impr for w, iter = 0, i = 2 is 0.000801531 per frame over 140 frames.
LOG (sgmm2-est[5.4.10~1-f629b]:UpdateW():estimate-am-sgmm2.cc:1379) Predicted objf impr for w, iter = 0, i = 3 is 0.000117271 per frame over 901.278 frames.
LOG (sgmm2-est[5.4.10~1-f629b]:UpdateW():estimate-am-sgmm2.cc:1379) Predicted objf impr for w, iter = 0, i = 4 is 0.000301932 per frame over 139 frames.
LOG (sgmm2-est[5.4.10~1-f629b]:UpdateW():estimate-am-sgmm2.cc:1379) Predicted objf impr for w, iter = 0, i = 5 is 0.000148483 per frame over 1449.08 frames.
LOG (sgmm2-est[5.4.10~1-f629b]:UpdateW():estimate-am-sgmm2.cc:1379) Predicted objf impr for w, iter = 0, i = 6 is 0.000172902 per frame over 204 frames.
LOG (sgmm2-est[5.4.10~1-f629b]:UpdateW():estimate-am-sgmm2.cc:1379) Predicted objf impr for w, iter = 0, i = 7 is 5.63809e-05 per frame over 3449.49 frames.
LOG (sgmm2-est[5.4.10~1-f629b]:SolveQuadraticProblem<double>():sp-matrix.cc:686) Solving quadratic problem for w: floored 1 eigenvalues. 
LOG (sgmm2-est[5.4.10~1-f629b]:UpdateW():estimate-am-sgmm2.cc:1379) Predicted objf impr for w, iter = 0, i = 8 is 0.00282116 per frame over 109.999 frames.
LOG (sgmm2-est[5.4.10~1-f629b]:UpdateW():estimate-am-sgmm2.cc:1379) Predicted objf impr for w, iter = 0, i = 9 is 5.47219e-05 per frame over 1772.93 frames.
LOG (sgmm2-est[5.4.10~1-f629b]:UpdateW():estimate-am-sgmm2.cc:1379) Predicted objf impr for w, iter = 1, i = 0 is 0.000396058 per frame over 118 frames.
LOG (sgmm2-est[5.4.10~1-f629b]:UpdateW():estimate-am-sgmm2.cc:1379) Predicted objf impr for w, iter = 1, i = 1 is 4.45273e-05 per frame over 320.997 frames.
LOG (sgmm2-est[5.4.10~1-f629b]:UpdateW():estimate-am-sgmm2.cc:1379) Predicted objf impr for w, iter = 1, i = 2 is 0.00027962 per frame over 140 frames.
LOG (sgmm2-est[5.4.10~1-f629b]:UpdateW():estimate-am-sgmm2.cc:1379) Predicted objf impr for w, iter = 1, i = 3 is 1.69034e-05 per frame over 901.278 frames.
LOG (sgmm2-est[5.4.10~1-f629b]:UpdateW():estimate-am-sgmm2.cc:1379) Predicted objf impr for w, iter = 1, i = 4 is 7.23495e-05 per frame over 139 frames.
LOG (sgmm2-est[5.4.10~1-f629b]:UpdateW():estimate-am-sgmm2.cc:1379) Predicted objf impr for w, iter = 1, i = 5 is 1.8687e-05 per frame over 1449.08 frames.
LOG (sgmm2-est[5.4.10~1-f629b]:UpdateW():estimate-am-sgmm2.cc:1379) Predicted objf impr for w, iter = 1, i = 6 is 2.62719e-05 per frame over 204 frames.
LOG (sgmm2-est[5.4.10~1-f629b]:UpdateW():estimate-am-sgmm2.cc:1379) Predicted objf impr for w, iter = 1, i = 7 is 1.00164e-05 per frame over 3449.49 frames.
LOG (sgmm2-est[5.4.10~1-f629b]:SolveQuadraticProblem<double>():sp-matrix.cc:686) Solving quadratic problem for w: floored 1 eigenvalues. 
LOG (sgmm2-est[5.4.10~1-f629b]:UpdateW():estimate-am-sgmm2.cc:1379) Predicted objf impr for w, iter = 1, i = 8 is 0.00062444 per frame over 109.999 frames.
LOG (sgmm2-est[5.4.10~1-f629b]:UpdateW():estimate-am-sgmm2.cc:1379) Predicted objf impr for w, iter = 1, i = 9 is 1.91556e-05 per frame over 1772.93 frames.
LOG (sgmm2-est[5.4.10~1-f629b]:UpdateW():estimate-am-sgmm2.cc:1379) Predicted objf impr for w, iter = 2, i = 0 is 0.000109903 per frame over 118 frames.
LOG (sgmm2-est[5.4.10~1-f629b]:UpdateW():estimate-am-sgmm2.cc:1379) Predicted objf impr for w, iter = 2, i = 1 is 2.12979e-05 per frame over 320.997 frames.
LOG (sgmm2-est[5.4.10~1-f629b]:UpdateW():estimate-am-sgmm2.cc:1379) Predicted objf impr for w, iter = 2, i = 2 is 0.000168011 per frame over 140 frames.
LOG (sgmm2-est[5.4.10~1-f629b]:UpdateW():estimate-am-sgmm2.cc:1379) Predicted objf impr for w, iter = 2, i = 3 is 1.01111e-05 per frame over 901.278 frames.
LOG (sgmm2-est[5.4.10~1-f629b]:UpdateW():estimate-am-sgmm2.cc:1379) Predicted objf impr for w, iter = 2, i = 4 is 3.69918e-05 per frame over 139 frames.
LOG (sgmm2-est[5.4.10~1-f629b]:UpdateW():estimate-am-sgmm2.cc:1379) Predicted objf impr for w, iter = 2, i = 5 is 8.67992e-06 per frame over 1449.08 frames.
LOG (sgmm2-est[5.4.10~1-f629b]:UpdateW():estimate-am-sgmm2.cc:1379) Predicted objf impr for w, iter = 2, i = 6 is 1.37602e-05 per frame over 204 frames.
LOG (sgmm2-est[5.4.10~1-f629b]:UpdateW():estimate-am-sgmm2.cc:1379) Predicted objf impr for w, iter = 2, i = 7 is 6.38456e-06 per frame over 3449.49 frames.
LOG (sgmm2-est[5.4.10~1-f629b]:SolveQuadraticProblem<double>():sp-matrix.cc:686) Solving quadratic problem for w: floored 1 eigenvalues. 
LOG (sgmm2-est[5.4.10~1-f629b]:UpdateW():estimate-am-sgmm2.cc:1379) Predicted objf impr for w, iter = 2, i = 8 is 0.000503023 per frame over 109.999 frames.
LOG (sgmm2-est[5.4.10~1-f629b]:UpdateW():estimate-am-sgmm2.cc:1379) Predicted objf impr for w, iter = 2, i = 9 is 1.24122e-05 per frame over 1772.93 frames.
LOG (sgmm2-est[5.4.10~1-f629b]:UpdateW():estimate-am-sgmm2.cc:1433) **Overall objf impr for w is 0.000218994, actual 0.000287575, over 8604.77 frames
WARNING (sgmm2-est[5.4.10~1-f629b]:UpdateVars():estimate-am-sgmm2.cc:1649) For Gaussian component 0: Floored 31 covariance eigenvalues.
WARNING (sgmm2-est[5.4.10~1-f629b]:UpdateVars():estimate-am-sgmm2.cc:1649) For Gaussian component 1: Floored 11 covariance eigenvalues.
WARNING (sgmm2-est[5.4.10~1-f629b]:UpdateVars():estimate-am-sgmm2.cc:1649) For Gaussian component 2: Floored 28 covariance eigenvalues.
WARNING (sgmm2-est[5.4.10~1-f629b]:UpdateVars():estimate-am-sgmm2.cc:1649) For Gaussian component 4: Floored 23 covariance eigenvalues.
WARNING (sgmm2-est[5.4.10~1-f629b]:UpdateVars():estimate-am-sgmm2.cc:1649) For Gaussian component 6: Floored 19 covariance eigenvalues.
WARNING (sgmm2-est[5.4.10~1-f629b]:UpdateVars():estimate-am-sgmm2.cc:1649) For Gaussian component 8: Floored 31 covariance eigenvalues.
LOG (sgmm2-est[5.4.10~1-f629b]:UpdateVars():estimate-am-sgmm2.cc:1675) **Overall objf impr for variance update = 0.0125872 over 8604.77 frames
LOG (sgmm2-est[5.4.10~1-f629b]:UpdateSubstateWeights():estimate-am-sgmm2.cc:1684) Updating substate mixture weights
LOG (sgmm2-est[5.4.10~1-f629b]:UpdateSubstateWeights():estimate-am-sgmm2.cc:1707) **Overall objf impr for c is 0.000178988, over 8604.77 frames.
LOG (sgmm2-est[5.4.10~1-f629b]:UpdateU():estimate-am-sgmm2.cc:1450) Count is small 118 for gaussian 0, not updating u_i.
LOG (sgmm2-est[5.4.10~1-f629b]:SolveQuadraticProblem<double>():sp-matrix.cc:686) Solving quadratic problem for u: floored 39 eigenvalues. 
LOG (sgmm2-est[5.4.10~1-f629b]:UpdateU():estimate-am-sgmm2.cc:1473) Objf impr for spk weight-projection u for i = 1, is 0.0001376 over 320.997 frames
LOG (sgmm2-est[5.4.10~1-f629b]:UpdateU():estimate-am-sgmm2.cc:1450) Count is small 140 for gaussian 2, not updating u_i.
LOG (sgmm2-est[5.4.10~1-f629b]:SolveQuadraticProblem<double>():sp-matrix.cc:686) Solving quadratic problem for u: floored 39 eigenvalues. 
LOG (sgmm2-est[5.4.10~1-f629b]:UpdateU():estimate-am-sgmm2.cc:1473) Objf impr for spk weight-projection u for i = 3, is 0.000154348 over 901.278 frames
LOG (sgmm2-est[5.4.10~1-f629b]:UpdateU():estimate-am-sgmm2.cc:1450) Count is small 139 for gaussian 4, not updating u_i.
LOG (sgmm2-est[5.4.10~1-f629b]:SolveQuadraticProblem<double>():sp-matrix.cc:686) Solving quadratic problem for u: floored 39 eigenvalues. 
LOG (sgmm2-est[5.4.10~1-f629b]:UpdateU():estimate-am-sgmm2.cc:1473) Objf impr for spk weight-projection u for i = 5, is 5.66141e-06 over 1449.08 frames
LOG (sgmm2-est[5.4.10~1-f629b]:SolveQuadraticProblem<double>():sp-matrix.cc:686) Solving quadratic problem for u: floored 39 eigenvalues. 
LOG (sgmm2-est[5.4.10~1-f629b]:UpdateU():estimate-am-sgmm2.cc:1473) Objf impr for spk weight-projection u for i = 6, is 1.42001e-05 over 204 frames
LOG (sgmm2-est[5.4.10~1-f629b]:SolveQuadraticProblem<double>():sp-matrix.cc:686) Solving quadratic problem for u: floored 39 eigenvalues. 
LOG (sgmm2-est[5.4.10~1-f629b]:UpdateU():estimate-am-sgmm2.cc:1473) Objf impr for spk weight-projection u for i = 7, is 3.95957e-05 over 3449.49 frames
LOG (sgmm2-est[5.4.10~1-f629b]:UpdateU():estimate-am-sgmm2.cc:1450) Count is small 109.999 for gaussian 8, not updating u_i.
LOG (sgmm2-est[5.4.10~1-f629b]:SolveQuadraticProblem<double>():sp-matrix.cc:686) Solving quadratic problem for u: floored 39 eigenvalues. 
LOG (sgmm2-est[5.4.10~1-f629b]:UpdateU():estimate-am-sgmm2.cc:1473) Objf impr for spk weight-projection u for i = 9, is 1.58843e-06 over 1772.93 frames
LOG (sgmm2-est[5.4.10~1-f629b]:UpdateU():estimate-am-sgmm2.cc:1481) **Overall objf impr for u is 3.87903e-05, over 8604.77 frames
LOG (sgmm2-est[5.4.10~1-f629b]:RenormalizeV():estimate-am-sgmm2.cc:969) Scatter of vectors v is : 
LOG (sgmm2-est[5.4.10~1-f629b]:PrintEigs():matrix/sp-matrix.h:207) PrintEigs: Sigma:  [ 1.09957 0.949245 1.04555 0.968613 1.02621 0.978849 1.0171 1.0143 1.01293 1.01225 0.98598 0.987447 1.01042 1.00857 0.989897 1.00713 1.00618 1.00554 0.991932 0.992493 1.00376 1.00347 1.0031 1.00239 1.00186 1.00106 1.00077 1.00055 1.00021 0.999833 0.999549 0.999441 0.998845 0.998295 0.997868 0.997607 0.997331 0.996082 0.995312 0.993665 0.994211 ]
LOG (sgmm2-est[5.4.10~1-f629b]:RenormalizeV():estimate-am-sgmm2.cc:991) Note on the next diagnostic: the first number is generally not that meaningful as it relates to the static offset
LOG (sgmm2-est[5.4.10~1-f629b]:PrintEigs():matrix/sp-matrix.h:207) PrintEigs: H_sm_proj (Significance of dims in vector space.. note):  [ 21767.5 4555.59 2907.25 2156.33 1636.36 1442.16 1358.97 1032.31 715.721 673.286 600.455 525.371 485.57 394.779 310.596 258.773 225.442 201.754 174.56 162.417 145.742 116.39 105.405 90.4613 80.2188 73.8805 58.8906 56.3854 46.6203 40.3534 33.5521 9.51401 10.4944 13.5693 14.9419 16.6051 18.0125 21.1595 24.4831 28.461 26.8246 ]
LOG (sgmm2-est[5.4.10~1-f629b]:RenormalizeV():estimate-am-sgmm2.cc:1037) Renormalized subspace.
LOG (sgmm2-est[5.4.10~1-f629b]:Update():estimate-am-sgmm2.cc:673) *Overall auxf improvement, combining all parameters, is 0.0523167
LOG (sgmm2-est[5.4.10~1-f629b]:Update():estimate-am-sgmm2.cc:676) ***Overall data likelihood is -56.132 over 8604.77 frames.
WARNING (sgmm2-est[5.4.10~1-f629b]:GetSplitTargets():model-common.cc:134) Could not split up to 8995 due to min-count = 40 (or no counts at all)
WARNING (sgmm2-est[5.4.10~1-f629b]:ComputeHsmFromModel():am-sgmm2.cc:1289) Limited 24 eigenvalues of H_sm
LOG (sgmm2-est[5.4.10~1-f629b]:ComputeHsmFromModel():am-sgmm2.cc:1294) total count is 8604.77
LOG (sgmm2-est[5.4.10~1-f629b]:SplitSubstates():am-sgmm2.cc:688) Not splitting substates; current #substates is 251 and target is 8995
LOG (sgmm2-est[5.4.10~1-f629b]:ComputeNormalizers():am-sgmm2.cc:858) Computing normalizers
LOG (sgmm2-est[5.4.10~1-f629b]:ComputeNormalizers():am-sgmm2.cc:865) Entropy of weights in substates is 1.03783 over 251 substates, equivalent to perplexity of 2.82307
LOG (sgmm2-est[5.4.10~1-f629b]:ComputeNormalizers():am-sgmm2.cc:869) Done computing normalizers
LOG (sgmm2-est[5.4.10~1-f629b]:main():sgmm2-est.cc:158) Written model to exp/sgmm2/23.mdl
# Accounting: time=1 threads=1
# Ended (code 0) at Tue Mar 20 10:32:03 +07 2018, elapsed time 1 seconds
