# gunzip -c exp/tri2a/decode/depth_stats_tmp.*.gz | steps/diagnostic/analyze_lattice_depth_stats.py exp/tri2a/graph 
# Started at Wed Apr 11 11:31:18 +07 2018
#
The total amount of data analyzed assuming 100 frames per second is 0.1 hours
Overall, lattice depth (10,50,90-percentile)=(2,2,3) and mean=2.3
Phone sil accounts for 66.4% of frames, with lattice depth (10,50,90-percentile)=(2,2,3) and mean=2.3
Nonsilence phones as a group account for 23.8% of frames, with lattice depth (10,50,90-percentile)=(2,2,3) and mean=2.3
Phone spn_S accounts for 9.8% of frames, with lattice depth (10,50,90-percentile)=(2,2,4) and mean=2.6
Phone m_E accounts for 2.2% of frames, with lattice depth (10,50,90-percentile)=(2,2,3) and mean=2.2
Phone n_E accounts for 2.0% of frames, with lattice depth (10,50,90-percentile)=(2,2,5) and mean=3.0
Phone a5_I accounts for 1.8% of frames, with lattice depth (10,50,90-percentile)=(1,2,2) and mean=1.9
Phone s_B accounts for 1.6% of frames, with lattice depth (10,50,90-percentile)=(2,2,2) and mean=2.0
Phone a_E accounts for 1.6% of frames, with lattice depth (10,50,90-percentile)=(2,2,2) and mean=2.0
Phone ch_B accounts for 1.5% of frames, with lattice depth (10,50,90-percentile)=(2,2,2) and mean=2.1
Phone a7_I accounts for 1.5% of frames, with lattice depth (10,50,90-percentile)=(1,2,2) and mean=1.7
Phone o86_I accounts for 1.4% of frames, with lattice depth (10,50,90-percentile)=(2,3,5) and mean=3.1
Phone a4_I accounts for 1.4% of frames, with lattice depth (10,50,90-percentile)=(2,2,2) and mean=2.0
Phone b_B accounts for 1.4% of frames, with lattice depth (10,50,90-percentile)=(2,2,2) and mean=2.0
Phone h_B accounts for 1.3% of frames, with lattice depth (10,50,90-percentile)=(2,2,2) and mean=2.2
Phone o85_I accounts for 1.2% of frames, with lattice depth (10,50,90-percentile)=(2,2,2) and mean=2.0
Phone t_E accounts for 1.2% of frames, with lattice depth (10,50,90-percentile)=(2,2,9) and mean=4.5
Phone a_I accounts for 1.2% of frames, with lattice depth (10,50,90-percentile)=(2,2,2) and mean=2.2
Phone m_B accounts for 0.8% of frames, with lattice depth (10,50,90-percentile)=(2,2,3) and mean=2.6
# Accounting: time=0 threads=1
# Ended (code 0) at Wed Apr 11 11:31:18 +07 2018, elapsed time 0 seconds
