# gmm-latgen-faster --max-active=7000 --beam=13.0 --lattice-beam=6.0 --acoustic-scale=0.083333 --allow-partial=true --word-symbol-table=exp/tri2a/graph/words.txt exp/tri2a/final.mdl exp/tri2a/graph/HCLG.fst "ark,s,cs:apply-cmvn  --utt2spk=ark:data/test/split1/1/utt2spk scp:data/test/split1/1/cmvn.scp scp:data/test/split1/1/feats.scp ark:- | add-deltas  ark:- ark:- |" "ark:|gzip -c > exp/tri2a/decode/lat.1.gz" 
# Started at Sun Apr 29 13:55:44 +07 2018
#
gmm-latgen-faster --max-active=7000 --beam=13.0 --lattice-beam=6.0 --acoustic-scale=0.083333 --allow-partial=true --word-symbol-table=exp/tri2a/graph/words.txt exp/tri2a/final.mdl exp/tri2a/graph/HCLG.fst 'ark,s,cs:apply-cmvn  --utt2spk=ark:data/test/split1/1/utt2spk scp:data/test/split1/1/cmvn.scp scp:data/test/split1/1/feats.scp ark:- | add-deltas  ark:- ark:- |' 'ark:|gzip -c > exp/tri2a/decode/lat.1.gz' 
add-deltas ark:- ark:- 
apply-cmvn --utt2spk=ark:data/test/split1/1/utt2spk scp:data/test/split1/1/cmvn.scp scp:data/test/split1/1/feats.scp ark:- 
dinhky-phase1-1 mo86t 
LOG (gmm-latgen-faster[5.4.10~1-f629b]:DecodeUtteranceLatticeFaster():decoder-wrappers.cc:286) Log-like per frame for utterance dinhky-phase1-1 is -1.63435 over 252 frames.
dinhky-phase1-2 hai 
LOG (gmm-latgen-faster[5.4.10~1-f629b]:DecodeUtteranceLatticeFaster():decoder-wrappers.cc:286) Log-like per frame for utterance dinhky-phase1-2 is -1.61952 over 254 frames.
dinhky-phase1-3 ba 
LOG (gmm-latgen-faster[5.4.10~1-f629b]:DecodeUtteranceLatticeFaster():decoder-wrappers.cc:286) Log-like per frame for utterance dinhky-phase1-3 is -1.466 over 224 frames.
dinhky-phase1-4 mo86t 
LOG (gmm-latgen-faster[5.4.10~1-f629b]:DecodeUtteranceLatticeFaster():decoder-wrappers.cc:286) Log-like per frame for utterance dinhky-phase1-4 is -1.58071 over 261 frames.
dinhky-phase1-5 ba 
LOG (gmm-latgen-faster[5.4.10~1-f629b]:DecodeUtteranceLatticeFaster():decoder-wrappers.cc:286) Log-like per frame for utterance dinhky-phase1-5 is -1.58941 over 231 frames.
dinhky-phase1-6 hai 
LOG (gmm-latgen-faster[5.4.10~1-f629b]:DecodeUtteranceLatticeFaster():decoder-wrappers.cc:286) Log-like per frame for utterance dinhky-phase1-6 is -1.88495 over 203 frames.
dinhky-phase1-7 hai 
LOG (gmm-latgen-faster[5.4.10~1-f629b]:DecodeUtteranceLatticeFaster():decoder-wrappers.cc:286) Log-like per frame for utterance dinhky-phase1-7 is -1.73089 over 236 frames.
dinhky-phase1-8 mo86t 
LOG (gmm-latgen-faster[5.4.10~1-f629b]:DecodeUtteranceLatticeFaster():decoder-wrappers.cc:286) Log-like per frame for utterance dinhky-phase1-8 is -1.57384 over 252 frames.
dinhky-phase1-9 ba 
LOG (gmm-latgen-faster[5.4.10~1-f629b]:DecodeUtteranceLatticeFaster():decoder-wrappers.cc:286) Log-like per frame for utterance dinhky-phase1-9 is -1.57614 over 259 frames.
dinhky-phase10-1 sa5u 
LOG (gmm-latgen-faster[5.4.10~1-f629b]:DecodeUtteranceLatticeFaster():decoder-wrappers.cc:286) Log-like per frame for utterance dinhky-phase10-1 is -1.52992 over 252 frames.
dinhky-phase10-2 ba4y 
LOG (gmm-latgen-faster[5.4.10~1-f629b]:DecodeUtteranceLatticeFaster():decoder-wrappers.cc:286) Log-like per frame for utterance dinhky-phase10-2 is -1.59181 over 238 frames.
dinhky-phase10-3 chi5n 
LOG (gmm-latgen-faster[5.4.10~1-f629b]:DecodeUtteranceLatticeFaster():decoder-wrappers.cc:286) Log-like per frame for utterance dinhky-phase10-3 is -1.55858 over 275 frames.
dinhky-phase10-4 na7m 
LOG (gmm-latgen-faster[5.4.10~1-f629b]:DecodeUtteranceLatticeFaster():decoder-wrappers.cc:286) Log-like per frame for utterance dinhky-phase10-4 is -1.50998 over 252 frames.
dinhky-phase10-5 chi5n 
LOG (gmm-latgen-faster[5.4.10~1-f629b]:DecodeUtteranceLatticeFaster():decoder-wrappers.cc:286) Log-like per frame for utterance dinhky-phase10-5 is -1.57149 over 222 frames.
dinhky-phase10-6 na7m 
LOG (gmm-latgen-faster[5.4.10~1-f629b]:DecodeUtteranceLatticeFaster():decoder-wrappers.cc:286) Log-like per frame for utterance dinhky-phase10-6 is -1.6867 over 238 frames.
dinhky-phase10-7 chi5n 
LOG (gmm-latgen-faster[5.4.10~1-f629b]:DecodeUtteranceLatticeFaster():decoder-wrappers.cc:286) Log-like per frame for utterance dinhky-phase10-7 is -1.52859 over 261 frames.
dinhky-phase10-8 sa5u 
LOG (gmm-latgen-faster[5.4.10~1-f629b]:DecodeUtteranceLatticeFaster():decoder-wrappers.cc:286) Log-like per frame for utterance dinhky-phase10-8 is -1.81613 over 275 frames.
dinhky-phase10-9 ba4y <UNK> 
LOG (gmm-latgen-faster[5.4.10~1-f629b]:DecodeUtteranceLatticeFaster():decoder-wrappers.cc:286) Log-like per frame for utterance dinhky-phase10-9 is -1.5613 over 254 frames.
dinhky-phase11-1 na7m ba4y 
LOG (gmm-latgen-faster[5.4.10~1-f629b]:DecodeUtteranceLatticeFaster():decoder-wrappers.cc:286) Log-like per frame for utterance dinhky-phase11-1 is -1.80338 over 247 frames.
dinhky-phase11-2 mo86t 
LOG (gmm-latgen-faster[5.4.10~1-f629b]:DecodeUtteranceLatticeFaster():decoder-wrappers.cc:286) Log-like per frame for utterance dinhky-phase11-2 is -1.57991 over 280 frames.
dinhky-phase11-3 na7m 
LOG (gmm-latgen-faster[5.4.10~1-f629b]:DecodeUtteranceLatticeFaster():decoder-wrappers.cc:286) Log-like per frame for utterance dinhky-phase11-3 is -1.72693 over 264 frames.
dinhky-phase11-4 ba4y 
LOG (gmm-latgen-faster[5.4.10~1-f629b]:DecodeUtteranceLatticeFaster():decoder-wrappers.cc:286) Log-like per frame for utterance dinhky-phase11-4 is -1.67268 over 226 frames.
dinhky-phase11-5 chi5n 
LOG (gmm-latgen-faster[5.4.10~1-f629b]:DecodeUtteranceLatticeFaster():decoder-wrappers.cc:286) Log-like per frame for utterance dinhky-phase11-5 is -1.60505 over 259 frames.
dinhky-phase11-6 sa5u <UNK> 
LOG (gmm-latgen-faster[5.4.10~1-f629b]:DecodeUtteranceLatticeFaster():decoder-wrappers.cc:286) Log-like per frame for utterance dinhky-phase11-6 is -1.74934 over 356 frames.
dinhky-phase11-7 hai 
LOG (gmm-latgen-faster[5.4.10~1-f629b]:DecodeUtteranceLatticeFaster():decoder-wrappers.cc:286) Log-like per frame for utterance dinhky-phase11-7 is -1.56733 over 271 frames.
dinhky-phase11-8 bo85n 
LOG (gmm-latgen-faster[5.4.10~1-f629b]:DecodeUtteranceLatticeFaster():decoder-wrappers.cc:286) Log-like per frame for utterance dinhky-phase11-8 is -1.73546 over 301 frames.
dinhky-phase11-9 ta5m 
LOG (gmm-latgen-faster[5.4.10~1-f629b]:DecodeUtteranceLatticeFaster():decoder-wrappers.cc:286) Log-like per frame for utterance dinhky-phase11-9 is -1.54455 over 240 frames.
dinhky-phase12-1 hai 
LOG (gmm-latgen-faster[5.4.10~1-f629b]:DecodeUtteranceLatticeFaster():decoder-wrappers.cc:286) Log-like per frame for utterance dinhky-phase12-1 is -1.60463 over 282 frames.
dinhky-phase12-2 na7m ba <UNK> 
LOG (gmm-latgen-faster[5.4.10~1-f629b]:DecodeUtteranceLatticeFaster():decoder-wrappers.cc:286) Log-like per frame for utterance dinhky-phase12-2 is -2.00414 over 287 frames.
dinhky-phase12-3 chi5n 
LOG (gmm-latgen-faster[5.4.10~1-f629b]:DecodeUtteranceLatticeFaster():decoder-wrappers.cc:286) Log-like per frame for utterance dinhky-phase12-3 is -1.53048 over 282 frames.
dinhky-phase12-4 sa5u 
