# lattice-scale --inv-acoustic-scale=13 "ark:gunzip -c exp/tri2a/decode/lat.*.gz|" ark:- | lattice-add-penalty --word-ins-penalty=0.0 ark:- ark:- | lattice-best-path --word-symbol-table=exp/tri2a/graph/words.txt ark:- ark,t:- | utils/int2sym.pl -f 2- exp/tri2a/graph/words.txt | local/wer_hyp_filter > exp/tri2a/decode/scoring_kaldi/penalty_0.0/13.txt 
# Started at Sun May  6 23:15:43 +07 2018
#
lattice-best-path --word-symbol-table=exp/tri2a/graph/words.txt ark:- ark,t:- 
lattice-scale --inv-acoustic-scale=13 'ark:gunzip -c exp/tri2a/decode/lat.*.gz|' ark:- 
lattice-add-penalty --word-ins-penalty=0.0 ark:- ark:- 
LOG (lattice-best-path[5.4.10~1-f629b]:main():lattice-best-path.cc:99) For utterance somebody-phase1-1, best cost 26.6046 + 955.277 = 981.882 over 251 frames.
somebody-phase1-1 mo86t <UNK> 
LOG (lattice-best-path[5.4.10~1-f629b]:main():lattice-best-path.cc:99) For utterance somebody-phase1-2, best cost 19.6235 + 948.305 = 967.929 over 253 frames.
somebody-phase1-2 hai <UNK> 
LOG (lattice-best-path[5.4.10~1-f629b]:main():lattice-best-path.cc:99) For utterance somebody-phase1-3, best cost 17.3189 + 784.806 = 802.125 over 223 frames.
somebody-phase1-3 ba 
LOG (lattice-best-path[5.4.10~1-f629b]:main():lattice-best-path.cc:99) For utterance somebody-phase1-4, best cost 15.602 + 967.954 = 983.556 over 260 frames.
somebody-phase1-4 mo86t 
LOG (lattice-best-path[5.4.10~1-f629b]:main():lattice-best-path.cc:99) For utterance somebody-phase1-5, best cost 17.6039 + 862.667 = 880.271 over 230 frames.
somebody-phase1-5 ba <UNK> 
LOG (lattice-best-path[5.4.10~1-f629b]:main():lattice-best-path.cc:99) For utterance somebody-phase1-6, best cost 18.4235 + 854.071 = 872.494 over 202 frames.
somebody-phase1-6 hai <UNK> 
LOG (lattice-best-path[5.4.10~1-f629b]:main():lattice-best-path.cc:99) For utterance somebody-phase1-7, best cost 14.8863 + 914.729 = 929.615 over 235 frames.
somebody-phase1-7 hai 
LOG (lattice-best-path[5.4.10~1-f629b]:main():lattice-best-path.cc:99) For utterance somebody-phase1-8, best cost 25.2751 + 915.398 = 940.674 over 251 frames.
somebody-phase1-8 mo86t <UNK> 
LOG (lattice-best-path[5.4.10~1-f629b]:main():lattice-best-path.cc:99) For utterance somebody-phase1-9, best cost 16.4012 + 937.849 = 954.25 over 258 frames.
somebody-phase1-9 ba 
LOG (lattice-best-path[5.4.10~1-f629b]:main():lattice-best-path.cc:99) For utterance somebody-phase10-1, best cost 21.0089 + 920.199 = 941.208 over 251 frames.
somebody-phase10-1 sa5u 
LOG (lattice-best-path[5.4.10~1-f629b]:main():lattice-best-path.cc:99) For utterance somebody-phase10-2, best cost 21.6959 + 858.328 = 880.023 over 237 frames.
somebody-phase10-2 ba4y <UNK> 
LOG (lattice-best-path[5.4.10~1-f629b]:main():lattice-best-path.cc:99) For utterance somebody-phase10-3, best cost 23.2483 + 1004.52 = 1027.77 over 274 frames.
somebody-phase10-3 chi5n <UNK> 
LOG (lattice-best-path[5.4.10~1-f629b]:main():lattice-best-path.cc:99) For utterance somebody-phase10-4, best cost 15.0032 + 905.633 = 920.637 over 251 frames.
somebody-phase10-4 na7m 
LOG (lattice-best-path[5.4.10~1-f629b]:main():lattice-best-path.cc:99) For utterance somebody-phase10-5, best cost 13.6152 + 814.708 = 828.323 over 221 frames.
somebody-phase10-5 chi5n 
LOG (lattice-best-path[5.4.10~1-f629b]:main():lattice-best-path.cc:99) For utterance somebody-phase10-6, best cost 22.225 + 913.355 = 935.58 over 237 frames.
somebody-phase10-6 na7m <UNK> 
LOG (lattice-best-path[5.4.10~1-f629b]:main():lattice-best-path.cc:99) For utterance somebody-phase10-7, best cost 19.5789 + 930.297 = 949.876 over 260 frames.
somebody-phase10-7 <UNK> chi5n 
LOG (lattice-best-path[5.4.10~1-f629b]:main():lattice-best-path.cc:99) For utterance somebody-phase10-8, best cost 25.3645 + 1090.01 = 1115.38 over 274 frames.
somebody-phase10-8 sa5u <UNK> 
LOG (lattice-best-path[5.4.10~1-f629b]:main():lattice-best-path.cc:99) For utterance somebody-phase10-9, best cost 26.1948 + 954.34 = 980.535 over 253 frames.
somebody-phase10-9 ba4y <UNK> 
LOG (lattice-best-path[5.4.10~1-f629b]:main():lattice-best-path.cc:99) For utterance somebody-phase11-1, best cost 13.6565 + 901.405 = 915.061 over 246 frames.
somebody-phase11-1 ba 
LOG (lattice-best-path[5.4.10~1-f629b]:main():lattice-best-path.cc:99) For utterance somebody-phase11-2, best cost 16.5414 + 981.57 = 998.111 over 279 frames.
somebody-phase11-2 mo86t 
LOG (lattice-best-path[5.4.10~1-f629b]:main():lattice-best-path.cc:99) For utterance somebody-phase11-3, best cost 16.3738 + 953.221 = 969.595 over 263 frames.
somebody-phase11-3 na7m 
LOG (lattice-best-path[5.4.10~1-f629b]:main():lattice-best-path.cc:99) For utterance somebody-phase11-4, best cost 19.9726 + 802.547 = 822.519 over 225 frames.
somebody-phase11-4 ba4y 
LOG (lattice-best-path[5.4.10~1-f629b]:main():lattice-best-path.cc:99) For utterance somebody-phase11-5, best cost 15.4286 + 932.816 = 948.244 over 258 frames.
somebody-phase11-5 chi5n 
LOG (lattice-best-path[5.4.10~1-f629b]:main():lattice-best-path.cc:99) For utterance somebody-phase11-6, best cost 23.0062 + 1315.97 = 1338.97 over 355 frames.
somebody-phase11-6 sa5u <UNK> 
LOG (lattice-best-path[5.4.10~1-f629b]:main():lattice-best-path.cc:99) For utterance somebody-phase11-7, best cost 16.8226 + 927.287 = 944.109 over 270 frames.
somebody-phase11-7 hai 
LOG (lattice-best-path[5.4.10~1-f629b]:main():lattice-best-path.cc:99) For utterance somebody-phase11-8, best cost 23.0163 + 1096.4 = 1119.42 over 300 frames.
somebody-phase11-8 bo85n <UNK> 
LOG (lattice-best-path[5.4.10~1-f629b]:main():lattice-best-path.cc:99) For utterance somebody-phase11-9, best cost 16.6959 + 844.621 = 861.317 over 239 frames.
somebody-phase11-9 ta5m 
LOG (lattice-best-path[5.4.10~1-f629b]:main():lattice-best-path.cc:99) For utterance somebody-phase12-1, best cost 22.7289 + 987.642 = 1010.37 over 281 frames.
somebody-phase12-1 hai 
LOG (lattice-best-path[5.4.10~1-f629b]:main():lattice-best-path.cc:99) For utterance somebody-phase12-2, best cost 19.2453 + 1098.17 = 1117.41 over 286 frames.
somebody-phase12-2 ba <UNK> 
LOG (lattice-best-path[5.4.10~1-f629b]:main():lattice-best-path.cc:99) For utterance somebody-phase12-3, best cost 19.4169 + 959.324 = 978.741 over 281 frames.
somebody-phase12-3 chi5n <UNK> 
LOG (lattice-best-path[5.4.10~1-f629b]:main():lattice-best-path.cc:99) For utterance somebody-phase12-4, best cost 24.2594 + 920.168 = 944.427 over 249 frames.
somebody-phase12-4 sa5u <UNK> 
LOG (lattice-best-path[5.4.10~1-f629b]:main():lattice-best-path.cc:99) For utterance somebody-phase12-5, best cost 24.2972 + 940.225 = 964.522 over 260 frames.
somebody-phase12-5 <UNK> ba4y 
LOG (lattice-best-path[5.4.10~1-f629b]:main():lattice-best-path.cc:99) For utterance somebody-phase12-6, best cost 18.2097 + 949.192 = 967.402 over 274 frames.
somebody-phase12-6 ta5m 
LOG (lattice-best-path[5.4.10~1-f629b]:main():lattice-best-path.cc:99) For utterance somebody-phase12-7, best cost 23.2175 + 1054.56 = 1077.77 over 293 frames.
somebody-phase12-7 bo85n 
LOG (lattice-best-path[5.4.10~1-f629b]:main():lattice-best-path.cc:99) For utterance somebody-phase12-8, best cost 26.4219 + 1068.92 = 1095.34 over 304 frames.
somebody-phase12-8 mo86t 
LOG (lattice-best-path[5.4.10~1-f629b]:main():lattice-best-path.cc:99) For utterance somebody-phase12-9, best cost 13.7256 + 833.646 = 847.371 over 239 frames.
somebody-phase12-9 na7m 
LOG (lattice-best-path[5.4.10~1-f629b]:main():lattice-best-path.cc:99) For utterance somebody-phase13-1, best cost 20.7326 + 915.181 = 935.914 over 216 frames.
somebody-phase13-1 <UNK> na7m <UNK> 
LOG (lattice-best-path[5.4.10~1-f629b]:main():lattice-best-path.cc:99) For utterance somebody-phase13-2, best cost 21.3649 + 997.923 = 1019.29 over 281 frames.
somebody-phase13-2 <UNK> ta5m 
LOG (lattice-best-path[5.4.10~1-f629b]:main():lattice-best-path.cc:99) For utterance somebody-phase13-3, best cost 25.8071 + 1247.37 = 1273.18 over 342 frames.
somebody-phase13-3 mo86t 
LOG (lattice-best-path[5.4.10~1-f629b]:main():lattice-best-path.cc:99) For utterance somebody-phase13-4, best cost 15.8679 + 1032.41 = 1048.28 over 297 frames.
somebody-phase13-4 ta5m 
LOG (lattice-best-path[5.4.10~1-f629b]:main():lattice-best-path.cc:99) For utterance somebody-phase13-5, best cost 20.5084 + 879.296 = 899.804 over 239 frames.
somebody-phase13-5 sa5u 
LOG (lattice-best-path[5.4.10~1-f629b]:main():lattice-best-path.cc:99) For utterance somebody-phase13-6, best cost 18.451 + 920.751 = 939.202 over 274 frames.
somebody-phase13-6 hai 
LOG (lattice-best-path[5.4.10~1-f629b]:main():lattice-best-path.cc:99) For utterance somebody-phase13-7, best cost 15.8236 + 944.541 = 960.364 over 260 frames.
somebody-phase13-7 ba4y 
LOG (lattice-best-path[5.4.10~1-f629b]:main():lattice-best-path.cc:99) For utterance somebody-phase13-8, best cost 19.0529 + 1128.13 = 1147.19 over 318 frames.
somebody-phase13-8 chi5n 
LOG (lattice-best-path[5.4.10~1-f629b]:main():lattice-best-path.cc:99) For utterance somebody-phase13-9, best cost 15.3833 + 899.786 = 915.169 over 267 frames.
somebody-phase13-9 bo85n 
LOG (lattice-best-path[5.4.10~1-f629b]:main():lattice-best-path.cc:99) For utterance somebody-phase14-1, best cost 18.0441 + 931.458 = 949.502 over 265 frames.
somebody-phase14-1 chi5n 
LOG (lattice-best-path[5.4.10~1-f629b]:main():lattice-best-path.cc:99) For utterance somebody-phase14-2, best cost 15.6982 + 913.69 = 929.388 over 253 frames.
somebody-phase14-2 ta5m 
LOG (lattice-best-path[5.4.10~1-f629b]:main():lattice-best-path.cc:99) For utterance somebody-phase14-3, best cost 17.7127 + 921.988 = 939.7 over 267 frames.
somebody-phase14-3 ba4y 
LOG (lattice-best-path[5.4.10~1-f629b]:main():lattice-best-path.cc:99) For utterance somebody-phase14-4, best cost 18.0592 + 909.854 = 927.913 over 256 frames.
somebody-phase14-4 sa5u 
LOG (lattice-best-path[5.4.10~1-f629b]:main():lattice-best-path.cc:99) For utterance somebody-phase14-5, best cost 23.3281 + 1181.66 = 1204.99 over 348 frames.
somebody-phase14-5 hai 
LOG (lattice-best-path[5.4.10~1-f629b]:main():lattice-best-path.cc:99) For utterance somebody-phase14-6, best cost 20.2073 + 965.279 = 985.486 over 270 frames.
somebody-phase14-6 ba <UNK> 
LOG (lattice-best-path[5.4.10~1-f629b]:main():lattice-best-path.cc:99) For utterance somebody-phase14-7, best cost 21.6772 + 1103.19 = 1124.86 over 314 frames.
somebody-phase14-7 mo86t 
LOG (lattice-best-path[5.4.10~1-f629b]:main():lattice-best-path.cc:99) For utterance somebody-phase14-8, best cost 28.7551 + 1138.37 = 1167.13 over 295 frames.
somebody-phase14-8 <UNK> na7m chi5n <UNK> 
LOG (lattice-best-path[5.4.10~1-f629b]:main():lattice-best-path.cc:99) For utterance somebody-phase14-9, best cost 18.9509 + 952.004 = 970.955 over 279 frames.
somebody-phase14-9 bo85n 
LOG (lattice-best-path[5.4.10~1-f629b]:main():lattice-best-path.cc:99) For utterance somebody-phase15-1, best cost 20.064 + 1125.44 = 1145.51 over 323 frames.
somebody-phase15-1 ta5m 
LOG (lattice-best-path[5.4.10~1-f629b]:main():lattice-best-path.cc:99) For utterance somebody-phase15-2, best cost 18.6121 + 994.271 = 1012.88 over 274 frames.
somebody-phase15-2 chi5n 
LOG (lattice-best-path[5.4.10~1-f629b]:main():lattice-best-path.cc:99) For utterance somebody-phase15-3, best cost 18.5358 + 965.544 = 984.08 over 279 frames.
somebody-phase15-3 hai 
LOG (lattice-best-path[5.4.10~1-f629b]:main():lattice-best-path.cc:99) For utterance somebody-phase15-4, best cost 15.9315 + 1108.45 = 1124.38 over 307 frames.
somebody-phase15-4 ba 
LOG (lattice-best-path[5.4.10~1-f629b]:main():lattice-best-path.cc:99) For utterance somebody-phase15-5, best cost 17.0023 + 996.945 = 1013.95 over 263 frames.
somebody-phase15-5 na7m 
LOG (lattice-best-path[5.4.10~1-f629b]:main():lattice-best-path.cc:99) For utterance somebody-phase15-6, best cost 26.8538 + 965.478 = 992.332 over 249 frames.
somebody-phase15-6 <UNK> ba4y <UNK> 
LOG (lattice-best-path[5.4.10~1-f629b]:main():lattice-best-path.cc:99) For utterance somebody-phase15-7, best cost 14.1652 + 864.397 = 878.562 over 246 frames.
somebody-phase15-7 sa5u 
LOG (lattice-best-path[5.4.10~1-f629b]:main():lattice-best-path.cc:99) For utterance somebody-phase15-8, best cost 24.4716 + 966.323 = 990.794 over 279 frames.
somebody-phase15-8 bo85n <UNK> 
LOG (lattice-best-path[5.4.10~1-f629b]:main():lattice-best-path.cc:99) For utterance somebody-phase15-9, best cost 20.422 + 994.259 = 1014.68 over 290 frames.
somebody-phase15-9 mo86t 
LOG (lattice-best-path[5.4.10~1-f629b]:main():lattice-best-path.cc:99) For utterance somebody-phase16-1, best cost 26.5083 + 1603.78 = 1630.29 over 409 frames.
somebody-phase16-1 <UNK> ba <UNK> 
LOG (lattice-best-path[5.4.10~1-f629b]:main():lattice-best-path.cc:99) For utterance somebody-phase16-2, best cost 22.9836 + 1193.4 = 1216.39 over 293 frames.
somebody-phase16-2 <UNK> na7m <UNK> 
LOG (lattice-best-path[5.4.10~1-f629b]:main():lattice-best-path.cc:99) For utterance somebody-phase16-3, best cost 27.6327 + 1621.32 = 1648.95 over 418 frames.
somebody-phase16-3 <UNK> mo86t <UNK> 
LOG (lattice-best-path[5.4.10~1-f629b]:main():lattice-best-path.cc:99) For utterance somebody-phase16-4, best cost 23.1759 + 1259.15 = 1282.32 over 318 frames.
somebody-phase16-4 <UNK> ta5m <UNK> 
LOG (lattice-best-path[5.4.10~1-f629b]:main():lattice-best-path.cc:99) For utterance somebody-phase16-5, best cost 24.6525 + 1235.37 = 1260.02 over 314 frames.
somebody-phase16-5 <UNK> sa5u <UNK> 
LOG (lattice-best-path[5.4.10~1-f629b]:main():lattice-best-path.cc:99) For utterance somebody-phase16-6, best cost 27.4431 + 1506.05 = 1533.5 over 386 frames.
somebody-phase16-6 <UNK> hai <UNK> 
LOG (lattice-best-path[5.4.10~1-f629b]:main():lattice-best-path.cc:99) For utterance somebody-phase16-7, best cost 25.4343 + 1501.13 = 1526.57 over 390 frames.
somebody-phase16-7 <UNK> ba4y <UNK> 
LOG (lattice-best-path[5.4.10~1-f629b]:main():lattice-best-path.cc:99) For utterance somebody-phase16-8, best cost 24.8135 + 1262.2 = 1287.02 over 314 frames.
somebody-phase16-8 <UNK> chi5n <UNK> 
LOG (lattice-best-path[5.4.10~1-f629b]:main():lattice-best-path.cc:99) For utterance somebody-phase16-9, best cost 22.9938 + 1240.99 = 1263.99 over 307 frames.
somebody-phase16-9 <UNK> bo85n <UNK> 
LOG (lattice-best-path[5.4.10~1-f629b]:main():lattice-best-path.cc:99) For utterance somebody-phase17-1, best cost 24.6219 + 1203.74 = 1228.36 over 302 frames.
somebody-phase17-1 <UNK> chi5n <UNK> 
LOG (lattice-best-path[5.4.10~1-f629b]:main():lattice-best-path.cc:99) For utterance somebody-phase17-2, best cost 23.7652 + 1134.66 = 1158.42 over 286 frames.
somebody-phase17-2 <UNK> ta5m <UNK> 
LOG (lattice-best-path[5.4.10~1-f629b]:main():lattice-best-path.cc:99) For utterance somebody-phase17-3, best cost 26.4912 + 1380.29 = 1406.78 over 351 frames.
somebody-phase17-3 <UNK> ba4y <UNK> 
LOG (lattice-best-path[5.4.10~1-f629b]:main():lattice-best-path.cc:99) For utterance somebody-phase17-4, best cost 24.7211 + 1276.68 = 1301.4 over 321 frames.
somebody-phase17-4 <UNK> sa5u <UNK> 
LOG (lattice-best-path[5.4.10~1-f629b]:main():lattice-best-path.cc:99) For utterance somebody-phase17-5, best cost 23.6365 + 1285.01 = 1308.65 over 316 frames.
somebody-phase17-5 <UNK> na7m <UNK> 
LOG (lattice-best-path[5.4.10~1-f629b]:main():lattice-best-path.cc:99) For utterance somebody-phase17-6, best cost 24.0827 + 1135.26 = 1159.34 over 288 frames.
somebody-phase17-6 <UNK> bo85n <UNK> 
LOG (lattice-best-path[5.4.10~1-f629b]:main():lattice-best-path.cc:99) For utterance somebody-phase17-7, best cost 24.5389 + 1401.67 = 1426.2 over 360 frames.
somebody-phase17-7 <UNK> ba <UNK> 
LOG (lattice-best-path[5.4.10~1-f629b]:main():lattice-best-path.cc:99) For utterance somebody-phase17-8, best cost 29.7059 + 1862.48 = 1892.18 over 467 frames.
somebody-phase17-8 <UNK> hai <UNK> 
LOG (lattice-best-path[5.4.10~1-f629b]:main():lattice-best-path.cc:99) For utterance somebody-phase17-9, best cost 24.9516 + 1558.94 = 1583.89 over 388 frames.
somebody-phase17-9 <UNK> mo86t <UNK> 
LOG (lattice-best-path[5.4.10~1-f629b]:main():lattice-best-path.cc:99) For utterance somebody-phase18-1, best cost 25.3054 + 1286.53 = 1311.84 over 330 frames.
somebody-phase18-1 <UNK> bo85n <UNK> 
LOG (lattice-best-path[5.4.10~1-f629b]:main():lattice-best-path.cc:99) For utterance somebody-phase18-2, best cost 24.722 + 1387.69 = 1412.41 over 348 frames.
somebody-phase18-2 <UNK> ba <UNK> 
LOG (lattice-best-path[5.4.10~1-f629b]:main():lattice-best-path.cc:99) For utterance somebody-phase18-3, best cost 24.753 + 1131.52 = 1156.27 over 295 frames.
somebody-phase18-3 <UNK> ba4y <UNK> 
LOG (lattice-best-path[5.4.10~1-f629b]:main():lattice-best-path.cc:99) For utterance somebody-phase18-4, best cost 28.7358 + 1827.19 = 1855.93 over 465 frames.
somebody-phase18-4 <UNK> mo86t <UNK> 
LOG (lattice-best-path[5.4.10~1-f629b]:main():lattice-best-path.cc:99) For utterance somebody-phase18-5, best cost 24.4796 + 1143.22 = 1167.7 over 286 frames.
somebody-phase18-5 <UNK> na7m <UNK> 
LOG (lattice-best-path[5.4.10~1-f629b]:main():lattice-best-path.cc:99) For utterance somebody-phase18-6, best cost 24.8294 + 1234.92 = 1259.75 over 309 frames.
somebody-phase18-6 <UNK> ta5m <UNK> 
LOG (lattice-best-path[5.4.10~1-f629b]:main():lattice-best-path.cc:99) For utterance somebody-phase18-7, best cost 28.2433 + 1593.96 = 1622.2 over 411 frames.
somebody-phase18-7 <UNK> hai <UNK> 
LOG (lattice-best-path[5.4.10~1-f629b]:main():lattice-best-path.cc:99) For utterance somebody-phase18-8, best cost 25.0864 + 1276.93 = 1302.01 over 318 frames.
somebody-phase18-8 <UNK> chi5n <UNK> 
LOG (lattice-best-path[5.4.10~1-f629b]:main():lattice-best-path.cc:99) For utterance somebody-phase18-9, best cost 24.8308 + 1257.6 = 1282.43 over 321 frames.
somebody-phase18-9 <UNK> sa5u <UNK> 
LOG (lattice-best-path[5.4.10~1-f629b]:main():lattice-best-path.cc:99) For utterance somebody-phase19-1, best cost 26.288 + 1512.88 = 1539.17 over 372 frames.
somebody-phase19-1 <UNK> mo86t <UNK> 
LOG (lattice-best-path[5.4.10~1-f629b]:main():lattice-best-path.cc:99) For utterance somebody-phase19-2, best cost 28.3646 + 1383.65 = 1412.01 over 346 frames.
somebody-phase19-2 <UNK> hai <UNK> 
LOG (lattice-best-path[5.4.10~1-f629b]:main():lattice-best-path.cc:99) For utterance somebody-phase19-3, best cost 24.0962 + 1293.81 = 1317.9 over 328 frames.
somebody-phase19-3 <UNK> ba <UNK> 
LOG (lattice-best-path[5.4.10~1-f629b]:main():lattice-best-path.cc:99) For utterance somebody-phase19-4, best cost 24.3973 + 1149.95 = 1174.35 over 293 frames.
somebody-phase19-4 <UNK> bo85n <UNK> 
LOG (lattice-best-path[5.4.10~1-f629b]:main():lattice-best-path.cc:99) For utterance somebody-phase19-5, best cost 24.3018 + 1139.97 = 1164.27 over 293 frames.
somebody-phase19-5 <UNK> na7m <UNK> 
LOG (lattice-best-path[5.4.10~1-f629b]:main():lattice-best-path.cc:99) For utterance somebody-phase19-6, best cost 25.4917 + 1326.05 = 1351.54 over 339 frames.
somebody-phase19-6 <UNK> sa5u <UNK> 
LOG (lattice-best-path[5.4.10~1-f629b]:main():lattice-best-path.cc:99) For utterance somebody-phase19-7, best cost 23.7323 + 1289.36 = 1313.1 over 321 frames.
somebody-phase19-7 <UNK> ba4y <UNK> 
LOG (lattice-best-path[5.4.10~1-f629b]:main():lattice-best-path.cc:99) For utterance somebody-phase19-8, best cost 25.753 + 1624.9 = 1650.65 over 409 frames.
somebody-phase19-8 <UNK> ta5m <UNK> 
LOG (lattice-best-path[5.4.10~1-f629b]:main():lattice-best-path.cc:99) For utterance somebody-phase19-9, best cost 24.0173 + 1141.29 = 1165.3 over 283 frames.
somebody-phase19-9 <UNK> chi5n <UNK> 
LOG (lattice-best-path[5.4.10~1-f629b]:main():lattice-best-path.cc:99) For utterance somebody-phase2-1, best cost 17.6976 + 877.281 = 894.978 over 232 frames.
somebody-phase2-1 <UNK> ba 
LOG (lattice-best-path[5.4.10~1-f629b]:main():lattice-best-path.cc:99) For utterance somebody-phase2-2, best cost 18.3597 + 821.401 = 839.761 over 214 frames.
somebody-phase2-2 <UNK> hai 
LOG (lattice-best-path[5.4.10~1-f629b]:main():lattice-best-path.cc:99) For utterance somebody-phase2-3, best cost 23.334 + 866.595 = 889.929 over 218 frames.
somebody-phase2-3 <UNK> mo86t 
LOG (lattice-best-path[5.4.10~1-f629b]:main():lattice-best-path.cc:99) For utterance somebody-phase2-4, best cost 26.9644 + 885.313 = 912.277 over 223 frames.
somebody-phase2-4 <UNK> mo86t <UNK> 
LOG (lattice-best-path[5.4.10~1-f629b]:main():lattice-best-path.cc:99) For utterance somebody-phase2-5, best cost 15.825 + 877.747 = 893.572 over 246 frames.
somebody-phase2-5 ba 
LOG (lattice-best-path[5.4.10~1-f629b]:main():lattice-best-path.cc:99) For utterance somebody-phase2-6, best cost 13.6283 + 809.633 = 823.261 over 211 frames.
somebody-phase2-6 hai 
LOG (lattice-best-path[5.4.10~1-f629b]:main():lattice-best-path.cc:99) For utterance somebody-phase2-7, best cost 15.6429 + 863.702 = 879.344 over 228 frames.
somebody-phase2-7 ba 
LOG (lattice-best-path[5.4.10~1-f629b]:main():lattice-best-path.cc:99) For utterance somebody-phase2-8, best cost 16.0664 + 858.301 = 874.367 over 235 frames.
somebody-phase2-8 mo86t 
LOG (lattice-best-path[5.4.10~1-f629b]:main():lattice-best-path.cc:99) For utterance somebody-phase2-9, best cost 16.4228 + 974.949 = 991.372 over 265 frames.
somebody-phase2-9 hai 
LOG (lattice-best-path[5.4.10~1-f629b]:main():lattice-best-path.cc:99) For utterance somebody-phase20-1, best cost 24.6457 + 1191.95 = 1216.6 over 295 frames.
somebody-phase20-1 <UNK> na7m <UNK> 
LOG (lattice-best-path[5.4.10~1-f629b]:main():lattice-best-path.cc:99) For utterance somebody-phase20-2, best cost 31.7724 + 1577.74 = 1609.52 over 397 frames.
somebody-phase20-2 <UNK> mo86t <UNK> 
LOG (lattice-best-path[5.4.10~1-f629b]:main():lattice-best-path.cc:99) For utterance somebody-phase20-3, best cost 24.0712 + 1343.9 = 1367.98 over 339 frames.
somebody-phase20-3 <UNK> bo85n <UNK> 
LOG (lattice-best-path[5.4.10~1-f629b]:main():lattice-best-path.cc:99) For utterance somebody-phase20-4, best cost 23.3013 + 1201.07 = 1224.37 over 304 frames.
somebody-phase20-4 <UNK> ba4y <UNK> 
LOG (lattice-best-path[5.4.10~1-f629b]:main():lattice-best-path.cc:99) For utterance somebody-phase20-5, best cost 24.5617 + 1385.67 = 1410.23 over 346 frames.
somebody-phase20-5 <UNK> hai <UNK> 
LOG (lattice-best-path[5.4.10~1-f629b]:main():lattice-best-path.cc:99) For utterance somebody-phase20-6, best cost 25.1717 + 1338.89 = 1364.06 over 339 frames.
somebody-phase20-6 <UNK> sa5u <UNK> 
LOG (lattice-best-path[5.4.10~1-f629b]:main():lattice-best-path.cc:99) For utterance somebody-phase20-7, best cost 22.9683 + 1260.79 = 1283.76 over 314 frames.
somebody-phase20-7 <UNK> ta5m <UNK> 
LOG (lattice-best-path[5.4.10~1-f629b]:main():lattice-best-path.cc:99) For utterance somebody-phase20-8, best cost 23.099 + 1343.4 = 1366.5 over 337 frames.
somebody-phase20-8 <UNK> ba <UNK> 
LOG (lattice-best-path[5.4.10~1-f629b]:main():lattice-best-path.cc:99) For utterance somebody-phase20-9, best cost 22.6239 + 1187.24 = 1209.86 over 293 frames.
somebody-phase20-9 <UNK> chi5n <UNK> 
LOG (lattice-best-path[5.4.10~1-f629b]:main():lattice-best-path.cc:99) For utterance somebody-phase3-1, best cost 16.7084 + 844.781 = 861.49 over 230 frames.
somebody-phase3-1 hai 
LOG (lattice-best-path[5.4.10~1-f629b]:main():lattice-best-path.cc:99) For utterance somebody-phase3-2, best cost 19.2007 + 971.358 = 990.558 over 244 frames.
somebody-phase3-2 mo86t 
LOG (lattice-best-path[5.4.10~1-f629b]:main():lattice-best-path.cc:99) For utterance somebody-phase3-3, best cost 16.486 + 902.141 = 918.627 over 237 frames.
somebody-phase3-3 ba 
LOG (lattice-best-path[5.4.10~1-f629b]:main():lattice-best-path.cc:99) For utterance somebody-phase3-4, best cost 18.4217 + 901.146 = 919.568 over 249 frames.
somebody-phase3-4 ba 
LOG (lattice-best-path[5.4.10~1-f629b]:main():lattice-best-path.cc:99) For utterance somebody-phase3-5, best cost 27.8405 + 923.234 = 951.075 over 228 frames.
somebody-phase3-5 <UNK> mo86t <UNK> 
LOG (lattice-best-path[5.4.10~1-f629b]:main():lattice-best-path.cc:99) For utterance somebody-phase3-6, best cost 25.1131 + 920.005 = 945.118 over 239 frames.
somebody-phase3-6 <UNK> hai <UNK> 
LOG (lattice-best-path[5.4.10~1-f629b]:main():lattice-best-path.cc:99) For utterance somebody-phase3-7, best cost 25.7762 + 911.552 = 937.328 over 246 frames.
somebody-phase3-7 <UNK> mo86t 
LOG (lattice-best-path[5.4.10~1-f629b]:main():lattice-best-path.cc:99) For utterance somebody-phase3-8, best cost 16.3011 + 819.23 = 835.531 over 232 frames.
somebody-phase3-8 ba 
LOG (lattice-best-path[5.4.10~1-f629b]:main():lattice-best-path.cc:99) For utterance somebody-phase3-9, best cost 24.1052 + 803.708 = 827.814 over 221 frames.
somebody-phase3-9 <UNK> mo86t 
LOG (lattice-best-path[5.4.10~1-f629b]:main():lattice-best-path.cc:99) For utterance somebody-phase4-1, best cost 30.998 + 955.045 = 986.043 over 239 frames.
somebody-phase4-1 bo85n <UNK> 
LOG (lattice-best-path[5.4.10~1-f629b]:main():lattice-best-path.cc:99) For utterance somebody-phase4-2, best cost 23.8221 + 917.38 = 941.202 over 232 frames.
somebody-phase4-2 hai <UNK> 
LOG (lattice-best-path[5.4.10~1-f629b]:main():lattice-best-path.cc:99) For utterance somebody-phase4-3, best cost 15.4157 + 806.637 = 822.053 over 216 frames.
somebody-phase4-3 ba 
LOG (lattice-best-path[5.4.10~1-f629b]:main():lattice-best-path.cc:99) For utterance somebody-phase4-4, best cost 24.2211 + 943.743 = 967.964 over 232 frames.
somebody-phase4-4 ba4y 
LOG (lattice-best-path[5.4.10~1-f629b]:main():lattice-best-path.cc:99) For utterance somebody-phase4-5, best cost 21.5942 + 832.684 = 854.278 over 235 frames.
somebody-phase4-5 chi5n <UNK> 
LOG (lattice-best-path[5.4.10~1-f629b]:main():lattice-best-path.cc:99) For utterance somebody-phase4-6, best cost 20.071 + 981.173 = 1001.24 over 270 frames.
somebody-phase4-6 ta5m 
LOG (lattice-best-path[5.4.10~1-f629b]:main():lattice-best-path.cc:99) For utterance somebody-phase4-7, best cost 29.6268 + 1074.09 = 1103.71 over 281 frames.
somebody-phase4-7 sa5u <UNK> 
LOG (lattice-best-path[5.4.10~1-f629b]:main():lattice-best-path.cc:99) For utterance somebody-phase4-8, best cost 18.8838 + 841.052 = 859.936 over 235 frames.
somebody-phase4-8 ba4y 
LOG (lattice-best-path[5.4.10~1-f629b]:main():lattice-best-path.cc:99) For utterance somebody-phase4-9, best cost 16.077 + 873.894 = 889.971 over 239 frames.
somebody-phase4-9 hai 
LOG (lattice-best-path[5.4.10~1-f629b]:main():lattice-best-path.cc:99) For utterance somebody-phase5-1, best cost 31.6919 + 1064.3 = 1095.99 over 274 frames.
somebody-phase5-1 ta5m 
LOG (lattice-best-path[5.4.10~1-f629b]:main():lattice-best-path.cc:99) For utterance somebody-phase5-2, best cost 36.4138 + 890.761 = 927.175 over 239 frames.
somebody-phase5-2 chi5n <UNK> <UNK> <UNK> 
LOG (lattice-best-path[5.4.10~1-f629b]:main():lattice-best-path.cc:99) For utterance somebody-phase5-3, best cost 25.1427 + 951.179 = 976.321 over 232 frames.
somebody-phase5-3 na7m <UNK> 
LOG (lattice-best-path[5.4.10~1-f629b]:main():lattice-best-path.cc:99) For utterance somebody-phase5-4, best cost 20.7291 + 852.945 = 873.674 over 235 frames.
somebody-phase5-4 bo85n 
LOG (lattice-best-path[5.4.10~1-f629b]:main():lattice-best-path.cc:99) For utterance somebody-phase5-5, best cost 25.2987 + 1048.42 = 1073.72 over 270 frames.
somebody-phase5-5 ba4y ba 
LOG (lattice-best-path[5.4.10~1-f629b]:main():lattice-best-path.cc:99) For utterance somebody-phase5-6, best cost 25.4888 + 1014.16 = 1039.65 over 274 frames.
somebody-phase5-6 <UNK> na7m <UNK> 
LOG (lattice-best-path[5.4.10~1-f629b]:main():lattice-best-path.cc:99) For utterance somebody-phase5-7, best cost 27.4721 + 1054.3 = 1081.77 over 283 frames.
somebody-phase5-7 ta5m <UNK> 
LOG (lattice-best-path[5.4.10~1-f629b]:main():lattice-best-path.cc:99) For utterance somebody-phase5-8, best cost 30.2746 + 1082.02 = 1112.3 over 263 frames.
somebody-phase5-8 sa5u <UNK> 
LOG (lattice-best-path[5.4.10~1-f629b]:main():lattice-best-path.cc:99) For utterance somebody-phase5-9, best cost 16.0424 + 1026.99 = 1043.03 over 279 frames.
somebody-phase5-9 bo85n 
LOG (lattice-best-path[5.4.10~1-f629b]:main():lattice-best-path.cc:99) For utterance somebody-phase6-1, best cost 21.9377 + 912.607 = 934.545 over 244 frames.
somebody-phase6-1 bo85n 
LOG (lattice-best-path[5.4.10~1-f629b]:main():lattice-best-path.cc:99) For utterance somebody-phase6-2, best cost 18.5043 + 942.844 = 961.348 over 260 frames.
somebody-phase6-2 na7m 
LOG (lattice-best-path[5.4.10~1-f629b]:main():lattice-best-path.cc:99) For utterance somebody-phase6-3, best cost 28.9737 + 1068.79 = 1097.76 over 288 frames.
somebody-phase6-3 chi5n <UNK> 
LOG (lattice-best-path[5.4.10~1-f629b]:main():lattice-best-path.cc:99) For utterance somebody-phase6-4, best cost 17.0206 + 957.754 = 974.775 over 258 frames.
somebody-phase6-4 bo85n 
LOG (lattice-best-path[5.4.10~1-f629b]:main():lattice-best-path.cc:99) For utterance somebody-phase6-5, best cost 30.3529 + 942.169 = 972.522 over 246 frames.
somebody-phase6-5 bo85n <UNK> 
LOG (lattice-best-path[5.4.10~1-f629b]:main():lattice-best-path.cc:99) For utterance somebody-phase6-6, best cost 19.9686 + 973.64 = 993.608 over 256 frames.
somebody-phase6-6 na7m 
LOG (lattice-best-path[5.4.10~1-f629b]:main():lattice-best-path.cc:99) For utterance somebody-phase6-7, best cost 17.4305 + 921.167 = 938.598 over 246 frames.
somebody-phase6-7 ta5m 
LOG (lattice-best-path[5.4.10~1-f629b]:main():lattice-best-path.cc:99) For utterance somebody-phase6-8, best cost 23.2369 + 955.177 = 978.413 over 239 frames.
somebody-phase6-8 sa5u 
LOG (lattice-best-path[5.4.10~1-f629b]:main():lattice-best-path.cc:99) For utterance somebody-phase6-9, best cost 28.1338 + 1062.37 = 1090.5 over 272 frames.
somebody-phase6-9 ba4y <UNK> 
LOG (lattice-best-path[5.4.10~1-f629b]:main():lattice-best-path.cc:99) For utterance somebody-phase7-1, best cost 19.4643 + 816.488 = 835.952 over 216 frames.
LOG (lattice-scale[5.4.10~1-f629b]:main():lattice-scale.cc:90) Done 180 lattices.
somebody-phase7-1 sa5u <UNK> 
LOG (lattice-best-path[5.4.10~1-f629b]:main():lattice-best-path.cc:99) For utterance somebody-phase7-2, best cost 30.7676 + 981.644 = 1012.41 over 258 frames.
somebody-phase7-2 chi5n <UNK> 
LOG (lattice-best-path[5.4.10~1-f629b]:main():lattice-best-path.cc:99) For utterance somebody-phase7-3, best cost 25.8066 + 965.015 = 990.822 over 260 frames.
somebody-phase7-3 ta5m 
LOG (lattice-best-path[5.4.10~1-f629b]:main():lattice-best-path.cc:99) For utterance somebody-phase7-4, best cost 27.4505 + 1156.86 = 1184.31 over 258 frames.
somebody-phase7-4 na7m <UNK> <UNK> 
LOG (lattice-best-path[5.4.10~1-f629b]:main():lattice-best-path.cc:99) For utterance somebody-phase7-5, best cost 18.5973 + 924.895 = 943.492 over 246 frames.
somebody-phase7-5 sa5u 
LOG (lattice-best-path[5.4.10~1-f629b]:main():lattice-best-path.cc:99) For utterance somebody-phase7-6, best cost 19.5785 + 910.895 = 930.473 over 246 frames.
somebody-phase7-6 ta5m 
LOG (lattice-best-path[5.4.10~1-f629b]:main():lattice-best-path.cc:99) For utterance somebody-phase7-7, best cost 31.7914 + 980.589 = 1012.38 over 225 frames.
somebody-phase7-7 <UNK> sa5u <UNK> <UNK> 
LOG (lattice-best-path[5.4.10~1-f629b]:main():lattice-best-path.cc:99) For utterance somebody-phase7-8, best cost 24.0296 + 874.29 = 898.319 over 235 frames.
somebody-phase7-8 bo85n <UNK> 
LOG (lattice-best-path[5.4.10~1-f629b]:main():lattice-best-path.cc:99) For utterance somebody-phase7-9, best cost 24.8194 + 1030.9 = 1055.72 over 274 frames.
somebody-phase7-9 ba4y <UNK> 
LOG (lattice-best-path[5.4.10~1-f629b]:main():lattice-best-path.cc:99) For utterance somebody-phase8-1, best cost 16.7208 + 919.019 = 935.74 over 235 frames.
somebody-phase8-1 na7m 
LOG (lattice-best-path[5.4.10~1-f629b]:main():lattice-best-path.cc:99) For utterance somebody-phase8-2, best cost 20.4717 + 1084.05 = 1104.52 over 297 frames.
somebody-phase8-2 chi5n 
LOG (lattice-add-penalty[5.4.10~1-f629b]:main():lattice-add-penalty.cc:62) Done adding word insertion penalty to 180 lattices.
LOG (lattice-best-path[5.4.10~1-f629b]:main():lattice-best-path.cc:99) For utterance somebody-phase8-3, best cost 29.3389 + 969.702 = 999.041 over 263 frames.
somebody-phase8-3 bo85n <UNK> 
LOG (lattice-best-path[5.4.10~1-f629b]:main():lattice-best-path.cc:99) For utterance somebody-phase8-4, best cost 24.6633 + 1109.75 = 1134.42 over 263 frames.
somebody-phase8-4 na7m <UNK> 
LOG (lattice-best-path[5.4.10~1-f629b]:main():lattice-best-path.cc:99) For utterance somebody-phase8-5, best cost 20.7124 + 969.022 = 989.735 over 263 frames.
somebody-phase8-5 chi5n 
LOG (lattice-best-path[5.4.10~1-f629b]:main():lattice-best-path.cc:99) For utterance somebody-phase8-6, best cost 23.8686 + 999.542 = 1023.41 over 258 frames.
somebody-phase8-6 ba4y 
LOG (lattice-best-path[5.4.10~1-f629b]:main():lattice-best-path.cc:99) For utterance somebody-phase8-7, best cost 24.0828 + 858.74 = 882.822 over 230 frames.
somebody-phase8-7 sa5u <UNK> 
LOG (lattice-best-path[5.4.10~1-f629b]:main():lattice-best-path.cc:99) For utterance somebody-phase8-8, best cost 20.101 + 974.315 = 994.416 over 272 frames.
somebody-phase8-8 ta5m 
LOG (lattice-best-path[5.4.10~1-f629b]:main():lattice-best-path.cc:99) For utterance somebody-phase8-9, best cost 27.5425 + 1007.27 = 1034.81 over 251 frames.
somebody-phase8-9 ba4y <UNK> 
LOG (lattice-best-path[5.4.10~1-f629b]:main():lattice-best-path.cc:99) For utterance somebody-phase9-1, best cost 22.8647 + 935.143 = 958.008 over 256 frames.
somebody-phase9-1 ta5m 
LOG (lattice-best-path[5.4.10~1-f629b]:main():lattice-best-path.cc:99) For utterance somebody-phase9-2, best cost 30.5662 + 942.043 = 972.609 over 237 frames.
somebody-phase9-2 bo85n <UNK> <UNK> 
LOG (lattice-best-path[5.4.10~1-f629b]:main():lattice-best-path.cc:99) For utterance somebody-phase9-3, best cost 24.9683 + 859.607 = 884.575 over 239 frames.
somebody-phase9-3 ba4y <UNK> 
LOG (lattice-best-path[5.4.10~1-f629b]:main():lattice-best-path.cc:99) For utterance somebody-phase9-4, best cost 25.6479 + 1145.85 = 1171.5 over 281 frames.
somebody-phase9-4 na7m <UNK> 
LOG (lattice-best-path[5.4.10~1-f629b]:main():lattice-best-path.cc:99) For utterance somebody-phase9-5, best cost 28.5554 + 963.422 = 991.977 over 249 frames.
somebody-phase9-5 chi5n 
LOG (lattice-best-path[5.4.10~1-f629b]:main():lattice-best-path.cc:99) For utterance somebody-phase9-6, best cost 28.9219 + 1036.91 = 1065.83 over 260 frames.
somebody-phase9-6 bo85n <UNK> <UNK> 
LOG (lattice-best-path[5.4.10~1-f629b]:main():lattice-best-path.cc:99) For utterance somebody-phase9-7, best cost 28.1983 + 1002.6 = 1030.8 over 274 frames.
somebody-phase9-7 ta5m <UNK> 
LOG (lattice-best-path[5.4.10~1-f629b]:main():lattice-best-path.cc:99) For utterance somebody-phase9-8, best cost 22.6089 + 895.023 = 917.632 over 235 frames.
somebody-phase9-8 sa5u <UNK> 
LOG (lattice-best-path[5.4.10~1-f629b]:main():lattice-best-path.cc:99) For utterance somebody-phase9-9, best cost 24.1518 + 899.556 = 923.708 over 237 frames.
somebody-phase9-9 ta5m 
LOG (lattice-best-path[5.4.10~1-f629b]:main():lattice-best-path.cc:124) Overall cost per frame is 3.87292 = 0.0808425 [graph] + 3.79208 [acoustic] over 49986 frames.
LOG (lattice-best-path[5.4.10~1-f629b]:main():lattice-best-path.cc:128) Done 180 lattices, failed for 0
# Accounting: time=1 threads=1
# Ended (code 0) at Sun May  6 23:15:44 +07 2018, elapsed time 1 seconds
