# ali-to-post "ark:gunzip -c exp/tri3b_ali/ali.2.gz|" ark:- | weight-silence-post 0.0 1:2:3:4:5:6:7:8:9:10 exp/tri3b_ali/final.mdl ark:- ark:- | acc-lda --rand-prune=4.0 exp/tri3b_ali/final.mdl "ark,s,cs:utils/subset_scp.pl --quiet 2500 data/train/split4/2/feats.scp | apply-cmvn  --utt2spk=ark:data/train/split4/2/utt2spk scp:data/train/split4/2/cmvn.scp scp:- ark:- | splice-feats  ark:- ark:- | transform-feats exp/tri4_DNN/final.mat ark:- ark:- | transform-feats --utt2spk=ark:data/train/split4/2/utt2spk ark:exp/tri3b_ali/trans.2 ark:- ark:- | splice-feats --left-context=4 --right-context=4 ark:- ark:- |" ark,s,cs:- exp/tri4_DNN/lda.2.acc 
# Started at Wed Mar 14 09:48:00 +07 2018
#
ali-to-post 'ark:gunzip -c exp/tri3b_ali/ali.2.gz|' ark:- 
weight-silence-post 0.0 1:2:3:4:5:6:7:8:9:10 exp/tri3b_ali/final.mdl ark:- ark:- 
acc-lda --rand-prune=4.0 exp/tri3b_ali/final.mdl 'ark,s,cs:utils/subset_scp.pl --quiet 2500 data/train/split4/2/feats.scp | apply-cmvn  --utt2spk=ark:data/train/split4/2/utt2spk scp:data/train/split4/2/cmvn.scp scp:- ark:- | splice-feats  ark:- ark:- | transform-feats exp/tri4_DNN/final.mat ark:- ark:- | transform-feats --utt2spk=ark:data/train/split4/2/utt2spk ark:exp/tri3b_ali/trans.2 ark:- ark:- | splice-feats --left-context=4 --right-context=4 ark:- ark:- |' ark,s,cs:- exp/tri4_DNN/lda.2.acc 
transform-feats --utt2spk=ark:data/train/split4/2/utt2spk ark:exp/tri3b_ali/trans.2 ark:- ark:- 
splice-feats ark:- ark:- 
apply-cmvn --utt2spk=ark:data/train/split4/2/utt2spk scp:data/train/split4/2/cmvn.scp scp:- ark:- 
transform-feats exp/tri4_DNN/final.mat ark:- ark:- 
splice-feats --left-context=4 --right-context=4 ark:- ark:- 
LOG (ali-to-post[5.4.10~1-f629b]:main():ali-to-post.cc:73) Converted 9 alignments.
LOG (weight-silence-post[5.4.10~1-f629b]:main():weight-silence-post.cc:95) Done 9 posteriors.
LOG (apply-cmvn[5.4.10~1-f629b]:main():apply-cmvn.cc:162) Applied cepstral mean normalization to 9 utterances, errors on 0
LOG (transform-feats[5.4.10~1-f629b]:main():transform-feats.cc:158) Overall average [pseudo-]logdet is -46.188 over 2195 frames.
LOG (transform-feats[5.4.10~1-f629b]:main():transform-feats.cc:161) Applied transform to 9 utterances; 0 had errors.
LOG (transform-feats[5.4.10~1-f629b]:main():transform-feats.cc:158) Overall average logdet is -0.049088 over 2195 frames.
LOG (transform-feats[5.4.10~1-f629b]:main():transform-feats.cc:161) Applied transform to 9 utterances; 0 had errors.
LOG (acc-lda[5.4.10~1-f629b]:main():acc-lda.cc:117) Done 9 files, failed for 0
LOG (acc-lda[5.4.10~1-f629b]:main():acc-lda.cc:122) Written statistics.
# Accounting: time=0 threads=1
# Ended (code 0) at Wed Mar 14 09:48:00 +07 2018, elapsed time 0 seconds
