# ali-to-post "ark:gunzip -c exp/tri3b_ali/ali.1.gz|" ark:- | weight-silence-post 0.0 1:2:3:4:5:6:7:8:9:10 exp/tri3b_ali/final.mdl ark:- ark:- | acc-lda --rand-prune=4.0 exp/tri3b_ali/final.mdl "ark,s,cs:utils/subset_scp.pl --quiet 10000 data/train/split1/1/feats.scp | apply-cmvn  --utt2spk=ark:data/train/split1/1/utt2spk scp:data/train/split1/1/cmvn.scp scp:- ark:- | splice-feats  ark:- ark:- | transform-feats exp/tri4_DNN/final.mat ark:- ark:- | transform-feats --utt2spk=ark:data/train/split1/1/utt2spk ark:exp/tri3b_ali/trans.1 ark:- ark:- | splice-feats --left-context=4 --right-context=4 ark:- ark:- |" ark,s,cs:- exp/tri4_DNN/lda.1.acc 
# Started at Tue Mar 20 10:32:21 +07 2018
#
weight-silence-post 0.0 1:2:3:4:5:6:7:8:9:10 exp/tri3b_ali/final.mdl ark:- ark:- 
acc-lda --rand-prune=4.0 exp/tri3b_ali/final.mdl 'ark,s,cs:utils/subset_scp.pl --quiet 10000 data/train/split1/1/feats.scp | apply-cmvn  --utt2spk=ark:data/train/split1/1/utt2spk scp:data/train/split1/1/cmvn.scp scp:- ark:- | splice-feats  ark:- ark:- | transform-feats exp/tri4_DNN/final.mat ark:- ark:- | transform-feats --utt2spk=ark:data/train/split1/1/utt2spk ark:exp/tri3b_ali/trans.1 ark:- ark:- | splice-feats --left-context=4 --right-context=4 ark:- ark:- |' ark,s,cs:- exp/tri4_DNN/lda.1.acc 
ali-to-post 'ark:gunzip -c exp/tri3b_ali/ali.1.gz|' ark:- 
transform-feats exp/tri4_DNN/final.mat ark:- ark:- 
transform-feats --utt2spk=ark:data/train/split1/1/utt2spk ark:exp/tri3b_ali/trans.1 ark:- ark:- 
apply-cmvn --utt2spk=ark:data/train/split1/1/utt2spk scp:data/train/split1/1/cmvn.scp scp:- ark:- 
splice-feats --left-context=4 --right-context=4 ark:- ark:- 
splice-feats ark:- ark:- 
LOG (ali-to-post[5.4.10~1-f629b]:main():ali-to-post.cc:73) Converted 36 alignments.
LOG (weight-silence-post[5.4.10~1-f629b]:main():weight-silence-post.cc:95) Done 36 posteriors.
LOG (apply-cmvn[5.4.10~1-f629b]:main():apply-cmvn.cc:162) Applied cepstral mean normalization to 36 utterances, errors on 0
LOG (transform-feats[5.4.10~1-f629b]:main():transform-feats.cc:158) Overall average [pseudo-]logdet is -48.2993 over 8610 frames.
LOG (transform-feats[5.4.10~1-f629b]:main():transform-feats.cc:161) Applied transform to 36 utterances; 0 had errors.
LOG (transform-feats[5.4.10~1-f629b]:main():transform-feats.cc:158) Overall average logdet is 2.06531 over 8610 frames.
LOG (transform-feats[5.4.10~1-f629b]:main():transform-feats.cc:161) Applied transform to 36 utterances; 0 had errors.
LOG (acc-lda[5.4.10~1-f629b]:main():acc-lda.cc:117) Done 36 files, failed for 0
LOG (acc-lda[5.4.10~1-f629b]:main():acc-lda.cc:122) Written statistics.
# Accounting: time=0 threads=1
# Ended (code 0) at Tue Mar 20 10:32:21 +07 2018, elapsed time 0 seconds
