# lattice-scale --inv-acoustic-scale=7 "ark:gunzip -c exp/tri1/decode/lat.*.gz|" ark:- | lattice-add-penalty --word-ins-penalty=0.0 ark:- ark:- | lattice-best-path --word-symbol-table=exp/tri1/graph/words.txt ark:- ark,t:- | utils/int2sym.pl -f 2- exp/tri1/graph/words.txt | local/wer_hyp_filter > exp/tri1/decode/scoring_kaldi/penalty_0.0/7.txt 
# Started at Sat Mar 31 17:17:37 +07 2018
#
lattice-scale --inv-acoustic-scale=7 'ark:gunzip -c exp/tri1/decode/lat.*.gz|' ark:- 
lattice-add-penalty --word-ins-penalty=0.0 ark:- ark:- 
lattice-best-path --word-symbol-table=exp/tri1/graph/words.txt ark:- ark,t:- 
LOG (lattice-best-path[5.4.10~1-f629b]:main():lattice-best-path.cc:99) For utterance phase1-Ky-1, best cost 26.8 + 4422.18 = 4448.98 over 251 frames.
phase1-Ky-1 mo86t <UNK> 
LOG (lattice-best-path[5.4.10~1-f629b]:main():lattice-best-path.cc:99) For utterance phase1-Ky-2, best cost 20.6851 + 4390.11 = 4410.8 over 254 frames.
phase1-Ky-2 hai <UNK> 
LOG (lattice-best-path[5.4.10~1-f629b]:main():lattice-best-path.cc:99) For utterance phase1-Ky-3, best cost 20.2981 + 3748.98 = 3769.27 over 224 frames.
phase1-Ky-3 ba <UNK> 
LOG (lattice-best-path[5.4.10~1-f629b]:main():lattice-best-path.cc:99) For utterance phase1-Ky-4, best cost 16.9684 + 4434.06 = 4451.03 over 261 frames.
phase1-Ky-4 mo86t 
LOG (lattice-best-path[5.4.10~1-f629b]:main():lattice-best-path.cc:99) For utterance phase1-Ky-5, best cost 21.0972 + 4054.68 = 4075.78 over 231 frames.
phase1-Ky-5 ba <UNK> 
LOG (lattice-best-path[5.4.10~1-f629b]:main():lattice-best-path.cc:99) For utterance phase1-Ky-6, best cost 21.9363 + 3769.98 = 3791.91 over 203 frames.
phase1-Ky-6 <UNK> hai <UNK> 
LOG (lattice-best-path[5.4.10~1-f629b]:main():lattice-best-path.cc:99) For utterance phase1-Ky-7, best cost 31.8744 + 4185.38 = 4217.26 over 235 frames.
phase1-Ky-7 hai <UNK> <UNK> <UNK> 
LOG (lattice-best-path[5.4.10~1-f629b]:main():lattice-best-path.cc:99) For utterance phase1-Ky-8, best cost 15.3273 + 4332.77 = 4348.09 over 251 frames.
phase1-Ky-8 mo86t 
LOG (lattice-best-path[5.4.10~1-f629b]:main():lattice-best-path.cc:99) For utterance phase1-Ky-9, best cost 26.2161 + 4441.84 = 4468.06 over 258 frames.
phase1-Ky-9 ba <UNK> <UNK> 
LOG (lattice-best-path[5.4.10~1-f629b]:main():lattice-best-path.cc:99) For utterance phase10-Ky-1, best cost 17.716 + 4300.72 = 4318.43 over 251 frames.
phase10-Ky-1 <UNK> sa5u 
LOG (lattice-best-path[5.4.10~1-f629b]:main():lattice-best-path.cc:99) For utterance phase10-Ky-2, best cost 24.713 + 4180.2 = 4204.91 over 238 frames.
phase10-Ky-2 ba <UNK> <UNK> 
LOG (lattice-best-path[5.4.10~1-f629b]:main():lattice-best-path.cc:99) For utterance phase10-Ky-3, best cost 34.8451 + 4709.19 = 4744.04 over 275 frames.
phase10-Ky-3 <UNK> chi5n <UNK> <UNK> <UNK> 
LOG (lattice-best-path[5.4.10~1-f629b]:main():lattice-best-path.cc:99) For utterance phase10-Ky-4, best cost 22.6604 + 4343.67 = 4366.33 over 251 frames.
phase10-Ky-4 <UNK> na7m <UNK> 
LOG (lattice-best-path[5.4.10~1-f629b]:main():lattice-best-path.cc:99) For utterance phase10-Ky-5, best cost 24.5891 + 3794.1 = 3818.69 over 221 frames.
phase10-Ky-5 <UNK> chi5n <UNK> 
LOG (lattice-best-path[5.4.10~1-f629b]:main():lattice-best-path.cc:99) For utterance phase10-Ky-6, best cost 19.7704 + 4373.67 = 4393.44 over 238 frames.
phase10-Ky-6 <UNK> ba 
LOG (lattice-best-path[5.4.10~1-f629b]:main():lattice-best-path.cc:99) For utterance phase10-Ky-7, best cost 26.0528 + 4361.8 = 4387.86 over 261 frames.
phase10-Ky-7 chi5n mo86t <UNK> 
LOG (lattice-best-path[5.4.10~1-f629b]:main():lattice-best-path.cc:99) For utterance phase10-Ky-8, best cost 31.5542 + 4983.08 = 5014.63 over 275 frames.
phase10-Ky-8 <UNK> sa5u <UNK> <UNK> 
LOG (lattice-best-path[5.4.10~1-f629b]:main():lattice-best-path.cc:99) For utterance phase10-Ky-9, best cost 22.0414 + 4419.7 = 4441.75 over 254 frames.
phase10-Ky-9 ba4y <UNK> 
LOG (lattice-best-path[5.4.10~1-f629b]:main():lattice-best-path.cc:99) For utterance phase2-Ky-1, best cost 23.9229 + 4182.73 = 4206.65 over 233 frames.
phase2-Ky-1 <UNK> ba <UNK> 
LOG (lattice-best-path[5.4.10~1-f629b]:main():lattice-best-path.cc:99) For utterance phase2-Ky-2, best cost 30.1709 + 3832.94 = 3863.12 over 214 frames.
phase2-Ky-2 <UNK> hai <UNK> <UNK> 
LOG (lattice-best-path[5.4.10~1-f629b]:main():lattice-best-path.cc:99) For utterance phase2-Ky-3, best cost 33.3118 + 3959.86 = 3993.17 over 219 frames.
phase2-Ky-3 <UNK> <UNK> mo86t <UNK> 
LOG (lattice-best-path[5.4.10~1-f629b]:main():lattice-best-path.cc:99) For utterance phase2-Ky-4, best cost 26.8309 + 4076.38 = 4103.21 over 224 frames.
phase2-Ky-4 <UNK> mo86t <UNK> 
LOG (lattice-best-path[5.4.10~1-f629b]:main():lattice-best-path.cc:99) For utterance phase2-Ky-5, best cost 26.5633 + 4259.33 = 4285.89 over 247 frames.
phase2-Ky-5 <UNK> ba <UNK> 
LOG (lattice-best-path[5.4.10~1-f629b]:main():lattice-best-path.cc:99) For utterance phase2-Ky-6, best cost 16.874 + 3730.68 = 3747.56 over 212 frames.
phase2-Ky-6 hai 
LOG (lattice-best-path[5.4.10~1-f629b]:main():lattice-best-path.cc:99) For utterance phase2-Ky-7, best cost 21.2636 + 4044.34 = 4065.61 over 228 frames.
phase2-Ky-7 <UNK> ba 
LOG (lattice-best-path[5.4.10~1-f629b]:main():lattice-best-path.cc:99) For utterance phase2-Ky-8, best cost 24.6081 + 4086.5 = 4111.11 over 235 frames.
phase2-Ky-8 mo86t <UNK> <UNK> 
LOG (lattice-best-path[5.4.10~1-f629b]:main():lattice-best-path.cc:99) For utterance phase2-Ky-9, best cost 17.8876 + 4657.06 = 4674.95 over 265 frames.
phase2-Ky-9 hai 
LOG (lattice-best-path[5.4.10~1-f629b]:main():lattice-best-path.cc:99) For utterance phase3-Ky-1, best cost 19.7139 + 4014.53 = 4034.25 over 231 frames.
phase3-Ky-1 hai 
LOG (lattice-best-path[5.4.10~1-f629b]:main():lattice-best-path.cc:99) For utterance phase3-Ky-2, best cost 33.264 + 4422.88 = 4456.14 over 244 frames.
phase3-Ky-2 <UNK> mo86t <UNK> <UNK> 
LOG (lattice-best-path[5.4.10~1-f629b]:main():lattice-best-path.cc:99) For utterance phase3-Ky-3, best cost 20.7417 + 4124.88 = 4145.62 over 238 frames.
phase3-Ky-3 ba <UNK> 
LOG (lattice-best-path[5.4.10~1-f629b]:main():lattice-best-path.cc:99) For utterance phase3-Ky-4, best cost 20.7329 + 4285.46 = 4306.19 over 249 frames.
phase3-Ky-4 ba <UNK> 
LOG (lattice-best-path[5.4.10~1-f629b]:main():lattice-best-path.cc:99) For utterance phase3-Ky-5, best cost 30.7802 + 4301.38 = 4332.16 over 228 frames.
phase3-Ky-5 <UNK> mo86t <UNK> <UNK> 
LOG (lattice-best-path[5.4.10~1-f629b]:main():lattice-best-path.cc:99) For utterance phase3-Ky-6, best cost 35.046 + 4263.5 = 4298.54 over 240 frames.
phase3-Ky-6 <UNK> hai <UNK> <UNK> 
LOG (lattice-best-path[5.4.10~1-f629b]:main():lattice-best-path.cc:99) For utterance phase3-Ky-7, best cost 22.1275 + 4339.17 = 4361.29 over 247 frames.
phase3-Ky-7 mo86t <UNK> 
LOG (lattice-best-path[5.4.10~1-f629b]:main():lattice-best-path.cc:99) For utterance phase3-Ky-8, best cost 18.9102 + 3925.72 = 3944.63 over 233 frames.
phase3-Ky-8 <UNK> ba 
LOG (lattice-best-path[5.4.10~1-f629b]:main():lattice-best-path.cc:99) For utterance phase3-Ky-9, best cost 17.4225 + 3922.3 = 3939.72 over 221 frames.
phase3-Ky-9 mo86t 
LOG (lattice-best-path[5.4.10~1-f629b]:main():lattice-best-path.cc:99) For utterance phase4-Ky-1, best cost 31.7573 + 4394.83 = 4426.58 over 240 frames.
phase4-Ky-1 <UNK> bo85n <UNK> <UNK> 
LOG (lattice-best-path[5.4.10~1-f629b]:main():lattice-best-path.cc:99) For utterance phase4-Ky-2, best cost 28.4066 + 4147.59 = 4175.99 over 233 frames.
phase4-Ky-2 <UNK> hai <UNK> 
LOG (lattice-best-path[5.4.10~1-f629b]:main():lattice-best-path.cc:99) For utterance phase4-Ky-3, best cost 21.0196 + 3741.11 = 3762.13 over 217 frames.
phase4-Ky-3 <UNK> ba 
LOG (lattice-best-path[5.4.10~1-f629b]:main():lattice-best-path.cc:99) For utterance phase4-Ky-4, best cost 41.1374 + 4262.71 = 4303.85 over 233 frames.
phase4-Ky-4 <UNK> ba <UNK> <UNK> <UNK> 
LOG (lattice-best-path[5.4.10~1-f629b]:main():lattice-best-path.cc:99) For utterance phase4-Ky-5, best cost 24.7987 + 3869.61 = 3894.41 over 235 frames.
phase4-Ky-5 chi5n <UNK> <UNK> 
LOG (lattice-best-path[5.4.10~1-f629b]:main():lattice-best-path.cc:99) For utterance phase4-Ky-6, best cost 30.9041 + 4645.52 = 4676.43 over 270 frames.
phase4-Ky-6 <UNK> ta5m <UNK> <UNK> 
LOG (lattice-best-path[5.4.10~1-f629b]:main():lattice-best-path.cc:99) For utterance phase4-Ky-7, best cost 23.253 + 5006.45 = 5029.7 over 282 frames.
phase4-Ky-7 sa5u <UNK> 
LOG (lattice-best-path[5.4.10~1-f629b]:main():lattice-best-path.cc:99) For utterance phase4-Ky-8, best cost 18.4842 + 4067.98 = 4086.47 over 235 frames.
phase4-Ky-8 ba4y <UNK> 
LOG (lattice-best-path[5.4.10~1-f629b]:main():lattice-best-path.cc:99) For utterance phase4-Ky-9, best cost 15.6726 + 4158.78 = 4174.45 over 240 frames.
phase4-Ky-9 hai 
LOG (lattice-best-path[5.4.10~1-f629b]:main():lattice-best-path.cc:99) For utterance phase5-Ky-1, best cost 45.7992 + 4887.17 = 4932.97 over 275 frames.
phase5-Ky-1 <UNK> <UNK> ta5m <UNK> <UNK> <UNK> 
LOG (lattice-best-path[5.4.10~1-f629b]:main():lattice-best-path.cc:99) For utterance phase5-Ky-2, best cost 39.6476 + 4149.34 = 4188.99 over 240 frames.
phase5-Ky-2 chi5n <UNK> <UNK> <UNK> <UNK> 
LOG (lattice-best-path[5.4.10~1-f629b]:main():lattice-best-path.cc:99) For utterance phase5-Ky-3, best cost 34.7938 + 4207.91 = 4242.71 over 233 frames.
phase5-Ky-3 <UNK> na7m <UNK> <UNK> 
LOG (lattice-best-path[5.4.10~1-f629b]:main():lattice-best-path.cc:99) For utterance phase5-Ky-4, best cost 24.98 + 4060.83 = 4085.81 over 235 frames.
phase5-Ky-4 bo85n <UNK> <UNK> 
LOG (lattice-best-path[5.4.10~1-f629b]:main():lattice-best-path.cc:99) For utterance phase5-Ky-5, best cost 41.4442 + 4712.09 = 4753.54 over 270 frames.
phase5-Ky-5 <UNK> <UNK> ba4y <UNK> <UNK> 
LOG (lattice-best-path[5.4.10~1-f629b]:main():lattice-best-path.cc:99) For utterance phase5-Ky-6, best cost 27.5669 + 4815.76 = 4843.33 over 275 frames.
phase5-Ky-6 <UNK> <UNK> ba <UNK> 
LOG (lattice-best-path[5.4.10~1-f629b]:main():lattice-best-path.cc:99) For utterance phase5-Ky-7, best cost 32.6388 + 4979.69 = 5012.33 over 284 frames.
phase5-Ky-7 <UNK> ta5m <UNK> 
LOG (lattice-best-path[5.4.10~1-f629b]:main():lattice-best-path.cc:99) For utterance phase5-Ky-8, best cost 23.6783 + 4807.81 = 4831.49 over 263 frames.
phase5-Ky-8 sa5u <UNK> 
LOG (lattice-best-path[5.4.10~1-f629b]:main():lattice-best-path.cc:99) For utterance phase5-Ky-9, best cost 29.4005 + 4822.35 = 4851.75 over 279 frames.
phase5-Ky-9 <UNK> <UNK> bo85n <UNK> 
LOG (lattice-best-path[5.4.10~1-f629b]:main():lattice-best-path.cc:99) For utterance phase6-Ky-1, best cost 25.6408 + 4274.84 = 4300.48 over 244 frames.
phase6-Ky-1 bo85n <UNK> <UNK> 
LOG (lattice-best-path[5.4.10~1-f629b]:main():lattice-best-path.cc:99) For utterance phase6-Ky-2, best cost 26.711 + 4640.57 = 4667.28 over 261 frames.
phase6-Ky-2 <UNK> na7m <UNK> 
LOG (lattice-best-path[5.4.10~1-f629b]:main():lattice-best-path.cc:99) For utterance phase6-Ky-3, best cost 42.8595 + 4946.96 = 4989.82 over 289 frames.
phase6-Ky-3 <UNK> chi5n <UNK> <UNK> <UNK> <UNK> 
LOG (lattice-best-path[5.4.10~1-f629b]:main():lattice-best-path.cc:99) For utterance phase6-Ky-4, best cost 19.6948 + 4447.13 = 4466.82 over 258 frames.
phase6-Ky-4 bo85n <UNK> 
LOG (lattice-best-path[5.4.10~1-f629b]:main():lattice-best-path.cc:99) For utterance phase6-Ky-5, best cost 27.7766 + 4426.6 = 4454.38 over 247 frames.
phase6-Ky-5 bo85n <UNK> 
LOG (lattice-best-path[5.4.10~1-f629b]:main():lattice-best-path.cc:99) For utterance phase6-Ky-6, best cost 31.9869 + 4589.37 = 4621.36 over 256 frames.
phase6-Ky-6 <UNK> <UNK> na7m <UNK> 
LOG (lattice-best-path[5.4.10~1-f629b]:main():lattice-best-path.cc:99) For utterance phase6-Ky-7, best cost 20.1618 + 4301.32 = 4321.49 over 247 frames.
phase6-Ky-7 ta5m <UNK> 
LOG (lattice-best-path[5.4.10~1-f629b]:main():lattice-best-path.cc:99) For utterance phase6-Ky-8, best cost 22.3073 + 4342.16 = 4364.47 over 240 frames.
phase6-Ky-8 <UNK> sa5u <UNK> 
LOG (lattice-best-path[5.4.10~1-f629b]:main():lattice-best-path.cc:99) For utterance phase6-Ky-9, best cost 36.4341 + 4785.93 = 4822.37 over 272 frames.
phase6-Ky-9 <UNK> ba4y <UNK> <UNK> <UNK> 
LOG (lattice-best-path[5.4.10~1-f629b]:main():lattice-best-path.cc:99) For utterance phase7-Ky-1, best cost 19.5602 + 3792.29 = 3811.85 over 217 frames.
phase7-Ky-1 <UNK> sa5u 
LOG (lattice-best-path[5.4.10~1-f629b]:main():lattice-best-path.cc:99) For utterance phase7-Ky-2, best cost 31.4391 + 4540.33 = 4571.77 over 258 frames.
phase7-Ky-2 <UNK> chi5n <UNK> <UNK> 
LOG (lattice-best-path[5.4.10~1-f629b]:main():lattice-best-path.cc:99) For utterance phase7-Ky-3, best cost 31.0999 + 4597.36 = 4628.46 over 261 frames.
phase7-Ky-3 <UNK> ta5m <UNK> <UNK> 
LOG (lattice-best-path[5.4.10~1-f629b]:main():lattice-best-path.cc:99) For utterance phase7-Ky-4, best cost 31.0786 + 4877.98 = 4909.06 over 258 frames.
phase7-Ky-4 <UNK> na7m <UNK> <UNK> 
LOG (lattice-scale[5.4.10~1-f629b]:main():lattice-scale.cc:90) Done 90 lattices.
LOG (lattice-best-path[5.4.10~1-f629b]:main():lattice-best-path.cc:99) For utterance phase7-Ky-5, best cost 22.1521 + 4438.22 = 4460.37 over 247 frames.
phase7-Ky-5 <UNK> sa5u <UNK> 
LOG (lattice-best-path[5.4.10~1-f629b]:main():lattice-best-path.cc:99) For utterance phase7-Ky-6, best cost 27.8814 + 4315.19 = 4343.07 over 247 frames.
phase7-Ky-6 ta5m <UNK> <UNK> 
LOG (lattice-best-path[5.4.10~1-f629b]:main():lattice-best-path.cc:99) For utterance phase7-Ky-7, best cost 32.1386 + 4190.2 = 4222.34 over 226 frames.
phase7-Ky-7 <UNK> sa5u <UNK> <UNK> 
LOG (lattice-best-path[5.4.10~1-f629b]:main():lattice-best-path.cc:99) For utterance phase7-Ky-8, best cost 33.5213 + 4107.39 = 4140.91 over 235 frames.
phase7-Ky-8 <UNK> bo85n <UNK> <UNK> 
LOG (lattice-best-path[5.4.10~1-f629b]:main():lattice-best-path.cc:99) For utterance phase7-Ky-9, best cost 29.2221 + 4827.91 = 4857.13 over 275 frames.
phase7-Ky-9 <UNK> ba <UNK> <UNK> 
LOG (lattice-best-path[5.4.10~1-f629b]:main():lattice-best-path.cc:99) For utterance phase8-Ky-1, best cost 33.0573 + 4133.98 = 4167.04 over 235 frames.
phase8-Ky-1 <UNK> <UNK> na7m <UNK> 
LOG (lattice-best-path[5.4.10~1-f629b]:main():lattice-best-path.cc:99) For utterance phase8-Ky-2, best cost 32.8254 + 5117.27 = 5150.09 over 298 frames.
phase8-Ky-2 <UNK> chi5n <UNK> <UNK> 
LOG (lattice-best-path[5.4.10~1-f629b]:main():lattice-best-path.cc:99) For utterance phase8-Ky-3, best cost 22.0595 + 4576.29 = 4598.35 over 263 frames.
phase8-Ky-3 bo85n <UNK> 
LOG (lattice-best-path[5.4.10~1-f629b]:main():lattice-best-path.cc:99) For utterance phase8-Ky-4, best cost 23.8571 + 4881.1 = 4904.95 over 263 frames.
phase8-Ky-4 na7m <UNK> 
LOG (lattice-best-path[5.4.10~1-f629b]:main():lattice-best-path.cc:99) For utterance phase8-Ky-5, best cost 34.7833 + 4516.52 = 4551.3 over 263 frames.
phase8-Ky-5 <UNK> <UNK> chi5n <UNK> <UNK> 
LOG (lattice-add-penalty[5.4.10~1-f629b]:main():lattice-add-penalty.cc:62) Done adding word insertion penalty to 90 lattices.
LOG (lattice-best-path[5.4.10~1-f629b]:main():lattice-best-path.cc:99) For utterance phase8-Ky-6, best cost 25.2434 + 4510.09 = 4535.33 over 258 frames.
phase8-Ky-6 ba4y <UNK> <UNK> 
LOG (lattice-best-path[5.4.10~1-f629b]:main():lattice-best-path.cc:99) For utterance phase8-Ky-7, best cost 19.9636 + 3981.13 = 4001.09 over 231 frames.
phase8-Ky-7 sa5u <UNK> 
LOG (lattice-best-path[5.4.10~1-f629b]:main():lattice-best-path.cc:99) For utterance phase8-Ky-8, best cost 27.3963 + 4632.96 = 4660.35 over 272 frames.
phase8-Ky-8 <UNK> ta5m <UNK> 
LOG (lattice-best-path[5.4.10~1-f629b]:main():lattice-best-path.cc:99) For utterance phase8-Ky-9, best cost 31.9529 + 4528.17 = 4560.12 over 251 frames.
phase8-Ky-9 <UNK> ba4y <UNK> <UNK> 
LOG (lattice-best-path[5.4.10~1-f629b]:main():lattice-best-path.cc:99) For utterance phase9-Ky-1, best cost 26.417 + 4433.79 = 4460.2 over 256 frames.
phase9-Ky-1 ta5m <UNK> <UNK> 
LOG (lattice-best-path[5.4.10~1-f629b]:main():lattice-best-path.cc:99) For utterance phase9-Ky-2, best cost 19.7572 + 4294.43 = 4314.19 over 238 frames.
phase9-Ky-2 bo85n <UNK> 
LOG (lattice-best-path[5.4.10~1-f629b]:main():lattice-best-path.cc:99) For utterance phase9-Ky-3, best cost 27.6454 + 4205.68 = 4233.32 over 240 frames.
phase9-Ky-3 ba <UNK> <UNK> 
LOG (lattice-best-path[5.4.10~1-f629b]:main():lattice-best-path.cc:99) For utterance phase9-Ky-4, best cost 38.0281 + 5212.04 = 5250.07 over 282 frames.
phase9-Ky-4 <UNK> <UNK> na7m <UNK> 
LOG (lattice-best-path[5.4.10~1-f629b]:main():lattice-best-path.cc:99) For utterance phase9-Ky-5, best cost 36.644 + 4431.56 = 4468.2 over 249 frames.
phase9-Ky-5 <UNK> chi5n <UNK> <UNK> 
LOG (lattice-best-path[5.4.10~1-f629b]:main():lattice-best-path.cc:99) For utterance phase9-Ky-6, best cost 38.5966 + 4714.67 = 4753.27 over 261 frames.
phase9-Ky-6 bo85n <UNK> <UNK> <UNK> <UNK> 
LOG (lattice-best-path[5.4.10~1-f629b]:main():lattice-best-path.cc:99) For utterance phase9-Ky-7, best cost 31.1905 + 4701.76 = 4732.95 over 275 frames.
phase9-Ky-7 <UNK> ta5m <UNK> <UNK> 
LOG (lattice-best-path[5.4.10~1-f629b]:main():lattice-best-path.cc:99) For utterance phase9-Ky-8, best cost 18.1703 + 4141.04 = 4159.22 over 235 frames.
phase9-Ky-8 sa5u <UNK> 
LOG (lattice-best-path[5.4.10~1-f629b]:main():lattice-best-path.cc:99) For utterance phase9-Ky-9, best cost 39.5567 + 4246.68 = 4286.24 over 238 frames.
phase9-Ky-9 <UNK> ba <UNK> <UNK> <UNK> 
LOG (lattice-best-path[5.4.10~1-f629b]:main():lattice-best-path.cc:124) Overall cost per frame is 17.718 = 0.109273 [graph] + 17.6087 [acoustic] over 22325 frames.
LOG (lattice-best-path[5.4.10~1-f629b]:main():lattice-best-path.cc:128) Done 90 lattices, failed for 0
# Accounting: time=1 threads=1
# Ended (code 0) at Sat Mar 31 17:17:38 +07 2018, elapsed time 1 seconds
