# lattice-scale --inv-acoustic-scale=11 "ark:gunzip -c exp/tri1/decode/lat.*.gz|" ark:- | lattice-add-penalty --word-ins-penalty=0.0 ark:- ark:- | lattice-best-path --word-symbol-table=exp/tri1/graph/words.txt ark:- ark,t:- | utils/int2sym.pl -f 2- exp/tri1/graph/words.txt | local/wer_hyp_filter > exp/tri1/decode/scoring_kaldi/penalty_0.0/11.txt 
# Started at Sun May  6 23:04:36 +07 2018
#
lattice-best-path --word-symbol-table=exp/tri1/graph/words.txt ark:- ark,t:- 
lattice-add-penalty --word-ins-penalty=0.0 ark:- ark:- 
lattice-scale --inv-acoustic-scale=11 'ark:gunzip -c exp/tri1/decode/lat.*.gz|' ark:- 
LOG (lattice-best-path[5.4.10~1-f629b]:main():lattice-best-path.cc:99) For utterance somebody-phase1-1, best cost 26.6345 + 1127.92 = 1154.56 over 251 frames.
somebody-phase1-1 mo86t <UNK> 
LOG (lattice-best-path[5.4.10~1-f629b]:main():lattice-best-path.cc:99) For utterance somebody-phase1-2, best cost 18.2607 + 1127.3 = 1145.56 over 253 frames.
somebody-phase1-2 hai <UNK> 
LOG (lattice-best-path[5.4.10~1-f629b]:main():lattice-best-path.cc:99) For utterance somebody-phase1-3, best cost 17.4518 + 925.963 = 943.415 over 223 frames.
somebody-phase1-3 ba 
LOG (lattice-best-path[5.4.10~1-f629b]:main():lattice-best-path.cc:99) For utterance somebody-phase1-4, best cost 21.88 + 1139.66 = 1161.54 over 260 frames.
somebody-phase1-4 mo86t <UNK> 
LOG (lattice-best-path[5.4.10~1-f629b]:main():lattice-best-path.cc:99) For utterance somebody-phase1-5, best cost 20.1838 + 1011.04 = 1031.22 over 230 frames.
somebody-phase1-5 ba <UNK> 
LOG (lattice-best-path[5.4.10~1-f629b]:main():lattice-best-path.cc:99) For utterance somebody-phase1-6, best cost 18.3923 + 999.688 = 1018.08 over 202 frames.
somebody-phase1-6 hai <UNK> 
LOG (lattice-best-path[5.4.10~1-f629b]:main():lattice-best-path.cc:99) For utterance somebody-phase1-7, best cost 22.7082 + 1057.47 = 1080.18 over 235 frames.
somebody-phase1-7 hai <UNK> 
LOG (lattice-best-path[5.4.10~1-f629b]:main():lattice-best-path.cc:99) For utterance somebody-phase1-8, best cost 24.9974 + 1095.18 = 1120.18 over 251 frames.
somebody-phase1-8 mo86t <UNK> 
LOG (lattice-best-path[5.4.10~1-f629b]:main():lattice-best-path.cc:99) For utterance somebody-phase1-9, best cost 16.4441 + 1110.28 = 1126.73 over 258 frames.
somebody-phase1-9 ba 
LOG (lattice-best-path[5.4.10~1-f629b]:main():lattice-best-path.cc:99) For utterance somebody-phase10-1, best cost 19.1255 + 1097.48 = 1116.61 over 251 frames.
somebody-phase10-1 sa5u 
LOG (lattice-best-path[5.4.10~1-f629b]:main():lattice-best-path.cc:99) For utterance somebody-phase10-2, best cost 21.6604 + 1019.3 = 1040.96 over 237 frames.
somebody-phase10-2 ba4y <UNK> 
LOG (lattice-best-path[5.4.10~1-f629b]:main():lattice-best-path.cc:99) For utterance somebody-phase10-3, best cost 23.051 + 1194.95 = 1218 over 274 frames.
somebody-phase10-3 chi5n <UNK> 
LOG (lattice-best-path[5.4.10~1-f629b]:main():lattice-best-path.cc:99) For utterance somebody-phase10-4, best cost 14.7497 + 1068.49 = 1083.24 over 251 frames.
somebody-phase10-4 na7m 
LOG (lattice-best-path[5.4.10~1-f629b]:main():lattice-best-path.cc:99) For utterance somebody-phase10-5, best cost 17.188 + 957.798 = 974.986 over 221 frames.
somebody-phase10-5 chi5n 
LOG (lattice-best-path[5.4.10~1-f629b]:main():lattice-best-path.cc:99) For utterance somebody-phase10-6, best cost 18.5343 + 1076.13 = 1094.66 over 237 frames.
somebody-phase10-6 na7m 
LOG (lattice-best-path[5.4.10~1-f629b]:main():lattice-best-path.cc:99) For utterance somebody-phase10-7, best cost 19.6251 + 1101.28 = 1120.9 over 260 frames.
somebody-phase10-7 <UNK> chi5n 
LOG (lattice-best-path[5.4.10~1-f629b]:main():lattice-best-path.cc:99) For utterance somebody-phase10-8, best cost 24.7614 + 1279.94 = 1304.7 over 274 frames.
somebody-phase10-8 sa5u <UNK> 
LOG (lattice-best-path[5.4.10~1-f629b]:main():lattice-best-path.cc:99) For utterance somebody-phase10-9, best cost 25.9048 + 1127.91 = 1153.81 over 253 frames.
somebody-phase10-9 ba4y <UNK> 
LOG (lattice-best-path[5.4.10~1-f629b]:main():lattice-best-path.cc:99) For utterance somebody-phase11-1, best cost 13.6113 + 1067.56 = 1081.17 over 246 frames.
somebody-phase11-1 ba 
LOG (lattice-best-path[5.4.10~1-f629b]:main():lattice-best-path.cc:99) For utterance somebody-phase11-2, best cost 21.0129 + 1160.75 = 1181.77 over 279 frames.
somebody-phase11-2 <UNK> mo86t 
LOG (lattice-best-path[5.4.10~1-f629b]:main():lattice-best-path.cc:99) For utterance somebody-phase11-3, best cost 15.205 + 1125.64 = 1140.84 over 263 frames.
somebody-phase11-3 na7m 
LOG (lattice-best-path[5.4.10~1-f629b]:main():lattice-best-path.cc:99) For utterance somebody-phase11-4, best cost 19.963 + 946.936 = 966.899 over 225 frames.
somebody-phase11-4 ba4y 
LOG (lattice-best-path[5.4.10~1-f629b]:main():lattice-best-path.cc:99) For utterance somebody-phase11-5, best cost 13.6029 + 1100.32 = 1113.92 over 258 frames.
somebody-phase11-5 chi5n 
LOG (lattice-best-path[5.4.10~1-f629b]:main():lattice-best-path.cc:99) For utterance somebody-phase11-6, best cost 22.9442 + 1555.15 = 1578.1 over 355 frames.
somebody-phase11-6 sa5u <UNK> 
LOG (lattice-best-path[5.4.10~1-f629b]:main():lattice-best-path.cc:99) For utterance somebody-phase11-7, best cost 16.7323 + 1098.2 = 1114.94 over 270 frames.
somebody-phase11-7 hai 
LOG (lattice-best-path[5.4.10~1-f629b]:main():lattice-best-path.cc:99) For utterance somebody-phase11-8, best cost 23.0085 + 1306.96 = 1329.97 over 300 frames.
somebody-phase11-8 bo85n <UNK> 
LOG (lattice-best-path[5.4.10~1-f629b]:main():lattice-best-path.cc:99) For utterance somebody-phase11-9, best cost 16.8361 + 1001.85 = 1018.68 over 239 frames.
somebody-phase11-9 ta5m 
LOG (lattice-best-path[5.4.10~1-f629b]:main():lattice-best-path.cc:99) For utterance somebody-phase12-1, best cost 24.9906 + 1172 = 1196.99 over 281 frames.
somebody-phase12-1 hai 
LOG (lattice-best-path[5.4.10~1-f629b]:main():lattice-best-path.cc:99) For utterance somebody-phase12-2, best cost 18.7882 + 1289.21 = 1308 over 286 frames.
somebody-phase12-2 ba <UNK> 
LOG (lattice-best-path[5.4.10~1-f629b]:main():lattice-best-path.cc:99) For utterance somebody-phase12-3, best cost 19.2869 + 1133.02 = 1152.31 over 281 frames.
somebody-phase12-3 chi5n <UNK> 
LOG (lattice-best-path[5.4.10~1-f629b]:main():lattice-best-path.cc:99) For utterance somebody-phase12-4, best cost 24.2793 + 1099.04 = 1123.32 over 249 frames.
somebody-phase12-4 sa5u <UNK> 
LOG (lattice-best-path[5.4.10~1-f629b]:main():lattice-best-path.cc:99) For utterance somebody-phase12-5, best cost 27.4945 + 1112.06 = 1139.56 over 260 frames.
somebody-phase12-5 <UNK> ba4y 
LOG (lattice-best-path[5.4.10~1-f629b]:main():lattice-best-path.cc:99) For utterance somebody-phase12-6, best cost 20.9391 + 1115.16 = 1136.1 over 274 frames.
somebody-phase12-6 <UNK> ta5m 
LOG (lattice-best-path[5.4.10~1-f629b]:main():lattice-best-path.cc:99) For utterance somebody-phase12-7, best cost 23.2183 + 1249.43 = 1272.65 over 293 frames.
somebody-phase12-7 bo85n 
LOG (lattice-best-path[5.4.10~1-f629b]:main():lattice-best-path.cc:99) For utterance somebody-phase12-8, best cost 26.2594 + 1259.28 = 1285.54 over 304 frames.
somebody-phase12-8 mo86t 
LOG (lattice-best-path[5.4.10~1-f629b]:main():lattice-best-path.cc:99) For utterance somebody-phase12-9, best cost 13.9147 + 979.345 = 993.26 over 239 frames.
somebody-phase12-9 na7m 
LOG (lattice-best-path[5.4.10~1-f629b]:main():lattice-best-path.cc:99) For utterance somebody-phase13-1, best cost 20.8475 + 1075.31 = 1096.16 over 216 frames.
somebody-phase13-1 <UNK> ta5m <UNK> 
LOG (lattice-best-path[5.4.10~1-f629b]:main():lattice-best-path.cc:99) For utterance somebody-phase13-2, best cost 20.7167 + 1178.51 = 1199.23 over 281 frames.
somebody-phase13-2 <UNK> ba 
LOG (lattice-best-path[5.4.10~1-f629b]:main():lattice-best-path.cc:99) For utterance somebody-phase13-3, best cost 25.1319 + 1482.92 = 1508.05 over 342 frames.
somebody-phase13-3 mo86t 
LOG (lattice-best-path[5.4.10~1-f629b]:main():lattice-best-path.cc:99) For utterance somebody-phase13-4, best cost 16.0343 + 1223.32 = 1239.35 over 297 frames.
somebody-phase13-4 ta5m 
LOG (lattice-best-path[5.4.10~1-f629b]:main():lattice-best-path.cc:99) For utterance somebody-phase13-5, best cost 25.5516 + 1047.02 = 1072.57 over 239 frames.
somebody-phase13-5 chi5n sa5u 
LOG (lattice-best-path[5.4.10~1-f629b]:main():lattice-best-path.cc:99) For utterance somebody-phase13-6, best cost 18.4097 + 1094.81 = 1113.22 over 274 frames.
somebody-phase13-6 hai 
LOG (lattice-best-path[5.4.10~1-f629b]:main():lattice-best-path.cc:99) For utterance somebody-phase13-7, best cost 26.2164 + 1112.33 = 1138.54 over 260 frames.
somebody-phase13-7 ba4y <UNK> 
LOG (lattice-best-path[5.4.10~1-f629b]:main():lattice-best-path.cc:99) For utterance somebody-phase13-8, best cost 19.0457 + 1333.27 = 1352.32 over 318 frames.
somebody-phase13-8 chi5n 
LOG (lattice-best-path[5.4.10~1-f629b]:main():lattice-best-path.cc:99) For utterance somebody-phase13-9, best cost 18.8218 + 1066.95 = 1085.77 over 267 frames.
somebody-phase13-9 bo85n 
LOG (lattice-best-path[5.4.10~1-f629b]:main():lattice-best-path.cc:99) For utterance somebody-phase14-1, best cost 17.8027 + 1097.02 = 1114.83 over 265 frames.
somebody-phase14-1 chi5n 
LOG (lattice-best-path[5.4.10~1-f629b]:main():lattice-best-path.cc:99) For utterance somebody-phase14-2, best cost 15.6473 + 1082.21 = 1097.86 over 253 frames.
somebody-phase14-2 ta5m 
LOG (lattice-best-path[5.4.10~1-f629b]:main():lattice-best-path.cc:99) For utterance somebody-phase14-3, best cost 17.4478 + 1090.57 = 1108.01 over 267 frames.
somebody-phase14-3 ba4y 
LOG (lattice-best-path[5.4.10~1-f629b]:main():lattice-best-path.cc:99) For utterance somebody-phase14-4, best cost 16.8695 + 1086.39 = 1103.26 over 256 frames.
somebody-phase14-4 sa5u 
LOG (lattice-best-path[5.4.10~1-f629b]:main():lattice-best-path.cc:99) For utterance somebody-phase14-5, best cost 22.7537 + 1405.85 = 1428.6 over 348 frames.
somebody-phase14-5 hai 
LOG (lattice-best-path[5.4.10~1-f629b]:main():lattice-best-path.cc:99) For utterance somebody-phase14-6, best cost 21.0004 + 1132.57 = 1153.57 over 270 frames.
somebody-phase14-6 ba <UNK> 
LOG (lattice-best-path[5.4.10~1-f629b]:main():lattice-best-path.cc:99) For utterance somebody-phase14-7, best cost 24.9533 + 1299.84 = 1324.79 over 314 frames.
somebody-phase14-7 mo86t 
LOG (lattice-best-path[5.4.10~1-f629b]:main():lattice-best-path.cc:99) For utterance somebody-phase14-8, best cost 28.7985 + 1344.72 = 1373.52 over 295 frames.
somebody-phase14-8 <UNK> na7m chi5n <UNK> 
LOG (lattice-best-path[5.4.10~1-f629b]:main():lattice-best-path.cc:99) For utterance somebody-phase14-9, best cost 18.6572 + 1128.76 = 1147.42 over 279 frames.
somebody-phase14-9 bo85n 
LOG (lattice-best-path[5.4.10~1-f629b]:main():lattice-best-path.cc:99) For utterance somebody-phase15-1, best cost 23.7784 + 1329.66 = 1353.43 over 323 frames.
somebody-phase15-1 <UNK> ta5m 
LOG (lattice-best-path[5.4.10~1-f629b]:main():lattice-best-path.cc:99) For utterance somebody-phase15-2, best cost 18.6387 + 1177.22 = 1195.86 over 274 frames.
somebody-phase15-2 chi5n 
LOG (lattice-best-path[5.4.10~1-f629b]:main():lattice-best-path.cc:99) For utterance somebody-phase15-3, best cost 18.5848 + 1144.03 = 1162.62 over 279 frames.
somebody-phase15-3 hai 
LOG (lattice-best-path[5.4.10~1-f629b]:main():lattice-best-path.cc:99) For utterance somebody-phase15-4, best cost 16.039 + 1298.96 = 1315 over 307 frames.
somebody-phase15-4 ba 
LOG (lattice-best-path[5.4.10~1-f629b]:main():lattice-best-path.cc:99) For utterance somebody-phase15-5, best cost 17.0176 + 1174.33 = 1191.35 over 263 frames.
somebody-phase15-5 na7m 
LOG (lattice-best-path[5.4.10~1-f629b]:main():lattice-best-path.cc:99) For utterance somebody-phase15-6, best cost 21.0093 + 1143.94 = 1164.95 over 249 frames.
somebody-phase15-6 ba4y <UNK> 
LOG (lattice-best-path[5.4.10~1-f629b]:main():lattice-best-path.cc:99) For utterance somebody-phase15-7, best cost 14.179 + 1022.54 = 1036.72 over 246 frames.
somebody-phase15-7 sa5u 
LOG (lattice-best-path[5.4.10~1-f629b]:main():lattice-best-path.cc:99) For utterance somebody-phase15-8, best cost 24.6323 + 1141.52 = 1166.15 over 279 frames.
somebody-phase15-8 bo85n <UNK> 
LOG (lattice-best-path[5.4.10~1-f629b]:main():lattice-best-path.cc:99) For utterance somebody-phase15-9, best cost 19.2659 + 1185.39 = 1204.65 over 290 frames.
somebody-phase15-9 mo86t 
LOG (lattice-best-path[5.4.10~1-f629b]:main():lattice-best-path.cc:99) For utterance somebody-phase16-1, best cost 26.9469 + 1904.2 = 1931.14 over 409 frames.
somebody-phase16-1 <UNK> ba <UNK> 
LOG (lattice-best-path[5.4.10~1-f629b]:main():lattice-best-path.cc:99) For utterance somebody-phase16-2, best cost 27.259 + 1402.21 = 1429.47 over 293 frames.
somebody-phase16-2 <UNK> na7m <UNK> 
LOG (lattice-best-path[5.4.10~1-f629b]:main():lattice-best-path.cc:99) For utterance somebody-phase16-3, best cost 27.6169 + 1923.26 = 1950.87 over 418 frames.
somebody-phase16-3 <UNK> mo86t <UNK> 
LOG (lattice-best-path[5.4.10~1-f629b]:main():lattice-best-path.cc:99) For utterance somebody-phase16-4, best cost 23.3547 + 1481.57 = 1504.93 over 318 frames.
somebody-phase16-4 <UNK> ta5m <UNK> 
LOG (lattice-best-path[5.4.10~1-f629b]:main():lattice-best-path.cc:99) For utterance somebody-phase16-5, best cost 26.8449 + 1463.31 = 1490.16 over 314 frames.
somebody-phase16-5 <UNK> sa5u <UNK> 
LOG (lattice-best-path[5.4.10~1-f629b]:main():lattice-best-path.cc:99) For utterance somebody-phase16-6, best cost 27.3173 + 1785.9 = 1813.21 over 386 frames.
somebody-phase16-6 <UNK> hai <UNK> 
LOG (lattice-best-path[5.4.10~1-f629b]:main():lattice-best-path.cc:99) For utterance somebody-phase16-7, best cost 25.4354 + 1779.57 = 1805 over 390 frames.
somebody-phase16-7 <UNK> ba4y <UNK> 
LOG (lattice-best-path[5.4.10~1-f629b]:main():lattice-best-path.cc:99) For utterance somebody-phase16-8, best cost 23.1377 + 1502.52 = 1525.66 over 314 frames.
somebody-phase16-8 <UNK> chi5n <UNK> 
LOG (lattice-best-path[5.4.10~1-f629b]:main():lattice-best-path.cc:99) For utterance somebody-phase16-9, best cost 22.9933 + 1463.06 = 1486.06 over 307 frames.
somebody-phase16-9 <UNK> bo85n <UNK> 
LOG (lattice-best-path[5.4.10~1-f629b]:main():lattice-best-path.cc:99) For utterance somebody-phase17-1, best cost 24.6333 + 1429.01 = 1453.65 over 302 frames.
somebody-phase17-1 <UNK> chi5n <UNK> 
LOG (lattice-best-path[5.4.10~1-f629b]:main():lattice-best-path.cc:99) For utterance somebody-phase17-2, best cost 23.7837 + 1330.67 = 1354.46 over 286 frames.
somebody-phase17-2 <UNK> ta5m <UNK> 
LOG (lattice-best-path[5.4.10~1-f629b]:main():lattice-best-path.cc:99) For utterance somebody-phase17-3, best cost 26.4562 + 1637.78 = 1664.24 over 351 frames.
somebody-phase17-3 <UNK> ba4y <UNK> 
LOG (lattice-best-path[5.4.10~1-f629b]:main():lattice-best-path.cc:99) For utterance somebody-phase17-4, best cost 24.6735 + 1513.22 = 1537.9 over 321 frames.
somebody-phase17-4 <UNK> sa5u <UNK> 
LOG (lattice-best-path[5.4.10~1-f629b]:main():lattice-best-path.cc:99) For utterance somebody-phase17-5, best cost 23.1678 + 1521.02 = 1544.18 over 316 frames.
somebody-phase17-5 <UNK> na7m <UNK> 
LOG (lattice-best-path[5.4.10~1-f629b]:main():lattice-best-path.cc:99) For utterance somebody-phase17-6, best cost 24.0863 + 1344.21 = 1368.3 over 288 frames.
somebody-phase17-6 <UNK> bo85n <UNK> 
LOG (lattice-best-path[5.4.10~1-f629b]:main():lattice-best-path.cc:99) For utterance somebody-phase17-7, best cost 25.0319 + 1665.74 = 1690.77 over 360 frames.
somebody-phase17-7 <UNK> ba <UNK> 
LOG (lattice-best-path[5.4.10~1-f629b]:main():lattice-best-path.cc:99) For utterance somebody-phase17-8, best cost 29.5339 + 2206.1 = 2235.63 over 467 frames.
somebody-phase17-8 <UNK> hai <UNK> 
LOG (lattice-best-path[5.4.10~1-f629b]:main():lattice-best-path.cc:99) For utterance somebody-phase17-9, best cost 25.3186 + 1854.22 = 1879.54 over 388 frames.
somebody-phase17-9 <UNK> mo86t <UNK> 
LOG (lattice-best-path[5.4.10~1-f629b]:main():lattice-best-path.cc:99) For utterance somebody-phase18-1, best cost 25.2183 + 1520.56 = 1545.78 over 330 frames.
somebody-phase18-1 <UNK> bo85n <UNK> 
LOG (lattice-best-path[5.4.10~1-f629b]:main():lattice-best-path.cc:99) For utterance somebody-phase18-2, best cost 25.1481 + 1656.35 = 1681.5 over 348 frames.
somebody-phase18-2 <UNK> ba <UNK> 
LOG (lattice-best-path[5.4.10~1-f629b]:main():lattice-best-path.cc:99) For utterance somebody-phase18-3, best cost 24.7349 + 1343.85 = 1368.59 over 295 frames.
somebody-phase18-3 <UNK> ba4y <UNK> 
LOG (lattice-best-path[5.4.10~1-f629b]:main():lattice-best-path.cc:99) For utterance somebody-phase18-4, best cost 28.9499 + 2160.88 = 2189.83 over 465 frames.
somebody-phase18-4 <UNK> mo86t <UNK> 
LOG (lattice-best-path[5.4.10~1-f629b]:main():lattice-best-path.cc:99) For utterance somebody-phase18-5, best cost 24.1312 + 1352.52 = 1376.65 over 286 frames.
somebody-phase18-5 <UNK> na7m <UNK> 
LOG (lattice-best-path[5.4.10~1-f629b]:main():lattice-best-path.cc:99) For utterance somebody-phase18-6, best cost 23.2971 + 1455.17 = 1478.47 over 309 frames.
somebody-phase18-6 <UNK> ta5m <UNK> 
LOG (lattice-best-path[5.4.10~1-f629b]:main():lattice-best-path.cc:99) For utterance somebody-phase18-7, best cost 28.3167 + 1883.8 = 1912.12 over 411 frames.
somebody-phase18-7 <UNK> hai <UNK> 
LOG (lattice-best-path[5.4.10~1-f629b]:main():lattice-best-path.cc:99) For utterance somebody-phase18-8, best cost 25.0631 + 1509.09 = 1534.16 over 318 frames.
somebody-phase18-8 <UNK> chi5n <UNK> 
LOG (lattice-best-path[5.4.10~1-f629b]:main():lattice-best-path.cc:99) For utterance somebody-phase18-9, best cost 24.7813 + 1490.12 = 1514.9 over 321 frames.
somebody-phase18-9 <UNK> sa5u <UNK> 
LOG (lattice-best-path[5.4.10~1-f629b]:main():lattice-best-path.cc:99) For utterance somebody-phase19-1, best cost 26.4761 + 1801.5 = 1827.97 over 372 frames.
somebody-phase19-1 <UNK> mo86t <UNK> 
LOG (lattice-best-path[5.4.10~1-f629b]:main():lattice-best-path.cc:99) For utterance somebody-phase19-2, best cost 28.4121 + 1645.29 = 1673.7 over 346 frames.
somebody-phase19-2 <UNK> hai <UNK> 
LOG (lattice-best-path[5.4.10~1-f629b]:main():lattice-best-path.cc:99) For utterance somebody-phase19-3, best cost 24.3299 + 1539.26 = 1563.59 over 328 frames.
somebody-phase19-3 <UNK> ba <UNK> 
LOG (lattice-best-path[5.4.10~1-f629b]:main():lattice-best-path.cc:99) For utterance somebody-phase19-4, best cost 24.4244 + 1359.96 = 1384.38 over 293 frames.
somebody-phase19-4 <UNK> bo85n <UNK> 
LOG (lattice-best-path[5.4.10~1-f629b]:main():lattice-best-path.cc:99) For utterance somebody-phase19-5, best cost 24.0667 + 1346.27 = 1370.34 over 293 frames.
somebody-phase19-5 <UNK> na7m <UNK> 
LOG (lattice-best-path[5.4.10~1-f629b]:main():lattice-best-path.cc:99) For utterance somebody-phase19-6, best cost 25.4467 + 1569.84 = 1595.29 over 339 frames.
somebody-phase19-6 <UNK> sa5u <UNK> 
LOG (lattice-best-path[5.4.10~1-f629b]:main():lattice-best-path.cc:99) For utterance somebody-phase19-7, best cost 23.7396 + 1532.26 = 1556 over 321 frames.
somebody-phase19-7 <UNK> ba4y <UNK> 
LOG (lattice-best-path[5.4.10~1-f629b]:main():lattice-best-path.cc:99) For utterance somebody-phase19-8, best cost 27.6631 + 1905.12 = 1932.79 over 409 frames.
somebody-phase19-8 <UNK> ta5m <UNK> 
LOG (lattice-best-path[5.4.10~1-f629b]:main():lattice-best-path.cc:99) For utterance somebody-phase19-9, best cost 24.1572 + 1357.31 = 1381.47 over 283 frames.
somebody-phase19-9 <UNK> chi5n <UNK> 
LOG (lattice-best-path[5.4.10~1-f629b]:main():lattice-best-path.cc:99) For utterance somebody-phase2-1, best cost 21.1069 + 1035.72 = 1056.83 over 232 frames.
somebody-phase2-1 mo86t ba 
LOG (lattice-best-path[5.4.10~1-f629b]:main():lattice-best-path.cc:99) For utterance somebody-phase2-2, best cost 18.5195 + 964.062 = 982.582 over 214 frames.
somebody-phase2-2 <UNK> hai 
LOG (lattice-best-path[5.4.10~1-f629b]:main():lattice-best-path.cc:99) For utterance somebody-phase2-3, best cost 23.2037 + 1030.32 = 1053.52 over 218 frames.
somebody-phase2-3 <UNK> mo86t 
LOG (lattice-best-path[5.4.10~1-f629b]:main():lattice-best-path.cc:99) For utterance somebody-phase2-4, best cost 27.0844 + 1051.16 = 1078.24 over 223 frames.
somebody-phase2-4 <UNK> mo86t <UNK> 
LOG (lattice-best-path[5.4.10~1-f629b]:main():lattice-best-path.cc:99) For utterance somebody-phase2-5, best cost 17.1109 + 1033.48 = 1050.6 over 246 frames.
somebody-phase2-5 ba 
LOG (lattice-best-path[5.4.10~1-f629b]:main():lattice-best-path.cc:99) For utterance somebody-phase2-6, best cost 13.5807 + 953.543 = 967.124 over 211 frames.
somebody-phase2-6 hai 
LOG (lattice-best-path[5.4.10~1-f629b]:main():lattice-best-path.cc:99) For utterance somebody-phase2-7, best cost 15.9275 + 1016.62 = 1032.55 over 228 frames.
somebody-phase2-7 ba 
LOG (lattice-best-path[5.4.10~1-f629b]:main():lattice-best-path.cc:99) For utterance somebody-phase2-8, best cost 16.0742 + 1020.17 = 1036.25 over 235 frames.
somebody-phase2-8 mo86t 
LOG (lattice-best-path[5.4.10~1-f629b]:main():lattice-best-path.cc:99) For utterance somebody-phase2-9, best cost 16.2783 + 1152.44 = 1168.72 over 265 frames.
somebody-phase2-9 hai 
LOG (lattice-best-path[5.4.10~1-f629b]:main():lattice-best-path.cc:99) For utterance somebody-phase20-1, best cost 24.6607 + 1409.07 = 1433.73 over 295 frames.
somebody-phase20-1 <UNK> na7m <UNK> 
LOG (lattice-best-path[5.4.10~1-f629b]:main():lattice-best-path.cc:99) For utterance somebody-phase20-2, best cost 31.7593 + 1870.84 = 1902.6 over 397 frames.
somebody-phase20-2 <UNK> mo86t <UNK> 
LOG (lattice-best-path[5.4.10~1-f629b]:main():lattice-best-path.cc:99) For utterance somebody-phase20-3, best cost 26.1289 + 1586.51 = 1612.64 over 339 frames.
somebody-phase20-3 <UNK> bo85n <UNK> 
LOG (lattice-best-path[5.4.10~1-f629b]:main():lattice-best-path.cc:99) For utterance somebody-phase20-4, best cost 23.372 + 1425.32 = 1448.7 over 304 frames.
somebody-phase20-4 <UNK> ba4y <UNK> 
LOG (lattice-best-path[5.4.10~1-f629b]:main():lattice-best-path.cc:99) For utterance somebody-phase20-5, best cost 24.667 + 1648.16 = 1672.82 over 346 frames.
somebody-phase20-5 <UNK> hai <UNK> 
LOG (lattice-best-path[5.4.10~1-f629b]:main():lattice-best-path.cc:99) For utterance somebody-phase20-6, best cost 25.2173 + 1581.2 = 1606.42 over 339 frames.
somebody-phase20-6 <UNK> sa5u <UNK> 
LOG (lattice-best-path[5.4.10~1-f629b]:main():lattice-best-path.cc:99) For utterance somebody-phase20-7, best cost 25.04 + 1483.36 = 1508.4 over 314 frames.
somebody-phase20-7 <UNK> ta5m <UNK> 
LOG (lattice-best-path[5.4.10~1-f629b]:main():lattice-best-path.cc:99) For utterance somebody-phase20-8, best cost 23.0998 + 1602.98 = 1626.08 over 337 frames.
somebody-phase20-8 <UNK> ba <UNK> 
LOG (lattice-best-path[5.4.10~1-f629b]:main():lattice-best-path.cc:99) For utterance somebody-phase20-9, best cost 22.6588 + 1406.77 = 1429.43 over 293 frames.
somebody-phase20-9 <UNK> chi5n <UNK> 
LOG (lattice-best-path[5.4.10~1-f629b]:main():lattice-best-path.cc:99) For utterance somebody-phase3-1, best cost 14.0917 + 1002.59 = 1016.68 over 230 frames.
somebody-phase3-1 hai 
LOG (lattice-best-path[5.4.10~1-f629b]:main():lattice-best-path.cc:99) For utterance somebody-phase3-2, best cost 19.2141 + 1155.83 = 1175.05 over 244 frames.
somebody-phase3-2 mo86t 
LOG (lattice-best-path[5.4.10~1-f629b]:main():lattice-best-path.cc:99) For utterance somebody-phase3-3, best cost 22.3159 + 1060.17 = 1082.48 over 237 frames.
somebody-phase3-3 ba <UNK> 
LOG (lattice-best-path[5.4.10~1-f629b]:main():lattice-best-path.cc:99) For utterance somebody-phase3-4, best cost 17.9348 + 1064.92 = 1082.86 over 249 frames.
somebody-phase3-4 ba 
LOG (lattice-best-path[5.4.10~1-f629b]:main():lattice-best-path.cc:99) For utterance somebody-phase3-5, best cost 25.1058 + 1100.29 = 1125.4 over 228 frames.
somebody-phase3-5 <UNK> mo86t <UNK> 
LOG (lattice-best-path[5.4.10~1-f629b]:main():lattice-best-path.cc:99) For utterance somebody-phase3-6, best cost 24.9815 + 1092.25 = 1117.23 over 239 frames.
somebody-phase3-6 <UNK> hai <UNK> 
LOG (lattice-best-path[5.4.10~1-f629b]:main():lattice-best-path.cc:99) For utterance somebody-phase3-7, best cost 28.972 + 1079.12 = 1108.1 over 246 frames.
somebody-phase3-7 <UNK> <UNK> mo86t 
LOG (lattice-best-path[5.4.10~1-f629b]:main():lattice-best-path.cc:99) For utterance somebody-phase3-8, best cost 16.2076 + 963.171 = 979.378 over 232 frames.
somebody-phase3-8 ba 
LOG (lattice-best-path[5.4.10~1-f629b]:main():lattice-best-path.cc:99) For utterance somebody-phase3-9, best cost 24.7657 + 947.642 = 972.407 over 221 frames.
somebody-phase3-9 <UNK> mo86t 
LOG (lattice-best-path[5.4.10~1-f629b]:main():lattice-best-path.cc:99) For utterance somebody-phase4-1, best cost 30.5894 + 1135.23 = 1165.82 over 239 frames.
somebody-phase4-1 bo85n <UNK> 
LOG (lattice-best-path[5.4.10~1-f629b]:main():lattice-best-path.cc:99) For utterance somebody-phase4-2, best cost 22.8275 + 1094.26 = 1117.08 over 232 frames.
somebody-phase4-2 hai <UNK> 
LOG (lattice-best-path[5.4.10~1-f629b]:main():lattice-best-path.cc:99) For utterance somebody-phase4-3, best cost 15.3252 + 954.355 = 969.68 over 216 frames.
somebody-phase4-3 ba 
LOG (lattice-best-path[5.4.10~1-f629b]:main():lattice-best-path.cc:99) For utterance somebody-phase4-4, best cost 25.3133 + 1115.98 = 1141.29 over 232 frames.
somebody-phase4-4 ba4y 
LOG (lattice-best-path[5.4.10~1-f629b]:main():lattice-best-path.cc:99) For utterance somebody-phase4-5, best cost 21.6161 + 976.863 = 998.479 over 235 frames.
somebody-phase4-5 chi5n <UNK> 
LOG (lattice-best-path[5.4.10~1-f629b]:main():lattice-best-path.cc:99) For utterance somebody-phase4-6, best cost 18.3279 + 1164.06 = 1182.39 over 270 frames.
somebody-phase4-6 ta5m 
LOG (lattice-best-path[5.4.10~1-f629b]:main():lattice-best-path.cc:99) For utterance somebody-phase4-7, best cost 25.6256 + 1269.07 = 1294.69 over 281 frames.
somebody-phase4-7 sa5u <UNK> 
LOG (lattice-best-path[5.4.10~1-f629b]:main():lattice-best-path.cc:99) For utterance somebody-phase4-8, best cost 18.5218 + 1004.13 = 1022.66 over 235 frames.
somebody-phase4-8 ba4y 
LOG (lattice-best-path[5.4.10~1-f629b]:main():lattice-best-path.cc:99) For utterance somebody-phase4-9, best cost 15.9476 + 1029.31 = 1045.26 over 239 frames.
somebody-phase4-9 hai 
LOG (lattice-best-path[5.4.10~1-f629b]:main():lattice-best-path.cc:99) For utterance somebody-phase5-1, best cost 29.0561 + 1259.22 = 1288.27 over 274 frames.
somebody-phase5-1 ta5m 
LOG (lattice-best-path[5.4.10~1-f629b]:main():lattice-best-path.cc:99) For utterance somebody-phase5-2, best cost 36.3956 + 1053.35 = 1089.74 over 239 frames.
somebody-phase5-2 chi5n <UNK> <UNK> <UNK> 
LOG (lattice-best-path[5.4.10~1-f629b]:main():lattice-best-path.cc:99) For utterance somebody-phase5-3, best cost 31.7547 + 1122.61 = 1154.37 over 232 frames.
somebody-phase5-3 <UNK> na7m <UNK> 
LOG (lattice-best-path[5.4.10~1-f629b]:main():lattice-best-path.cc:99) For utterance somebody-phase5-4, best cost 23.8446 + 1009.3 = 1033.15 over 235 frames.
somebody-phase5-4 bo85n <UNK> 
LOG (lattice-best-path[5.4.10~1-f629b]:main():lattice-best-path.cc:99) For utterance somebody-phase5-5, best cost 27.1827 + 1241.52 = 1268.71 over 270 frames.
somebody-phase5-5 ba4y ba <UNK> 
LOG (lattice-best-path[5.4.10~1-f629b]:main():lattice-best-path.cc:99) For utterance somebody-phase5-6, best cost 23.1093 + 1196.61 = 1219.72 over 274 frames.
somebody-phase5-6 na7m <UNK> 
LOG (lattice-best-path[5.4.10~1-f629b]:main():lattice-best-path.cc:99) For utterance somebody-phase5-7, best cost 27.6373 + 1254.04 = 1281.68 over 283 frames.
somebody-phase5-7 ta5m <UNK> 
LOG (lattice-best-path[5.4.10~1-f629b]:main():lattice-best-path.cc:99) For utterance somebody-phase5-8, best cost 30.5968 + 1278.55 = 1309.14 over 263 frames.
somebody-phase5-8 sa5u <UNK> 
LOG (lattice-best-path[5.4.10~1-f629b]:main():lattice-best-path.cc:99) For utterance somebody-phase5-9, best cost 17.6313 + 1226.88 = 1244.51 over 279 frames.
somebody-phase5-9 bo85n 
LOG (lattice-best-path[5.4.10~1-f629b]:main():lattice-best-path.cc:99) For utterance somebody-phase6-1, best cost 19.0941 + 1087.41 = 1106.5 over 244 frames.
somebody-phase6-1 bo85n 
LOG (lattice-best-path[5.4.10~1-f629b]:main():lattice-best-path.cc:99) For utterance somebody-phase6-2, best cost 19.0494 + 1114.48 = 1133.52 over 260 frames.
somebody-phase6-2 na7m 
LOG (lattice-best-path[5.4.10~1-f629b]:main():lattice-best-path.cc:99) For utterance somebody-phase6-3, best cost 25.4117 + 1271.48 = 1296.89 over 288 frames.
somebody-phase6-3 chi5n <UNK> 
LOG (lattice-best-path[5.4.10~1-f629b]:main():lattice-best-path.cc:99) For utterance somebody-phase6-4, best cost 17.4004 + 1130.09 = 1147.49 over 258 frames.
somebody-phase6-4 bo85n 
LOG (lattice-best-path[5.4.10~1-f629b]:main():lattice-best-path.cc:99) For utterance somebody-phase6-5, best cost 30.4934 + 1121.47 = 1151.96 over 246 frames.
somebody-phase6-5 bo85n <UNK> 
LOG (lattice-best-path[5.4.10~1-f629b]:main():lattice-best-path.cc:99) For utterance somebody-phase6-6, best cost 25.5762 + 1146.32 = 1171.89 over 256 frames.
somebody-phase6-6 na7m <UNK> 
LOG (lattice-best-path[5.4.10~1-f629b]:main():lattice-best-path.cc:99) For utterance somebody-phase6-7, best cost 17.2564 + 1085.78 = 1103.04 over 246 frames.
somebody-phase6-7 ta5m 
LOG (lattice-scale[5.4.10~1-f629b]:main():lattice-scale.cc:90) Done 180 lattices.
LOG (lattice-best-path[5.4.10~1-f629b]:main():lattice-best-path.cc:99) For utterance somebody-phase6-8, best cost 23.3011 + 1127.06 = 1150.36 over 239 frames.
somebody-phase6-8 sa5u 
LOG (lattice-best-path[5.4.10~1-f629b]:main():lattice-best-path.cc:99) For utterance somebody-phase6-9, best cost 36.7514 + 1243.74 = 1280.49 over 272 frames.
somebody-phase6-9 ba4y <UNK> <UNK> 
LOG (lattice-best-path[5.4.10~1-f629b]:main():lattice-best-path.cc:99) For utterance somebody-phase7-1, best cost 19.5387 + 955.542 = 975.081 over 216 frames.
somebody-phase7-1 sa5u <UNK> 
LOG (lattice-best-path[5.4.10~1-f629b]:main():lattice-best-path.cc:99) For utterance somebody-phase7-2, best cost 29.3719 + 1160.09 = 1189.46 over 258 frames.
somebody-phase7-2 chi5n <UNK> 
LOG (lattice-best-path[5.4.10~1-f629b]:main():lattice-best-path.cc:99) For utterance somebody-phase7-3, best cost 26.3886 + 1138.76 = 1165.15 over 260 frames.
somebody-phase7-3 ta5m 
LOG (lattice-best-path[5.4.10~1-f629b]:main():lattice-best-path.cc:99) For utterance somebody-phase7-4, best cost 28.8667 + 1361.09 = 1389.96 over 258 frames.
somebody-phase7-4 na7m <UNK> <UNK> 
LOG (lattice-best-path[5.4.10~1-f629b]:main():lattice-best-path.cc:99) For utterance somebody-phase7-5, best cost 17.1035 + 1096.99 = 1114.09 over 246 frames.
somebody-phase7-5 sa5u 
LOG (lattice-best-path[5.4.10~1-f629b]:main():lattice-best-path.cc:99) For utterance somebody-phase7-6, best cost 20.4292 + 1078.26 = 1098.69 over 246 frames.
somebody-phase7-6 ta5m 
LOG (lattice-best-path[5.4.10~1-f629b]:main():lattice-best-path.cc:99) For utterance somebody-phase7-7, best cost 33.0533 + 1154.25 = 1187.3 over 225 frames.
somebody-phase7-7 sa5u mo86t <UNK> 
LOG (lattice-best-path[5.4.10~1-f629b]:main():lattice-best-path.cc:99) For utterance somebody-phase7-8, best cost 26.7431 + 1036.58 = 1063.32 over 235 frames.
somebody-phase7-8 <UNK> bo85n <UNK> 
LOG (lattice-best-path[5.4.10~1-f629b]:main():lattice-best-path.cc:99) For utterance somebody-phase7-9, best cost 25.5663 + 1218.64 = 1244.21 over 274 frames.
somebody-phase7-9 ba4y <UNK> 
LOG (lattice-best-path[5.4.10~1-f629b]:main():lattice-best-path.cc:99) For utterance somebody-phase8-1, best cost 17.4833 + 1084.62 = 1102.1 over 235 frames.
somebody-phase8-1 na7m 
LOG (lattice-best-path[5.4.10~1-f629b]:main():lattice-best-path.cc:99) For utterance somebody-phase8-2, best cost 29.3191 + 1266.37 = 1295.69 over 297 frames.
somebody-phase8-2 chi5n <UNK> 
LOG (lattice-best-path[5.4.10~1-f629b]:main():lattice-best-path.cc:99) For utterance somebody-phase8-3, best cost 29.8737 + 1146.38 = 1176.25 over 263 frames.
somebody-phase8-3 bo85n <UNK> 
LOG (lattice-best-path[5.4.10~1-f629b]:main():lattice-best-path.cc:99) For utterance somebody-phase8-4, best cost 24.6883 + 1304.95 = 1329.64 over 263 frames.
somebody-phase8-4 na7m <UNK> 
LOG (lattice-add-penalty[5.4.10~1-f629b]:main():lattice-add-penalty.cc:62) Done adding word insertion penalty to 180 lattices.
LOG (lattice-best-path[5.4.10~1-f629b]:main():lattice-best-path.cc:99) For utterance somebody-phase8-5, best cost 17.8082 + 1150.14 = 1167.95 over 263 frames.
somebody-phase8-5 chi5n 
LOG (lattice-best-path[5.4.10~1-f629b]:main():lattice-best-path.cc:99) For utterance somebody-phase8-6, best cost 22.4682 + 1184.15 = 1206.62 over 258 frames.
somebody-phase8-6 ba4y 
LOG (lattice-best-path[5.4.10~1-f629b]:main():lattice-best-path.cc:99) For utterance somebody-phase8-7, best cost 18.5913 + 1017.99 = 1036.58 over 230 frames.
somebody-phase8-7 sa5u 
LOG (lattice-best-path[5.4.10~1-f629b]:main():lattice-best-path.cc:99) For utterance somebody-phase8-8, best cost 20.3171 + 1153.29 = 1173.61 over 272 frames.
somebody-phase8-8 ta5m 
LOG (lattice-best-path[5.4.10~1-f629b]:main():lattice-best-path.cc:99) For utterance somebody-phase8-9, best cost 27.6519 + 1194.81 = 1222.46 over 251 frames.
somebody-phase8-9 ba4y <UNK> 
LOG (lattice-best-path[5.4.10~1-f629b]:main():lattice-best-path.cc:99) For utterance somebody-phase9-1, best cost 22.4971 + 1108.27 = 1130.77 over 256 frames.
somebody-phase9-1 ta5m 
LOG (lattice-best-path[5.4.10~1-f629b]:main():lattice-best-path.cc:99) For utterance somebody-phase9-2, best cost 28.2282 + 1117.3 = 1145.53 over 237 frames.
somebody-phase9-2 bo85n <UNK> <UNK> 
LOG (lattice-best-path[5.4.10~1-f629b]:main():lattice-best-path.cc:99) For utterance somebody-phase9-3, best cost 23.0877 + 1022.73 = 1045.82 over 239 frames.
somebody-phase9-3 ba4y <UNK> 
LOG (lattice-best-path[5.4.10~1-f629b]:main():lattice-best-path.cc:99) For utterance somebody-phase9-4, best cost 22.8147 + 1357.19 = 1380.01 over 281 frames.
somebody-phase9-4 na7m <UNK> 
LOG (lattice-best-path[5.4.10~1-f629b]:main():lattice-best-path.cc:99) For utterance somebody-phase9-5, best cost 29.4392 + 1142.06 = 1171.5 over 249 frames.
somebody-phase9-5 chi5n 
LOG (lattice-best-path[5.4.10~1-f629b]:main():lattice-best-path.cc:99) For utterance somebody-phase9-6, best cost 40.3138 + 1222.14 = 1262.45 over 260 frames.
somebody-phase9-6 bo85n <UNK> <UNK> <UNK> 
LOG (lattice-best-path[5.4.10~1-f629b]:main():lattice-best-path.cc:99) For utterance somebody-phase9-7, best cost 31.528 + 1178.49 = 1210.02 over 274 frames.
somebody-phase9-7 <UNK> ta5m <UNK> 
LOG (lattice-best-path[5.4.10~1-f629b]:main():lattice-best-path.cc:99) For utterance somebody-phase9-8, best cost 27.1372 + 1051.18 = 1078.32 over 235 frames.
somebody-phase9-8 sa5u <UNK> 
LOG (lattice-best-path[5.4.10~1-f629b]:main():lattice-best-path.cc:99) For utterance somebody-phase9-9, best cost 27.0969 + 1065.55 = 1092.65 over 237 frames.
somebody-phase9-9 ta5m <UNK> 
LOG (lattice-best-path[5.4.10~1-f629b]:main():lattice-best-path.cc:124) Overall cost per frame is 4.56877 = 0.0826143 [graph] + 4.48616 [acoustic] over 49986 frames.
LOG (lattice-best-path[5.4.10~1-f629b]:main():lattice-best-path.cc:128) Done 180 lattices, failed for 0
# Accounting: time=1 threads=1
# Ended (code 0) at Sun May  6 23:04:37 +07 2018, elapsed time 1 seconds
