# gmm-est --write-occs=exp/mono/31.occs --mix-up=960 --power=0.25 exp/mono/30.mdl "gmm-sum-accs - exp/mono/30.*.acc|" exp/mono/31.mdl 
# Started at Mon May  7 18:23:24 +07 2018
#
gmm-est --write-occs=exp/mono/31.occs --mix-up=960 --power=0.25 exp/mono/30.mdl 'gmm-sum-accs - exp/mono/30.*.acc|' exp/mono/31.mdl 
gmm-sum-accs - exp/mono/30.1.acc 
LOG (gmm-sum-accs[5.4.10~1-f629b]:main():gmm-sum-accs.cc:63) Summed 1 stats, total count 25002, avg like/frame -54.1107
LOG (gmm-sum-accs[5.4.10~1-f629b]:main():gmm-sum-accs.cc:66) Total count of stats is 25002
LOG (gmm-sum-accs[5.4.10~1-f629b]:main():gmm-sum-accs.cc:67) Written stats to -
LOG (gmm-est[5.4.10~1-f629b]:MleUpdate():transition-model.cc:517) TransitionModel::Update, objf change is 0 per frame over 25002 frames. 
LOG (gmm-est[5.4.10~1-f629b]:MleUpdate():transition-model.cc:520) 8 probabilities floored, 186 out of 254 transition-states skipped due to insuffient data (it is normal to have some skipped.)
LOG (gmm-est[5.4.10~1-f629b]:main():gmm-est.cc:102) Transition model update: Overall 0 log-like improvement per frame over 25002 frames.
WARNING (gmm-est[5.4.10~1-f629b]:MleDiagGmmUpdate():mle-diag-gmm.cc:359) Too little data - removing Gaussian (weight 0.012562, occupation count 9.999743, vector size 48)
WARNING (gmm-est[5.4.10~1-f629b]:MleDiagGmmUpdate():mle-diag-gmm.cc:365) Gaussian has too little data but not removing it because it is the last Gaussian: i = 0, occ = 0, weight = 1
WARNING (gmm-est[5.4.10~1-f629b]:MleDiagGmmUpdate():mle-diag-gmm.cc:365) Gaussian has too little data but not removing it because it is the last Gaussian: i = 0, occ = 0, weight = 1
WARNING (gmm-est[5.4.10~1-f629b]:MleDiagGmmUpdate():mle-diag-gmm.cc:365) Gaussian has too little data but not removing it because it is the last Gaussian: i = 0, occ = 0, weight = 1
WARNING (gmm-est[5.4.10~1-f629b]:MleDiagGmmUpdate():mle-diag-gmm.cc:365) Gaussian has too little data but not removing it because it is the last Gaussian: i = 0, occ = 0, weight = 1
WARNING (gmm-est[5.4.10~1-f629b]:MleDiagGmmUpdate():mle-diag-gmm.cc:365) Gaussian has too little data but not removing it because it is the last Gaussian: i = 0, occ = 0, weight = 1
LOG (gmm-est[5.4.10~1-f629b]:MleAmDiagGmmUpdate():mle-am-diag-gmm.cc:225) 5202 variance elements floored in 921 Gaussians, out of 932
LOG (gmm-est[5.4.10~1-f629b]:MleAmDiagGmmUpdate():mle-am-diag-gmm.cc:229) Removed 1 Gaussians due to counts < --min-gaussian-occupancy=10 and --remove-low-count-gaussians=true
LOG (gmm-est[5.4.10~1-f629b]:main():gmm-est.cc:113) GMM update: Overall 0.0777027 objective function improvement per frame over 25002 frames
LOG (gmm-est[5.4.10~1-f629b]:main():gmm-est.cc:116) GMM update: Overall avg like per frame = -54.1107 over 25002 frames.
LOG (gmm-est[5.4.10~1-f629b]:SplitByCount():am-diag-gmm.cc:116) Split 61 states with target = 960, power = 0.25, perturb_factor = 0.01 and min_count = 20, split #Gauss from 932 to 964
LOG (gmm-est[5.4.10~1-f629b]:main():gmm-est.cc:146) Written model to exp/mono/31.mdl
# Accounting: time=0 threads=1
# Ended (code 0) at Mon May  7 18:23:24 +07 2018, elapsed time 0 seconds
