# ali-to-post "ark:gunzip -c exp/tri3b/ali.2.gz|" ark:- | gmm-acc-stats-twofeats exp/tri3b/35.mdl "ark,s,cs:apply-cmvn  --utt2spk=ark:data/train/split4/2/utt2spk scp:data/train/split4/2/cmvn.scp scp:data/train/split4/2/feats.scp ark:- | splice-feats  ark:- ark:- | transform-feats exp/tri2b_ali/final.mat ark:- ark:- | transform-feats --utt2spk=ark:data/train/split4/2/utt2spk ark:exp/tri3b/trans.2 ark:- ark:- |" "ark,s,cs:apply-cmvn  --utt2spk=ark:data/train/split4/2/utt2spk scp:data/train/split4/2/cmvn.scp scp:data/train/split4/2/feats.scp ark:- | splice-feats  ark:- ark:- | transform-feats exp/tri2b_ali/final.mat ark:- ark:- |" ark,s,cs:- exp/tri3b/35.2.acc 
# Started at Wed Mar 14 09:18:28 +07 2018
#
ali-to-post 'ark:gunzip -c exp/tri3b/ali.2.gz|' ark:- 
gmm-acc-stats-twofeats exp/tri3b/35.mdl 'ark,s,cs:apply-cmvn  --utt2spk=ark:data/train/split4/2/utt2spk scp:data/train/split4/2/cmvn.scp scp:data/train/split4/2/feats.scp ark:- | splice-feats  ark:- ark:- | transform-feats exp/tri2b_ali/final.mat ark:- ark:- | transform-feats --utt2spk=ark:data/train/split4/2/utt2spk ark:exp/tri3b/trans.2 ark:- ark:- |' 'ark,s,cs:apply-cmvn  --utt2spk=ark:data/train/split4/2/utt2spk scp:data/train/split4/2/cmvn.scp scp:data/train/split4/2/feats.scp ark:- | splice-feats  ark:- ark:- | transform-feats exp/tri2b_ali/final.mat ark:- ark:- |' ark,s,cs:- exp/tri3b/35.2.acc 
LOG (ali-to-post[5.4.10~1-f629b]:main():ali-to-post.cc:73) Converted 9 alignments.
transform-feats --utt2spk=ark:data/train/split4/2/utt2spk ark:exp/tri3b/trans.2 ark:- ark:- 
apply-cmvn --utt2spk=ark:data/train/split4/2/utt2spk scp:data/train/split4/2/cmvn.scp scp:data/train/split4/2/feats.scp ark:- 
splice-feats ark:- ark:- 
transform-feats exp/tri2b_ali/final.mat ark:- ark:- 
LOG (apply-cmvn[5.4.10~1-f629b]:main():apply-cmvn.cc:162) Applied cepstral mean normalization to 9 utterances, errors on 0
transform-feats exp/tri2b_ali/final.mat ark:- ark:- 
apply-cmvn --utt2spk=ark:data/train/split4/2/utt2spk scp:data/train/split4/2/cmvn.scp scp:data/train/split4/2/feats.scp ark:- 
splice-feats ark:- ark:- 
LOG (apply-cmvn[5.4.10~1-f629b]:main():apply-cmvn.cc:162) Applied cepstral mean normalization to 9 utterances, errors on 0
LOG (gmm-acc-stats-twofeats[5.4.10~1-f629b]:main():gmm-acc-stats-twofeats.cc:140) Average like for this file is -62.115 over 235 frames.
LOG (gmm-acc-stats-twofeats[5.4.10~1-f629b]:main():gmm-acc-stats-twofeats.cc:140) Average like for this file is -65.068 over 270 frames.
LOG (gmm-acc-stats-twofeats[5.4.10~1-f629b]:main():gmm-acc-stats-twofeats.cc:140) Average like for this file is -64.2168 over 211 frames.
LOG (gmm-acc-stats-twofeats[5.4.10~1-f629b]:main():gmm-acc-stats-twofeats.cc:140) Average like for this file is -62.55 over 321 frames.
LOG (gmm-acc-stats-twofeats[5.4.10~1-f629b]:main():gmm-acc-stats-twofeats.cc:140) Average like for this file is -62.3386 over 239 frames.
LOG (transform-feats[5.4.10~1-f629b]:main():transform-feats.cc:158) Overall average [pseudo-]logdet is -46.188 over 2195 frames.
LOG (transform-feats[5.4.10~1-f629b]:main():transform-feats.cc:161) Applied transform to 9 utterances; 0 had errors.
LOG (gmm-acc-stats-twofeats[5.4.10~1-f629b]:main():gmm-acc-stats-twofeats.cc:140) Average like for this file is -63.7783 over 221 frames.
LOG (gmm-acc-stats-twofeats[5.4.10~1-f629b]:main():gmm-acc-stats-twofeats.cc:140) Average like for this file is -61.5318 over 256 frames.
LOG (transform-feats[5.4.10~1-f629b]:main():transform-feats.cc:158) Overall average logdet is 0.748874 over 2195 frames.
LOG (transform-feats[5.4.10~1-f629b]:main():transform-feats.cc:158) Overall average [pseudo-]logdet is -46.188 over 2195 frames.
LOG (transform-feats[5.4.10~1-f629b]:main():transform-feats.cc:161) Applied transform to 9 utterances; 0 had errors.
LOG (transform-feats[5.4.10~1-f629b]:main():transform-feats.cc:161) Applied transform to 9 utterances; 0 had errors.
LOG (gmm-acc-stats-twofeats[5.4.10~1-f629b]:main():gmm-acc-stats-twofeats.cc:140) Average like for this file is -64.2814 over 214 frames.
LOG (gmm-acc-stats-twofeats[5.4.10~1-f629b]:main():gmm-acc-stats-twofeats.cc:140) Average like for this file is -64.3353 over 228 frames.
LOG (gmm-acc-stats-twofeats[5.4.10~1-f629b]:main():gmm-acc-stats-twofeats.cc:150) Done 9 files, 0 with no posteriors, 0 with no second features, 0 with other errors.
LOG (gmm-acc-stats-twofeats[5.4.10~1-f629b]:main():gmm-acc-stats-twofeats.cc:155) Overall avg like per frame (Gaussian only) = -63.3095 over 2195 frames.
LOG (gmm-acc-stats-twofeats[5.4.10~1-f629b]:main():gmm-acc-stats-twofeats.cc:163) Written accs.
# Accounting: time=0 threads=1
# Ended (code 0) at Wed Mar 14 09:18:28 +07 2018, elapsed time 0 seconds
