# ali-to-post "ark:gunzip -c exp/tri3b/ali.3.gz|" ark:- | gmm-acc-stats-twofeats exp/tri3b/35.mdl "ark,s,cs:apply-cmvn  --utt2spk=ark:data/train/split4/3/utt2spk scp:data/train/split4/3/cmvn.scp scp:data/train/split4/3/feats.scp ark:- | splice-feats  ark:- ark:- | transform-feats exp/tri2b_ali/final.mat ark:- ark:- | transform-feats --utt2spk=ark:data/train/split4/3/utt2spk ark:exp/tri3b/trans.3 ark:- ark:- |" "ark,s,cs:apply-cmvn  --utt2spk=ark:data/train/split4/3/utt2spk scp:data/train/split4/3/cmvn.scp scp:data/train/split4/3/feats.scp ark:- | splice-feats  ark:- ark:- | transform-feats exp/tri2b_ali/final.mat ark:- ark:- |" ark,s,cs:- exp/tri3b/35.3.acc 
# Started at Wed Mar 14 09:18:28 +07 2018
#
ali-to-post 'ark:gunzip -c exp/tri3b/ali.3.gz|' ark:- 
gmm-acc-stats-twofeats exp/tri3b/35.mdl 'ark,s,cs:apply-cmvn  --utt2spk=ark:data/train/split4/3/utt2spk scp:data/train/split4/3/cmvn.scp scp:data/train/split4/3/feats.scp ark:- | splice-feats  ark:- ark:- | transform-feats exp/tri2b_ali/final.mat ark:- ark:- | transform-feats --utt2spk=ark:data/train/split4/3/utt2spk ark:exp/tri3b/trans.3 ark:- ark:- |' 'ark,s,cs:apply-cmvn  --utt2spk=ark:data/train/split4/3/utt2spk scp:data/train/split4/3/cmvn.scp scp:data/train/split4/3/feats.scp ark:- | splice-feats  ark:- ark:- | transform-feats exp/tri2b_ali/final.mat ark:- ark:- |' ark,s,cs:- exp/tri3b/35.3.acc 
LOG (ali-to-post[5.4.10~1-f629b]:main():ali-to-post.cc:73) Converted 9 alignments.
transform-feats --utt2spk=ark:data/train/split4/3/utt2spk ark:exp/tri3b/trans.3 ark:- ark:- 
transform-feats exp/tri2b_ali/final.mat ark:- ark:- 
splice-feats ark:- ark:- 
apply-cmvn --utt2spk=ark:data/train/split4/3/utt2spk scp:data/train/split4/3/cmvn.scp scp:data/train/split4/3/feats.scp ark:- 
LOG (apply-cmvn[5.4.10~1-f629b]:main():apply-cmvn.cc:162) Applied cepstral mean normalization to 9 utterances, errors on 0
splice-feats ark:- ark:- 
LOG (transform-feats[5.4.10~1-f629b]:main():transform-feats.cc:158) Overall average [pseudo-]logdet is -46.188 over 920 frames.
LOG (transform-feats[5.4.10~1-f629b]:main():transform-feats.cc:161) Applied transform to 9 utterances; 0 had errors.
apply-cmvn --utt2spk=ark:data/train/split4/3/utt2spk scp:data/train/split4/3/cmvn.scp scp:data/train/split4/3/feats.scp ark:- 
transform-feats exp/tri2b_ali/final.mat ark:- ark:- 
LOG (apply-cmvn[5.4.10~1-f629b]:main():apply-cmvn.cc:162) Applied cepstral mean normalization to 9 utterances, errors on 0
LOG (gmm-acc-stats-twofeats[5.4.10~1-f629b]:main():gmm-acc-stats-twofeats.cc:140) Average like for this file is -65.0436 over 99 frames.
LOG (gmm-acc-stats-twofeats[5.4.10~1-f629b]:main():gmm-acc-stats-twofeats.cc:140) Average like for this file is -64.544 over 99 frames.
LOG (gmm-acc-stats-twofeats[5.4.10~1-f629b]:main():gmm-acc-stats-twofeats.cc:140) Average like for this file is -61.9804 over 99 frames.
LOG (gmm-acc-stats-twofeats[5.4.10~1-f629b]:main():gmm-acc-stats-twofeats.cc:140) Average like for this file is -66.2315 over 99 frames.
LOG (gmm-acc-stats-twofeats[5.4.10~1-f629b]:main():gmm-acc-stats-twofeats.cc:140) Average like for this file is -64.009 over 100 frames.
LOG (transform-feats[5.4.10~1-f629b]:main():transform-feats.cc:158) Overall average logdet is 5.1023 over 920 frames.
LOG (transform-feats[5.4.10~1-f629b]:main():transform-feats.cc:161) Applied transform to 9 utterances; 0 had errors.
LOG (transform-feats[5.4.10~1-f629b]:main():transform-feats.cc:158) Overall average [pseudo-]logdet is -46.188 over 920 frames.
LOG (transform-feats[5.4.10~1-f629b]:main():transform-feats.cc:161) Applied transform to 9 utterances; 0 had errors.
LOG (gmm-acc-stats-twofeats[5.4.10~1-f629b]:main():gmm-acc-stats-twofeats.cc:140) Average like for this file is -63.9841 over 99 frames.
LOG (gmm-acc-stats-twofeats[5.4.10~1-f629b]:main():gmm-acc-stats-twofeats.cc:140) Average like for this file is -61.3813 over 98 frames.
LOG (gmm-acc-stats-twofeats[5.4.10~1-f629b]:main():gmm-acc-stats-twofeats.cc:140) Average like for this file is -64.5553 over 100 frames.
LOG (gmm-acc-stats-twofeats[5.4.10~1-f629b]:main():gmm-acc-stats-twofeats.cc:140) Average like for this file is -62.4199 over 127 frames.
LOG (gmm-acc-stats-twofeats[5.4.10~1-f629b]:main():gmm-acc-stats-twofeats.cc:150) Done 9 files, 0 with no posteriors, 0 with no second features, 0 with other errors.
LOG (gmm-acc-stats-twofeats[5.4.10~1-f629b]:main():gmm-acc-stats-twofeats.cc:155) Overall avg like per frame (Gaussian only) = -63.7562 over 920 frames.
LOG (gmm-acc-stats-twofeats[5.4.10~1-f629b]:main():gmm-acc-stats-twofeats.cc:163) Written accs.
# Accounting: time=0 threads=1
# Ended (code 0) at Wed Mar 14 09:18:28 +07 2018, elapsed time 0 seconds
