# ali-to-post "ark:gunzip -c exp/tri3b/ali.4.gz|" ark:- | weight-silence-post 0.0 1:2:3:4:5:6:7:8:9:10 exp/tri3b/6.mdl ark:- ark:- | gmm-est-fmllr --fmllr-update-type=full --spk2utt=ark:data/train/split4/4/spk2utt exp/tri3b/6.mdl "ark,s,cs:apply-cmvn  --utt2spk=ark:data/train/split4/4/utt2spk scp:data/train/split4/4/cmvn.scp scp:data/train/split4/4/feats.scp ark:- | splice-feats  ark:- ark:- | transform-feats exp/tri2b_ali/final.mat ark:- ark:- | transform-feats --utt2spk=ark:data/train/split4/4/utt2spk ark:exp/tri3b/trans.4 ark:- ark:- |" ark:- ark:exp/tri3b/tmp_trans.4 
# Started at Wed Mar 14 09:18:15 +07 2018
#
weight-silence-post 0.0 1:2:3:4:5:6:7:8:9:10 exp/tri3b/6.mdl ark:- ark:- 
gmm-est-fmllr --fmllr-update-type=full --spk2utt=ark:data/train/split4/4/spk2utt exp/tri3b/6.mdl 'ark,s,cs:apply-cmvn  --utt2spk=ark:data/train/split4/4/utt2spk scp:data/train/split4/4/cmvn.scp scp:data/train/split4/4/feats.scp ark:- | splice-feats  ark:- ark:- | transform-feats exp/tri2b_ali/final.mat ark:- ark:- | transform-feats --utt2spk=ark:data/train/split4/4/utt2spk ark:exp/tri3b/trans.4 ark:- ark:- |' ark:- ark:exp/tri3b/tmp_trans.4 
ali-to-post 'ark:gunzip -c exp/tri3b/ali.4.gz|' ark:- 
LOG (ali-to-post[5.4.10~1-f629b]:main():ali-to-post.cc:73) Converted 9 alignments.
LOG (weight-silence-post[5.4.10~1-f629b]:main():weight-silence-post.cc:95) Done 9 posteriors.
transform-feats --utt2spk=ark:data/train/split4/4/utt2spk ark:exp/tri3b/trans.4 ark:- ark:- 
apply-cmvn --utt2spk=ark:data/train/split4/4/utt2spk scp:data/train/split4/4/cmvn.scp scp:data/train/split4/4/feats.scp ark:- 
transform-feats exp/tri2b_ali/final.mat ark:- ark:- 
splice-feats ark:- ark:- 
LOG (apply-cmvn[5.4.10~1-f629b]:main():apply-cmvn.cc:162) Applied cepstral mean normalization to 9 utterances, errors on 0
LOG (transform-feats[5.4.10~1-f629b]:main():transform-feats.cc:158) Overall average [pseudo-]logdet is -46.188 over 920 frames.
LOG (transform-feats[5.4.10~1-f629b]:main():transform-feats.cc:161) Applied transform to 9 utterances; 0 had errors.
LOG (transform-feats[5.4.10~1-f629b]:main():transform-feats.cc:158) Overall average logdet is 4.1201 over 920 frames.
LOG (transform-feats[5.4.10~1-f629b]:main():transform-feats.cc:161) Applied transform to 9 utterances; 0 had errors.
LOG (gmm-est-fmllr[5.4.10~1-f629b]:ComputeFmllrMatrixDiagGmmFull():fmllr-diag-gmm.cc:262) fMLLR objf improvement is 0.322126 per frame over 609 frames.
LOG (gmm-est-fmllr[5.4.10~1-f629b]:main():gmm-est-fmllr.cc:143) For speaker dinhky_v3, auxf-impr from fMLLR is 0.322126, over 609 frames.
LOG (gmm-est-fmllr[5.4.10~1-f629b]:main():gmm-est-fmllr.cc:188) Done 9 files, 0 with no posts, 0 with other errors.
LOG (gmm-est-fmllr[5.4.10~1-f629b]:main():gmm-est-fmllr.cc:190) Overall fMLLR auxf impr per frame is 0.322126 over 609 frames.
# Accounting: time=0 threads=1
# Ended (code 0) at Wed Mar 14 09:18:15 +07 2018, elapsed time 0 seconds
