# ali-to-post "ark:gunzip -c exp/tri2b_ali/ali.1.gz|" ark:- | weight-silence-post 0.0 1:2:3:4:5:6:7:8:9:10 exp/tri2b_ali/final.mdl ark:- ark:- | gmm-est-fmllr --fmllr-update-type=full --spk2utt=ark:data/train/split4/1/spk2utt exp/tri2b_ali/final.mdl "ark,s,cs:apply-cmvn  --utt2spk=ark:data/train/split4/1/utt2spk scp:data/train/split4/1/cmvn.scp scp:data/train/split4/1/feats.scp ark:- | splice-feats  ark:- ark:- | transform-feats exp/tri2b_ali/final.mat ark:- ark:- |" ark:- ark:exp/tri3b/trans.1 
# Started at Wed Mar 14 09:18:10 +07 2018
#
gmm-est-fmllr --fmllr-update-type=full --spk2utt=ark:data/train/split4/1/spk2utt exp/tri2b_ali/final.mdl 'ark,s,cs:apply-cmvn  --utt2spk=ark:data/train/split4/1/utt2spk scp:data/train/split4/1/cmvn.scp scp:data/train/split4/1/feats.scp ark:- | splice-feats  ark:- ark:- | transform-feats exp/tri2b_ali/final.mat ark:- ark:- |' ark:- ark:exp/tri3b/trans.1 
weight-silence-post 0.0 1:2:3:4:5:6:7:8:9:10 exp/tri2b_ali/final.mdl ark:- ark:- 
ali-to-post 'ark:gunzip -c exp/tri2b_ali/ali.1.gz|' ark:- 
transform-feats exp/tri2b_ali/final.mat ark:- ark:- 
apply-cmvn --utt2spk=ark:data/train/split4/1/utt2spk scp:data/train/split4/1/cmvn.scp scp:data/train/split4/1/feats.scp ark:- 
splice-feats ark:- ark:- 
LOG (apply-cmvn[5.4.10~1-f629b]:main():apply-cmvn.cc:162) Applied cepstral mean normalization to 9 utterances, errors on 0
LOG (ali-to-post[5.4.10~1-f629b]:main():ali-to-post.cc:73) Converted 9 alignments.
LOG (weight-silence-post[5.4.10~1-f629b]:main():weight-silence-post.cc:95) Done 9 posteriors.
LOG (transform-feats[5.4.10~1-f629b]:main():transform-feats.cc:158) Overall average [pseudo-]logdet is -46.188 over 2025 frames.
LOG (transform-feats[5.4.10~1-f629b]:main():transform-feats.cc:161) Applied transform to 9 utterances; 0 had errors.
LOG (gmm-est-fmllr[5.4.10~1-f629b]:ComputeFmllrMatrixDiagGmmFull():fmllr-diag-gmm.cc:262) fMLLR objf improvement is 1.78949 per frame over 743 frames.
LOG (gmm-est-fmllr[5.4.10~1-f629b]:main():gmm-est-fmllr.cc:143) For speaker dinhky, auxf-impr from fMLLR is 1.78949, over 743 frames.
LOG (gmm-est-fmllr[5.4.10~1-f629b]:main():gmm-est-fmllr.cc:188) Done 9 files, 0 with no posts, 0 with other errors.
LOG (gmm-est-fmllr[5.4.10~1-f629b]:main():gmm-est-fmllr.cc:190) Overall fMLLR auxf impr per frame is 1.78949 over 743 frames.
# Accounting: time=0 threads=1
# Ended (code 0) at Wed Mar 14 09:18:10 +07 2018, elapsed time 0 seconds
