gmm-init-model --write-occs=exp/tri3b/1.occs exp/tri3b/tree exp/tri3b/treeacc data/lang/topo exp/tri3b/1.mdl 
LOG (gmm-init-model[5.4.10~1-f629b]:main():gmm-init-model.cc:271) Number of separate statistics is 110
WARNING (gmm-init-model[5.4.10~1-f629b]:InitAmGmm():gmm-init-model.cc:55) Tree has pdf-id 1 with no stats; corresponding phone list: 6 7 8 9 10 
WARNING (gmm-init-model[5.4.10~1-f629b]:InitAmGmm():gmm-init-model.cc:83) Very small count for state 2: 32; corresponding phone list: 11 12 13 14 
WARNING (gmm-init-model[5.4.10~1-f629b]:InitAmGmm():gmm-init-model.cc:83) Very small count for state 3: 31; corresponding phone list: 15 16 17 18 
WARNING (gmm-init-model[5.4.10~1-f629b]:InitAmGmm():gmm-init-model.cc:83) Very small count for state 4: 59; corresponding phone list: 19 20 21 22 
WARNING (gmm-init-model[5.4.10~1-f629b]:InitAmGmm():gmm-init-model.cc:83) Very small count for state 5: 65; corresponding phone list: 23 24 25 26 
WARNING (gmm-init-model[5.4.10~1-f629b]:InitAmGmm():gmm-init-model.cc:83) Very small count for state 6: 84; corresponding phone list: 27 28 29 30 
WARNING (gmm-init-model[5.4.10~1-f629b]:InitAmGmm():gmm-init-model.cc:83) Very small count for state 8: 60; corresponding phone list: 35 36 37 38 
WARNING (gmm-init-model[5.4.10~1-f629b]:InitAmGmm():gmm-init-model.cc:83) Very small count for state 10: 81; corresponding phone list: 43 44 45 46 
WARNING (gmm-init-model[5.4.10~1-f629b]:InitAmGmm():gmm-init-model.cc:83) Very small count for state 11: 99; corresponding phone list: 47 48 49 50 
WARNING (gmm-init-model[5.4.10~1-f629b]:InitAmGmm():gmm-init-model.cc:83) Very small count for state 12: 58; corresponding phone list: 51 52 53 54 
WARNING (gmm-init-model[5.4.10~1-f629b]:InitAmGmm():gmm-init-model.cc:83) Very small count for state 14: 48; corresponding phone list: 59 60 61 62 
WARNING (gmm-init-model[5.4.10~1-f629b]:InitAmGmm():gmm-init-model.cc:83) Very small count for state 15: 45; corresponding phone list: 63 64 65 66 
WARNING (gmm-init-model[5.4.10~1-f629b]:InitAmGmm():gmm-init-model.cc:83) Very small count for state 16: 57; corresponding phone list: 67 68 69 70 
WARNING (gmm-init-model[5.4.10~1-f629b]:InitAmGmm():gmm-init-model.cc:83) Very small count for state 17: 63; corresponding phone list: 71 72 73 74 
WARNING (gmm-init-model[5.4.10~1-f629b]:InitAmGmm():gmm-init-model.cc:83) Very small count for state 19: 56; corresponding phone list: 1 2 3 4 5 
WARNING (gmm-init-model[5.4.10~1-f629b]:InitAmGmm():gmm-init-model.cc:83) Very small count for state 20: 34; corresponding phone list: 27 28 29 30 
WARNING (gmm-init-model[5.4.10~1-f629b]:InitAmGmm():gmm-init-model.cc:83) Very small count for state 23: 81; corresponding phone list: 59 60 61 62 
WARNING (gmm-init-model[5.4.10~1-f629b]:InitAmGmm():gmm-init-model.cc:83) Very small count for state 24: 63; corresponding phone list: 47 48 49 50 
WARNING (gmm-init-model[5.4.10~1-f629b]:InitAmGmm():gmm-init-model.cc:83) Very small count for state 25: 91; corresponding phone list: 43 44 45 46 
WARNING (gmm-init-model[5.4.10~1-f629b]:InitAmGmm():gmm-init-model.cc:83) Very small count for state 26: 79; corresponding phone list: 23 24 25 26 
WARNING (gmm-init-model[5.4.10~1-f629b]:InitAmGmm():gmm-init-model.cc:83) Very small count for state 27: 21; corresponding phone list: 51 52 53 54 
WARNING (gmm-init-model[5.4.10~1-f629b]:InitAmGmm():gmm-init-model.cc:83) Very small count for state 28: 38; corresponding phone list: 55 56 57 58 
WARNING (gmm-init-model[5.4.10~1-f629b]:InitAmGmm():gmm-init-model.cc:83) Very small count for state 29: 79; corresponding phone list: 67 68 69 70 
WARNING (gmm-init-model[5.4.10~1-f629b]:InitAmGmm():gmm-init-model.cc:83) Very small count for state 30: 47; corresponding phone list: 19 20 21 22 
WARNING (gmm-init-model[5.4.10~1-f629b]:InitAmGmm():gmm-init-model.cc:83) Very small count for state 31: 65; corresponding phone list: 15 16 17 18 
WARNING (gmm-init-model[5.4.10~1-f629b]:InitAmGmm():gmm-init-model.cc:83) Very small count for state 32: 72; corresponding phone list: 75 76 77 78 
WARNING (gmm-init-model[5.4.10~1-f629b]:InitAmGmm():gmm-init-model.cc:83) Very small count for state 33: 28; corresponding phone list: 19 20 21 22 
WARNING (gmm-init-model[5.4.10~1-f629b]:InitAmGmm():gmm-init-model.cc:83) Very small count for state 34: 36; corresponding phone list: 35 36 37 38 
WARNING (gmm-init-model[5.4.10~1-f629b]:InitAmGmm():gmm-init-model.cc:83) Very small count for state 35: 66; corresponding phone list: 71 72 73 74 
WARNING (gmm-init-model[5.4.10~1-f629b]:InitAmGmm():gmm-init-model.cc:83) Very small count for state 36: 44; corresponding phone list: 59 60 61 62 
WARNING (gmm-init-model[5.4.10~1-f629b]:InitAmGmm():gmm-init-model.cc:83) Very small count for state 39: 77; corresponding phone list: 63 64 65 66 
LOG (gmm-init-model[5.4.10~1-f629b]:main():gmm-init-model.cc:306) Wrote model.
