# gmm-est --power=0.2 --write-occs=exp/tri3b/24.occs --mix-up=8136 exp/tri3b/23.mdl "gmm-sum-accs - exp/tri3b/23.*.acc |" exp/tri3b/24.mdl 
# Started at Wed Mar 14 09:18:23 +07 2018
#
gmm-est --power=0.2 --write-occs=exp/tri3b/24.occs --mix-up=8136 exp/tri3b/23.mdl 'gmm-sum-accs - exp/tri3b/23.*.acc |' exp/tri3b/24.mdl 
gmm-sum-accs - exp/tri3b/23.1.acc exp/tri3b/23.2.acc exp/tri3b/23.3.acc exp/tri3b/23.4.acc 
LOG (gmm-sum-accs[5.4.10~1-f629b]:main():gmm-sum-accs.cc:63) Summed 4 stats, total count 6060, avg like/frame -63.7989
LOG (gmm-sum-accs[5.4.10~1-f629b]:main():gmm-sum-accs.cc:66) Total count of stats is 6060
LOG (gmm-sum-accs[5.4.10~1-f629b]:main():gmm-sum-accs.cc:67) Written stats to -
LOG (gmm-est[5.4.10~1-f629b]:MleUpdate():transition-model.cc:517) TransitionModel::Update, objf change is 0 per frame over 6060 frames. 
LOG (gmm-est[5.4.10~1-f629b]:MleUpdate():transition-model.cc:520) 14 probabilities floored, 249 out of 298 transition-states skipped due to insuffient data (it is normal to have some skipped.)
LOG (gmm-est[5.4.10~1-f629b]:main():gmm-est.cc:102) Transition model update: Overall 0 log-like improvement per frame over 6060 frames.
WARNING (gmm-est[5.4.10~1-f629b]:MleDiagGmmUpdate():mle-diag-gmm.cc:365) Gaussian has too little data but not removing it because it is the last Gaussian: i = 0, occ = 0, weight = 1
LOG (gmm-est[5.4.10~1-f629b]:MleAmDiagGmmUpdate():mle-am-diag-gmm.cc:225) 0 variance elements floored in 0 Gaussians, out of 284
LOG (gmm-est[5.4.10~1-f629b]:MleAmDiagGmmUpdate():mle-am-diag-gmm.cc:229) Removed 0 Gaussians due to counts < --min-gaussian-occupancy=10 and --remove-low-count-gaussians=true
LOG (gmm-est[5.4.10~1-f629b]:main():gmm-est.cc:113) GMM update: Overall 0.00318817 objective function improvement per frame over 6060 frames
LOG (gmm-est[5.4.10~1-f629b]:main():gmm-est.cc:116) GMM update: Overall avg like per frame = -63.7989 over 6060 frames.
WARNING (gmm-est[5.4.10~1-f629b]:GetSplitTargets():model-common.cc:134) Could not split up to 8136 due to min-count = 20 (or no counts at all)
LOG (gmm-est[5.4.10~1-f629b]:SplitByCount():am-diag-gmm.cc:116) Split 40 states with target = 8136, power = 0.2, perturb_factor = 0.01 and min_count = 20, split #Gauss from 284 to 284
LOG (gmm-est[5.4.10~1-f629b]:main():gmm-est.cc:146) Written model to exp/tri3b/24.mdl
# Accounting: time=0 threads=1
# Ended (code 0) at Wed Mar 14 09:18:23 +07 2018, elapsed time 0 seconds
