# lattice-scale --inv-acoustic-scale=13 "ark:gunzip -c exp/tri2b/decode/lat.*.gz|" ark:- | lattice-add-penalty --word-ins-penalty=0.0 ark:- ark:- | lattice-best-path --word-symbol-table=exp/tri2b/graph/words.txt ark:- ark,t:- | utils/int2sym.pl -f 2- exp/tri2b/graph/words.txt | local/wer_hyp_filter > exp/tri2b/decode/scoring_kaldi/penalty_0.0/13.txt 
# Started at Sat Mar 31 17:19:57 +07 2018
#
lattice-scale --inv-acoustic-scale=13 'ark:gunzip -c exp/tri2b/decode/lat.*.gz|' ark:- 
lattice-add-penalty --word-ins-penalty=0.0 ark:- ark:- 
lattice-best-path --word-symbol-table=exp/tri2b/graph/words.txt ark:- ark,t:- 
LOG (lattice-best-path[5.4.10~1-f629b]:main():lattice-best-path.cc:99) For utterance phase1-Ky-1, best cost 18.8617 + 1567.58 = 1586.44 over 251 frames.
phase1-Ky-1 mo86t 
LOG (lattice-best-path[5.4.10~1-f629b]:main():lattice-best-path.cc:99) For utterance phase1-Ky-2, best cost 20.4573 + 1419.56 = 1440.01 over 254 frames.
phase1-Ky-2 hai <UNK> 
LOG (lattice-best-path[5.4.10~1-f629b]:main():lattice-best-path.cc:99) For utterance phase1-Ky-3, best cost 18.5452 + 1234.76 = 1253.31 over 224 frames.
phase1-Ky-3 ba <UNK> 
LOG (lattice-best-path[5.4.10~1-f629b]:main():lattice-best-path.cc:99) For utterance phase1-Ky-4, best cost 14.5383 + 1465.37 = 1479.91 over 261 frames.
phase1-Ky-4 mo86t 
LOG (lattice-best-path[5.4.10~1-f629b]:main():lattice-best-path.cc:99) For utterance phase1-Ky-5, best cost 14.7902 + 1311.23 = 1326.02 over 231 frames.
phase1-Ky-5 ba 
LOG (lattice-best-path[5.4.10~1-f629b]:main():lattice-best-path.cc:99) For utterance phase1-Ky-6, best cost 19.3931 + 1227.02 = 1246.41 over 203 frames.
phase1-Ky-6 hai <UNK> 
LOG (lattice-best-path[5.4.10~1-f629b]:main():lattice-best-path.cc:99) For utterance phase1-Ky-7, best cost 19.8492 + 1370.54 = 1390.39 over 235 frames.
phase1-Ky-7 hai <UNK> 
LOG (lattice-best-path[5.4.10~1-f629b]:main():lattice-best-path.cc:99) For utterance phase1-Ky-8, best cost 14.5987 + 1425.88 = 1440.48 over 251 frames.
phase1-Ky-8 mo86t 
LOG (lattice-best-path[5.4.10~1-f629b]:main():lattice-best-path.cc:99) For utterance phase1-Ky-9, best cost 19.3971 + 1422.1 = 1441.5 over 258 frames.
phase1-Ky-9 ba <UNK> 
LOG (lattice-best-path[5.4.10~1-f629b]:main():lattice-best-path.cc:99) For utterance phase10-Ky-1, best cost 13.0198 + 1420.71 = 1433.73 over 251 frames.
phase10-Ky-1 sa5u 
LOG (lattice-best-path[5.4.10~1-f629b]:main():lattice-best-path.cc:99) For utterance phase10-Ky-2, best cost 17.5183 + 1355.55 = 1373.07 over 238 frames.
phase10-Ky-2 ba4y <UNK> 
LOG (lattice-best-path[5.4.10~1-f629b]:main():lattice-best-path.cc:99) For utterance phase10-Ky-3, best cost 18.4693 + 1486.14 = 1504.61 over 275 frames.
phase10-Ky-3 chi5n <UNK> 
LOG (lattice-best-path[5.4.10~1-f629b]:main():lattice-best-path.cc:99) For utterance phase10-Ky-4, best cost 26.05 + 1398.99 = 1425.04 over 251 frames.
phase10-Ky-4 <UNK> na7m <UNK> 
LOG (lattice-best-path[5.4.10~1-f629b]:main():lattice-best-path.cc:99) For utterance phase10-Ky-5, best cost 16.8812 + 1225.78 = 1242.67 over 221 frames.
phase10-Ky-5 chi5n <UNK> 
LOG (lattice-best-path[5.4.10~1-f629b]:main():lattice-best-path.cc:99) For utterance phase10-Ky-6, best cost 17.7421 + 1420.5 = 1438.24 over 238 frames.
phase10-Ky-6 na7m <UNK> 
LOG (lattice-best-path[5.4.10~1-f629b]:main():lattice-best-path.cc:99) For utterance phase10-Ky-7, best cost 22.7278 + 1418.53 = 1441.26 over 261 frames.
phase10-Ky-7 <UNK> chi5n <UNK> 
LOG (lattice-best-path[5.4.10~1-f629b]:main():lattice-best-path.cc:99) For utterance phase10-Ky-8, best cost 19.9968 + 1628.26 = 1648.25 over 275 frames.
phase10-Ky-8 sa5u <UNK> 
LOG (lattice-best-path[5.4.10~1-f629b]:main():lattice-best-path.cc:99) For utterance phase10-Ky-9, best cost 14.7691 + 1455.91 = 1470.68 over 254 frames.
phase10-Ky-9 ba4y 
LOG (lattice-best-path[5.4.10~1-f629b]:main():lattice-best-path.cc:99) For utterance phase2-Ky-1, best cost 24.2486 + 1387.73 = 1411.98 over 233 frames.
phase2-Ky-1 ba <UNK> 
LOG (lattice-best-path[5.4.10~1-f629b]:main():lattice-best-path.cc:99) For utterance phase2-Ky-2, best cost 17.5805 + 1240.28 = 1257.86 over 214 frames.
phase2-Ky-2 hai <UNK> 
LOG (lattice-best-path[5.4.10~1-f629b]:main():lattice-best-path.cc:99) For utterance phase2-Ky-3, best cost 19.5825 + 1293.79 = 1313.37 over 219 frames.
phase2-Ky-3 <UNK> mo86t 
LOG (lattice-best-path[5.4.10~1-f629b]:main():lattice-best-path.cc:99) For utterance phase2-Ky-4, best cost 15.2952 + 1336.78 = 1352.08 over 224 frames.
phase2-Ky-4 mo86t 
LOG (lattice-best-path[5.4.10~1-f629b]:main():lattice-best-path.cc:99) For utterance phase2-Ky-5, best cost 18.8505 + 1351.66 = 1370.51 over 247 frames.
phase2-Ky-5 ba <UNK> 
LOG (lattice-best-path[5.4.10~1-f629b]:main():lattice-best-path.cc:99) For utterance phase2-Ky-6, best cost 15.6688 + 1237.47 = 1253.13 over 212 frames.
phase2-Ky-6 hai 
LOG (lattice-best-path[5.4.10~1-f629b]:main():lattice-best-path.cc:99) For utterance phase2-Ky-7, best cost 17.5389 + 1275.8 = 1293.34 over 228 frames.
phase2-Ky-7 <UNK> ba 
LOG (lattice-best-path[5.4.10~1-f629b]:main():lattice-best-path.cc:99) For utterance phase2-Ky-8, best cost 19.8867 + 1336.55 = 1356.43 over 235 frames.
phase2-Ky-8 mo86t <UNK> 
LOG (lattice-best-path[5.4.10~1-f629b]:main():lattice-best-path.cc:99) For utterance phase2-Ky-9, best cost 19.7133 + 1483.07 = 1502.79 over 265 frames.
phase2-Ky-9 hai <UNK> 
LOG (lattice-best-path[5.4.10~1-f629b]:main():lattice-best-path.cc:99) For utterance phase3-Ky-1, best cost 22.8201 + 1308.86 = 1331.68 over 231 frames.
phase3-Ky-1 hai <UNK> 
LOG (lattice-best-path[5.4.10~1-f629b]:main():lattice-best-path.cc:99) For utterance phase3-Ky-2, best cost 15.3969 + 1529.65 = 1545.05 over 244 frames.
phase3-Ky-2 mo86t 
LOG (lattice-best-path[5.4.10~1-f629b]:main():lattice-best-path.cc:99) For utterance phase3-Ky-3, best cost 20.2442 + 1348.29 = 1368.53 over 238 frames.
phase3-Ky-3 ba <UNK> 
LOG (lattice-best-path[5.4.10~1-f629b]:main():lattice-best-path.cc:99) For utterance phase3-Ky-4, best cost 23.8411 + 1374.03 = 1397.87 over 249 frames.
phase3-Ky-4 <UNK> ba <UNK> 
LOG (lattice-best-path[5.4.10~1-f629b]:main():lattice-best-path.cc:99) For utterance phase3-Ky-5, best cost 19.8196 + 1521.92 = 1541.74 over 228 frames.
phase3-Ky-5 mo86t <UNK> 
LOG (lattice-best-path[5.4.10~1-f629b]:main():lattice-best-path.cc:99) For utterance phase3-Ky-6, best cost 18.7333 + 1368.8 = 1387.54 over 240 frames.
phase3-Ky-6 hai <UNK> 
LOG (lattice-best-path[5.4.10~1-f629b]:main():lattice-best-path.cc:99) For utterance phase3-Ky-7, best cost 19.1217 + 1431.44 = 1450.57 over 247 frames.
phase3-Ky-7 mo86t <UNK> 
LOG (lattice-best-path[5.4.10~1-f629b]:main():lattice-best-path.cc:99) For utterance phase3-Ky-8, best cost 20.586 + 1262.33 = 1282.91 over 233 frames.
phase3-Ky-8 <UNK> ba <UNK> 
LOG (lattice-best-path[5.4.10~1-f629b]:main():lattice-best-path.cc:99) For utterance phase3-Ky-9, best cost 14.4515 + 1323.95 = 1338.41 over 221 frames.
phase3-Ky-9 mo86t 
LOG (lattice-best-path[5.4.10~1-f629b]:main():lattice-best-path.cc:99) For utterance phase4-Ky-1, best cost 20.7711 + 1414.54 = 1435.31 over 240 frames.
phase4-Ky-1 bo85n <UNK> 
LOG (lattice-best-path[5.4.10~1-f629b]:main():lattice-best-path.cc:99) For utterance phase4-Ky-2, best cost 19.5635 + 1361.19 = 1380.76 over 233 frames.
phase4-Ky-2 hai <UNK> 
LOG (lattice-best-path[5.4.10~1-f629b]:main():lattice-best-path.cc:99) For utterance phase4-Ky-3, best cost 19.0767 + 1221.46 = 1240.53 over 217 frames.
phase4-Ky-3 ba 
LOG (lattice-best-path[5.4.10~1-f629b]:main():lattice-best-path.cc:99) For utterance phase4-Ky-4, best cost 21.5823 + 1394.35 = 1415.93 over 233 frames.
phase4-Ky-4 na7m <UNK> 
LOG (lattice-best-path[5.4.10~1-f629b]:main():lattice-best-path.cc:99) For utterance phase4-Ky-5, best cost 20.9147 + 1298.53 = 1319.44 over 235 frames.
phase4-Ky-5 <UNK> chi5n <UNK> 
LOG (lattice-best-path[5.4.10~1-f629b]:main():lattice-best-path.cc:99) For utterance phase4-Ky-6, best cost 18.4894 + 1505.92 = 1524.41 over 270 frames.
phase4-Ky-6 ta5m <UNK> 
LOG (lattice-best-path[5.4.10~1-f629b]:main():lattice-best-path.cc:99) For utterance phase4-Ky-7, best cost 19.6023 + 1643.28 = 1662.88 over 282 frames.
phase4-Ky-7 sa5u <UNK> 
LOG (lattice-best-path[5.4.10~1-f629b]:main():lattice-best-path.cc:99) For utterance phase4-Ky-8, best cost 18.2537 + 1331.13 = 1349.39 over 235 frames.
phase4-Ky-8 ba4y <UNK> 
LOG (lattice-best-path[5.4.10~1-f629b]:main():lattice-best-path.cc:99) For utterance phase4-Ky-9, best cost 20.6462 + 1346.29 = 1366.94 over 240 frames.
phase4-Ky-9 hai <UNK> 
LOG (lattice-best-path[5.4.10~1-f629b]:main():lattice-best-path.cc:99) For utterance phase5-Ky-1, best cost 23.5456 + 1573.69 = 1597.24 over 275 frames.
phase5-Ky-1 ta5m <UNK> 
LOG (lattice-best-path[5.4.10~1-f629b]:main():lattice-best-path.cc:99) For utterance phase5-Ky-2, best cost 21.3293 + 1341.16 = 1362.49 over 240 frames.
phase5-Ky-2 chi5n <UNK> 
LOG (lattice-best-path[5.4.10~1-f629b]:main():lattice-best-path.cc:99) For utterance phase5-Ky-3, best cost 19.2527 + 1377.24 = 1396.49 over 233 frames.
phase5-Ky-3 na7m <UNK> 
LOG (lattice-best-path[5.4.10~1-f629b]:main():lattice-best-path.cc:99) For utterance phase5-Ky-4, best cost 19.7774 + 1330.39 = 1350.16 over 235 frames.
phase5-Ky-4 bo85n <UNK> 
LOG (lattice-best-path[5.4.10~1-f629b]:main():lattice-best-path.cc:99) For utterance phase5-Ky-5, best cost 22.4103 + 1509.65 = 1532.06 over 270 frames.
phase5-Ky-5 ba4y <UNK> 
LOG (lattice-best-path[5.4.10~1-f629b]:main():lattice-best-path.cc:99) For utterance phase5-Ky-6, best cost 18.1064 + 1589 = 1607.11 over 275 frames.
phase5-Ky-6 na7m <UNK> 
LOG (lattice-best-path[5.4.10~1-f629b]:main():lattice-best-path.cc:99) For utterance phase5-Ky-7, best cost 19.8508 + 1568.9 = 1588.75 over 284 frames.
phase5-Ky-7 ta5m <UNK> 
LOG (lattice-best-path[5.4.10~1-f629b]:main():lattice-best-path.cc:99) For utterance phase5-Ky-8, best cost 19.4564 + 1574.37 = 1593.83 over 263 frames.
phase5-Ky-8 sa5u <UNK> 
LOG (lattice-best-path[5.4.10~1-f629b]:main():lattice-best-path.cc:99) For utterance phase5-Ky-9, best cost 14.9542 + 1568.35 = 1583.31 over 279 frames.
phase5-Ky-9 bo85n 
LOG (lattice-best-path[5.4.10~1-f629b]:main():lattice-best-path.cc:99) For utterance phase6-Ky-1, best cost 17.5417 + 1385.04 = 1402.58 over 244 frames.
phase6-Ky-1 bo85n <UNK> 
LOG (lattice-best-path[5.4.10~1-f629b]:main():lattice-best-path.cc:99) For utterance phase6-Ky-2, best cost 15.1041 + 1484.03 = 1499.13 over 261 frames.
phase6-Ky-2 na7m 
LOG (lattice-best-path[5.4.10~1-f629b]:main():lattice-best-path.cc:99) For utterance phase6-Ky-3, best cost 19.3338 + 1610.6 = 1629.93 over 289 frames.
phase6-Ky-3 chi5n <UNK> 
LOG (lattice-best-path[5.4.10~1-f629b]:main():lattice-best-path.cc:99) For utterance phase6-Ky-4, best cost 12.7875 + 1442.4 = 1455.19 over 258 frames.
phase6-Ky-4 bo85n 
LOG (lattice-best-path[5.4.10~1-f629b]:main():lattice-best-path.cc:99) For utterance phase6-Ky-5, best cost 19.2047 + 1421.68 = 1440.88 over 247 frames.
phase6-Ky-5 bo85n <UNK> 
LOG (lattice-best-path[5.4.10~1-f629b]:main():lattice-best-path.cc:99) For utterance phase6-Ky-6, best cost 20.3189 + 1498.49 = 1518.81 over 256 frames.
phase6-Ky-6 na7m <UNK> 
LOG (lattice-best-path[5.4.10~1-f629b]:main():lattice-best-path.cc:99) For utterance phase6-Ky-7, best cost 20.243 + 1378.07 = 1398.31 over 247 frames.
phase6-Ky-7 ta5m <UNK> 
LOG (lattice-best-path[5.4.10~1-f629b]:main():lattice-best-path.cc:99) For utterance phase6-Ky-8, best cost 21.0579 + 1406.96 = 1428.01 over 240 frames.
phase6-Ky-8 sa5u <UNK> 
LOG (lattice-best-path[5.4.10~1-f629b]:main():lattice-best-path.cc:99) For utterance phase6-Ky-9, best cost 20.8401 + 1531.61 = 1552.45 over 272 frames.
phase6-Ky-9 ba4y <UNK> 
LOG (lattice-best-path[5.4.10~1-f629b]:main():lattice-best-path.cc:99) For utterance phase7-Ky-1, best cost 13.3586 + 1273.39 = 1286.75 over 217 frames.
phase7-Ky-1 sa5u 
LOG (lattice-best-path[5.4.10~1-f629b]:main():lattice-best-path.cc:99) For utterance phase7-Ky-2, best cost 20.1448 + 1447.28 = 1467.43 over 258 frames.
phase7-Ky-2 chi5n <UNK> 
LOG (lattice-best-path[5.4.10~1-f629b]:main():lattice-best-path.cc:99) For utterance phase7-Ky-3, best cost 14.3249 + 1467.28 = 1481.6 over 261 frames.
phase7-Ky-3 ta5m 
LOG (lattice-best-path[5.4.10~1-f629b]:main():lattice-best-path.cc:99) For utterance phase7-Ky-4, best cost 24.0732 + 1604.15 = 1628.23 over 258 frames.
phase7-Ky-4 <UNK> na7m bo85n 
LOG (lattice-scale[5.4.10~1-f629b]:main():lattice-scale.cc:90) Done 90 lattices.
LOG (lattice-best-path[5.4.10~1-f629b]:main():lattice-best-path.cc:99) For utterance phase7-Ky-5, best cost 19.9839 + 1477.09 = 1497.07 over 247 frames.
phase7-Ky-5 sa5u <UNK> 
LOG (lattice-best-path[5.4.10~1-f629b]:main():lattice-best-path.cc:99) For utterance phase7-Ky-6, best cost 15.1285 + 1399.75 = 1414.88 over 247 frames.
phase7-Ky-6 ta5m 
LOG (lattice-best-path[5.4.10~1-f629b]:main():lattice-best-path.cc:99) For utterance phase7-Ky-7, best cost 19.1374 + 1329.55 = 1348.69 over 226 frames.
phase7-Ky-7 sa5u <UNK> 
LOG (lattice-best-path[5.4.10~1-f629b]:main():lattice-best-path.cc:99) For utterance phase7-Ky-8, best cost 17.6884 + 1346.5 = 1364.19 over 235 frames.
phase7-Ky-8 bo85n <UNK> 
LOG (lattice-best-path[5.4.10~1-f629b]:main():lattice-best-path.cc:99) For utterance phase7-Ky-9, best cost 19.3732 + 1585.7 = 1605.08 over 275 frames.
phase7-Ky-9 na7m <UNK> 
LOG (lattice-best-path[5.4.10~1-f629b]:main():lattice-best-path.cc:99) For utterance phase8-Ky-1, best cost 18.5112 + 1343.08 = 1361.59 over 235 frames.
phase8-Ky-1 na7m <UNK> 
LOG (lattice-best-path[5.4.10~1-f629b]:main():lattice-best-path.cc:99) For utterance phase8-Ky-2, best cost 19.8448 + 1666.8 = 1686.65 over 298 frames.
phase8-Ky-2 chi5n <UNK> 
LOG (lattice-best-path[5.4.10~1-f629b]:main():lattice-best-path.cc:99) For utterance phase8-Ky-3, best cost 20.7211 + 1508.39 = 1529.11 over 263 frames.
phase8-Ky-3 bo85n <UNK> 
LOG (lattice-best-path[5.4.10~1-f629b]:main():lattice-best-path.cc:99) For utterance phase8-Ky-4, best cost 18.9426 + 1593.3 = 1612.25 over 263 frames.
phase8-Ky-4 na7m <UNK> 
LOG (lattice-best-path[5.4.10~1-f629b]:main():lattice-best-path.cc:99) For utterance phase8-Ky-5, best cost 19.0296 + 1468.07 = 1487.1 over 263 frames.
phase8-Ky-5 chi5n <UNK> 
LOG (lattice-best-path[5.4.10~1-f629b]:main():lattice-best-path.cc:99) For utterance phase8-Ky-6, best cost 18.9773 + 1449.13 = 1468.1 over 258 frames.
phase8-Ky-6 ba4y <UNK> 
LOG (lattice-add-penalty[5.4.10~1-f629b]:main():lattice-add-penalty.cc:62) Done adding word insertion penalty to 90 lattices.
LOG (lattice-best-path[5.4.10~1-f629b]:main():lattice-best-path.cc:99) For utterance phase8-Ky-7, best cost 17.7436 + 1308.99 = 1326.73 over 231 frames.
phase8-Ky-7 sa5u <UNK> 
LOG (lattice-best-path[5.4.10~1-f629b]:main():lattice-best-path.cc:99) For utterance phase8-Ky-8, best cost 17.7018 + 1480.87 = 1498.57 over 272 frames.
phase8-Ky-8 ta5m <UNK> 
LOG (lattice-best-path[5.4.10~1-f629b]:main():lattice-best-path.cc:99) For utterance phase8-Ky-9, best cost 14.7742 + 1460.89 = 1475.66 over 251 frames.
phase8-Ky-9 ba4y 
LOG (lattice-best-path[5.4.10~1-f629b]:main():lattice-best-path.cc:99) For utterance phase9-Ky-1, best cost 14.3977 + 1449.93 = 1464.33 over 256 frames.
phase9-Ky-1 ta5m 
LOG (lattice-best-path[5.4.10~1-f629b]:main():lattice-best-path.cc:99) For utterance phase9-Ky-2, best cost 19.6044 + 1363.66 = 1383.26 over 238 frames.
phase9-Ky-2 bo85n <UNK> 
LOG (lattice-best-path[5.4.10~1-f629b]:main():lattice-best-path.cc:99) For utterance phase9-Ky-3, best cost 21.3382 + 1408.8 = 1430.13 over 240 frames.
phase9-Ky-3 na7m <UNK> 
LOG (lattice-best-path[5.4.10~1-f629b]:main():lattice-best-path.cc:99) For utterance phase9-Ky-4, best cost 26.2811 + 1758.71 = 1784.99 over 282 frames.
phase9-Ky-4 <UNK> na7m hai 
LOG (lattice-best-path[5.4.10~1-f629b]:main():lattice-best-path.cc:99) For utterance phase9-Ky-5, best cost 18.5794 + 1451.29 = 1469.86 over 249 frames.
phase9-Ky-5 chi5n <UNK> 
LOG (lattice-best-path[5.4.10~1-f629b]:main():lattice-best-path.cc:99) For utterance phase9-Ky-6, best cost 20.3122 + 1541.71 = 1562.02 over 261 frames.
phase9-Ky-6 bo85n <UNK> 
LOG (lattice-best-path[5.4.10~1-f629b]:main():lattice-best-path.cc:99) For utterance phase9-Ky-7, best cost 16.999 + 1538.39 = 1555.39 over 275 frames.
phase9-Ky-7 ta5m 
LOG (lattice-best-path[5.4.10~1-f629b]:main():lattice-best-path.cc:99) For utterance phase9-Ky-8, best cost 17.3114 + 1333.08 = 1350.39 over 235 frames.
phase9-Ky-8 sa5u <UNK> 
LOG (lattice-best-path[5.4.10~1-f629b]:main():lattice-best-path.cc:99) For utterance phase9-Ky-9, best cost 18.3316 + 1386.18 = 1404.52 over 238 frames.
phase9-Ky-9 ta5m <UNK> 
LOG (lattice-best-path[5.4.10~1-f629b]:main():lattice-best-path.cc:124) Overall cost per frame is 5.81925 = 0.0760409 [graph] + 5.74321 [acoustic] over 22325 frames.
LOG (lattice-best-path[5.4.10~1-f629b]:main():lattice-best-path.cc:128) Done 90 lattices, failed for 0
# Accounting: time=0 threads=1
# Ended (code 0) at Sat Mar 31 17:19:58 +07 2018, elapsed time 0 seconds
