# lattice-scale --inv-acoustic-scale=9 "ark:gunzip -c exp/tri2b/decode/lat.*.gz|" ark:- | lattice-add-penalty --word-ins-penalty=0.0 ark:- ark:- | lattice-best-path --word-symbol-table=exp/tri2b/graph/words.txt ark:- ark,t:- | utils/int2sym.pl -f 2- exp/tri2b/graph/words.txt | local/wer_hyp_filter > exp/tri2b/decode/scoring_kaldi/penalty_0.0/9.txt 
# Started at Sat Mar 31 17:19:57 +07 2018
#
lattice-add-penalty --word-ins-penalty=0.0 ark:- ark:- 
lattice-best-path --word-symbol-table=exp/tri2b/graph/words.txt ark:- ark,t:- 
lattice-scale --inv-acoustic-scale=9 'ark:gunzip -c exp/tri2b/decode/lat.*.gz|' ark:- 
LOG (lattice-best-path[5.4.10~1-f629b]:main():lattice-best-path.cc:99) For utterance phase1-Ky-1, best cost 18.8617 + 2264.28 = 2283.14 over 251 frames.
phase1-Ky-1 mo86t 
LOG (lattice-best-path[5.4.10~1-f629b]:main():lattice-best-path.cc:99) For utterance phase1-Ky-2, best cost 20.4573 + 2050.47 = 2070.93 over 254 frames.
phase1-Ky-2 hai <UNK> 
LOG (lattice-best-path[5.4.10~1-f629b]:main():lattice-best-path.cc:99) For utterance phase1-Ky-3, best cost 18.5452 + 1783.54 = 1802.09 over 224 frames.
phase1-Ky-3 ba <UNK> 
LOG (lattice-best-path[5.4.10~1-f629b]:main():lattice-best-path.cc:99) For utterance phase1-Ky-4, best cost 14.5383 + 2116.65 = 2131.18 over 261 frames.
phase1-Ky-4 mo86t 
LOG (lattice-best-path[5.4.10~1-f629b]:main():lattice-best-path.cc:99) For utterance phase1-Ky-5, best cost 19.6159 + 1887.58 = 1907.2 over 231 frames.
phase1-Ky-5 ba <UNK> 
LOG (lattice-best-path[5.4.10~1-f629b]:main():lattice-best-path.cc:99) For utterance phase1-Ky-6, best cost 21.864 + 1769.17 = 1791.04 over 203 frames.
phase1-Ky-6 <UNK> hai <UNK> 
LOG (lattice-best-path[5.4.10~1-f629b]:main():lattice-best-path.cc:99) For utterance phase1-Ky-7, best cost 19.8492 + 1979.67 = 1999.52 over 235 frames.
phase1-Ky-7 hai <UNK> 
LOG (lattice-best-path[5.4.10~1-f629b]:main():lattice-best-path.cc:99) For utterance phase1-Ky-8, best cost 14.5987 + 2059.6 = 2074.2 over 251 frames.
phase1-Ky-8 mo86t 
LOG (lattice-best-path[5.4.10~1-f629b]:main():lattice-best-path.cc:99) For utterance phase1-Ky-9, best cost 19.3971 + 2054.15 = 2073.55 over 258 frames.
phase1-Ky-9 ba <UNK> 
LOG (lattice-best-path[5.4.10~1-f629b]:main():lattice-best-path.cc:99) For utterance phase10-Ky-1, best cost 17.7454 + 2046.49 = 2064.23 over 251 frames.
phase10-Ky-1 sa5u <UNK> 
LOG (lattice-best-path[5.4.10~1-f629b]:main():lattice-best-path.cc:99) For utterance phase10-Ky-2, best cost 17.5183 + 1958.01 = 1975.53 over 238 frames.
phase10-Ky-2 ba4y <UNK> 
LOG (lattice-best-path[5.4.10~1-f629b]:main():lattice-best-path.cc:99) For utterance phase10-Ky-3, best cost 18.4693 + 2146.65 = 2165.12 over 275 frames.
phase10-Ky-3 chi5n <UNK> 
LOG (lattice-best-path[5.4.10~1-f629b]:main():lattice-best-path.cc:99) For utterance phase10-Ky-4, best cost 26.05 + 2020.77 = 2046.82 over 251 frames.
phase10-Ky-4 <UNK> na7m <UNK> 
LOG (lattice-best-path[5.4.10~1-f629b]:main():lattice-best-path.cc:99) For utterance phase10-Ky-5, best cost 16.8812 + 1770.58 = 1787.46 over 221 frames.
phase10-Ky-5 chi5n <UNK> 
LOG (lattice-best-path[5.4.10~1-f629b]:main():lattice-best-path.cc:99) For utterance phase10-Ky-6, best cost 17.7421 + 2051.84 = 2069.58 over 238 frames.
phase10-Ky-6 na7m <UNK> 
LOG (lattice-best-path[5.4.10~1-f629b]:main():lattice-best-path.cc:99) For utterance phase10-Ky-7, best cost 22.7278 + 2048.98 = 2071.71 over 261 frames.
phase10-Ky-7 <UNK> chi5n <UNK> 
LOG (lattice-best-path[5.4.10~1-f629b]:main():lattice-best-path.cc:99) For utterance phase10-Ky-8, best cost 19.9968 + 2351.93 = 2371.92 over 275 frames.
phase10-Ky-8 sa5u <UNK> 
LOG (lattice-best-path[5.4.10~1-f629b]:main():lattice-best-path.cc:99) For utterance phase10-Ky-9, best cost 19.7171 + 2096.69 = 2116.41 over 254 frames.
phase10-Ky-9 ba4y <UNK> 
LOG (lattice-best-path[5.4.10~1-f629b]:main():lattice-best-path.cc:99) For utterance phase2-Ky-1, best cost 24.2486 + 2004.5 = 2028.75 over 233 frames.
phase2-Ky-1 ba <UNK> 
LOG (lattice-best-path[5.4.10~1-f629b]:main():lattice-best-path.cc:99) For utterance phase2-Ky-2, best cost 17.5805 + 1791.52 = 1809.1 over 214 frames.
phase2-Ky-2 hai <UNK> 
LOG (lattice-best-path[5.4.10~1-f629b]:main():lattice-best-path.cc:99) For utterance phase2-Ky-3, best cost 24.7067 + 1862.25 = 1886.96 over 219 frames.
phase2-Ky-3 <UNK> mo86t <UNK> 
LOG (lattice-best-path[5.4.10~1-f629b]:main():lattice-best-path.cc:99) For utterance phase2-Ky-4, best cost 15.2952 + 1930.91 = 1946.2 over 224 frames.
phase2-Ky-4 mo86t 
LOG (lattice-best-path[5.4.10~1-f629b]:main():lattice-best-path.cc:99) For utterance phase2-Ky-5, best cost 18.8505 + 1952.4 = 1971.25 over 247 frames.
phase2-Ky-5 ba <UNK> 
LOG (lattice-best-path[5.4.10~1-f629b]:main():lattice-best-path.cc:99) For utterance phase2-Ky-6, best cost 15.6688 + 1787.45 = 1803.12 over 212 frames.
phase2-Ky-6 hai 
LOG (lattice-best-path[5.4.10~1-f629b]:main():lattice-best-path.cc:99) For utterance phase2-Ky-7, best cost 23.2561 + 1835.01 = 1858.26 over 228 frames.
phase2-Ky-7 <UNK> ba <UNK> 
LOG (lattice-best-path[5.4.10~1-f629b]:main():lattice-best-path.cc:99) For utterance phase2-Ky-8, best cost 19.8867 + 1930.57 = 1950.45 over 235 frames.
phase2-Ky-8 mo86t <UNK> 
LOG (lattice-best-path[5.4.10~1-f629b]:main():lattice-best-path.cc:99) For utterance phase2-Ky-9, best cost 19.7133 + 2142.22 = 2161.93 over 265 frames.
phase2-Ky-9 hai <UNK> 
LOG (lattice-best-path[5.4.10~1-f629b]:main():lattice-best-path.cc:99) For utterance phase3-Ky-1, best cost 22.8201 + 1890.58 = 1913.4 over 231 frames.
phase3-Ky-1 hai <UNK> 
LOG (lattice-best-path[5.4.10~1-f629b]:main():lattice-best-path.cc:99) For utterance phase3-Ky-2, best cost 15.3969 + 2209.5 = 2224.9 over 244 frames.
phase3-Ky-2 mo86t 
LOG (lattice-best-path[5.4.10~1-f629b]:main():lattice-best-path.cc:99) For utterance phase3-Ky-3, best cost 20.2442 + 1947.53 = 1967.77 over 238 frames.
phase3-Ky-3 ba <UNK> 
LOG (lattice-best-path[5.4.10~1-f629b]:main():lattice-best-path.cc:99) For utterance phase3-Ky-4, best cost 23.8411 + 1984.71 = 2008.56 over 249 frames.
phase3-Ky-4 <UNK> ba <UNK> 
LOG (lattice-best-path[5.4.10~1-f629b]:main():lattice-best-path.cc:99) For utterance phase3-Ky-5, best cost 19.8196 + 2198.33 = 2218.15 over 228 frames.
phase3-Ky-5 mo86t <UNK> 
LOG (lattice-best-path[5.4.10~1-f629b]:main():lattice-best-path.cc:99) For utterance phase3-Ky-6, best cost 21.2116 + 1973.97 = 1995.18 over 240 frames.
phase3-Ky-6 <UNK> hai <UNK> 
LOG (lattice-best-path[5.4.10~1-f629b]:main():lattice-best-path.cc:99) For utterance phase3-Ky-7, best cost 19.1217 + 2067.64 = 2086.76 over 247 frames.
phase3-Ky-7 mo86t <UNK> 
LOG (lattice-best-path[5.4.10~1-f629b]:main():lattice-best-path.cc:99) For utterance phase3-Ky-8, best cost 20.586 + 1823.36 = 1843.95 over 233 frames.
phase3-Ky-8 <UNK> ba <UNK> 
LOG (lattice-best-path[5.4.10~1-f629b]:main():lattice-best-path.cc:99) For utterance phase3-Ky-9, best cost 14.4515 + 1912.38 = 1926.83 over 221 frames.
phase3-Ky-9 mo86t 
LOG (lattice-best-path[5.4.10~1-f629b]:main():lattice-best-path.cc:99) For utterance phase4-Ky-1, best cost 20.7711 + 2043.22 = 2063.99 over 240 frames.
phase4-Ky-1 bo85n <UNK> 
LOG (lattice-best-path[5.4.10~1-f629b]:main():lattice-best-path.cc:99) For utterance phase4-Ky-2, best cost 19.5635 + 1966.17 = 1985.73 over 233 frames.
phase4-Ky-2 hai <UNK> 
LOG (lattice-best-path[5.4.10~1-f629b]:main():lattice-best-path.cc:99) For utterance phase4-Ky-3, best cost 19.0767 + 1764.33 = 1783.4 over 217 frames.
phase4-Ky-3 ba 
LOG (lattice-best-path[5.4.10~1-f629b]:main():lattice-best-path.cc:99) For utterance phase4-Ky-4, best cost 21.5823 + 2014.06 = 2035.64 over 233 frames.
phase4-Ky-4 na7m <UNK> 
LOG (lattice-best-path[5.4.10~1-f629b]:main():lattice-best-path.cc:99) For utterance phase4-Ky-5, best cost 20.9147 + 1875.65 = 1896.57 over 235 frames.
phase4-Ky-5 <UNK> chi5n <UNK> 
LOG (lattice-best-path[5.4.10~1-f629b]:main():lattice-best-path.cc:99) For utterance phase4-Ky-6, best cost 18.4894 + 2175.22 = 2193.71 over 270 frames.
phase4-Ky-6 ta5m <UNK> 
LOG (lattice-best-path[5.4.10~1-f629b]:main():lattice-best-path.cc:99) For utterance phase4-Ky-7, best cost 19.6023 + 2373.62 = 2393.23 over 282 frames.
phase4-Ky-7 sa5u <UNK> 
LOG (lattice-best-path[5.4.10~1-f629b]:main():lattice-best-path.cc:99) For utterance phase4-Ky-8, best cost 18.2537 + 1922.75 = 1941 over 235 frames.
phase4-Ky-8 ba4y <UNK> 
LOG (lattice-best-path[5.4.10~1-f629b]:main():lattice-best-path.cc:99) For utterance phase4-Ky-9, best cost 24.7296 + 1939.38 = 1964.11 over 240 frames.
phase4-Ky-9 <UNK> hai <UNK> 
LOG (lattice-best-path[5.4.10~1-f629b]:main():lattice-best-path.cc:99) For utterance phase5-Ky-1, best cost 23.5456 + 2273.11 = 2296.66 over 275 frames.
phase5-Ky-1 ta5m <UNK> 
LOG (lattice-best-path[5.4.10~1-f629b]:main():lattice-best-path.cc:99) For utterance phase5-Ky-2, best cost 21.3293 + 1937.24 = 1958.56 over 240 frames.
phase5-Ky-2 chi5n <UNK> 
LOG (lattice-best-path[5.4.10~1-f629b]:main():lattice-best-path.cc:99) For utterance phase5-Ky-3, best cost 19.2527 + 1989.34 = 2008.59 over 233 frames.
phase5-Ky-3 na7m <UNK> 
LOG (lattice-best-path[5.4.10~1-f629b]:main():lattice-best-path.cc:99) For utterance phase5-Ky-4, best cost 19.7774 + 1921.67 = 1941.45 over 235 frames.
phase5-Ky-4 bo85n <UNK> 
LOG (lattice-best-path[5.4.10~1-f629b]:main():lattice-best-path.cc:99) For utterance phase5-Ky-5, best cost 26.4823 + 2175.08 = 2201.56 over 270 frames.
phase5-Ky-5 <UNK> ba4y <UNK> 
LOG (lattice-best-path[5.4.10~1-f629b]:main():lattice-best-path.cc:99) For utterance phase5-Ky-6, best cost 18.1064 + 2295.22 = 2313.33 over 275 frames.
phase5-Ky-6 na7m <UNK> 
LOG (lattice-best-path[5.4.10~1-f629b]:main():lattice-best-path.cc:99) For utterance phase5-Ky-7, best cost 23.9186 + 2260.38 = 2284.3 over 284 frames.
phase5-Ky-7 <UNK> ta5m <UNK> 
LOG (lattice-best-path[5.4.10~1-f629b]:main():lattice-best-path.cc:99) For utterance phase5-Ky-8, best cost 31.1592 + 2260.49 = 2291.65 over 263 frames.
phase5-Ky-8 <UNK> sa5u <UNK> <UNK> 
LOG (lattice-best-path[5.4.10~1-f629b]:main():lattice-best-path.cc:99) For utterance phase5-Ky-9, best cost 25.1231 + 2253.43 = 2278.56 over 279 frames.
phase5-Ky-9 <UNK> bo85n <UNK> 
LOG (lattice-best-path[5.4.10~1-f629b]:main():lattice-best-path.cc:99) For utterance phase6-Ky-1, best cost 17.5417 + 2000.61 = 2018.15 over 244 frames.
phase6-Ky-1 bo85n <UNK> 
LOG (lattice-best-path[5.4.10~1-f629b]:main():lattice-best-path.cc:99) For utterance phase6-Ky-2, best cost 15.1041 + 2143.59 = 2158.7 over 261 frames.
phase6-Ky-2 na7m 
LOG (lattice-best-path[5.4.10~1-f629b]:main():lattice-best-path.cc:99) For utterance phase6-Ky-3, best cost 19.3338 + 2326.42 = 2345.75 over 289 frames.
phase6-Ky-3 chi5n <UNK> 
LOG (lattice-best-path[5.4.10~1-f629b]:main():lattice-best-path.cc:99) For utterance phase6-Ky-4, best cost 12.7875 + 2083.47 = 2096.26 over 258 frames.
phase6-Ky-4 bo85n 
LOG (lattice-best-path[5.4.10~1-f629b]:main():lattice-best-path.cc:99) For utterance phase6-Ky-5, best cost 19.2047 + 2053.53 = 2072.74 over 247 frames.
phase6-Ky-5 bo85n <UNK> 
LOG (lattice-best-path[5.4.10~1-f629b]:main():lattice-best-path.cc:99) For utterance phase6-Ky-6, best cost 20.3189 + 2164.48 = 2184.8 over 256 frames.
phase6-Ky-6 na7m <UNK> 
LOG (lattice-best-path[5.4.10~1-f629b]:main():lattice-best-path.cc:99) For utterance phase6-Ky-7, best cost 20.243 + 1990.54 = 2010.78 over 247 frames.
phase6-Ky-7 ta5m <UNK> 
LOG (lattice-best-path[5.4.10~1-f629b]:main():lattice-best-path.cc:99) For utterance phase6-Ky-8, best cost 21.0579 + 2032.27 = 2053.33 over 240 frames.
phase6-Ky-8 sa5u <UNK> 
LOG (lattice-best-path[5.4.10~1-f629b]:main():lattice-best-path.cc:99) For utterance phase6-Ky-9, best cost 25.1137 + 2207.68 = 2232.8 over 272 frames.
phase6-Ky-9 <UNK> ba4y <UNK> 
LOG (lattice-best-path[5.4.10~1-f629b]:main():lattice-best-path.cc:99) For utterance phase7-Ky-1, best cost 19.058 + 1831.31 = 1850.36 over 217 frames.
phase7-Ky-1 sa5u <UNK> 
LOG (lattice-best-path[5.4.10~1-f629b]:main():lattice-best-path.cc:99) For utterance phase7-Ky-2, best cost 20.1448 + 2090.52 = 2110.67 over 258 frames.
phase7-Ky-2 chi5n <UNK> 
LOG (lattice-best-path[5.4.10~1-f629b]:main():lattice-best-path.cc:99) For utterance phase7-Ky-3, best cost 19.7272 + 2113.13 = 2132.85 over 261 frames.
phase7-Ky-3 ta5m <UNK> 
LOG (lattice-best-path[5.4.10~1-f629b]:main():lattice-best-path.cc:99) For utterance phase7-Ky-4, best cost 24.0732 + 2317.11 = 2341.18 over 258 frames.
phase7-Ky-4 <UNK> na7m bo85n 
LOG (lattice-scale[5.4.10~1-f629b]:main():lattice-scale.cc:90) Done 90 lattices.
LOG (lattice-best-path[5.4.10~1-f629b]:main():lattice-best-path.cc:99) For utterance phase7-Ky-5, best cost 19.9839 + 2133.57 = 2153.55 over 247 frames.
phase7-Ky-5 sa5u <UNK> 
LOG (lattice-best-path[5.4.10~1-f629b]:main():lattice-best-path.cc:99) For utterance phase7-Ky-6, best cost 20.247 + 2015.15 = 2035.4 over 247 frames.
phase7-Ky-6 ta5m <UNK> 
LOG (lattice-best-path[5.4.10~1-f629b]:main():lattice-best-path.cc:99) For utterance phase7-Ky-7, best cost 19.1374 + 1920.46 = 1939.6 over 226 frames.
phase7-Ky-7 sa5u <UNK> 
LOG (lattice-best-path[5.4.10~1-f629b]:main():lattice-best-path.cc:99) For utterance phase7-Ky-8, best cost 17.6884 + 1944.95 = 1962.64 over 235 frames.
phase7-Ky-8 bo85n <UNK> 
LOG (lattice-best-path[5.4.10~1-f629b]:main():lattice-best-path.cc:99) For utterance phase7-Ky-9, best cost 19.3732 + 2290.46 = 2309.83 over 275 frames.
phase7-Ky-9 na7m <UNK> 
LOG (lattice-best-path[5.4.10~1-f629b]:main():lattice-best-path.cc:99) For utterance phase8-Ky-1, best cost 18.5112 + 1940.01 = 1958.52 over 235 frames.
phase8-Ky-1 na7m <UNK> 
LOG (lattice-best-path[5.4.10~1-f629b]:main():lattice-best-path.cc:99) For utterance phase8-Ky-2, best cost 19.8448 + 2407.6 = 2427.45 over 298 frames.
phase8-Ky-2 chi5n <UNK> 
LOG (lattice-best-path[5.4.10~1-f629b]:main():lattice-best-path.cc:99) For utterance phase8-Ky-3, best cost 20.7211 + 2178.79 = 2199.51 over 263 frames.
phase8-Ky-3 bo85n <UNK> 
LOG (lattice-best-path[5.4.10~1-f629b]:main():lattice-best-path.cc:99) For utterance phase8-Ky-4, best cost 18.9426 + 2301.44 = 2320.38 over 263 frames.
phase8-Ky-4 na7m <UNK> 
LOG (lattice-best-path[5.4.10~1-f629b]:main():lattice-best-path.cc:99) For utterance phase8-Ky-5, best cost 19.0296 + 2120.55 = 2139.58 over 263 frames.
phase8-Ky-5 chi5n <UNK> 
LOG (lattice-best-path[5.4.10~1-f629b]:main():lattice-best-path.cc:99) For utterance phase8-Ky-6, best cost 18.9773 + 2093.18 = 2112.16 over 258 frames.
phase8-Ky-6 ba4y <UNK> 
LOG (lattice-add-penalty[5.4.10~1-f629b]:main():lattice-add-penalty.cc:62) Done adding word insertion penalty to 90 lattices.
LOG (lattice-best-path[5.4.10~1-f629b]:main():lattice-best-path.cc:99) For utterance phase8-Ky-7, best cost 17.7436 + 1890.76 = 1908.5 over 231 frames.
phase8-Ky-7 sa5u <UNK> 
LOG (lattice-best-path[5.4.10~1-f629b]:main():lattice-best-path.cc:99) For utterance phase8-Ky-8, best cost 17.7018 + 2139.03 = 2156.73 over 272 frames.
phase8-Ky-8 ta5m <UNK> 
LOG (lattice-best-path[5.4.10~1-f629b]:main():lattice-best-path.cc:99) For utterance phase8-Ky-9, best cost 21.3302 + 2101.78 = 2123.11 over 251 frames.
phase8-Ky-9 ba4y <UNK> 
LOG (lattice-best-path[5.4.10~1-f629b]:main():lattice-best-path.cc:99) For utterance phase9-Ky-1, best cost 19.2751 + 2088.63 = 2107.9 over 256 frames.
phase9-Ky-1 ta5m <UNK> 
LOG (lattice-best-path[5.4.10~1-f629b]:main():lattice-best-path.cc:99) For utterance phase9-Ky-2, best cost 24.6812 + 1964.32 = 1989 over 238 frames.
phase9-Ky-2 bo85n <UNK> <UNK> 
LOG (lattice-best-path[5.4.10~1-f629b]:main():lattice-best-path.cc:99) For utterance phase9-Ky-3, best cost 21.3382 + 2034.93 = 2056.27 over 240 frames.
phase9-Ky-3 na7m <UNK> 
LOG (lattice-best-path[5.4.10~1-f629b]:main():lattice-best-path.cc:99) For utterance phase9-Ky-4, best cost 26.2811 + 2540.36 = 2566.64 over 282 frames.
phase9-Ky-4 <UNK> na7m hai 
LOG (lattice-best-path[5.4.10~1-f629b]:main():lattice-best-path.cc:99) For utterance phase9-Ky-5, best cost 25.5029 + 2087.31 = 2112.81 over 249 frames.
phase9-Ky-5 hai chi5n <UNK> 
LOG (lattice-best-path[5.4.10~1-f629b]:main():lattice-best-path.cc:99) For utterance phase9-Ky-6, best cost 20.3122 + 2226.91 = 2247.22 over 261 frames.
phase9-Ky-6 bo85n <UNK> 
LOG (lattice-best-path[5.4.10~1-f629b]:main():lattice-best-path.cc:99) For utterance phase9-Ky-7, best cost 22.7781 + 2214.9 = 2237.68 over 275 frames.
phase9-Ky-7 ta5m <UNK> 
LOG (lattice-best-path[5.4.10~1-f629b]:main():lattice-best-path.cc:99) For utterance phase9-Ky-8, best cost 17.3114 + 1925.56 = 1942.87 over 235 frames.
phase9-Ky-8 sa5u <UNK> 
LOG (lattice-best-path[5.4.10~1-f629b]:main():lattice-best-path.cc:99) For utterance phase9-Ky-9, best cost 25.2724 + 1992.92 = 2018.2 over 238 frames.
phase9-Ky-9 <UNK> ta5m <UNK> 
LOG (lattice-best-path[5.4.10~1-f629b]:main():lattice-best-path.cc:124) Overall cost per frame is 8.37039 = 0.0814623 [graph] + 8.28893 [acoustic] over 22325 frames.
LOG (lattice-best-path[5.4.10~1-f629b]:main():lattice-best-path.cc:128) Done 90 lattices, failed for 0
# Accounting: time=1 threads=1
# Ended (code 0) at Sat Mar 31 17:19:58 +07 2018, elapsed time 1 seconds
