# compile-train-graphs --read-disambig-syms=data/lang/phones/disambig.int exp/tri1_ali/tree exp/tri1_ali/final.mdl data/lang/L.fst "ark:utils/sym2int.pl --map-oov 2 -f 2- data/lang/words.txt data/train/split1/1/text|" ark:- | gmm-align-compiled --transition-scale=1.0 --acoustic-scale=0.1 --self-loop-scale=0.1 --beam=10 --retry-beam=40 --careful=false "gmm-boost-silence --boost=1.0 1 exp/tri1_ali/final.mdl - |" ark:- "ark,s,cs:apply-cmvn  --utt2spk=ark:data/train/split1/1/utt2spk scp:data/train/split1/1/cmvn.scp scp:data/train/split1/1/feats.scp ark:- | add-deltas  ark:- ark:- |" "ark,t:|gzip -c >exp/tri1_ali/ali.1.gz" 
# Started at Tue Mar 20 10:27:39 +07 2018
#
compile-train-graphs --read-disambig-syms=data/lang/phones/disambig.int exp/tri1_ali/tree exp/tri1_ali/final.mdl data/lang/L.fst 'ark:utils/sym2int.pl --map-oov 2 -f 2- data/lang/words.txt data/train/split1/1/text|' ark:- 
gmm-align-compiled --transition-scale=1.0 --acoustic-scale=0.1 --self-loop-scale=0.1 --beam=10 --retry-beam=40 --careful=false 'gmm-boost-silence --boost=1.0 1 exp/tri1_ali/final.mdl - |' ark:- 'ark,s,cs:apply-cmvn  --utt2spk=ark:data/train/split1/1/utt2spk scp:data/train/split1/1/cmvn.scp scp:data/train/split1/1/feats.scp ark:- | add-deltas  ark:- ark:- |' 'ark,t:|gzip -c >exp/tri1_ali/ali.1.gz' 
gmm-boost-silence --boost=1.0 1 exp/tri1_ali/final.mdl - 
WARNING (gmm-boost-silence[5.4.10~1-f629b]:main():gmm-boost-silence.cc:82) The pdfs for the silence phones may be shared by other phones (note: this probably does not matter.)
LOG (gmm-boost-silence[5.4.10~1-f629b]:main():gmm-boost-silence.cc:93) Boosted weights for 5 pdfs, by factor of 1
LOG (gmm-boost-silence[5.4.10~1-f629b]:main():gmm-boost-silence.cc:103) Wrote model to -
apply-cmvn --utt2spk=ark:data/train/split1/1/utt2spk scp:data/train/split1/1/cmvn.scp scp:data/train/split1/1/feats.scp ark:- 
add-deltas ark:- ark:- 
LOG (gmm-align-compiled[5.4.10~1-f629b]:main():gmm-align-compiled.cc:127) dinhky_Ky1
LOG (gmm-align-compiled[5.4.10~1-f629b]:main():gmm-align-compiled.cc:127) dinhky_Ky2
LOG (gmm-align-compiled[5.4.10~1-f629b]:main():gmm-align-compiled.cc:127) dinhky_Ky3
LOG (gmm-align-compiled[5.4.10~1-f629b]:main():gmm-align-compiled.cc:127) dinhky_Ky4
LOG (gmm-align-compiled[5.4.10~1-f629b]:main():gmm-align-compiled.cc:127) dinhky_Ky5
LOG (gmm-align-compiled[5.4.10~1-f629b]:main():gmm-align-compiled.cc:127) dinhky_Ky6
LOG (gmm-align-compiled[5.4.10~1-f629b]:main():gmm-align-compiled.cc:127) dinhky_Ky7
LOG (gmm-align-compiled[5.4.10~1-f629b]:main():gmm-align-compiled.cc:127) dinhky_Ky8
LOG (gmm-align-compiled[5.4.10~1-f629b]:main():gmm-align-compiled.cc:127) dinhky_Ky9
LOG (gmm-align-compiled[5.4.10~1-f629b]:main():gmm-align-compiled.cc:127) dinhky_v1_Ky1
LOG (gmm-align-compiled[5.4.10~1-f629b]:main():gmm-align-compiled.cc:127) dinhky_v1_Ky2
LOG (gmm-align-compiled[5.4.10~1-f629b]:main():gmm-align-compiled.cc:127) dinhky_v1_Ky3
LOG (gmm-align-compiled[5.4.10~1-f629b]:main():gmm-align-compiled.cc:127) dinhky_v1_Ky4
LOG (gmm-align-compiled[5.4.10~1-f629b]:main():gmm-align-compiled.cc:127) dinhky_v1_Ky5
LOG (gmm-align-compiled[5.4.10~1-f629b]:main():gmm-align-compiled.cc:127) dinhky_v1_Ky6
LOG (gmm-align-compiled[5.4.10~1-f629b]:main():gmm-align-compiled.cc:127) dinhky_v1_Ky7
LOG (gmm-align-compiled[5.4.10~1-f629b]:main():gmm-align-compiled.cc:127) dinhky_v1_Ky8
LOG (gmm-align-compiled[5.4.10~1-f629b]:main():gmm-align-compiled.cc:127) dinhky_v1_Ky9
LOG (gmm-align-compiled[5.4.10~1-f629b]:main():gmm-align-compiled.cc:127) dinhky_v2_Ky1
LOG (gmm-align-compiled[5.4.10~1-f629b]:main():gmm-align-compiled.cc:127) dinhky_v2_Ky2
LOG (compile-train-graphs[5.4.10~1-f629b]:main():compile-train-graphs.cc:147) compile-train-graphs: succeeded for 36 graphs, failed for 0
LOG (gmm-align-compiled[5.4.10~1-f629b]:main():gmm-align-compiled.cc:127) dinhky_v2_Ky3
LOG (gmm-align-compiled[5.4.10~1-f629b]:main():gmm-align-compiled.cc:127) dinhky_v2_Ky4
LOG (gmm-align-compiled[5.4.10~1-f629b]:main():gmm-align-compiled.cc:127) dinhky_v2_Ky5
LOG (gmm-align-compiled[5.4.10~1-f629b]:main():gmm-align-compiled.cc:127) dinhky_v2_Ky6
LOG (gmm-align-compiled[5.4.10~1-f629b]:main():gmm-align-compiled.cc:127) dinhky_v2_Ky7
LOG (gmm-align-compiled[5.4.10~1-f629b]:main():gmm-align-compiled.cc:127) dinhky_v2_Ky8
LOG (gmm-align-compiled[5.4.10~1-f629b]:main():gmm-align-compiled.cc:127) dinhky_v2_Ky9
LOG (gmm-align-compiled[5.4.10~1-f629b]:main():gmm-align-compiled.cc:127) dinhky_v3_Ky1
LOG (gmm-align-compiled[5.4.10~1-f629b]:main():gmm-align-compiled.cc:127) dinhky_v3_Ky2
LOG (apply-cmvn[5.4.10~1-f629b]:main():apply-cmvn.cc:162) Applied cepstral mean normalization to 36 utterances, errors on 0
LOG (gmm-align-compiled[5.4.10~1-f629b]:main():gmm-align-compiled.cc:127) dinhky_v3_Ky3
LOG (gmm-align-compiled[5.4.10~1-f629b]:main():gmm-align-compiled.cc:127) dinhky_v3_Ky4
LOG (gmm-align-compiled[5.4.10~1-f629b]:main():gmm-align-compiled.cc:127) dinhky_v3_Ky5
LOG (gmm-align-compiled[5.4.10~1-f629b]:main():gmm-align-compiled.cc:127) dinhky_v3_Ky6
LOG (gmm-align-compiled[5.4.10~1-f629b]:main():gmm-align-compiled.cc:127) dinhky_v3_Ky7
LOG (gmm-align-compiled[5.4.10~1-f629b]:main():gmm-align-compiled.cc:127) dinhky_v3_Ky8
LOG (gmm-align-compiled[5.4.10~1-f629b]:main():gmm-align-compiled.cc:127) dinhky_v3_Ky9
LOG (gmm-align-compiled[5.4.10~1-f629b]:main():gmm-align-compiled.cc:135) Overall log-likelihood per frame is -68.7511 over 8610 frames.
LOG (gmm-align-compiled[5.4.10~1-f629b]:main():gmm-align-compiled.cc:137) Retried 0 out of 36 utterances.
LOG (gmm-align-compiled[5.4.10~1-f629b]:main():gmm-align-compiled.cc:139) Done 36, errors on 0
# Accounting: time=1 threads=1
# Ended (code 0) at Tue Mar 20 10:27:40 +07 2018, elapsed time 1 seconds
